
============================== Collecting inputs ==============================


                   ----------Processing X-ray data----------                   

F-obs:
  /Users/minzheng/rerun/helix/data.mtz:F(ake)obs
Miller array info: None
Observation type: xray.amplitude
Type of data: double, size=160
Type of sigmas: None
Number of Miller indices: 160
Anomalous flag: False
Unit cell: (16.291, 18.744, 30.715, 90, 90, 90)
Space group: P 1 (No. 1)
Systematic absences: 0
Centric reflections: 0
Resolution range: 3.97988 3.50665
Completeness in resolution range: 1
Completeness with d_max=infinity: 0.345572

Number of F-obs in resolution range:                   160
Number of F-obs<0 (these reflections will be rejected): 0
Number of F-obs=0 (these reflections will be used in refinement): 0
Refinement resolution range: d_max =   3.9799
                             d_min =   3.5066

R-free flags:
  /Users/minzheng/rerun/helix/data.mtz:R-free-flags
Miller array info: /Users/minzheng/rerun/helix/data.mtz:R-free-flags
Observation type: None
Type of data: int, size=160
Type of sigmas: None
Number of Miller indices: 160
Anomalous flag: False
Unit cell: (16.291, 18.744, 30.715, 90, 90, 90)
Space group: P 1 (No. 1)
Systematic absences: 0
Centric reflections: 0
Resolution range: 3.97988 3.50665
Completeness in resolution range: 1
Completeness with d_max=infinity: 0.345572
Wavelength: 1.0000

Test (R-free flags) flag value: 1

Number of work/free reflections by resolution:
                                   work free  %free
  bin  1: 3.9799 - 3.9204 [28/28 ]   28    0   0.0%
  bin  2: 3.9204 - 3.8644 [ 4/4  ]    4    0   0.0%
  bin  3: 3.8644 - 3.8114 [19/19 ]   13    6  31.6%
  bin  4: 3.8114 - 3.7612 [16/16 ]   16    0   0.0%
  bin  5: 3.7612 - 3.7135 [15/15 ]   13    2  13.3%
  bin  6: 3.7135 - 3.6682 [ 8/8  ]    8    0   0.0%
  bin  7: 3.6682 - 3.6250 [24/24 ]   24    0   0.0%
  bin  8: 3.6250 - 3.5838 [12/12 ]   10    2  16.7%
  bin  9: 3.5838 - 3.5444 [16/16 ]   16    0   0.0%
  bin 10: 3.5444 - 3.5066 [18/18 ]   14    4  22.2%
                           overall  146   14   8.8%

                   ----------Processing PDB file(s)----------                  

  Monomer Library directory:
    "/Users/Shared/bin/phenix/phenix-1.10.1-2155/modules/chem_data/mon_lib"
  Total number of atoms: 94
  Number of models: 1
  Model: ""
    Number of chains: 1
    Chain: "A"
      Number of atoms: 94
      Number of conformers: 1
      Conformer: ""
        Number of residues, atoms: 13, 94
          Classifications: {'peptide': 13}
          Modifications used: {'NH2NOTPRO': 1, 'COOH': 1}
          Link IDs: {'TRANS': 12}
  Time building chain proxies: 0.03, per 1000 atoms: 0.32
  Number of scatterers: 94
  At special positions: 0
  Unit cell: (16.291, 18.744, 30.715, 90, 90, 90)
  Space group: P 1 (No. 1)
  Number of sites at special positions: 0
  Number of scattering types: 4
    Type Number    sf(0)
     O      14      8.00
     N      13      7.00
     C      26      6.00
     H      41      1.00
    sf(0) = scattering factor at diffraction angle 0.

  Number of disulfides: simple=0, symmetry=0

  Automatic linking
    Parameters for automatic linking
      Linking & cutoffs
        Metal                : False - 3.50
        Amimo acid           : False - 1.90
        Carbohydrate         : True  - 1.99
        Ligands              : True  - 1.99
        Amino acid - RNA/DNA : False
      
  Number of custom bonds: simple=0, symmetry=0
  Time building additional restraints: 0.01
  Conformation dependent library (CDL) restraints added in 4.7 milliseconds
  
  Adding C-beta torsion restraints...
  Number of C-beta restraints generated:  0
  Time building geometry restraints manager: 0.02 seconds

  NOTE: a complete listing of the restraints can be obtained by requesting
        output of .geo file.

  Histogram of bond lengths:
        0.94 -     1.06: 16
        1.06 -     1.17: 26
        1.17 -     1.29: 12
        1.29 -     1.41: 13
        1.41 -     1.53: 26
  Bond restraints: 93
  Sorted by residual:
  bond pdb=" N   GLY A  89 "
       pdb=" H   GLY A  89 "
    ideal  model  delta    sigma   weight residual
    0.860  1.042 -0.182 2.00e-02 2.50e+03 8.29e+01
  bond pdb=" N   GLY A  98 "
       pdb=" H   GLY A  98 "
    ideal  model  delta    sigma   weight residual
    0.860  1.029 -0.169 2.00e-02 2.50e+03 7.14e+01
  bond pdb=" N   GLY A  99 "
       pdb=" H   GLY A  99 "
    ideal  model  delta    sigma   weight residual
    0.860  1.028 -0.168 2.00e-02 2.50e+03 7.06e+01
  bond pdb=" CA  GLY A  97 "
       pdb=" HA2 GLY A  97 "
    ideal  model  delta    sigma   weight residual
    0.970  1.137 -0.167 2.00e-02 2.50e+03 6.94e+01
  bond pdb=" N   GLY A  95 "
       pdb=" H   GLY A  95 "
    ideal  model  delta    sigma   weight residual
    0.860  1.024 -0.164 2.00e-02 2.50e+03 6.72e+01
  ... (remaining 88 not shown)

  Histogram of bond angle deviations from ideal:
      102.45 -   107.60: 20
      107.60 -   112.74: 51
      112.74 -   117.89: 34
      117.89 -   123.03: 39
      123.03 -   128.18: 12
  Bond angle restraints: 156
  Sorted by residual:
  angle pdb=" C   GLY A  87 "
        pdb=" CA  GLY A  87 "
        pdb=" HA2 GLY A  87 "
      ideal   model   delta    sigma   weight residual
     109.00  102.45    6.55 3.00e+00 1.11e-01 4.77e+00
  angle pdb=" N   GLY A  92 "
        pdb=" CA  GLY A  92 "
        pdb=" C   GLY A  92 "
      ideal   model   delta    sigma   weight residual
     115.32  112.51    2.81 1.31e+00 5.83e-01 4.60e+00
  angle pdb=" N   GLY A  94 "
        pdb=" CA  GLY A  94 "
        pdb=" C   GLY A  94 "
      ideal   model   delta    sigma   weight residual
     115.62  112.10    3.52 1.71e+00 3.42e-01 4.24e+00
  angle pdb=" N   GLY A  92 "
        pdb=" CA  GLY A  92 "
        pdb=" HA2 GLY A  92 "
      ideal   model   delta    sigma   weight residual
     110.00  104.37    5.63 3.00e+00 1.11e-01 3.52e+00
  angle pdb=" C   GLY A  89 "
        pdb=" CA  GLY A  89 "
        pdb=" HA3 GLY A  89 "
      ideal   model   delta    sigma   weight residual
     109.00  103.57    5.43 3.00e+00 1.11e-01 3.28e+00
  ... (remaining 151 not shown)

  Histogram of dihedral angle deviations from ideal:
        0.01 -    35.99: 13
       35.99 -    71.97: 0
       71.97 -   107.95: 0
      107.95 -   143.94: 0
      143.94 -   179.92: 1
  Dihedral angle restraints: 14
    sinusoidal: 1
      harmonic: 13
  Sorted by residual:
  dihedral pdb=" O   GLY A  99 "
           pdb=" C   GLY A  99 "
           pdb=" OXT GLY A  99 "
           pdb=" HXT GLY A  99 "
      ideal   model   delta  harmonic     sigma   weight residual
       0.00 -179.92  179.92     0      3.00e+01 1.11e-03 3.60e+01
  dihedral pdb=" CA  GLY A  91 "
           pdb=" C   GLY A  91 "
           pdb=" N   GLY A  92 "
           pdb=" CA  GLY A  92 "
      ideal   model   delta  harmonic     sigma   weight residual
    -180.00 -166.82  -13.18     0      5.00e+00 4.00e-02 6.95e+00
  dihedral pdb=" CA  GLY A  96 "
           pdb=" C   GLY A  96 "
           pdb=" N   GLY A  97 "
           pdb=" CA  GLY A  97 "
      ideal   model   delta  harmonic     sigma   weight residual
    -180.00 -172.65   -7.35     0      5.00e+00 4.00e-02 2.16e+00
  ... (remaining 11 not shown)

  Chirality restraints: 0

  Planarity restraints: 25
  Sorted by residual:
                                 delta    sigma   weight rms_deltas residual
  plane pdb=" C   GLY A  91 "   -0.011 2.00e-02 2.50e+03   2.00e-02 4.00e+00
        pdb=" N   GLY A  92 "    0.034 2.00e-02 2.50e+03
        pdb=" CA  GLY A  92 "   -0.009 2.00e-02 2.50e+03
        pdb=" H   GLY A  92 "   -0.014 2.00e-02 2.50e+03
                                 delta    sigma   weight rms_deltas residual
  plane pdb=" CA  GLY A  95 "   -0.009 2.00e-02 2.50e+03   1.78e-02 3.17e+00
        pdb=" C   GLY A  95 "    0.031 2.00e-02 2.50e+03
        pdb=" O   GLY A  95 "   -0.012 2.00e-02 2.50e+03
        pdb=" N   GLY A  96 "   -0.010 2.00e-02 2.50e+03
                                 delta    sigma   weight rms_deltas residual
  plane pdb=" C   GLY A  90 "   -0.010 2.00e-02 2.50e+03   1.75e-02 3.08e+00
        pdb=" N   GLY A  91 "    0.030 2.00e-02 2.50e+03
        pdb=" CA  GLY A  91 "   -0.008 2.00e-02 2.50e+03
        pdb=" H   GLY A  91 "   -0.012 2.00e-02 2.50e+03
  ... (remaining 22 not shown)

  Histogram of nonbonded interaction distances:
        1.73 -     2.35: 18
        2.35 -     2.97: 160
        2.97 -     3.59: 153
        3.59 -     4.22: 160
        4.22 -     4.84: 284
  Nonbonded interactions: 775
  Sorted by model distance:
  nonbonded pdb=" H   GLY A  88 "
            pdb=" H   GLY A  89 "
     model   vdw
     1.727 2.100
  nonbonded pdb=" O   GLY A  90 "
            pdb=" H   GLY A  93 "
     model   vdw
     1.839 1.970
  nonbonded pdb=" H   GLY A  93 "
            pdb=" H   GLY A  94 "
     model   vdw
     2.223 2.100
  nonbonded pdb=" H   GLY A  91 "
            pdb=" HA3 GLY A  91 "
     model   vdw
     2.227 1.816
  nonbonded pdb=" HA2 GLY A  87 "
            pdb=" HT2 GLY A  87 "
     model   vdw
     2.230 1.816
  ... (remaining 770 not shown)

  NOTE: a complete listing of the restraints can be obtained by requesting
        output of .geo file.

                   ----------xray_structure summary----------                  

Number of scattering types: 4
  Type Number    sf(0)   Gaussians
   O      14      7.97       1
   N      13      6.97       1
   C      26      5.97       1
   H      41      1.00       1
  sf(0) = scattering factor at diffraction angle 0.
Number of scatterers: 94
At special positions: 0
Unit cell: (16.291, 18.744, 30.715, 90, 90, 90)
Space group: P 1 (No. 1)

End of input processing
r_work=0.5659 r_free=0.6186
params.data_weight: None
params.restraints: cctbx
rmsd(b), start:  0.0153
mc:   0 R: 0.3346 rmsd(b):  0.1560 restraint_scale:  2.0 min_steps: 51
mc:   1 R: 0.1643 rmsd(b):  0.0942 restraint_scale:  4.0 min_steps: 51
mc:   2 R: 0.1389 rmsd(b):  0.0581 restraint_scale:  8.0 min_steps: 34
mc:   3 R: 0.1497 rmsd(b):  0.0389 restraint_scale: 16.0 min_steps: 52
mc:   4 R: 0.1864 rmsd(b):  0.0212 restraint_scale: 16.0 min_steps: 27
mc:   5 R: 0.2239 rmsd(b):  0.0146 restraint_scale: 16.0 min_steps: 54
mc:   6 R: 0.2305 rmsd(b):  0.0124 restraint_scale: 16.0 min_steps: 52
mc:   7 R: 0.2202 rmsd(b):  0.0154 restraint_scale: 16.0 min_steps: 29
mc:   8 R: 0.2241 rmsd(b):  0.0135 restraint_scale: 16.0 min_steps: 6
mc:   9 R: 0.2141 rmsd(b):  0.0188 restraint_scale: 16.0 min_steps: 8
mc:  10 R: 0.2276 rmsd(b):  0.0126 restraint_scale: 16.0 min_steps: 19
mc:  11 R: 0.2170 rmsd(b):  0.0182 restraint_scale: 16.0 min_steps: 8
mc:  12 R: 0.2207 rmsd(b):  0.0150 restraint_scale: 16.0 min_steps: 5
mc:  13 R: 0.2192 rmsd(b):  0.0166 restraint_scale: 16.0 min_steps: 5
mc:  14 R: 0.2115 rmsd(b):  0.0193 restraint_scale: 16.0 min_steps: 9
mc:  15 R: 0.2190 rmsd(b):  0.0156 restraint_scale: 16.0 min_steps: 9
mc:  16 R: 0.2190 rmsd(b):  0.0156 restraint_scale: 16.0 min_steps: 1
Convergence reached, stop now.
see the result structure:  ./results/refine_cctbx/./1.5/6.pdb
Time: 5.1171
