
============================== Collecting inputs ==============================


                   ----------Processing X-ray data----------                   

F-obs:
  /Users/minzheng/QR/helix/data.mtz:F(ake)obs
Miller array info: None
Observation type: xray.amplitude
Type of data: double, size=160
Type of sigmas: None
Number of Miller indices: 160
Anomalous flag: False
Unit cell: (16.291, 18.744, 30.715, 90, 90, 90)
Space group: P 1 (No. 1)
Systematic absences: 0
Centric reflections: 0
Resolution range: 3.97988 3.50665
Completeness in resolution range: 1
Completeness with d_max=infinity: 0.345572

Number of F-obs in resolution range:                   160
Number of F-obs<0 (these reflections will be rejected): 0
Number of F-obs=0 (these reflections will be used in refinement): 0
Refinement resolution range: d_max =   3.9799
                             d_min =   3.5066

R-free flags:
  /Users/minzheng/QR/helix/data.mtz:R-free-flags
Miller array info: /Users/minzheng/QR/helix/data.mtz:R-free-flags
Observation type: None
Type of data: int, size=160
Type of sigmas: None
Number of Miller indices: 160
Anomalous flag: False
Unit cell: (16.291, 18.744, 30.715, 90, 90, 90)
Space group: P 1 (No. 1)
Systematic absences: 0
Centric reflections: 0
Resolution range: 3.97988 3.50665
Completeness in resolution range: 1
Completeness with d_max=infinity: 0.345572
Wavelength: 1.0000

Test (R-free flags) flag value: 1

Number of work/free reflections by resolution:
                                   work free  %free
  bin  1: 3.9799 - 3.9204 [28/28 ]   28    0   0.0%
  bin  2: 3.9204 - 3.8644 [ 4/4  ]    4    0   0.0%
  bin  3: 3.8644 - 3.8114 [19/19 ]   13    6  31.6%
  bin  4: 3.8114 - 3.7612 [16/16 ]   16    0   0.0%
  bin  5: 3.7612 - 3.7135 [15/15 ]   13    2  13.3%
  bin  6: 3.7135 - 3.6682 [ 8/8  ]    8    0   0.0%
  bin  7: 3.6682 - 3.6250 [24/24 ]   24    0   0.0%
  bin  8: 3.6250 - 3.5838 [12/12 ]   10    2  16.7%
  bin  9: 3.5838 - 3.5444 [16/16 ]   16    0   0.0%
  bin 10: 3.5444 - 3.5066 [18/18 ]   14    4  22.2%
                           overall  146   14   8.8%

                   ----------Processing PDB file(s)----------                  

  Monomer Library directory:
    "/Users/Shared/bin/phenix/phenix-1.10.1-2155/modules/chem_data/mon_lib"
  Total number of atoms: 94
  Number of models: 1
  Model: ""
    Number of chains: 1
    Chain: "A"
      Number of atoms: 94
      Number of conformers: 1
      Conformer: ""
        Number of residues, atoms: 13, 94
          Classifications: {'peptide': 13}
          Modifications used: {'NH2NOTPRO': 1, 'COOH': 1}
          Link IDs: {'TRANS': 12}
  Time building chain proxies: 0.03, per 1000 atoms: 0.32
  Number of scatterers: 94
  At special positions: 0
  Unit cell: (16.291, 18.744, 30.715, 90, 90, 90)
  Space group: P 1 (No. 1)
  Number of sites at special positions: 0
  Number of scattering types: 4
    Type Number    sf(0)
     O      14      8.00
     N      13      7.00
     C      26      6.00
     H      41      1.00
    sf(0) = scattering factor at diffraction angle 0.

  Number of disulfides: simple=0, symmetry=0

  Automatic linking
    Parameters for automatic linking
      Linking & cutoffs
        Metal                : False - 3.50
        Amimo acid           : False - 1.90
        Carbohydrate         : True  - 1.99
        Ligands              : True  - 1.99
        Amino acid - RNA/DNA : False
      
  Number of custom bonds: simple=0, symmetry=0
  Time building additional restraints: 0.02
  Conformation dependent library (CDL) restraints added in 4.5 milliseconds
  
  Adding C-beta torsion restraints...
  Number of C-beta restraints generated:  0
  Time building geometry restraints manager: 0.02 seconds

  NOTE: a complete listing of the restraints can be obtained by requesting
        output of .geo file.

  Histogram of bond lengths:
        0.92 -     1.05: 16
        1.05 -     1.17: 26
        1.17 -     1.30: 12
        1.30 -     1.42: 13
        1.42 -     1.55: 26
  Bond restraints: 93
  Sorted by residual:
  bond pdb=" N   GLY A  89 "
       pdb=" H   GLY A  89 "
    ideal  model  delta    sigma   weight residual
    0.860  1.031 -0.171 2.00e-02 2.50e+03 7.31e+01
  bond pdb=" N   GLY A  90 "
       pdb=" H   GLY A  90 "
    ideal  model  delta    sigma   weight residual
    0.860  1.029 -0.169 2.00e-02 2.50e+03 7.16e+01
  bond pdb=" N   GLY A  98 "
       pdb=" H   GLY A  98 "
    ideal  model  delta    sigma   weight residual
    0.860  1.023 -0.163 2.00e-02 2.50e+03 6.63e+01
  bond pdb=" N   GLY A  94 "
       pdb=" H   GLY A  94 "
    ideal  model  delta    sigma   weight residual
    0.860  1.022 -0.162 2.00e-02 2.50e+03 6.56e+01
  bond pdb=" N   GLY A  92 "
       pdb=" H   GLY A  92 "
    ideal  model  delta    sigma   weight residual
    0.860  1.016 -0.156 2.00e-02 2.50e+03 6.06e+01
  ... (remaining 88 not shown)

  Histogram of bond angle deviations from ideal:
       98.74 -   104.57: 2
      104.57 -   110.41: 51
      110.41 -   116.24: 39
      116.24 -   122.07: 42
      122.07 -   127.90: 22
  Bond angle restraints: 156
  Sorted by residual:
  angle pdb=" HT1 GLY A  87 "
        pdb=" N   GLY A  87 "
        pdb=" HT2 GLY A  87 "
      ideal   model   delta    sigma   weight residual
     109.47   98.74   10.73 3.00e+00 1.11e-01 1.28e+01
  angle pdb=" CA  GLY A  88 "
        pdb=" C   GLY A  88 "
        pdb=" O   GLY A  88 "
      ideal   model   delta    sigma   weight residual
     120.09  122.56   -2.47 1.07e+00 8.73e-01 5.34e+00
  angle pdb=" N   GLY A  87 "
        pdb=" CA  GLY A  87 "
        pdb=" C   GLY A  87 "
      ideal   model   delta    sigma   weight residual
     113.30  106.70    6.60 2.90e+00 1.19e-01 5.17e+00
  angle pdb=" N   GLY A  97 "
        pdb=" CA  GLY A  97 "
        pdb=" C   GLY A  97 "
      ideal   model   delta    sigma   weight residual
     115.34  111.97    3.37 1.67e+00 3.59e-01 4.07e+00
  angle pdb=" N   GLY A  96 "
        pdb=" CA  GLY A  96 "
        pdb=" C   GLY A  96 "
      ideal   model   delta    sigma   weight residual
     114.67  112.55    2.12 1.10e+00 8.26e-01 3.73e+00
  ... (remaining 151 not shown)

  Histogram of dihedral angle deviations from ideal:
        0.42 -    36.11: 13
       36.11 -    71.80: 0
       71.80 -   107.50: 0
      107.50 -   143.19: 0
      143.19 -   178.88: 1
  Dihedral angle restraints: 14
    sinusoidal: 1
      harmonic: 13
  Sorted by residual:
  dihedral pdb=" O   GLY A  99 "
           pdb=" C   GLY A  99 "
           pdb=" OXT GLY A  99 "
           pdb=" HXT GLY A  99 "
      ideal   model   delta  harmonic     sigma   weight residual
       0.00 -178.88  178.88     0      3.00e+01 1.11e-03 3.56e+01
  dihedral pdb=" CA  GLY A  89 "
           pdb=" C   GLY A  89 "
           pdb=" N   GLY A  90 "
           pdb=" CA  GLY A  90 "
      ideal   model   delta  harmonic     sigma   weight residual
     180.00  165.86   14.14     0      5.00e+00 4.00e-02 8.00e+00
  dihedral pdb=" CA  GLY A  97 "
           pdb=" C   GLY A  97 "
           pdb=" N   GLY A  98 "
           pdb=" CA  GLY A  98 "
      ideal   model   delta  harmonic     sigma   weight residual
     180.00  172.20    7.80     0      5.00e+00 4.00e-02 2.43e+00
  ... (remaining 11 not shown)

  Chirality restraints: 0

  Planarity restraints: 25
  Sorted by residual:
                                 delta    sigma   weight rms_deltas residual
  plane pdb=" C   GLY A  87 "    0.018 2.00e-02 2.50e+03   3.30e-02 1.09e+01
        pdb=" N   GLY A  88 "   -0.057 2.00e-02 2.50e+03
        pdb=" CA  GLY A  88 "    0.016 2.00e-02 2.50e+03
        pdb=" H   GLY A  88 "    0.023 2.00e-02 2.50e+03
                                 delta    sigma   weight rms_deltas residual
  plane pdb=" C   GLY A  89 "    0.012 2.00e-02 2.50e+03   2.12e-02 4.51e+00
        pdb=" N   GLY A  90 "   -0.037 2.00e-02 2.50e+03
        pdb=" CA  GLY A  90 "    0.010 2.00e-02 2.50e+03
        pdb=" H   GLY A  90 "    0.015 2.00e-02 2.50e+03
                                 delta    sigma   weight rms_deltas residual
  plane pdb=" CA  GLY A  98 "   -0.009 2.00e-02 2.50e+03   1.76e-02 3.09e+00
        pdb=" C   GLY A  98 "    0.030 2.00e-02 2.50e+03
        pdb=" O   GLY A  98 "   -0.011 2.00e-02 2.50e+03
        pdb=" N   GLY A  99 "   -0.010 2.00e-02 2.50e+03
  ... (remaining 22 not shown)

  Histogram of nonbonded interaction distances:
        1.72 -     2.34: 25
        2.34 -     2.96: 169
        2.96 -     3.59: 202
        3.59 -     4.21: 218
        4.21 -     4.84: 335
  Nonbonded interactions: 949
  Sorted by model distance:
  nonbonded pdb=" H   GLY A  89 "
            pdb=" H   GLY A  90 "
     model   vdw
     1.715 2.100
  nonbonded pdb=" HT1 GLY A  87 "
            pdb=" H   GLY A  90 "
     model   vdw
     1.817 2.100
  nonbonded pdb=" O   GLY A  89 "
            pdb=" H   GLY A  93 "
     model   vdw
     2.077 1.970
  nonbonded pdb=" H   GLY A  98 "
            pdb=" H   GLY A  99 "
     model   vdw
     2.097 2.100
  nonbonded pdb=" HA2 GLY A  87 "
            pdb=" HT2 GLY A  87 "
     model   vdw
     2.148 1.816
  ... (remaining 944 not shown)

  NOTE: a complete listing of the restraints can be obtained by requesting
        output of .geo file.

                   ----------xray_structure summary----------                  

Number of scattering types: 4
  Type Number    sf(0)   Gaussians
   O      14      7.97       1
   N      13      6.97       1
   C      26      5.97       1
   H      41      1.00       1
  sf(0) = scattering factor at diffraction angle 0.
Number of scatterers: 94
At special positions: 0
Unit cell: (16.291, 18.744, 30.715, 90, 90, 90)
Space group: P 1 (No. 1)

End of input processing
r_work=0.4613 r_free=0.4096
params.data_weight: None
params.restraints: qm
rmsd(b), start:  0.0157
Initial weight optimization conter: 1
Initial weight optimization conter: 2
Initial weight optimization conter: 3
initial_restraints_weight_scale 4.0
mc:   0 R: 0.1735 rmsd(b):  0.0281 restraint_scale:  4.0 min_steps: 52
mc:   1 R: 0.1315 rmsd(b):  0.0298 restraint_scale:  4.0 min_steps: 33
mc:   2 R: 0.1065 rmsd(b):  0.0338 restraint_scale:  8.0 min_steps: 29
mc:   3 R: 0.1263 rmsd(b):  0.0264 restraint_scale:  8.0 min_steps: 25
mc:   4 R: 0.1283 rmsd(b):  0.0272 restraint_scale:  8.0 min_steps: 5
mc:   5 R: 0.1334 rmsd(b):  0.0271 restraint_scale:  8.0 min_steps: 14
mc:   6 R: 0.1278 rmsd(b):  0.0278 restraint_scale:  8.0 min_steps: 6
mc:   7 R: 0.1278 rmsd(b):  0.0278 restraint_scale:  8.0 min_steps: 1
Convergence reached, stop now.
best mc:    4
 r_factor (best): 0.12633
see the result structure:  ./results_b_rmsd_0.03_pm7/refine_qm/./0.9/4.pdb
Time: 226.5470
