
============================== Collecting inputs ==============================


                   ----------Processing X-ray data----------                   

F-obs:
  /home/m_zhen01/QR/1us0/data.mtz:FMODEL
Miller array info: None
Observation type: xray.amplitude
Type of data: double, size=211
Type of sigmas: None
Number of Miller indices: 211
Anomalous flag: False
Unit cell: (16.291, 18.744, 30.715, 90, 90, 90)
Space group: P 1 (No. 1)
Systematic absences: 0
Centric reflections: 0
Resolution range: 5.93968 4
Completeness in resolution range: 1
Completeness with d_max=infinity: 0.69637

Number of F-obs in resolution range:                   211
Number of F-obs<0 (these reflections will be rejected): 0
Number of F-obs=0 (these reflections will be used in refinement): 0
Refinement resolution range: d_max =   5.9397
                             d_min =   4.0000

R-free flags:
  /home/m_zhen01/QR/1us0/data.mtz:R-free-flags
Miller array info: /home/m_zhen01/QR/1us0/data.mtz:R-free-flags
Observation type: None
Type of data: int, size=211
Type of sigmas: None
Number of Miller indices: 211
Anomalous flag: False
Unit cell: (16.291, 18.744, 30.715, 90, 90, 90)
Space group: P 1 (No. 1)
Systematic absences: 0
Centric reflections: 0
Resolution range: 5.93968 4
Completeness in resolution range: 1
Completeness with d_max=infinity: 0.69637
Wavelength: 1.0000

Test (R-free flags) flag value: 1

Number of work/free reflections by resolution:
                                  work free  %free
  bin  1: 5.9397 - 5.5475 [24/24]   22    2   8.3%
  bin  2: 5.5475 - 5.2419 [21/21]   19    2   9.5%
  bin  3: 5.2419 - 4.9942 [15/15]   13    2  13.3%
  bin  4: 4.9942 - 4.7875 [28/28]   25    3  10.7%
  bin  5: 4.7875 - 4.6113 [29/29]   26    3  10.3%
  bin  6: 4.6113 - 4.4584 [14/14]   13    1   7.1%
  bin  7: 4.4584 - 4.3240 [19/19]   17    2  10.5%
  bin  8: 4.3240 - 4.2045 [26/26]   23    3  11.5%
  bin  9: 4.2045 - 4.0971 [14/14]   13    1   7.1%
  bin 10: 4.0971 - 4.0000 [21/21]   19    2   9.5%
                          overall  190   21  10.0%

                   ----------Processing PDB file(s)----------                  

  Monomer Library directory:
    "/home/m/m_zhen01/phenix-1.10.1-2155/modules/chem_data/mon_lib"
  Total number of atoms: 94
  Number of models: 1
  Model: ""
    Number of chains: 1
    Chain: "A"
      Number of atoms: 94
      Number of conformers: 1
      Conformer: ""
        Number of residues, atoms: 13, 94
          Classifications: {'peptide': 13}
          Modifications used: {'NH2NOTPRO': 1, 'COOH': 1}
          Link IDs: {'TRANS': 12}
  Time building chain proxies: 0.04, per 1000 atoms: 0.43
  Number of scatterers: 94
  At special positions: 0
  Unit cell: (16.291, 18.744, 30.715, 90, 90, 90)
  Space group: P 1 (No. 1)
  Number of sites at special positions: 0
  Number of scattering types: 4
    Type Number    sf(0)
     O      14      8.00
     N      13      7.00
     C      26      6.00
     H      41      1.00
    sf(0) = scattering factor at diffraction angle 0.

  Number of disulfides: simple=0, symmetry=0

  Automatic linking
    Parameters for automatic linking
      Linking & cutoffs
        Metal                : False - 3.50
        Amimo acid           : False - 1.90
        Carbohydrate         : True  - 1.99
        Ligands              : True  - 1.99
        Amino acid - RNA/DNA : False
      
  Number of custom bonds: simple=0, symmetry=0
  Time building additional restraints: 0.02
  Conformation dependent library (CDL) restraints added in 7.5 milliseconds
  
  Adding C-beta torsion restraints...
  Number of C-beta restraints generated:  0
  Time building geometry restraints manager: 0.04 seconds

  NOTE: a complete listing of the restraints can be obtained by requesting
        output of .geo file.

  Histogram of bond lengths:
        0.96 -     1.07: 19
        1.07 -     1.19: 22
        1.19 -     1.31: 13
        1.31 -     1.43: 13
        1.43 -     1.55: 26
  Bond restraints: 93
  Sorted by residual:
  bond pdb=" N   GLY A  92 "
       pdb=" H   GLY A  92 "
    ideal  model  delta    sigma   weight residual
    0.860  1.045 -0.185 2.00e-02 2.50e+03 8.53e+01
  bond pdb=" N   GLY A  94 "
       pdb=" H   GLY A  94 "
    ideal  model  delta    sigma   weight residual
    0.860  1.032 -0.172 2.00e-02 2.50e+03 7.44e+01
  bond pdb=" N   GLY A  95 "
       pdb=" H   GLY A  95 "
    ideal  model  delta    sigma   weight residual
    0.860  1.031 -0.171 2.00e-02 2.50e+03 7.29e+01
  bond pdb=" N   GLY A  90 "
       pdb=" H   GLY A  90 "
    ideal  model  delta    sigma   weight residual
    0.860  1.028 -0.168 2.00e-02 2.50e+03 7.09e+01
  bond pdb=" CA  GLY A  99 "
       pdb=" HA2 GLY A  99 "
    ideal  model  delta    sigma   weight residual
    0.970  1.138 -0.168 2.00e-02 2.50e+03 7.05e+01
  ... (remaining 88 not shown)

  Histogram of bond angle deviations from ideal:
      102.12 -   107.04: 13
      107.04 -   111.97: 52
      111.97 -   116.90: 35
      116.90 -   121.83: 34
      121.83 -   126.76: 22
  Bond angle restraints: 156
  Sorted by residual:
  angle pdb=" N   GLY A  89 "
        pdb=" CA  GLY A  89 "
        pdb=" C   GLY A  89 "
      ideal   model   delta    sigma   weight residual
     114.66  111.20    3.46 1.24e+00 6.50e-01 7.80e+00
  angle pdb=" N   GLY A  96 "
        pdb=" CA  GLY A  96 "
        pdb=" C   GLY A  96 "
      ideal   model   delta    sigma   weight residual
     115.34  111.36    3.98 1.67e+00 3.59e-01 5.69e+00
  angle pdb=" C   GLY A  96 "
        pdb=" CA  GLY A  96 "
        pdb=" HA2 GLY A  96 "
      ideal   model   delta    sigma   weight residual
     109.00  102.12    6.88 3.00e+00 1.11e-01 5.27e+00
  angle pdb=" N   GLY A  96 "
        pdb=" CA  GLY A  96 "
        pdb=" HA3 GLY A  96 "
      ideal   model   delta    sigma   weight residual
     110.00  115.65   -5.65 3.00e+00 1.11e-01 3.55e+00
  angle pdb=" C   GLY A  88 "
        pdb=" CA  GLY A  88 "
        pdb=" HA3 GLY A  88 "
      ideal   model   delta    sigma   weight residual
     109.00  114.50   -5.50 3.00e+00 1.11e-01 3.36e+00
  ... (remaining 151 not shown)

  Histogram of dihedral angle deviations from ideal:
        0.10 -    35.37: 13
       35.37 -    70.63: 0
       70.63 -   105.89: 0
      105.89 -   141.15: 0
      141.15 -   176.41: 1
  Dihedral angle restraints: 14
    sinusoidal: 1
      harmonic: 13
  Sorted by residual:
  dihedral pdb=" O   GLY A  99 "
           pdb=" C   GLY A  99 "
           pdb=" OXT GLY A  99 "
           pdb=" HXT GLY A  99 "
      ideal   model   delta  harmonic     sigma   weight residual
       0.00  176.41 -176.41     0      3.00e+01 1.11e-03 3.46e+01
  dihedral pdb=" CA  GLY A  93 "
           pdb=" C   GLY A  93 "
           pdb=" N   GLY A  94 "
           pdb=" CA  GLY A  94 "
      ideal   model   delta  harmonic     sigma   weight residual
     180.00 -170.32   -9.68     0      5.00e+00 4.00e-02 3.75e+00
  dihedral pdb=" CA  GLY A  94 "
           pdb=" C   GLY A  94 "
           pdb=" N   GLY A  95 "
           pdb=" CA  GLY A  95 "
      ideal   model   delta  harmonic     sigma   weight residual
    -180.00 -172.28   -7.72     0      5.00e+00 4.00e-02 2.38e+00
  ... (remaining 11 not shown)

  Chirality restraints: 0

  Planarity restraints: 25
  Sorted by residual:
                                 delta    sigma   weight rms_deltas residual
  plane pdb=" CA  GLY A  99 "    0.009 2.00e-02 2.50e+03   1.96e-02 4.82e+00
        pdb=" C   GLY A  99 "   -0.038 2.00e-02 2.50e+03
        pdb=" O   GLY A  99 "    0.017 2.00e-02 2.50e+03
        pdb=" OXT GLY A  99 "    0.007 2.00e-02 2.50e+03
        pdb=" HXT GLY A  99 "    0.005 2.00e-02 2.50e+03
                                 delta    sigma   weight rms_deltas residual
  plane pdb=" C   GLY A  89 "    0.010 2.00e-02 2.50e+03   1.85e-02 3.44e+00
        pdb=" N   GLY A  90 "   -0.032 2.00e-02 2.50e+03
        pdb=" CA  GLY A  90 "    0.009 2.00e-02 2.50e+03
        pdb=" H   GLY A  90 "    0.013 2.00e-02 2.50e+03
                                 delta    sigma   weight rms_deltas residual
  plane pdb=" C   GLY A  87 "   -0.009 2.00e-02 2.50e+03   1.57e-02 2.46e+00
        pdb=" N   GLY A  88 "    0.027 2.00e-02 2.50e+03
        pdb=" CA  GLY A  88 "   -0.007 2.00e-02 2.50e+03
        pdb=" H   GLY A  88 "   -0.011 2.00e-02 2.50e+03
  ... (remaining 22 not shown)

  Histogram of nonbonded interaction distances:
        2.02 -     2.59: 60
        2.59 -     3.15: 164
        3.15 -     3.71: 167
        3.71 -     4.28: 177
        4.28 -     4.84: 285
  Nonbonded interactions: 853
  Sorted by model distance:
  nonbonded pdb=" H   GLY A  99 "
            pdb=" HXT GLY A  99 "
     model   vdw
     2.024 2.100
  nonbonded pdb=" O   GLY A  90 "
            pdb=" H   GLY A  94 "
     model   vdw
     2.054 1.970
  nonbonded pdb=" O   GLY A  91 "
            pdb=" H   GLY A  95 "
     model   vdw
     2.075 1.970
  nonbonded pdb=" H   GLY A  92 "
            pdb=" HA3 GLY A  92 "
     model   vdw
     2.158 1.816
  nonbonded pdb=" H   GLY A  97 "
            pdb=" H   GLY A  98 "
     model   vdw
     2.170 2.100
  ... (remaining 848 not shown)

  NOTE: a complete listing of the restraints can be obtained by requesting
        output of .geo file.

                   ----------xray_structure summary----------                  

Number of scattering types: 4
  Type Number    sf(0)   Gaussians
   O      14      7.97       1
   N      13      6.97       1
   C      26      5.97       1
   H      41      1.00       1
  sf(0) = scattering factor at diffraction angle 0.
Number of scatterers: 94
At special positions: 0
Unit cell: (16.291, 18.744, 30.715, 90, 90, 90)
Space group: P 1 (No. 1)

End of input processing
r_work=0.4341 r_free=0.2985
params.data_weight: None
params.restraints: qm
residue charges [0, 0, 0, 0, 0, 0, 0, 0, 0, 0, 0, 0, -1.0]
rmsd(b), start:  0.0156
initial_restraints_weight_scale 1.0
  Convergence reached at i: 4
mc:   0 Rw: 0.0351 Rf: 0.0813 rmsd(b):  0.0405 restraint_scale:  2.0 min_steps: 4
  Convergence reached at i: 5
mc:   1 Rw: 0.0358 Rf: 0.0696 rmsd(b):  0.0250 restraint_scale:  2.0 min_steps: 16
 Convergence at macro_cycle: 1
Best r_work: 0.0358 r_free: 0.0696
see the result structure:  ./results/refine_qm/./1.2/5.pdb
Time: 11694.8570
