
============================== Collecting inputs ==============================


                   ----------Processing X-ray data----------                   

F-obs:
  /nfsexp/homes/m_zhen01/QR/1us0/data.mtz:FMODEL
Miller array info: None
Observation type: xray.amplitude
Type of data: double, size=211
Type of sigmas: None
Number of Miller indices: 211
Anomalous flag: False
Unit cell: (16.291, 18.744, 30.715, 90, 90, 90)
Space group: P 1 (No. 1)
Systematic absences: 0
Centric reflections: 0
Resolution range: 5.93968 4
Completeness in resolution range: 1
Completeness with d_max=infinity: 0.69637

Number of F-obs in resolution range:                   211
Number of F-obs<0 (these reflections will be rejected): 0
Number of F-obs=0 (these reflections will be used in refinement): 0
Refinement resolution range: d_max =   5.9397
                             d_min =   4.0000

R-free flags:
  /nfsexp/homes/m_zhen01/QR/1us0/data.mtz:R-free-flags
Miller array info: /nfsexp/homes/m_zhen01/QR/1us0/data.mtz:R-free-flags
Observation type: None
Type of data: int, size=211
Type of sigmas: None
Number of Miller indices: 211
Anomalous flag: False
Unit cell: (16.291, 18.744, 30.715, 90, 90, 90)
Space group: P 1 (No. 1)
Systematic absences: 0
Centric reflections: 0
Resolution range: 5.93968 4
Completeness in resolution range: 1
Completeness with d_max=infinity: 0.69637
Wavelength: 1.0000

Test (R-free flags) flag value: 1

Number of work/free reflections by resolution:
                                  work free  %free
  bin  1: 5.9397 - 5.5475 [24/24]   22    2   8.3%
  bin  2: 5.5475 - 5.2419 [21/21]   19    2   9.5%
  bin  3: 5.2419 - 4.9942 [15/15]   13    2  13.3%
  bin  4: 4.9942 - 4.7875 [28/28]   25    3  10.7%
  bin  5: 4.7875 - 4.6113 [29/29]   26    3  10.3%
  bin  6: 4.6113 - 4.4584 [14/14]   13    1   7.1%
  bin  7: 4.4584 - 4.3240 [19/19]   17    2  10.5%
  bin  8: 4.3240 - 4.2045 [26/26]   23    3  11.5%
  bin  9: 4.2045 - 4.0971 [14/14]   13    1   7.1%
  bin 10: 4.0971 - 4.0000 [21/21]   19    2   9.5%
                          overall  190   21  10.0%

                   ----------Processing PDB file(s)----------                  

  Monomer Library directory:
    "/home/m/m_zhen01/phenix-1.10.1-2155/modules/chem_data/mon_lib"
  Total number of atoms: 94
  Number of models: 1
  Model: ""
    Number of chains: 1
    Chain: "A"
      Number of atoms: 94
      Number of conformers: 1
      Conformer: ""
        Number of residues, atoms: 13, 94
          Classifications: {'peptide': 13}
          Modifications used: {'NH2NOTPRO': 1, 'COOH': 1}
          Link IDs: {'TRANS': 12}
  Time building chain proxies: 0.04, per 1000 atoms: 0.43
  Number of scatterers: 94
  At special positions: 0
  Unit cell: (16.291, 18.744, 30.715, 90, 90, 90)
  Space group: P 1 (No. 1)
  Number of sites at special positions: 0
  Number of scattering types: 4
    Type Number    sf(0)
     O      14      8.00
     N      13      7.00
     C      26      6.00
     H      41      1.00
    sf(0) = scattering factor at diffraction angle 0.

  Number of disulfides: simple=0, symmetry=0

  Automatic linking
    Parameters for automatic linking
      Linking & cutoffs
        Metal                : False - 3.50
        Amimo acid           : False - 1.90
        Carbohydrate         : True  - 1.99
        Ligands              : True  - 1.99
        Amino acid - RNA/DNA : False
      
  Number of custom bonds: simple=0, symmetry=0
  Time building additional restraints: 0.02
  Conformation dependent library (CDL) restraints added in 5.4 milliseconds
  
  Adding C-beta torsion restraints...
  Number of C-beta restraints generated:  0
  Time building geometry restraints manager: 0.03 seconds

  NOTE: a complete listing of the restraints can be obtained by requesting
        output of .geo file.

  Histogram of bond lengths:
        0.93 -     1.05: 15
        1.05 -     1.17: 27
        1.17 -     1.29: 13
        1.29 -     1.41: 12
        1.41 -     1.53: 26
  Bond restraints: 93
  Sorted by residual:
  bond pdb=" CA  GLY A  87 "
       pdb=" HA3 GLY A  87 "
    ideal  model  delta    sigma   weight residual
    0.970  1.151 -0.181 2.00e-02 2.50e+03 8.23e+01
  bond pdb=" N   GLY A  99 "
       pdb=" H   GLY A  99 "
    ideal  model  delta    sigma   weight residual
    0.860  1.033 -0.173 2.00e-02 2.50e+03 7.45e+01
  bond pdb=" N   GLY A  92 "
       pdb=" H   GLY A  92 "
    ideal  model  delta    sigma   weight residual
    0.860  1.027 -0.167 2.00e-02 2.50e+03 7.01e+01
  bond pdb=" CA  GLY A  99 "
       pdb=" HA2 GLY A  99 "
    ideal  model  delta    sigma   weight residual
    0.970  1.135 -0.165 2.00e-02 2.50e+03 6.84e+01
  bond pdb=" N   GLY A  96 "
       pdb=" H   GLY A  96 "
    ideal  model  delta    sigma   weight residual
    0.860  1.023 -0.163 2.00e-02 2.50e+03 6.61e+01
  ... (remaining 88 not shown)

  Histogram of bond angle deviations from ideal:
      102.82 -   108.00: 30
      108.00 -   113.17: 43
      113.17 -   118.35: 34
      118.35 -   123.52: 37
      123.52 -   128.69: 12
  Bond angle restraints: 156
  Sorted by residual:
  angle pdb=" CA  GLY A  95 "
        pdb=" C   GLY A  95 "
        pdb=" N   GLY A  96 "
      ideal   model   delta    sigma   weight residual
     117.04  114.54    2.50 9.90e-01 1.02e+00 6.38e+00
  angle pdb=" HT1 GLY A  87 "
        pdb=" N   GLY A  87 "
        pdb=" HT2 GLY A  87 "
      ideal   model   delta    sigma   weight residual
     109.47  116.88   -7.41 3.00e+00 1.11e-01 6.10e+00
  angle pdb=" CA  GLY A  93 "
        pdb=" C   GLY A  93 "
        pdb=" O   GLY A  93 "
      ideal   model   delta    sigma   weight residual
     120.80  118.44    2.36 9.80e-01 1.04e+00 5.81e+00
  angle pdb=" N   GLY A  87 "
        pdb=" CA  GLY A  87 "
        pdb=" HA2 GLY A  87 "
      ideal   model   delta    sigma   weight residual
     110.00  102.82    7.18 3.00e+00 1.11e-01 5.72e+00
  angle pdb=" O   GLY A  99 "
        pdb=" C   GLY A  99 "
        pdb=" OXT GLY A  99 "
      ideal   model   delta    sigma   weight residual
     122.80  128.69   -5.89 3.00e+00 1.11e-01 3.86e+00
  ... (remaining 151 not shown)

  Histogram of dihedral angle deviations from ideal:
        0.07 -    35.19: 12
       35.19 -    70.31: 1
       70.31 -   105.43: 0
      105.43 -   140.56: 0
      140.56 -   175.68: 1
  Dihedral angle restraints: 14
    sinusoidal: 1
      harmonic: 13
  Sorted by residual:
  dihedral pdb=" O   GLY A  99 "
           pdb=" C   GLY A  99 "
           pdb=" OXT GLY A  99 "
           pdb=" HXT GLY A  99 "
      ideal   model   delta  harmonic     sigma   weight residual
       0.00 -175.68  175.68     0      3.00e+01 1.11e-03 3.43e+01
  dihedral pdb=" CA  GLY A  92 "
           pdb=" C   GLY A  92 "
           pdb=" N   GLY A  93 "
           pdb=" CA  GLY A  93 "
      ideal   model   delta  harmonic     sigma   weight residual
     180.00  168.75   11.25     0      5.00e+00 4.00e-02 5.06e+00
  dihedral pdb=" CA  GLY A  95 "
           pdb=" C   GLY A  95 "
           pdb=" N   GLY A  96 "
           pdb=" CA  GLY A  96 "
      ideal   model   delta  harmonic     sigma   weight residual
     180.00  170.67    9.33     0      5.00e+00 4.00e-02 3.48e+00
  ... (remaining 11 not shown)

  Chirality restraints: 0

  Planarity restraints: 25
  Sorted by residual:
                                 delta    sigma   weight rms_deltas residual
  plane pdb=" CA  GLY A  95 "   -0.011 2.00e-02 2.50e+03   2.16e-02 4.69e+00
        pdb=" C   GLY A  95 "    0.037 2.00e-02 2.50e+03
        pdb=" O   GLY A  95 "   -0.015 2.00e-02 2.50e+03
        pdb=" N   GLY A  96 "   -0.012 2.00e-02 2.50e+03
                                 delta    sigma   weight rms_deltas residual
  plane pdb=" CA  GLY A  92 "    0.010 2.00e-02 2.50e+03   2.07e-02 4.30e+00
        pdb=" C   GLY A  92 "   -0.036 2.00e-02 2.50e+03
        pdb=" O   GLY A  92 "    0.013 2.00e-02 2.50e+03
        pdb=" N   GLY A  93 "    0.012 2.00e-02 2.50e+03
                                 delta    sigma   weight rms_deltas residual
  plane pdb=" C   GLY A  94 "   -0.011 2.00e-02 2.50e+03   1.98e-02 3.92e+00
        pdb=" N   GLY A  95 "    0.034 2.00e-02 2.50e+03
        pdb=" CA  GLY A  95 "   -0.009 2.00e-02 2.50e+03
        pdb=" H   GLY A  95 "   -0.014 2.00e-02 2.50e+03
  ... (remaining 22 not shown)

  Histogram of nonbonded interaction distances:
        1.66 -     2.29: 19
        2.29 -     2.93: 166
        2.93 -     3.57: 234
        3.57 -     4.20: 206
        4.20 -     4.84: 380
  Nonbonded interactions: 1005
  Sorted by model distance:
  nonbonded pdb=" O   GLY A  89 "
            pdb=" H   GLY A  93 "
     model   vdw
     1.656 1.970
  nonbonded pdb=" O   GLY A  93 "
            pdb=" H   GLY A  97 "
     model   vdw
     1.699 1.970
  nonbonded pdb=" O   GLY A  94 "
            pdb=" H   GLY A  98 "
     model   vdw
     1.746 1.970
  nonbonded pdb=" O   GLY A  95 "
            pdb=" H   GLY A  99 "
     model   vdw
     1.763 1.970
  nonbonded pdb=" O   GLY A  90 "
            pdb=" H   GLY A  94 "
     model   vdw
     1.824 1.970
  ... (remaining 1000 not shown)

  NOTE: a complete listing of the restraints can be obtained by requesting
        output of .geo file.

                   ----------xray_structure summary----------                  

Number of scattering types: 4
  Type Number    sf(0)   Gaussians
   O      14      7.97       1
   N      13      6.97       1
   C      26      5.97       1
   H      41      1.00       1
  sf(0) = scattering factor at diffraction angle 0.
Number of scatterers: 94
At special positions: 0
Unit cell: (16.291, 18.744, 30.715, 90, 90, 90)
Space group: P 1 (No. 1)

End of input processing
r_work=0.1680 r_free=0.2028
params.data_weight: None
params.restraints: cctbx
residue charges [0, 0, 0, 0, 0, 0, 0, 0, 0, 0, 0, 0, -1.0]
rmsd(b), start:  0.0209
initial_restraints_weight_scale 1.0
  Convergence reached at i: 3
mc:   0 Rw: 0.0341 Rf: 0.0720 rmsd(b):  0.0272 restraint_scale:  1.0 min_steps: 4
 Convergence at macro_cycle: 0
Best r_work: 0.0341 r_free: 0.0720
see the result structure:  ./results/refine_cctbx/./0.3/3.pdb
Time: 3.1236
