
============================== Collecting inputs ==============================


                   ----------Processing X-ray data----------                   

F-obs:
  /nfsexp/homes/m_zhen01/QR/1us0/data.mtz:FMODEL
Miller array info: None
Observation type: xray.amplitude
Type of data: double, size=211
Type of sigmas: None
Number of Miller indices: 211
Anomalous flag: False
Unit cell: (16.291, 18.744, 30.715, 90, 90, 90)
Space group: P 1 (No. 1)
Systematic absences: 0
Centric reflections: 0
Resolution range: 5.93968 4
Completeness in resolution range: 1
Completeness with d_max=infinity: 0.69637

Number of F-obs in resolution range:                   211
Number of F-obs<0 (these reflections will be rejected): 0
Number of F-obs=0 (these reflections will be used in refinement): 0
Refinement resolution range: d_max =   5.9397
                             d_min =   4.0000

R-free flags:
  /nfsexp/homes/m_zhen01/QR/1us0/data.mtz:R-free-flags
Miller array info: /nfsexp/homes/m_zhen01/QR/1us0/data.mtz:R-free-flags
Observation type: None
Type of data: int, size=211
Type of sigmas: None
Number of Miller indices: 211
Anomalous flag: False
Unit cell: (16.291, 18.744, 30.715, 90, 90, 90)
Space group: P 1 (No. 1)
Systematic absences: 0
Centric reflections: 0
Resolution range: 5.93968 4
Completeness in resolution range: 1
Completeness with d_max=infinity: 0.69637
Wavelength: 1.0000

Test (R-free flags) flag value: 1

Number of work/free reflections by resolution:
                                  work free  %free
  bin  1: 5.9397 - 5.5475 [24/24]   22    2   8.3%
  bin  2: 5.5475 - 5.2419 [21/21]   19    2   9.5%
  bin  3: 5.2419 - 4.9942 [15/15]   13    2  13.3%
  bin  4: 4.9942 - 4.7875 [28/28]   25    3  10.7%
  bin  5: 4.7875 - 4.6113 [29/29]   26    3  10.3%
  bin  6: 4.6113 - 4.4584 [14/14]   13    1   7.1%
  bin  7: 4.4584 - 4.3240 [19/19]   17    2  10.5%
  bin  8: 4.3240 - 4.2045 [26/26]   23    3  11.5%
  bin  9: 4.2045 - 4.0971 [14/14]   13    1   7.1%
  bin 10: 4.0971 - 4.0000 [21/21]   19    2   9.5%
                          overall  190   21  10.0%

                   ----------Processing PDB file(s)----------                  

  Monomer Library directory:
    "/home/m/m_zhen01/phenix-1.10.1-2155/modules/chem_data/mon_lib"
  Total number of atoms: 94
  Number of models: 1
  Model: ""
    Number of chains: 1
    Chain: "A"
      Number of atoms: 94
      Number of conformers: 1
      Conformer: ""
        Number of residues, atoms: 13, 94
          Classifications: {'peptide': 13}
          Modifications used: {'NH2NOTPRO': 1, 'COOH': 1}
          Link IDs: {'TRANS': 12}
  Time building chain proxies: 0.04, per 1000 atoms: 0.43
  Number of scatterers: 94
  At special positions: 0
  Unit cell: (16.291, 18.744, 30.715, 90, 90, 90)
  Space group: P 1 (No. 1)
  Number of sites at special positions: 0
  Number of scattering types: 4
    Type Number    sf(0)
     O      14      8.00
     N      13      7.00
     C      26      6.00
     H      41      1.00
    sf(0) = scattering factor at diffraction angle 0.

  Number of disulfides: simple=0, symmetry=0

  Automatic linking
    Parameters for automatic linking
      Linking & cutoffs
        Metal                : False - 3.50
        Amimo acid           : False - 1.90
        Carbohydrate         : True  - 1.99
        Ligands              : True  - 1.99
        Amino acid - RNA/DNA : False
      
  Number of custom bonds: simple=0, symmetry=0
  Time building additional restraints: 0.02
  Conformation dependent library (CDL) restraints added in 5.7 milliseconds
  
  Adding C-beta torsion restraints...
  Number of C-beta restraints generated:  0
  Time building geometry restraints manager: 0.02 seconds

  NOTE: a complete listing of the restraints can be obtained by requesting
        output of .geo file.

  Histogram of bond lengths:
        0.94 -     1.06: 15
        1.06 -     1.18: 27
        1.18 -     1.29: 13
        1.29 -     1.41: 12
        1.41 -     1.53: 26
  Bond restraints: 93
  Sorted by residual:
  bond pdb=" N   GLY A  90 "
       pdb=" H   GLY A  90 "
    ideal  model  delta    sigma   weight residual
    0.860  1.061 -0.201 2.00e-02 2.50e+03 1.01e+02
  bond pdb=" N   GLY A  88 "
       pdb=" H   GLY A  88 "
    ideal  model  delta    sigma   weight residual
    0.860  1.037 -0.177 2.00e-02 2.50e+03 7.83e+01
  bond pdb=" N   GLY A  95 "
       pdb=" H   GLY A  95 "
    ideal  model  delta    sigma   weight residual
    0.860  1.034 -0.174 2.00e-02 2.50e+03 7.55e+01
  bond pdb=" N   GLY A  91 "
       pdb=" H   GLY A  91 "
    ideal  model  delta    sigma   weight residual
    0.860  1.031 -0.171 2.00e-02 2.50e+03 7.29e+01
  bond pdb=" N   GLY A  98 "
       pdb=" H   GLY A  98 "
    ideal  model  delta    sigma   weight residual
    0.860  1.027 -0.167 2.00e-02 2.50e+03 6.99e+01
  ... (remaining 88 not shown)

  Histogram of bond angle deviations from ideal:
      101.60 -   106.82: 14
      106.82 -   112.05: 59
      112.05 -   117.28: 27
      117.28 -   122.51: 38
      122.51 -   127.73: 18
  Bond angle restraints: 156
  Sorted by residual:
  angle pdb=" HA2 GLY A  92 "
        pdb=" CA  GLY A  92 "
        pdb=" HA3 GLY A  92 "
      ideal   model   delta    sigma   weight residual
     109.00  101.60    7.40 3.00e+00 1.11e-01 6.09e+00
  angle pdb=" O   GLY A  88 "
        pdb=" C   GLY A  88 "
        pdb=" N   GLY A  89 "
      ideal   model   delta    sigma   weight residual
     122.70  119.69    3.01 1.30e+00 5.92e-01 5.36e+00
  angle pdb=" CA  GLY A  92 "
        pdb=" C   GLY A  92 "
        pdb=" O   GLY A  92 "
      ideal   model   delta    sigma   weight residual
     119.09  121.72   -2.63 1.20e+00 6.94e-01 4.79e+00
  angle pdb=" N   GLY A  90 "
        pdb=" CA  GLY A  90 "
        pdb=" C   GLY A  90 "
      ideal   model   delta    sigma   weight residual
     115.34  111.69    3.65 1.67e+00 3.59e-01 4.76e+00
  angle pdb=" N   GLY A  95 "
        pdb=" CA  GLY A  95 "
        pdb=" HA2 GLY A  95 "
      ideal   model   delta    sigma   weight residual
     110.00  103.53    6.47 3.00e+00 1.11e-01 4.65e+00
  ... (remaining 151 not shown)

  Histogram of dihedral angle deviations from ideal:
        1.33 -    37.01: 12
       37.01 -    72.68: 1
       72.68 -   108.35: 0
      108.35 -   144.03: 0
      144.03 -   179.70: 1
  Dihedral angle restraints: 14
    sinusoidal: 1
      harmonic: 13
  Sorted by residual:
  dihedral pdb=" O   GLY A  99 "
           pdb=" C   GLY A  99 "
           pdb=" OXT GLY A  99 "
           pdb=" HXT GLY A  99 "
      ideal   model   delta  harmonic     sigma   weight residual
       0.00 -179.70  179.70     0      3.00e+01 1.11e-03 3.59e+01
  dihedral pdb=" CA  GLY A  97 "
           pdb=" C   GLY A  97 "
           pdb=" N   GLY A  98 "
           pdb=" CA  GLY A  98 "
      ideal   model   delta  harmonic     sigma   weight residual
     180.00  168.52   11.48     0      5.00e+00 4.00e-02 5.28e+00
  dihedral pdb=" N   GLY A  99 "
           pdb=" CA  GLY A  99 "
           pdb=" C   GLY A  99 "
           pdb=" OXT GLY A  99 "
      ideal   model   delta sinusoidal    sigma   weight residual
     -20.00  -74.15   54.15     2      3.00e+01 1.11e-03 3.50e+00
  ... (remaining 11 not shown)

  Chirality restraints: 0

  Planarity restraints: 25
  Sorted by residual:
                                 delta    sigma   weight rms_deltas residual
  plane pdb=" CA  GLY A  93 "    0.008 2.00e-02 2.50e+03   1.60e-02 2.56e+00
        pdb=" C   GLY A  93 "   -0.028 2.00e-02 2.50e+03
        pdb=" O   GLY A  93 "    0.010 2.00e-02 2.50e+03
        pdb=" N   GLY A  94 "    0.009 2.00e-02 2.50e+03
                                 delta    sigma   weight rms_deltas residual
  plane pdb=" C   GLY A  87 "    0.008 2.00e-02 2.50e+03   1.52e-02 2.32e+00
        pdb=" N   GLY A  88 "   -0.026 2.00e-02 2.50e+03
        pdb=" CA  GLY A  88 "    0.007 2.00e-02 2.50e+03
        pdb=" H   GLY A  88 "    0.010 2.00e-02 2.50e+03
                                 delta    sigma   weight rms_deltas residual
  plane pdb=" C   GLY A  98 "   -0.008 2.00e-02 2.50e+03   1.49e-02 2.21e+00
        pdb=" N   GLY A  99 "    0.026 2.00e-02 2.50e+03
        pdb=" CA  GLY A  99 "   -0.007 2.00e-02 2.50e+03
        pdb=" H   GLY A  99 "   -0.010 2.00e-02 2.50e+03
  ... (remaining 22 not shown)

  Histogram of nonbonded interaction distances:
        2.10 -     2.65: 86
        2.65 -     3.20: 171
        3.20 -     3.74: 143
        3.74 -     4.29: 203
        4.29 -     4.83: 306
  Nonbonded interactions: 909
  Sorted by model distance:
  nonbonded pdb=" O   GLY A  91 "
            pdb=" H   GLY A  94 "
     model   vdw
     2.102 1.970
  nonbonded pdb=" HA3 GLY A  87 "
            pdb=" H   GLY A  88 "
     model   vdw
     2.195 2.270
  nonbonded pdb=" H   GLY A  95 "
            pdb=" HA3 GLY A  95 "
     model   vdw
     2.223 1.816
  nonbonded pdb=" N   GLY A  90 "
            pdb=" H   GLY A  91 "
     model   vdw
     2.252 2.650
  nonbonded pdb=" H   GLY A  98 "
            pdb=" HA3 GLY A  98 "
     model   vdw
     2.254 1.816
  ... (remaining 904 not shown)

  NOTE: a complete listing of the restraints can be obtained by requesting
        output of .geo file.

                   ----------xray_structure summary----------                  

Number of scattering types: 4
  Type Number    sf(0)   Gaussians
   O      14      7.97       1
   N      13      6.97       1
   C      26      5.97       1
   H      41      1.00       1
  sf(0) = scattering factor at diffraction angle 0.
Number of scatterers: 94
At special positions: 0
Unit cell: (16.291, 18.744, 30.715, 90, 90, 90)
Space group: P 1 (No. 1)

End of input processing
r_work=0.3367 r_free=0.3882
params.data_weight: None
params.restraints: cctbx
residue charges [0, 0, 0, 0, 0, 0, 0, 0, 0, 0, 0, 0, -1.0]
rmsd(b), start:  0.0175
initial_restraints_weight_scale 1.0
  Convergence reached at i: 11
mc:   0 Rw: 0.0599 Rf: 0.1305 rmsd(b):  0.0394 restraint_scale:  2.0 min_steps: 6
  Convergence reached at i: 8
mc:   1 Rw: 0.0653 Rf: 0.1287 rmsd(b):  0.0271 restraint_scale:  4.0 min_steps: 5
mc:   2 Rw: 0.0412 Rf: 0.0794 rmsd(b):  0.0179 restraint_scale:  4.0 min_steps: 25
 Convergence at macro_cycle: 2
Best r_work: 0.0412 r_free: 0.0794
see the result structure:  ./results/refine_cctbx/./0.9/7.pdb
Time: 9.1063
