
============================== Collecting inputs ==============================


                   ----------Processing X-ray data----------                   

F-obs:
  /Users/minzheng/QR/helix/data.mtz:F(ake)obs
Miller array info: None
Observation type: xray.amplitude
Type of data: double, size=160
Type of sigmas: None
Number of Miller indices: 160
Anomalous flag: False
Unit cell: (16.291, 18.744, 30.715, 90, 90, 90)
Space group: P 1 (No. 1)
Systematic absences: 0
Centric reflections: 0
Resolution range: 3.97988 3.50665
Completeness in resolution range: 1
Completeness with d_max=infinity: 0.345572

Number of F-obs in resolution range:                   160
Number of F-obs<0 (these reflections will be rejected): 0
Number of F-obs=0 (these reflections will be used in refinement): 0
Refinement resolution range: d_max =   3.9799
                             d_min =   3.5066

R-free flags:
  /Users/minzheng/QR/helix/data.mtz:R-free-flags
Miller array info: /Users/minzheng/QR/helix/data.mtz:R-free-flags
Observation type: None
Type of data: int, size=160
Type of sigmas: None
Number of Miller indices: 160
Anomalous flag: False
Unit cell: (16.291, 18.744, 30.715, 90, 90, 90)
Space group: P 1 (No. 1)
Systematic absences: 0
Centric reflections: 0
Resolution range: 3.97988 3.50665
Completeness in resolution range: 1
Completeness with d_max=infinity: 0.345572
Wavelength: 1.0000

Test (R-free flags) flag value: 1

Number of work/free reflections by resolution:
                                   work free  %free
  bin  1: 3.9799 - 3.9204 [28/28 ]   28    0   0.0%
  bin  2: 3.9204 - 3.8644 [ 4/4  ]    4    0   0.0%
  bin  3: 3.8644 - 3.8114 [19/19 ]   13    6  31.6%
  bin  4: 3.8114 - 3.7612 [16/16 ]   16    0   0.0%
  bin  5: 3.7612 - 3.7135 [15/15 ]   13    2  13.3%
  bin  6: 3.7135 - 3.6682 [ 8/8  ]    8    0   0.0%
  bin  7: 3.6682 - 3.6250 [24/24 ]   24    0   0.0%
  bin  8: 3.6250 - 3.5838 [12/12 ]   10    2  16.7%
  bin  9: 3.5838 - 3.5444 [16/16 ]   16    0   0.0%
  bin 10: 3.5444 - 3.5066 [18/18 ]   14    4  22.2%
                           overall  146   14   8.8%

                   ----------Processing PDB file(s)----------                  

  Monomer Library directory:
    "/Users/Shared/bin/phenix/phenix-1.10.1-2155/modules/chem_data/mon_lib"
  Total number of atoms: 94
  Number of models: 1
  Model: ""
    Number of chains: 1
    Chain: "A"
      Number of atoms: 94
      Number of conformers: 1
      Conformer: ""
        Number of residues, atoms: 13, 94
          Classifications: {'peptide': 13}
          Modifications used: {'NH2NOTPRO': 1, 'COOH': 1}
          Link IDs: {'TRANS': 12}
  Time building chain proxies: 0.03, per 1000 atoms: 0.32
  Number of scatterers: 94
  At special positions: 0
  Unit cell: (16.291, 18.744, 30.715, 90, 90, 90)
  Space group: P 1 (No. 1)
  Number of sites at special positions: 0
  Number of scattering types: 4
    Type Number    sf(0)
     O      14      8.00
     N      13      7.00
     C      26      6.00
     H      41      1.00
    sf(0) = scattering factor at diffraction angle 0.

  Number of disulfides: simple=0, symmetry=0

  Automatic linking
    Parameters for automatic linking
      Linking & cutoffs
        Metal                : False - 3.50
        Amimo acid           : False - 1.90
        Carbohydrate         : True  - 1.99
        Ligands              : True  - 1.99
        Amino acid - RNA/DNA : False
      
  Number of custom bonds: simple=0, symmetry=0
  Time building additional restraints: 0.02
  Conformation dependent library (CDL) restraints added in 4.8 milliseconds
  
  Adding C-beta torsion restraints...
  Number of C-beta restraints generated:  0
  Time building geometry restraints manager: 0.02 seconds

  NOTE: a complete listing of the restraints can be obtained by requesting
        output of .geo file.

  Histogram of bond lengths:
        0.96 -     1.07: 19
        1.07 -     1.19: 22
        1.19 -     1.31: 13
        1.31 -     1.43: 13
        1.43 -     1.55: 26
  Bond restraints: 93
  Sorted by residual:
  bond pdb=" N   GLY A  92 "
       pdb=" H   GLY A  92 "
    ideal  model  delta    sigma   weight residual
    0.860  1.045 -0.185 2.00e-02 2.50e+03 8.53e+01
  bond pdb=" N   GLY A  94 "
       pdb=" H   GLY A  94 "
    ideal  model  delta    sigma   weight residual
    0.860  1.032 -0.172 2.00e-02 2.50e+03 7.44e+01
  bond pdb=" N   GLY A  95 "
       pdb=" H   GLY A  95 "
    ideal  model  delta    sigma   weight residual
    0.860  1.031 -0.171 2.00e-02 2.50e+03 7.29e+01
  bond pdb=" N   GLY A  90 "
       pdb=" H   GLY A  90 "
    ideal  model  delta    sigma   weight residual
    0.860  1.028 -0.168 2.00e-02 2.50e+03 7.09e+01
  bond pdb=" CA  GLY A  99 "
       pdb=" HA2 GLY A  99 "
    ideal  model  delta    sigma   weight residual
    0.970  1.138 -0.168 2.00e-02 2.50e+03 7.05e+01
  ... (remaining 88 not shown)

  Histogram of bond angle deviations from ideal:
      102.12 -   107.04: 13
      107.04 -   111.97: 52
      111.97 -   116.90: 35
      116.90 -   121.83: 34
      121.83 -   126.76: 22
  Bond angle restraints: 156
  Sorted by residual:
  angle pdb=" N   GLY A  89 "
        pdb=" CA  GLY A  89 "
        pdb=" C   GLY A  89 "
      ideal   model   delta    sigma   weight residual
     114.66  111.20    3.46 1.24e+00 6.50e-01 7.80e+00
  angle pdb=" N   GLY A  96 "
        pdb=" CA  GLY A  96 "
        pdb=" C   GLY A  96 "
      ideal   model   delta    sigma   weight residual
     115.34  111.36    3.98 1.67e+00 3.59e-01 5.69e+00
  angle pdb=" C   GLY A  96 "
        pdb=" CA  GLY A  96 "
        pdb=" HA2 GLY A  96 "
      ideal   model   delta    sigma   weight residual
     109.00  102.12    6.88 3.00e+00 1.11e-01 5.27e+00
  angle pdb=" N   GLY A  96 "
        pdb=" CA  GLY A  96 "
        pdb=" HA3 GLY A  96 "
      ideal   model   delta    sigma   weight residual
     110.00  115.65   -5.65 3.00e+00 1.11e-01 3.55e+00
  angle pdb=" C   GLY A  88 "
        pdb=" CA  GLY A  88 "
        pdb=" HA3 GLY A  88 "
      ideal   model   delta    sigma   weight residual
     109.00  114.50   -5.50 3.00e+00 1.11e-01 3.36e+00
  ... (remaining 151 not shown)

  Histogram of dihedral angle deviations from ideal:
        0.10 -    35.37: 13
       35.37 -    70.63: 0
       70.63 -   105.89: 0
      105.89 -   141.15: 0
      141.15 -   176.41: 1
  Dihedral angle restraints: 14
    sinusoidal: 1
      harmonic: 13
  Sorted by residual:
  dihedral pdb=" O   GLY A  99 "
           pdb=" C   GLY A  99 "
           pdb=" OXT GLY A  99 "
           pdb=" HXT GLY A  99 "
      ideal   model   delta  harmonic     sigma   weight residual
       0.00  176.41 -176.41     0      3.00e+01 1.11e-03 3.46e+01
  dihedral pdb=" CA  GLY A  93 "
           pdb=" C   GLY A  93 "
           pdb=" N   GLY A  94 "
           pdb=" CA  GLY A  94 "
      ideal   model   delta  harmonic     sigma   weight residual
     180.00 -170.32   -9.68     0      5.00e+00 4.00e-02 3.75e+00
  dihedral pdb=" CA  GLY A  94 "
           pdb=" C   GLY A  94 "
           pdb=" N   GLY A  95 "
           pdb=" CA  GLY A  95 "
      ideal   model   delta  harmonic     sigma   weight residual
    -180.00 -172.28   -7.72     0      5.00e+00 4.00e-02 2.38e+00
  ... (remaining 11 not shown)

  Chirality restraints: 0

  Planarity restraints: 25
  Sorted by residual:
                                 delta    sigma   weight rms_deltas residual
  plane pdb=" CA  GLY A  99 "    0.009 2.00e-02 2.50e+03   1.96e-02 4.82e+00
        pdb=" C   GLY A  99 "   -0.038 2.00e-02 2.50e+03
        pdb=" O   GLY A  99 "    0.017 2.00e-02 2.50e+03
        pdb=" OXT GLY A  99 "    0.007 2.00e-02 2.50e+03
        pdb=" HXT GLY A  99 "    0.005 2.00e-02 2.50e+03
                                 delta    sigma   weight rms_deltas residual
  plane pdb=" C   GLY A  89 "    0.010 2.00e-02 2.50e+03   1.85e-02 3.44e+00
        pdb=" N   GLY A  90 "   -0.032 2.00e-02 2.50e+03
        pdb=" CA  GLY A  90 "    0.009 2.00e-02 2.50e+03
        pdb=" H   GLY A  90 "    0.013 2.00e-02 2.50e+03
                                 delta    sigma   weight rms_deltas residual
  plane pdb=" C   GLY A  87 "   -0.009 2.00e-02 2.50e+03   1.57e-02 2.46e+00
        pdb=" N   GLY A  88 "    0.027 2.00e-02 2.50e+03
        pdb=" CA  GLY A  88 "   -0.007 2.00e-02 2.50e+03
        pdb=" H   GLY A  88 "   -0.011 2.00e-02 2.50e+03
  ... (remaining 22 not shown)

  Histogram of nonbonded interaction distances:
        2.02 -     2.59: 60
        2.59 -     3.15: 164
        3.15 -     3.71: 167
        3.71 -     4.28: 177
        4.28 -     4.84: 285
  Nonbonded interactions: 853
  Sorted by model distance:
  nonbonded pdb=" H   GLY A  99 "
            pdb=" HXT GLY A  99 "
     model   vdw
     2.024 2.100
  nonbonded pdb=" O   GLY A  90 "
            pdb=" H   GLY A  94 "
     model   vdw
     2.054 1.970
  nonbonded pdb=" O   GLY A  91 "
            pdb=" H   GLY A  95 "
     model   vdw
     2.075 1.970
  nonbonded pdb=" H   GLY A  92 "
            pdb=" HA3 GLY A  92 "
     model   vdw
     2.158 1.816
  nonbonded pdb=" H   GLY A  97 "
            pdb=" H   GLY A  98 "
     model   vdw
     2.170 2.100
  ... (remaining 848 not shown)

  NOTE: a complete listing of the restraints can be obtained by requesting
        output of .geo file.

                   ----------xray_structure summary----------                  

Number of scattering types: 4
  Type Number    sf(0)   Gaussians
   O      14      7.97       1
   N      13      6.97       1
   C      26      5.97       1
   H      41      1.00       1
  sf(0) = scattering factor at diffraction angle 0.
Number of scatterers: 94
At special positions: 0
Unit cell: (16.291, 18.744, 30.715, 90, 90, 90)
Space group: P 1 (No. 1)

End of input processing
r_work=0.4569 r_free=0.3338
params.data_weight: None
params.restraints: qm
rmsd(b), start:  0.0156
Initial weight optimization conter: 1
Initial weight optimization conter: 2
Initial weight optimization conter: 3
initial_restraints_weight_scale 4.0
mc:   0 R: 0.1686 rmsd(b):  0.0276 restraint_scale:  4.0 min_steps: 52
mc:   1 R: 0.1468 rmsd(b):  0.0282 restraint_scale:  4.0 min_steps: 32
mc:   2 R: 0.1162 rmsd(b):  0.0332 restraint_scale:  8.0 min_steps: 52
mc:   3 R: 0.1459 rmsd(b):  0.0284 restraint_scale:  8.0 min_steps: 23
mc:   4 R: 0.1290 rmsd(b):  0.0293 restraint_scale:  8.0 min_steps: 22
mc:   5 R: 0.1312 rmsd(b):  0.0282 restraint_scale:  8.0 min_steps: 11
mc:   6 R: 0.1403 rmsd(b):  0.0280 restraint_scale:  8.0 min_steps: 12
mc:   7 R: 0.1421 rmsd(b):  0.0282 restraint_scale:  8.0 min_steps: 6
mc:   8 R: 0.1421 rmsd(b):  0.0282 restraint_scale:  8.0 min_steps: 1
Convergence reached, stop now.
best mc:    5
 r_factor (best): 0.12903
see the result structure:  ./results_b_rmsd_0.03_pm7/refine_qm/./1.2/5.pdb
Time: 240.1268
