
============================== Collecting inputs ==============================


                   ----------Processing X-ray data----------                   

F-obs:
  /Users/minzheng/rerun/helix/data.mtz:F(ake)obs
Miller array info: None
Observation type: xray.amplitude
Type of data: double, size=160
Type of sigmas: None
Number of Miller indices: 160
Anomalous flag: False
Unit cell: (16.291, 18.744, 30.715, 90, 90, 90)
Space group: P 1 (No. 1)
Systematic absences: 0
Centric reflections: 0
Resolution range: 3.97988 3.50665
Completeness in resolution range: 1
Completeness with d_max=infinity: 0.345572

Number of F-obs in resolution range:                   160
Number of F-obs<0 (these reflections will be rejected): 0
Number of F-obs=0 (these reflections will be used in refinement): 0
Refinement resolution range: d_max =   3.9799
                             d_min =   3.5066

R-free flags:
  /Users/minzheng/rerun/helix/data.mtz:R-free-flags
Miller array info: /Users/minzheng/rerun/helix/data.mtz:R-free-flags
Observation type: None
Type of data: int, size=160
Type of sigmas: None
Number of Miller indices: 160
Anomalous flag: False
Unit cell: (16.291, 18.744, 30.715, 90, 90, 90)
Space group: P 1 (No. 1)
Systematic absences: 0
Centric reflections: 0
Resolution range: 3.97988 3.50665
Completeness in resolution range: 1
Completeness with d_max=infinity: 0.345572
Wavelength: 1.0000

Test (R-free flags) flag value: 1

Number of work/free reflections by resolution:
                                   work free  %free
  bin  1: 3.9799 - 3.9204 [28/28 ]   28    0   0.0%
  bin  2: 3.9204 - 3.8644 [ 4/4  ]    4    0   0.0%
  bin  3: 3.8644 - 3.8114 [19/19 ]   13    6  31.6%
  bin  4: 3.8114 - 3.7612 [16/16 ]   16    0   0.0%
  bin  5: 3.7612 - 3.7135 [15/15 ]   13    2  13.3%
  bin  6: 3.7135 - 3.6682 [ 8/8  ]    8    0   0.0%
  bin  7: 3.6682 - 3.6250 [24/24 ]   24    0   0.0%
  bin  8: 3.6250 - 3.5838 [12/12 ]   10    2  16.7%
  bin  9: 3.5838 - 3.5444 [16/16 ]   16    0   0.0%
  bin 10: 3.5444 - 3.5066 [18/18 ]   14    4  22.2%
                           overall  146   14   8.8%

                   ----------Processing PDB file(s)----------                  

  Monomer Library directory:
    "/Users/Shared/bin/phenix/phenix-1.10.1-2155/modules/chem_data/mon_lib"
  Total number of atoms: 94
  Number of models: 1
  Model: ""
    Number of chains: 1
    Chain: "A"
      Number of atoms: 94
      Number of conformers: 1
      Conformer: ""
        Number of residues, atoms: 13, 94
          Classifications: {'peptide': 13}
          Modifications used: {'NH2NOTPRO': 1, 'COOH': 1}
          Link IDs: {'TRANS': 12}
  Time building chain proxies: 0.03, per 1000 atoms: 0.32
  Number of scatterers: 94
  At special positions: 0
  Unit cell: (16.291, 18.744, 30.715, 90, 90, 90)
  Space group: P 1 (No. 1)
  Number of sites at special positions: 0
  Number of scattering types: 4
    Type Number    sf(0)
     O      14      8.00
     N      13      7.00
     C      26      6.00
     H      41      1.00
    sf(0) = scattering factor at diffraction angle 0.

  Number of disulfides: simple=0, symmetry=0

  Automatic linking
    Parameters for automatic linking
      Linking & cutoffs
        Metal                : False - 3.50
        Amimo acid           : False - 1.90
        Carbohydrate         : True  - 1.99
        Ligands              : True  - 1.99
        Amino acid - RNA/DNA : False
      
  Number of custom bonds: simple=0, symmetry=0
  Time building additional restraints: 0.02
  Conformation dependent library (CDL) restraints added in 4.5 milliseconds
  
  Adding C-beta torsion restraints...
  Number of C-beta restraints generated:  0
  Time building geometry restraints manager: 0.03 seconds

  NOTE: a complete listing of the restraints can be obtained by requesting
        output of .geo file.

  Histogram of bond lengths:
        0.97 -     1.08: 21
        1.08 -     1.19: 21
        1.19 -     1.30: 12
        1.30 -     1.41: 13
        1.41 -     1.52: 26
  Bond restraints: 93
  Sorted by residual:
  bond pdb=" N   GLY A  98 "
       pdb=" H   GLY A  98 "
    ideal  model  delta    sigma   weight residual
    0.860  1.062 -0.202 2.00e-02 2.50e+03 1.02e+02
  bond pdb=" N   GLY A  92 "
       pdb=" H   GLY A  92 "
    ideal  model  delta    sigma   weight residual
    0.860  1.039 -0.179 2.00e-02 2.50e+03 7.98e+01
  bond pdb=" N   GLY A  89 "
       pdb=" H   GLY A  89 "
    ideal  model  delta    sigma   weight residual
    0.860  1.027 -0.167 2.00e-02 2.50e+03 6.94e+01
  bond pdb=" N   GLY A  94 "
       pdb=" H   GLY A  94 "
    ideal  model  delta    sigma   weight residual
    0.860  1.020 -0.160 2.00e-02 2.50e+03 6.43e+01
  bond pdb=" N   GLY A  88 "
       pdb=" H   GLY A  88 "
    ideal  model  delta    sigma   weight residual
    0.860  1.020 -0.160 2.00e-02 2.50e+03 6.40e+01
  ... (remaining 88 not shown)

  Histogram of bond angle deviations from ideal:
      100.43 -   105.60: 11
      105.60 -   110.76: 40
      110.76 -   115.93: 38
      115.93 -   121.10: 35
      121.10 -   126.27: 32
  Bond angle restraints: 156
  Sorted by residual:
  angle pdb=" C   GLY A  90 "
        pdb=" CA  GLY A  90 "
        pdb=" HA3 GLY A  90 "
      ideal   model   delta    sigma   weight residual
     109.00  100.43    8.57 3.00e+00 1.11e-01 8.16e+00
  angle pdb=" N   GLY A  89 "
        pdb=" CA  GLY A  89 "
        pdb=" C   GLY A  89 "
      ideal   model   delta    sigma   weight residual
     114.67  111.78    2.89 1.10e+00 8.26e-01 6.88e+00
  angle pdb=" HT1 GLY A  87 "
        pdb=" N   GLY A  87 "
        pdb=" HT2 GLY A  87 "
      ideal   model   delta    sigma   weight residual
     109.47  102.64    6.83 3.00e+00 1.11e-01 5.18e+00
  angle pdb=" C   GLY A  94 "
        pdb=" CA  GLY A  94 "
        pdb=" HA2 GLY A  94 "
      ideal   model   delta    sigma   weight residual
     109.00  102.36    6.64 3.00e+00 1.11e-01 4.90e+00
  angle pdb=" C   GLY A  96 "
        pdb=" CA  GLY A  96 "
        pdb=" HA2 GLY A  96 "
      ideal   model   delta    sigma   weight residual
     109.00  102.60    6.40 3.00e+00 1.11e-01 4.55e+00
  ... (remaining 151 not shown)

  Histogram of dihedral angle deviations from ideal:
        0.16 -    35.41: 12
       35.41 -    70.65: 1
       70.65 -   105.90: 0
      105.90 -   141.15: 0
      141.15 -   176.39: 1
  Dihedral angle restraints: 14
    sinusoidal: 1
      harmonic: 13
  Sorted by residual:
  dihedral pdb=" O   GLY A  99 "
           pdb=" C   GLY A  99 "
           pdb=" OXT GLY A  99 "
           pdb=" HXT GLY A  99 "
      ideal   model   delta  harmonic     sigma   weight residual
       0.00 -176.39  176.39     0      3.00e+01 1.11e-03 3.46e+01
  dihedral pdb=" N   GLY A  99 "
           pdb=" CA  GLY A  99 "
           pdb=" C   GLY A  99 "
           pdb=" OXT GLY A  99 "
      ideal   model   delta sinusoidal    sigma   weight residual
     -20.00   46.40  -66.40     2      3.00e+01 1.11e-03 4.48e+00
  dihedral pdb=" CA  GLY A  93 "
           pdb=" C   GLY A  93 "
           pdb=" N   GLY A  94 "
           pdb=" CA  GLY A  94 "
      ideal   model   delta  harmonic     sigma   weight residual
     180.00  170.46    9.54     0      5.00e+00 4.00e-02 3.64e+00
  ... (remaining 11 not shown)

  Chirality restraints: 0

  Planarity restraints: 25
  Sorted by residual:
                                 delta    sigma   weight rms_deltas residual
  plane pdb=" CA  GLY A  99 "   -0.010 2.00e-02 2.50e+03   2.04e-02 5.19e+00
        pdb=" C   GLY A  99 "    0.003 2.00e-02 2.50e+03
        pdb=" O   GLY A  99 "    0.013 2.00e-02 2.50e+03
        pdb=" OXT GLY A  99 "   -0.033 2.00e-02 2.50e+03
        pdb=" HXT GLY A  99 "    0.027 2.00e-02 2.50e+03
                                 delta    sigma   weight rms_deltas residual
  plane pdb=" CA  GLY A  88 "   -0.011 2.00e-02 2.50e+03   2.16e-02 4.67e+00
        pdb=" C   GLY A  88 "    0.037 2.00e-02 2.50e+03
        pdb=" O   GLY A  88 "   -0.014 2.00e-02 2.50e+03
        pdb=" N   GLY A  89 "   -0.013 2.00e-02 2.50e+03
                                 delta    sigma   weight rms_deltas residual
  plane pdb=" CA  GLY A  89 "    0.009 2.00e-02 2.50e+03   1.84e-02 3.40e+00
        pdb=" C   GLY A  89 "   -0.032 2.00e-02 2.50e+03
        pdb=" O   GLY A  89 "    0.012 2.00e-02 2.50e+03
        pdb=" N   GLY A  90 "    0.011 2.00e-02 2.50e+03
  ... (remaining 22 not shown)

  Histogram of nonbonded interaction distances:
        1.71 -     2.34: 18
        2.34 -     2.96: 162
        2.96 -     3.59: 175
        3.59 -     4.21: 189
        4.21 -     4.84: 293
  Nonbonded interactions: 837
  Sorted by model distance:
  nonbonded pdb=" H   GLY A  95 "
            pdb=" H   GLY A  96 "
     model   vdw
     1.712 2.100
  nonbonded pdb=" O   GLY A  95 "
            pdb=" H   GLY A  98 "
     model   vdw
     1.992 1.970
  nonbonded pdb=" O   GLY A  87 "
            pdb=" H   GLY A  90 "
     model   vdw
     2.005 1.970
  nonbonded pdb=" H   GLY A  88 "
            pdb=" HA3 GLY A  88 "
     model   vdw
     2.124 1.816
  nonbonded pdb=" O   GLY A  91 "
            pdb=" H   GLY A  94 "
     model   vdw
     2.221 1.970
  ... (remaining 832 not shown)

  NOTE: a complete listing of the restraints can be obtained by requesting
        output of .geo file.

                   ----------xray_structure summary----------                  

Number of scattering types: 4
  Type Number    sf(0)   Gaussians
   O      14      7.97       1
   N      13      6.97       1
   C      26      5.97       1
   H      41      1.00       1
  sf(0) = scattering factor at diffraction angle 0.
Number of scatterers: 94
At special positions: 0
Unit cell: (16.291, 18.744, 30.715, 90, 90, 90)
Space group: P 1 (No. 1)

End of input processing
r_work=0.6089 r_free=0.6257
params.data_weight: 0.0
params.restraints: cctbx
rmsd(b), start:  0.0149
mc:   0 R: 0.6029 rmsd(b):  0.0008 restraint_scale:  1.0 min_steps: 54
mc:   1 R: 0.5983 rmsd(b):  0.0003 restraint_scale:  1.0 min_steps: 54
mc:   2 R: 0.5998 rmsd(b):  0.0003 restraint_scale:  1.0 min_steps: 55
mc:   3 R: 0.6003 rmsd(b):  0.0002 restraint_scale:  1.0 min_steps: 52
mc:   4 R: 0.6014 rmsd(b):  0.0002 restraint_scale:  1.0 min_steps: 52
mc:   5 R: 0.6017 rmsd(b):  0.0002 restraint_scale:  1.0 min_steps: 56
mc:   6 R: 0.6021 rmsd(b):  0.0002 restraint_scale:  1.0 min_steps: 54
mc:   7 R: 0.6024 rmsd(b):  0.0002 restraint_scale:  1.0 min_steps: 53
Convergence reached, stop now.
see the result structure:  ./results/opt_cctbx/./1.5/7.pdb
Time: 4.1172
