
============================== Collecting inputs ==============================


                   ----------Processing X-ray data----------                   

F-obs:
  /Users/minzheng/QR/helix/data.mtz:F(ake)obs
Miller array info: None
Observation type: xray.amplitude
Type of data: double, size=160
Type of sigmas: None
Number of Miller indices: 160
Anomalous flag: False
Unit cell: (16.291, 18.744, 30.715, 90, 90, 90)
Space group: P 1 (No. 1)
Systematic absences: 0
Centric reflections: 0
Resolution range: 3.97988 3.50665
Completeness in resolution range: 1
Completeness with d_max=infinity: 0.345572

Number of F-obs in resolution range:                   160
Number of F-obs<0 (these reflections will be rejected): 0
Number of F-obs=0 (these reflections will be used in refinement): 0
Refinement resolution range: d_max =   3.9799
                             d_min =   3.5066

R-free flags:
  /Users/minzheng/QR/helix/data.mtz:R-free-flags
Miller array info: /Users/minzheng/QR/helix/data.mtz:R-free-flags
Observation type: None
Type of data: int, size=160
Type of sigmas: None
Number of Miller indices: 160
Anomalous flag: False
Unit cell: (16.291, 18.744, 30.715, 90, 90, 90)
Space group: P 1 (No. 1)
Systematic absences: 0
Centric reflections: 0
Resolution range: 3.97988 3.50665
Completeness in resolution range: 1
Completeness with d_max=infinity: 0.345572
Wavelength: 1.0000

Test (R-free flags) flag value: 1

Number of work/free reflections by resolution:
                                   work free  %free
  bin  1: 3.9799 - 3.9204 [28/28 ]   28    0   0.0%
  bin  2: 3.9204 - 3.8644 [ 4/4  ]    4    0   0.0%
  bin  3: 3.8644 - 3.8114 [19/19 ]   13    6  31.6%
  bin  4: 3.8114 - 3.7612 [16/16 ]   16    0   0.0%
  bin  5: 3.7612 - 3.7135 [15/15 ]   13    2  13.3%
  bin  6: 3.7135 - 3.6682 [ 8/8  ]    8    0   0.0%
  bin  7: 3.6682 - 3.6250 [24/24 ]   24    0   0.0%
  bin  8: 3.6250 - 3.5838 [12/12 ]   10    2  16.7%
  bin  9: 3.5838 - 3.5444 [16/16 ]   16    0   0.0%
  bin 10: 3.5444 - 3.5066 [18/18 ]   14    4  22.2%
                           overall  146   14   8.8%

                   ----------Processing PDB file(s)----------                  

  Monomer Library directory:
    "/Users/Shared/bin/phenix/phenix-1.10.1-2155/modules/chem_data/mon_lib"
  Total number of atoms: 94
  Number of models: 1
  Model: ""
    Number of chains: 1
    Chain: "A"
      Number of atoms: 94
      Number of conformers: 1
      Conformer: ""
        Number of residues, atoms: 13, 94
          Classifications: {'peptide': 13}
          Modifications used: {'NH2NOTPRO': 1, 'COOH': 1}
          Link IDs: {'TRANS': 12}
  Time building chain proxies: 0.03, per 1000 atoms: 0.32
  Number of scatterers: 94
  At special positions: 0
  Unit cell: (16.291, 18.744, 30.715, 90, 90, 90)
  Space group: P 1 (No. 1)
  Number of sites at special positions: 0
  Number of scattering types: 4
    Type Number    sf(0)
     O      14      8.00
     N      13      7.00
     C      26      6.00
     H      41      1.00
    sf(0) = scattering factor at diffraction angle 0.

  Number of disulfides: simple=0, symmetry=0

  Automatic linking
    Parameters for automatic linking
      Linking & cutoffs
        Metal                : False - 3.50
        Amimo acid           : False - 1.90
        Carbohydrate         : True  - 1.99
        Ligands              : True  - 1.99
        Amino acid - RNA/DNA : False
      
  Number of custom bonds: simple=0, symmetry=0
  Time building additional restraints: 0.02
  Conformation dependent library (CDL) restraints added in 4.5 milliseconds
  
  Adding C-beta torsion restraints...
  Number of C-beta restraints generated:  0
  Time building geometry restraints manager: 0.03 seconds

  NOTE: a complete listing of the restraints can be obtained by requesting
        output of .geo file.

  Histogram of bond lengths:
        0.98 -     1.09: 26
        1.09 -     1.21: 16
        1.21 -     1.32: 16
        1.32 -     1.43: 10
        1.43 -     1.55: 25
  Bond restraints: 93
  Sorted by residual:
  bond pdb=" N   GLY A  98 "
       pdb=" H   GLY A  98 "
    ideal  model  delta    sigma   weight residual
    0.860  1.032 -0.172 2.00e-02 2.50e+03 7.38e+01
  bond pdb=" N   GLY A  95 "
       pdb=" H   GLY A  95 "
    ideal  model  delta    sigma   weight residual
    0.860  1.023 -0.163 2.00e-02 2.50e+03 6.65e+01
  bond pdb=" N   GLY A  90 "
       pdb=" H   GLY A  90 "
    ideal  model  delta    sigma   weight residual
    0.860  1.021 -0.161 2.00e-02 2.50e+03 6.52e+01
  bond pdb=" N   GLY A  92 "
       pdb=" H   GLY A  92 "
    ideal  model  delta    sigma   weight residual
    0.860  1.021 -0.161 2.00e-02 2.50e+03 6.48e+01
  bond pdb=" N   GLY A  91 "
       pdb=" H   GLY A  91 "
    ideal  model  delta    sigma   weight residual
    0.860  1.020 -0.160 2.00e-02 2.50e+03 6.42e+01
  ... (remaining 88 not shown)

  Histogram of bond angle deviations from ideal:
      102.70 -   107.50: 22
      107.50 -   112.30: 45
      112.30 -   117.10: 31
      117.10 -   121.90: 35
      121.90 -   126.71: 23
  Bond angle restraints: 156
  Sorted by residual:
  angle pdb=" C   GLY A  87 "
        pdb=" CA  GLY A  87 "
        pdb=" HA3 GLY A  87 "
      ideal   model   delta    sigma   weight residual
     109.00  118.91   -9.91 3.00e+00 1.11e-01 1.09e+01
  angle pdb=" N   GLY A  89 "
        pdb=" CA  GLY A  89 "
        pdb=" HA3 GLY A  89 "
      ideal   model   delta    sigma   weight residual
     110.00  102.83    7.17 3.00e+00 1.11e-01 5.72e+00
  angle pdb=" N   GLY A  98 "
        pdb=" CA  GLY A  98 "
        pdb=" C   GLY A  98 "
      ideal   model   delta    sigma   weight residual
     113.37  110.29    3.08 1.34e+00 5.57e-01 5.29e+00
  angle pdb=" HA2 GLY A  87 "
        pdb=" CA  GLY A  87 "
        pdb=" HA3 GLY A  87 "
      ideal   model   delta    sigma   weight residual
     109.00  102.70    6.30 3.00e+00 1.11e-01 4.41e+00
  angle pdb=" C   GLY A  97 "
        pdb=" CA  GLY A  97 "
        pdb=" HA2 GLY A  97 "
      ideal   model   delta    sigma   weight residual
     109.00  102.82    6.18 3.00e+00 1.11e-01 4.24e+00
  ... (remaining 151 not shown)

  Histogram of dihedral angle deviations from ideal:
        0.37 -    36.28: 12
       36.28 -    72.19: 1
       72.19 -   108.10: 0
      108.10 -   144.02: 0
      144.02 -   179.93: 1
  Dihedral angle restraints: 14
    sinusoidal: 1
      harmonic: 13
  Sorted by residual:
  dihedral pdb=" O   GLY A  99 "
           pdb=" C   GLY A  99 "
           pdb=" OXT GLY A  99 "
           pdb=" HXT GLY A  99 "
      ideal   model   delta  harmonic     sigma   weight residual
       0.00 -179.93  179.93     0      3.00e+01 1.11e-03 3.60e+01
  dihedral pdb=" CA  GLY A  90 "
           pdb=" C   GLY A  90 "
           pdb=" N   GLY A  91 "
           pdb=" CA  GLY A  91 "
      ideal   model   delta  harmonic     sigma   weight residual
     180.00  168.68   11.32     0      5.00e+00 4.00e-02 5.12e+00
  dihedral pdb=" CA  GLY A  94 "
           pdb=" C   GLY A  94 "
           pdb=" N   GLY A  95 "
           pdb=" CA  GLY A  95 "
      ideal   model   delta  harmonic     sigma   weight residual
     180.00  169.06   10.94     0      5.00e+00 4.00e-02 4.78e+00
  ... (remaining 11 not shown)

  Chirality restraints: 0

  Planarity restraints: 25
  Sorted by residual:
                                 delta    sigma   weight rms_deltas residual
  plane pdb=" C   GLY A  93 "    0.012 2.00e-02 2.50e+03   2.18e-02 4.77e+00
        pdb=" N   GLY A  94 "   -0.038 2.00e-02 2.50e+03
        pdb=" CA  GLY A  94 "    0.010 2.00e-02 2.50e+03
        pdb=" H   GLY A  94 "    0.016 2.00e-02 2.50e+03
                                 delta    sigma   weight rms_deltas residual
  plane pdb=" C   GLY A  90 "   -0.012 2.00e-02 2.50e+03   2.08e-02 4.31e+00
        pdb=" N   GLY A  91 "    0.036 2.00e-02 2.50e+03
        pdb=" CA  GLY A  91 "   -0.010 2.00e-02 2.50e+03
        pdb=" H   GLY A  91 "   -0.014 2.00e-02 2.50e+03
                                 delta    sigma   weight rms_deltas residual
  plane pdb=" C   GLY A  91 "    0.011 2.00e-02 2.50e+03   1.87e-02 3.51e+00
        pdb=" N   GLY A  92 "   -0.032 2.00e-02 2.50e+03
        pdb=" CA  GLY A  92 "    0.009 2.00e-02 2.50e+03
        pdb=" H   GLY A  92 "    0.013 2.00e-02 2.50e+03
  ... (remaining 22 not shown)

  Histogram of nonbonded interaction distances:
        1.84 -     2.44: 34
        2.44 -     3.04: 182
        3.04 -     3.64: 221
        3.64 -     4.24: 229
        4.24 -     4.84: 370
  Nonbonded interactions: 1036
  Sorted by model distance:
  nonbonded pdb=" O   GLY A  96 "
            pdb=" HXT GLY A  99 "
     model   vdw
     1.837 1.970
  nonbonded pdb=" O   GLY A  91 "
            pdb=" H   GLY A  95 "
     model   vdw
     1.867 1.970
  nonbonded pdb=" O   GLY A  87 "
            pdb=" H   GLY A  91 "
     model   vdw
     1.868 1.970
  nonbonded pdb=" O   GLY A  90 "
            pdb=" H   GLY A  94 "
     model   vdw
     1.899 1.970
  nonbonded pdb=" HA3 GLY A  87 "
            pdb=" HT2 GLY A  87 "
     model   vdw
     2.131 1.816
  ... (remaining 1031 not shown)

  NOTE: a complete listing of the restraints can be obtained by requesting
        output of .geo file.

                   ----------xray_structure summary----------                  

Number of scattering types: 4
  Type Number    sf(0)   Gaussians
   O      14      7.97       1
   N      13      6.97       1
   C      26      5.97       1
   H      41      1.00       1
  sf(0) = scattering factor at diffraction angle 0.
Number of scatterers: 94
At special positions: 0
Unit cell: (16.291, 18.744, 30.715, 90, 90, 90)
Space group: P 1 (No. 1)

End of input processing
r_work=0.4687 r_free=0.4200
params.data_weight: None
params.restraints: qm
rmsd(b), start:  0.0163
initial_restraints_weight_scale 4.0
mc:   0 R: 0.1631 rmsd(b):  0.0295 restraint_scale:  4.0 min_steps: 51
mc:   1 R: 0.1244 rmsd(b):  0.0300 restraint_scale:  4.0 min_steps: 40
mc:   2 R: 0.1115 rmsd(b):  0.0336 restraint_scale:  8.0 min_steps: 16
mc:   3 R: 0.1335 rmsd(b):  0.0301 restraint_scale: 16.0 min_steps: 18
mc:   4 R: 0.1515 rmsd(b):  0.0298 restraint_scale: 16.0 min_steps: 24
mc:   5 R: 0.1574 rmsd(b):  0.0297 restraint_scale: 16.0 min_steps: 9
mc:   6 R: 0.1528 rmsd(b):  0.0291 restraint_scale: 16.0 min_steps: 13
mc:   7 R: 0.1528 rmsd(b):  0.0291 restraint_scale: 16.0 min_steps: 1
Convergence reached, stop now.
best mc:    1
 r_factor (best): 0.12438
see the result structure:  ./results_new/refine_qm/./0.6/0.pdb
Time: 215.5008
