
============================== Collecting inputs ==============================


                   ----------Processing X-ray data----------                   

F-obs:
  /Users/minzheng/QR/helix/data.mtz:F(ake)obs
Miller array info: None
Observation type: xray.amplitude
Type of data: double, size=160
Type of sigmas: None
Number of Miller indices: 160
Anomalous flag: False
Unit cell: (16.291, 18.744, 30.715, 90, 90, 90)
Space group: P 1 (No. 1)
Systematic absences: 0
Centric reflections: 0
Resolution range: 3.97988 3.50665
Completeness in resolution range: 1
Completeness with d_max=infinity: 0.345572

Number of F-obs in resolution range:                   160
Number of F-obs<0 (these reflections will be rejected): 0
Number of F-obs=0 (these reflections will be used in refinement): 0
Refinement resolution range: d_max =   3.9799
                             d_min =   3.5066

R-free flags:
  /Users/minzheng/QR/helix/data.mtz:R-free-flags
Miller array info: /Users/minzheng/QR/helix/data.mtz:R-free-flags
Observation type: None
Type of data: int, size=160
Type of sigmas: None
Number of Miller indices: 160
Anomalous flag: False
Unit cell: (16.291, 18.744, 30.715, 90, 90, 90)
Space group: P 1 (No. 1)
Systematic absences: 0
Centric reflections: 0
Resolution range: 3.97988 3.50665
Completeness in resolution range: 1
Completeness with d_max=infinity: 0.345572
Wavelength: 1.0000

Test (R-free flags) flag value: 1

Number of work/free reflections by resolution:
                                   work free  %free
  bin  1: 3.9799 - 3.9204 [28/28 ]   28    0   0.0%
  bin  2: 3.9204 - 3.8644 [ 4/4  ]    4    0   0.0%
  bin  3: 3.8644 - 3.8114 [19/19 ]   13    6  31.6%
  bin  4: 3.8114 - 3.7612 [16/16 ]   16    0   0.0%
  bin  5: 3.7612 - 3.7135 [15/15 ]   13    2  13.3%
  bin  6: 3.7135 - 3.6682 [ 8/8  ]    8    0   0.0%
  bin  7: 3.6682 - 3.6250 [24/24 ]   24    0   0.0%
  bin  8: 3.6250 - 3.5838 [12/12 ]   10    2  16.7%
  bin  9: 3.5838 - 3.5444 [16/16 ]   16    0   0.0%
  bin 10: 3.5444 - 3.5066 [18/18 ]   14    4  22.2%
                           overall  146   14   8.8%

                   ----------Processing PDB file(s)----------                  

  Monomer Library directory:
    "/Users/Shared/bin/phenix/phenix-1.10.1-2155/modules/chem_data/mon_lib"
  Total number of atoms: 94
  Number of models: 1
  Model: ""
    Number of chains: 1
    Chain: "A"
      Number of atoms: 94
      Number of conformers: 1
      Conformer: ""
        Number of residues, atoms: 13, 94
          Classifications: {'peptide': 13}
          Modifications used: {'NH2NOTPRO': 1, 'COOH': 1}
          Link IDs: {'TRANS': 12}
  Time building chain proxies: 0.03, per 1000 atoms: 0.32
  Number of scatterers: 94
  At special positions: 0
  Unit cell: (16.291, 18.744, 30.715, 90, 90, 90)
  Space group: P 1 (No. 1)
  Number of sites at special positions: 0
  Number of scattering types: 4
    Type Number    sf(0)
     O      14      8.00
     N      13      7.00
     C      26      6.00
     H      41      1.00
    sf(0) = scattering factor at diffraction angle 0.

  Number of disulfides: simple=0, symmetry=0

  Automatic linking
    Parameters for automatic linking
      Linking & cutoffs
        Metal                : False - 3.50
        Amimo acid           : False - 1.90
        Carbohydrate         : True  - 1.99
        Ligands              : True  - 1.99
        Amino acid - RNA/DNA : False
      
  Number of custom bonds: simple=0, symmetry=0
  Time building additional restraints: 0.02
  Conformation dependent library (CDL) restraints added in 4.6 milliseconds
  
  Adding C-beta torsion restraints...
  Number of C-beta restraints generated:  0
  Time building geometry restraints manager: 0.02 seconds

  NOTE: a complete listing of the restraints can be obtained by requesting
        output of .geo file.

  Histogram of bond lengths:
        0.90 -     1.03: 11
        1.03 -     1.15: 30
        1.15 -     1.28: 13
        1.28 -     1.41: 13
        1.41 -     1.54: 26
  Bond restraints: 93
  Sorted by residual:
  bond pdb=" N   GLY A  88 "
       pdb=" H   GLY A  88 "
    ideal  model  delta    sigma   weight residual
    0.860  1.030 -0.170 2.00e-02 2.50e+03 7.26e+01
  bond pdb=" N   GLY A  95 "
       pdb=" H   GLY A  95 "
    ideal  model  delta    sigma   weight residual
    0.860  1.029 -0.169 2.00e-02 2.50e+03 7.12e+01
  bond pdb=" N   GLY A  98 "
       pdb=" H   GLY A  98 "
    ideal  model  delta    sigma   weight residual
    0.860  1.029 -0.169 2.00e-02 2.50e+03 7.12e+01
  bond pdb=" N   GLY A  91 "
       pdb=" H   GLY A  91 "
    ideal  model  delta    sigma   weight residual
    0.860  1.028 -0.168 2.00e-02 2.50e+03 7.08e+01
  bond pdb=" N   GLY A  96 "
       pdb=" H   GLY A  96 "
    ideal  model  delta    sigma   weight residual
    0.860  1.025 -0.165 2.00e-02 2.50e+03 6.80e+01
  ... (remaining 88 not shown)

  Histogram of bond angle deviations from ideal:
      103.81 -   108.64: 37
      108.64 -   113.47: 35
      113.47 -   118.30: 32
      118.30 -   123.13: 39
      123.13 -   127.96: 13
  Bond angle restraints: 156
  Sorted by residual:
  angle pdb=" C   GLY A  92 "
        pdb=" N   GLY A  93 "
        pdb=" CA  GLY A  93 "
      ideal   model   delta    sigma   weight residual
     120.00  123.19   -3.19 1.10e+00 8.26e-01 8.43e+00
  angle pdb=" N   GLY A  91 "
        pdb=" CA  GLY A  91 "
        pdb=" C   GLY A  91 "
      ideal   model   delta    sigma   weight residual
     115.66  112.08    3.58 1.63e+00 3.76e-01 4.81e+00
  angle pdb=" N   GLY A  96 "
        pdb=" CA  GLY A  96 "
        pdb=" HA3 GLY A  96 "
      ideal   model   delta    sigma   weight residual
     110.00  103.81    6.19 3.00e+00 1.11e-01 4.26e+00
  angle pdb=" CA  GLY A  93 "
        pdb=" C   GLY A  93 "
        pdb=" N   GLY A  94 "
      ideal   model   delta    sigma   weight residual
     117.13  118.99   -1.86 1.03e+00 9.43e-01 3.26e+00
  angle pdb=" CA  GLY A  99 "
        pdb=" C   GLY A  99 "
        pdb=" OXT GLY A  99 "
      ideal   model   delta    sigma   weight residual
     118.60  113.61    4.99 3.00e+00 1.11e-01 2.77e+00
  ... (remaining 151 not shown)

  Histogram of dihedral angle deviations from ideal:
        0.56 -    36.34: 12
       36.34 -    72.12: 0
       72.12 -   107.91: 1
      107.91 -   143.69: 0
      143.69 -   179.48: 1
  Dihedral angle restraints: 14
    sinusoidal: 1
      harmonic: 13
  Sorted by residual:
  dihedral pdb=" O   GLY A  99 "
           pdb=" C   GLY A  99 "
           pdb=" OXT GLY A  99 "
           pdb=" HXT GLY A  99 "
      ideal   model   delta  harmonic     sigma   weight residual
       0.00  179.48 -179.48     0      3.00e+01 1.11e-03 3.58e+01
  dihedral pdb=" N   GLY A  99 "
           pdb=" CA  GLY A  99 "
           pdb=" C   GLY A  99 "
           pdb=" OXT GLY A  99 "
      ideal   model   delta sinusoidal    sigma   weight residual
     -20.00  -92.58   72.58     2      3.00e+01 1.11e-03 4.86e+00
  dihedral pdb=" CA  GLY A  87 "
           pdb=" C   GLY A  87 "
           pdb=" N   GLY A  88 "
           pdb=" CA  GLY A  88 "
      ideal   model   delta  harmonic     sigma   weight residual
     180.00  171.10    8.90     0      5.00e+00 4.00e-02 3.17e+00
  ... (remaining 11 not shown)

  Chirality restraints: 0

  Planarity restraints: 25
  Sorted by residual:
                                 delta    sigma   weight rms_deltas residual
  plane pdb=" CA  GLY A  98 "   -0.009 2.00e-02 2.50e+03   1.81e-02 3.27e+00
        pdb=" C   GLY A  98 "    0.031 2.00e-02 2.50e+03
        pdb=" O   GLY A  98 "   -0.012 2.00e-02 2.50e+03
        pdb=" N   GLY A  99 "   -0.010 2.00e-02 2.50e+03
                                 delta    sigma   weight rms_deltas residual
  plane pdb=" CA  GLY A  92 "    0.008 2.00e-02 2.50e+03   1.69e-02 2.87e+00
        pdb=" C   GLY A  92 "   -0.029 2.00e-02 2.50e+03
        pdb=" O   GLY A  92 "    0.011 2.00e-02 2.50e+03
        pdb=" N   GLY A  93 "    0.010 2.00e-02 2.50e+03
                                 delta    sigma   weight rms_deltas residual
  plane pdb=" C   GLY A  96 "    0.007 2.00e-02 2.50e+03   1.22e-02 1.48e+00
        pdb=" N   GLY A  97 "   -0.021 2.00e-02 2.50e+03
        pdb=" CA  GLY A  97 "    0.006 2.00e-02 2.50e+03
        pdb=" H   GLY A  97 "    0.008 2.00e-02 2.50e+03
  ... (remaining 22 not shown)

  Histogram of nonbonded interaction distances:
        2.06 -     2.62: 70
        2.62 -     3.17: 150
        3.17 -     3.73: 146
        3.73 -     4.28: 165
        4.28 -     4.84: 255
  Nonbonded interactions: 786
  Sorted by model distance:
  nonbonded pdb=" H   GLY A  98 "
            pdb=" H   GLY A  99 "
     model   vdw
     2.064 2.100
  nonbonded pdb=" HA3 GLY A  99 "
            pdb=" HXT GLY A  99 "
     model   vdw
     2.101 2.270
  nonbonded pdb=" HA2 GLY A  87 "
            pdb=" H   GLY A  88 "
     model   vdw
     2.150 2.270
  nonbonded pdb=" H   GLY A  89 "
            pdb=" HA3 GLY A  89 "
     model   vdw
     2.223 1.816
  nonbonded pdb=" O   GLY A  97 "
            pdb=" HA2 GLY A  98 "
     model   vdw
     2.233 2.740
  ... (remaining 781 not shown)

  NOTE: a complete listing of the restraints can be obtained by requesting
        output of .geo file.

                   ----------xray_structure summary----------                  

Number of scattering types: 4
  Type Number    sf(0)   Gaussians
   O      14      7.97       1
   N      13      6.97       1
   C      26      5.97       1
   H      41      1.00       1
  sf(0) = scattering factor at diffraction angle 0.
Number of scatterers: 94
At special positions: 0
Unit cell: (16.291, 18.744, 30.715, 90, 90, 90)
Space group: P 1 (No. 1)

End of input processing
r_work=0.5703 r_free=0.5326
params.data_weight: 0.0
params.restraints: qm
rmsd(b), start:  0.0170
mc:   0 R: 0.6059 rmsd(b):  0.0289 restraint_scale:  1.0 min_steps: 52
mc:   1 R: 0.5860 rmsd(b):  0.0264 restraint_scale:  1.0 min_steps: 52
mc:   2 R: 0.5770 rmsd(b):  0.0273 restraint_scale:  1.0 min_steps: 52
mc:   3 R: 0.5465 rmsd(b):  0.0265 restraint_scale:  1.0 min_steps: 53
mc:   4 R: 0.5466 rmsd(b):  0.0267 restraint_scale:  1.0 min_steps: 11
Convergence reached, stop now.
see the result structure:  ./results_b_rmsd_0.03_pm7/opt_qm/./1.5/9.pdb
Time: 108.6098
