
============================== Collecting inputs ==============================


                   ----------Processing X-ray data----------                   

F-obs:
  /Users/minzheng/QR/helix/data.mtz:F(ake)obs
Miller array info: None
Observation type: xray.amplitude
Type of data: double, size=160
Type of sigmas: None
Number of Miller indices: 160
Anomalous flag: False
Unit cell: (16.291, 18.744, 30.715, 90, 90, 90)
Space group: P 1 (No. 1)
Systematic absences: 0
Centric reflections: 0
Resolution range: 3.97988 3.50665
Completeness in resolution range: 1
Completeness with d_max=infinity: 0.345572

Number of F-obs in resolution range:                   160
Number of F-obs<0 (these reflections will be rejected): 0
Number of F-obs=0 (these reflections will be used in refinement): 0
Refinement resolution range: d_max =   3.9799
                             d_min =   3.5066

R-free flags:
  /Users/minzheng/QR/helix/data.mtz:R-free-flags
Miller array info: /Users/minzheng/QR/helix/data.mtz:R-free-flags
Observation type: None
Type of data: int, size=160
Type of sigmas: None
Number of Miller indices: 160
Anomalous flag: False
Unit cell: (16.291, 18.744, 30.715, 90, 90, 90)
Space group: P 1 (No. 1)
Systematic absences: 0
Centric reflections: 0
Resolution range: 3.97988 3.50665
Completeness in resolution range: 1
Completeness with d_max=infinity: 0.345572
Wavelength: 1.0000

Test (R-free flags) flag value: 1

Number of work/free reflections by resolution:
                                   work free  %free
  bin  1: 3.9799 - 3.9204 [28/28 ]   28    0   0.0%
  bin  2: 3.9204 - 3.8644 [ 4/4  ]    4    0   0.0%
  bin  3: 3.8644 - 3.8114 [19/19 ]   13    6  31.6%
  bin  4: 3.8114 - 3.7612 [16/16 ]   16    0   0.0%
  bin  5: 3.7612 - 3.7135 [15/15 ]   13    2  13.3%
  bin  6: 3.7135 - 3.6682 [ 8/8  ]    8    0   0.0%
  bin  7: 3.6682 - 3.6250 [24/24 ]   24    0   0.0%
  bin  8: 3.6250 - 3.5838 [12/12 ]   10    2  16.7%
  bin  9: 3.5838 - 3.5444 [16/16 ]   16    0   0.0%
  bin 10: 3.5444 - 3.5066 [18/18 ]   14    4  22.2%
                           overall  146   14   8.8%

                   ----------Processing PDB file(s)----------                  

  Monomer Library directory:
    "/Users/Shared/bin/phenix/phenix-1.10.1-2155/modules/chem_data/mon_lib"
  Total number of atoms: 94
  Number of models: 1
  Model: ""
    Number of chains: 1
    Chain: "A"
      Number of atoms: 94
      Number of conformers: 1
      Conformer: ""
        Number of residues, atoms: 13, 94
          Classifications: {'peptide': 13}
          Modifications used: {'NH2NOTPRO': 1, 'COOH': 1}
          Link IDs: {'TRANS': 12}
  Time building chain proxies: 0.03, per 1000 atoms: 0.32
  Number of scatterers: 94
  At special positions: 0
  Unit cell: (16.291, 18.744, 30.715, 90, 90, 90)
  Space group: P 1 (No. 1)
  Number of sites at special positions: 0
  Number of scattering types: 4
    Type Number    sf(0)
     O      14      8.00
     N      13      7.00
     C      26      6.00
     H      41      1.00
    sf(0) = scattering factor at diffraction angle 0.

  Number of disulfides: simple=0, symmetry=0

  Automatic linking
    Parameters for automatic linking
      Linking & cutoffs
        Metal                : False - 3.50
        Amimo acid           : False - 1.90
        Carbohydrate         : True  - 1.99
        Ligands              : True  - 1.99
        Amino acid - RNA/DNA : False
      
  Number of custom bonds: simple=0, symmetry=0
  Time building additional restraints: 0.02
  Conformation dependent library (CDL) restraints added in 4.5 milliseconds
  
  Adding C-beta torsion restraints...
  Number of C-beta restraints generated:  0
  Time building geometry restraints manager: 0.02 seconds

  NOTE: a complete listing of the restraints can be obtained by requesting
        output of .geo file.

  Histogram of bond lengths:
        0.95 -     1.06: 18
        1.06 -     1.18: 23
        1.18 -     1.30: 13
        1.30 -     1.42: 14
        1.42 -     1.53: 25
  Bond restraints: 93
  Sorted by residual:
  bond pdb=" N   GLY A  90 "
       pdb=" H   GLY A  90 "
    ideal  model  delta    sigma   weight residual
    0.860  1.046 -0.186 2.00e-02 2.50e+03 8.66e+01
  bond pdb=" N   GLY A  92 "
       pdb=" H   GLY A  92 "
    ideal  model  delta    sigma   weight residual
    0.860  1.039 -0.179 2.00e-02 2.50e+03 8.05e+01
  bond pdb=" N   GLY A  97 "
       pdb=" H   GLY A  97 "
    ideal  model  delta    sigma   weight residual
    0.860  1.032 -0.172 2.00e-02 2.50e+03 7.38e+01
  bond pdb=" N   GLY A  98 "
       pdb=" H   GLY A  98 "
    ideal  model  delta    sigma   weight residual
    0.860  1.032 -0.172 2.00e-02 2.50e+03 7.37e+01
  bond pdb=" N   GLY A  91 "
       pdb=" H   GLY A  91 "
    ideal  model  delta    sigma   weight residual
    0.860  1.027 -0.167 2.00e-02 2.50e+03 6.94e+01
  ... (remaining 88 not shown)

  Histogram of bond angle deviations from ideal:
      102.71 -   108.06: 30
      108.06 -   113.41: 44
      113.41 -   118.75: 32
      118.75 -   124.10: 42
      124.10 -   129.44: 8
  Bond angle restraints: 156
  Sorted by residual:
  angle pdb=" CA  GLY A  87 "
        pdb=" N   GLY A  87 "
        pdb=" HT1 GLY A  87 "
      ideal   model   delta    sigma   weight residual
     109.47  117.73   -8.26 3.00e+00 1.11e-01 7.58e+00
  angle pdb=" HT1 GLY A  87 "
        pdb=" N   GLY A  87 "
        pdb=" HT2 GLY A  87 "
      ideal   model   delta    sigma   weight residual
     109.47  102.71    6.76 3.00e+00 1.11e-01 5.07e+00
  angle pdb=" N   GLY A  92 "
        pdb=" CA  GLY A  92 "
        pdb=" HA2 GLY A  92 "
      ideal   model   delta    sigma   weight residual
     110.00  116.01   -6.01 3.00e+00 1.11e-01 4.01e+00
  angle pdb=" N   GLY A  97 "
        pdb=" CA  GLY A  97 "
        pdb=" C   GLY A  97 "
      ideal   model   delta    sigma   weight residual
     115.66  112.59    3.07 1.56e+00 4.11e-01 3.87e+00
  angle pdb=" N   GLY A  96 "
        pdb=" CA  GLY A  96 "
        pdb=" C   GLY A  96 "
      ideal   model   delta    sigma   weight residual
     115.73  112.76    2.97 1.59e+00 3.96e-01 3.48e+00
  ... (remaining 151 not shown)

  Histogram of dihedral angle deviations from ideal:
        0.81 -    36.11: 13
       36.11 -    71.40: 0
       71.40 -   106.70: 0
      106.70 -   142.00: 0
      142.00 -   177.29: 1
  Dihedral angle restraints: 14
    sinusoidal: 1
      harmonic: 13
  Sorted by residual:
  dihedral pdb=" O   GLY A  99 "
           pdb=" C   GLY A  99 "
           pdb=" OXT GLY A  99 "
           pdb=" HXT GLY A  99 "
      ideal   model   delta  harmonic     sigma   weight residual
       0.00 -177.29  177.29     0      3.00e+01 1.11e-03 3.49e+01
  dihedral pdb=" CA  GLY A  95 "
           pdb=" C   GLY A  95 "
           pdb=" N   GLY A  96 "
           pdb=" CA  GLY A  96 "
      ideal   model   delta  harmonic     sigma   weight residual
     180.00  168.22   11.78     0      5.00e+00 4.00e-02 5.55e+00
  dihedral pdb=" CA  GLY A  88 "
           pdb=" C   GLY A  88 "
           pdb=" N   GLY A  89 "
           pdb=" CA  GLY A  89 "
      ideal   model   delta  harmonic     sigma   weight residual
    -180.00 -174.34   -5.66     0      5.00e+00 4.00e-02 1.28e+00
  ... (remaining 11 not shown)

  Chirality restraints: 0

  Planarity restraints: 25
  Sorted by residual:
                                 delta    sigma   weight rms_deltas residual
  plane pdb=" CA  GLY A  91 "   -0.010 2.00e-02 2.50e+03   1.97e-02 3.87e+00
        pdb=" C   GLY A  91 "    0.034 2.00e-02 2.50e+03
        pdb=" O   GLY A  91 "   -0.013 2.00e-02 2.50e+03
        pdb=" N   GLY A  92 "   -0.011 2.00e-02 2.50e+03
                                 delta    sigma   weight rms_deltas residual
  plane pdb=" CA  GLY A  92 "   -0.009 2.00e-02 2.50e+03   1.80e-02 3.23e+00
        pdb=" C   GLY A  92 "    0.031 2.00e-02 2.50e+03
        pdb=" O   GLY A  92 "   -0.012 2.00e-02 2.50e+03
        pdb=" N   GLY A  93 "   -0.010 2.00e-02 2.50e+03
                                 delta    sigma   weight rms_deltas residual
  plane pdb=" CA  GLY A  99 "   -0.008 2.00e-02 2.50e+03   1.57e-02 3.06e+00
        pdb=" C   GLY A  99 "    0.031 2.00e-02 2.50e+03
        pdb=" O   GLY A  99 "   -0.013 2.00e-02 2.50e+03
        pdb=" OXT GLY A  99 "   -0.007 2.00e-02 2.50e+03
        pdb=" HXT GLY A  99 "   -0.003 2.00e-02 2.50e+03
  ... (remaining 22 not shown)

  Histogram of nonbonded interaction distances:
        1.88 -     2.47: 40
        2.47 -     3.07: 160
        3.07 -     3.66: 186
        3.66 -     4.25: 186
        4.25 -     4.84: 328
  Nonbonded interactions: 900
  Sorted by model distance:
  nonbonded pdb=" H   GLY A  98 "
            pdb=" H   GLY A  99 "
     model   vdw
     1.883 2.100
  nonbonded pdb=" H   GLY A  89 "
            pdb=" HA3 GLY A  89 "
     model   vdw
     2.145 1.816
  nonbonded pdb=" O   GLY A  90 "
            pdb=" H   GLY A  94 "
     model   vdw
     2.170 1.970
  nonbonded pdb=" O   GLY A  87 "
            pdb=" H   GLY A  90 "
     model   vdw
     2.174 1.970
  nonbonded pdb=" H   GLY A  96 "
            pdb=" HA3 GLY A  96 "
     model   vdw
     2.178 1.816
  ... (remaining 895 not shown)

  NOTE: a complete listing of the restraints can be obtained by requesting
        output of .geo file.

                   ----------xray_structure summary----------                  

Number of scattering types: 4
  Type Number    sf(0)   Gaussians
   O      14      7.97       1
   N      13      6.97       1
   C      26      5.97       1
   H      41      1.00       1
  sf(0) = scattering factor at diffraction angle 0.
Number of scatterers: 94
At special positions: 0
Unit cell: (16.291, 18.744, 30.715, 90, 90, 90)
Space group: P 1 (No. 1)

End of input processing
r_work=0.4393 r_free=0.4953
params.data_weight: None
params.restraints: qm
rmsd(b), start:  0.0155
Initial weight optimization conter: 1
Initial weight optimization conter: 2
Initial weight optimization conter: 3
Initial weight optimization conter: 4
initial_restraints_weight_scale 8.0
mc:   0 Rw: 0.2160 Rf: 0.3616 rmsd(b):  0.0265 restraint_scale:  8.0 min_steps: 52
mc:   1 Rw: 0.1612 Rf: 0.3275 rmsd(b):  0.0269 restraint_scale:  8.0 min_steps: 42
mc:   2 Rw: 0.1486 Rf: 0.3108 rmsd(b):  0.0280 restraint_scale:  8.0 min_steps: 15
mc:   3 Rw: 0.1326 Rf: 0.2695 rmsd(b):  0.0293 restraint_scale:  8.0 min_steps: 23
mc:   4 Rw: 0.1361 Rf: 0.2608 rmsd(b):  0.0280 restraint_scale:  8.0 min_steps: 28
mc:   5 Rw: 0.1380 Rf: 0.2526 rmsd(b):  0.0282 restraint_scale:  8.0 min_steps: 12
mc:   6 Rw: 0.1402 Rf: 0.2563 rmsd(b):  0.0291 restraint_scale:  8.0 min_steps: 6
mc:   7 Rw: 0.1367 Rf: 0.2412 rmsd(b):  0.0299 restraint_scale:  8.0 min_steps: 19
mc:   8 Rw: 0.1177 Rf: 0.2170 rmsd(b):  0.0348 restraint_scale: 16.0 min_steps: 16
mc:   9 Rw: 0.1505 Rf: 0.2287 rmsd(b):  0.0281 restraint_scale: 16.0 min_steps: 38
mc:  10 Rw: 0.1677 Rf: 0.2388 rmsd(b):  0.0284 restraint_scale: 16.0 min_steps: 23
mc:  11 Rw: 0.1677 Rf: 0.2388 rmsd(b):  0.0284 restraint_scale: 16.0 min_steps: 1
Convergence reached, stop now.
best mc:    1
 r_factor (best): 0.16123
see the result structure:  ./results_b_rmsd_0.03_pm7_selectrmsd/refine_qm/./0.9/2.pdb
Time: 316.8927
