
============================== Collecting inputs ==============================


                   ----------Processing X-ray data----------                   

F-obs:
  /home/m_zhen01/QR/1us0/data.mtz:FMODEL
Miller array info: None
Observation type: xray.amplitude
Type of data: double, size=211
Type of sigmas: None
Number of Miller indices: 211
Anomalous flag: False
Unit cell: (16.291, 18.744, 30.715, 90, 90, 90)
Space group: P 1 (No. 1)
Systematic absences: 0
Centric reflections: 0
Resolution range: 5.93968 4
Completeness in resolution range: 1
Completeness with d_max=infinity: 0.69637

Number of F-obs in resolution range:                   211
Number of F-obs<0 (these reflections will be rejected): 0
Number of F-obs=0 (these reflections will be used in refinement): 0
Refinement resolution range: d_max =   5.9397
                             d_min =   4.0000

R-free flags:
  /home/m_zhen01/QR/1us0/data.mtz:R-free-flags
Miller array info: /home/m_zhen01/QR/1us0/data.mtz:R-free-flags
Observation type: None
Type of data: int, size=211
Type of sigmas: None
Number of Miller indices: 211
Anomalous flag: False
Unit cell: (16.291, 18.744, 30.715, 90, 90, 90)
Space group: P 1 (No. 1)
Systematic absences: 0
Centric reflections: 0
Resolution range: 5.93968 4
Completeness in resolution range: 1
Completeness with d_max=infinity: 0.69637
Wavelength: 1.0000

Test (R-free flags) flag value: 1

Number of work/free reflections by resolution:
                                  work free  %free
  bin  1: 5.9397 - 5.5475 [24/24]   22    2   8.3%
  bin  2: 5.5475 - 5.2419 [21/21]   19    2   9.5%
  bin  3: 5.2419 - 4.9942 [15/15]   13    2  13.3%
  bin  4: 4.9942 - 4.7875 [28/28]   25    3  10.7%
  bin  5: 4.7875 - 4.6113 [29/29]   26    3  10.3%
  bin  6: 4.6113 - 4.4584 [14/14]   13    1   7.1%
  bin  7: 4.4584 - 4.3240 [19/19]   17    2  10.5%
  bin  8: 4.3240 - 4.2045 [26/26]   23    3  11.5%
  bin  9: 4.2045 - 4.0971 [14/14]   13    1   7.1%
  bin 10: 4.0971 - 4.0000 [21/21]   19    2   9.5%
                          overall  190   21  10.0%

                   ----------Processing PDB file(s)----------                  

  Monomer Library directory:
    "/home/m/m_zhen01/phenix-1.10.1-2155/modules/chem_data/mon_lib"
  Total number of atoms: 94
  Number of models: 1
  Model: ""
    Number of chains: 1
    Chain: "A"
      Number of atoms: 94
      Number of conformers: 1
      Conformer: ""
        Number of residues, atoms: 13, 94
          Classifications: {'peptide': 13}
          Modifications used: {'NH2NOTPRO': 1, 'COOH': 1}
          Link IDs: {'TRANS': 12}
  Time building chain proxies: 0.04, per 1000 atoms: 0.43
  Number of scatterers: 94
  At special positions: 0
  Unit cell: (16.291, 18.744, 30.715, 90, 90, 90)
  Space group: P 1 (No. 1)
  Number of sites at special positions: 0
  Number of scattering types: 4
    Type Number    sf(0)
     O      14      8.00
     N      13      7.00
     C      26      6.00
     H      41      1.00
    sf(0) = scattering factor at diffraction angle 0.

  Number of disulfides: simple=0, symmetry=0

  Automatic linking
    Parameters for automatic linking
      Linking & cutoffs
        Metal                : False - 3.50
        Amimo acid           : False - 1.90
        Carbohydrate         : True  - 1.99
        Ligands              : True  - 1.99
        Amino acid - RNA/DNA : False
      
  Number of custom bonds: simple=0, symmetry=0
  Time building additional restraints: 0.03
  Conformation dependent library (CDL) restraints added in 6.9 milliseconds
  
  Adding C-beta torsion restraints...
  Number of C-beta restraints generated:  0
  Time building geometry restraints manager: 0.03 seconds

  NOTE: a complete listing of the restraints can be obtained by requesting
        output of .geo file.

  Histogram of bond lengths:
        0.92 -     1.04: 14
        1.04 -     1.17: 27
        1.17 -     1.29: 13
        1.29 -     1.41: 13
        1.41 -     1.54: 26
  Bond restraints: 93
  Sorted by residual:
  bond pdb=" N   GLY A  91 "
       pdb=" H   GLY A  91 "
    ideal  model  delta    sigma   weight residual
    0.860  1.038 -0.178 2.00e-02 2.50e+03 7.88e+01
  bond pdb=" N   GLY A  97 "
       pdb=" H   GLY A  97 "
    ideal  model  delta    sigma   weight residual
    0.860  1.037 -0.177 2.00e-02 2.50e+03 7.80e+01
  bond pdb=" N   GLY A  99 "
       pdb=" H   GLY A  99 "
    ideal  model  delta    sigma   weight residual
    0.860  1.036 -0.176 2.00e-02 2.50e+03 7.75e+01
  bond pdb=" N   GLY A  94 "
       pdb=" H   GLY A  94 "
    ideal  model  delta    sigma   weight residual
    0.860  1.028 -0.168 2.00e-02 2.50e+03 7.07e+01
  bond pdb=" N   GLY A  88 "
       pdb=" H   GLY A  88 "
    ideal  model  delta    sigma   weight residual
    0.860  1.027 -0.167 2.00e-02 2.50e+03 7.00e+01
  ... (remaining 88 not shown)

  Histogram of bond angle deviations from ideal:
      103.14 -   108.25: 25
      108.25 -   113.37: 56
      113.37 -   118.48: 28
      118.48 -   123.60: 33
      123.60 -   128.71: 14
  Bond angle restraints: 156
  Sorted by residual:
  angle pdb=" N   GLY A  97 "
        pdb=" CA  GLY A  97 "
        pdb=" C   GLY A  97 "
      ideal   model   delta    sigma   weight residual
     114.67  110.87    3.80 1.10e+00 8.26e-01 1.19e+01
  angle pdb=" N   GLY A  92 "
        pdb=" CA  GLY A  92 "
        pdb=" C   GLY A  92 "
      ideal   model   delta    sigma   weight residual
     113.37  110.40    2.97 1.34e+00 5.57e-01 4.92e+00
  angle pdb=" N   GLY A  89 "
        pdb=" CA  GLY A  89 "
        pdb=" HA2 GLY A  89 "
      ideal   model   delta    sigma   weight residual
     110.00  116.57   -6.57 3.00e+00 1.11e-01 4.79e+00
  angle pdb=" N   GLY A  88 "
        pdb=" CA  GLY A  88 "
        pdb=" HA3 GLY A  88 "
      ideal   model   delta    sigma   weight residual
     110.00  103.94    6.06 3.00e+00 1.11e-01 4.08e+00
  angle pdb=" C   GLY A  89 "
        pdb=" CA  GLY A  89 "
        pdb=" HA3 GLY A  89 "
      ideal   model   delta    sigma   weight residual
     109.00  103.14    5.86 3.00e+00 1.11e-01 3.82e+00
  ... (remaining 151 not shown)

  Histogram of dihedral angle deviations from ideal:
        0.09 -    35.54: 12
       35.54 -    71.00: 1
       71.00 -   106.45: 0
      106.45 -   141.91: 0
      141.91 -   177.36: 1
  Dihedral angle restraints: 14
    sinusoidal: 1
      harmonic: 13
  Sorted by residual:
  dihedral pdb=" O   GLY A  99 "
           pdb=" C   GLY A  99 "
           pdb=" OXT GLY A  99 "
           pdb=" HXT GLY A  99 "
      ideal   model   delta  harmonic     sigma   weight residual
       0.00  177.36 -177.36     0      3.00e+01 1.11e-03 3.50e+01
  dihedral pdb=" CA  GLY A  89 "
           pdb=" C   GLY A  89 "
           pdb=" N   GLY A  90 "
           pdb=" CA  GLY A  90 "
      ideal   model   delta  harmonic     sigma   weight residual
     180.00  171.21    8.79     0      5.00e+00 4.00e-02 3.09e+00
  dihedral pdb=" N   GLY A  99 "
           pdb=" CA  GLY A  99 "
           pdb=" C   GLY A  99 "
           pdb=" OXT GLY A  99 "
      ideal   model   delta sinusoidal    sigma   weight residual
     -20.00  -68.63   48.63     2      3.00e+01 1.11e-03 3.00e+00
  ... (remaining 11 not shown)

  Chirality restraints: 0

  Planarity restraints: 25
  Sorted by residual:
                                 delta    sigma   weight rms_deltas residual
  plane pdb=" C   GLY A  98 "    0.011 2.00e-02 2.50e+03   1.97e-02 3.90e+00
        pdb=" N   GLY A  99 "   -0.034 2.00e-02 2.50e+03
        pdb=" CA  GLY A  99 "    0.010 2.00e-02 2.50e+03
        pdb=" H   GLY A  99 "    0.013 2.00e-02 2.50e+03
                                 delta    sigma   weight rms_deltas residual
  plane pdb=" CA  GLY A  95 "    0.008 2.00e-02 2.50e+03   1.53e-02 2.35e+00
        pdb=" C   GLY A  95 "   -0.026 2.00e-02 2.50e+03
        pdb=" O   GLY A  95 "    0.010 2.00e-02 2.50e+03
        pdb=" N   GLY A  96 "    0.009 2.00e-02 2.50e+03
                                 delta    sigma   weight rms_deltas residual
  plane pdb=" CA  GLY A  93 "   -0.007 2.00e-02 2.50e+03   1.47e-02 2.15e+00
        pdb=" C   GLY A  93 "    0.025 2.00e-02 2.50e+03
        pdb=" O   GLY A  93 "   -0.010 2.00e-02 2.50e+03
        pdb=" N   GLY A  94 "   -0.008 2.00e-02 2.50e+03
  ... (remaining 22 not shown)

  Histogram of nonbonded interaction distances:
        1.83 -     2.43: 26
        2.43 -     3.03: 170
        3.03 -     3.63: 198
        3.63 -     4.24: 215
        4.24 -     4.84: 338
  Nonbonded interactions: 947
  Sorted by model distance:
  nonbonded pdb=" H   GLY A  95 "
            pdb=" H   GLY A  96 "
     model   vdw
     1.830 2.100
  nonbonded pdb=" O   GLY A  91 "
            pdb=" H   GLY A  94 "
     model   vdw
     2.016 1.970
  nonbonded pdb=" H   GLY A  93 "
            pdb=" HA3 GLY A  93 "
     model   vdw
     2.115 1.816
  nonbonded pdb=" HA3 GLY A  87 "
            pdb=" HT2 GLY A  87 "
     model   vdw
     2.139 1.816
  nonbonded pdb=" H   GLY A  88 "
            pdb=" HA3 GLY A  88 "
     model   vdw
     2.145 1.816
  ... (remaining 942 not shown)

  NOTE: a complete listing of the restraints can be obtained by requesting
        output of .geo file.

                   ----------xray_structure summary----------                  

Number of scattering types: 4
  Type Number    sf(0)   Gaussians
   O      14      7.97       1
   N      13      6.97       1
   C      26      5.97       1
   H      41      1.00       1
  sf(0) = scattering factor at diffraction angle 0.
Number of scatterers: 94
At special positions: 0
Unit cell: (16.291, 18.744, 30.715, 90, 90, 90)
Space group: P 1 (No. 1)

End of input processing
r_work=0.3238 r_free=0.2750
params.data_weight: None
params.restraints: qm
residue charges [0, 0, 0, 0, 0, 0, 0, 0, 0, 0, 0, 0, -1.0]
rmsd(b), start:  0.0152
initial_restraints_weight_scale 1.0
  Convergence reached at i: 4
mc:   0 Rw: 0.0349 Rf: 0.0731 rmsd(b):  0.0290 restraint_scale:  1.0 min_steps: 10
 Convergence at macro_cycle: 0
Best r_work: 0.0349 r_free: 0.0731
see the result structure:  ./results/refine_qm/./0.9/1.pdb
Time: 5230.5641
