
============================== Collecting inputs ==============================


                   ----------Processing X-ray data----------                   

F-obs:
  /Users/minzheng/rerun/helix/data.mtz:F(ake)obs
Miller array info: None
Observation type: xray.amplitude
Type of data: double, size=160
Type of sigmas: None
Number of Miller indices: 160
Anomalous flag: False
Unit cell: (16.291, 18.744, 30.715, 90, 90, 90)
Space group: P 1 (No. 1)
Systematic absences: 0
Centric reflections: 0
Resolution range: 3.97988 3.50665
Completeness in resolution range: 1
Completeness with d_max=infinity: 0.345572

Number of F-obs in resolution range:                   160
Number of F-obs<0 (these reflections will be rejected): 0
Number of F-obs=0 (these reflections will be used in refinement): 0
Refinement resolution range: d_max =   3.9799
                             d_min =   3.5066

R-free flags:
  /Users/minzheng/rerun/helix/data.mtz:R-free-flags
Miller array info: /Users/minzheng/rerun/helix/data.mtz:R-free-flags
Observation type: None
Type of data: int, size=160
Type of sigmas: None
Number of Miller indices: 160
Anomalous flag: False
Unit cell: (16.291, 18.744, 30.715, 90, 90, 90)
Space group: P 1 (No. 1)
Systematic absences: 0
Centric reflections: 0
Resolution range: 3.97988 3.50665
Completeness in resolution range: 1
Completeness with d_max=infinity: 0.345572
Wavelength: 1.0000

Test (R-free flags) flag value: 1

Number of work/free reflections by resolution:
                                   work free  %free
  bin  1: 3.9799 - 3.9204 [28/28 ]   28    0   0.0%
  bin  2: 3.9204 - 3.8644 [ 4/4  ]    4    0   0.0%
  bin  3: 3.8644 - 3.8114 [19/19 ]   13    6  31.6%
  bin  4: 3.8114 - 3.7612 [16/16 ]   16    0   0.0%
  bin  5: 3.7612 - 3.7135 [15/15 ]   13    2  13.3%
  bin  6: 3.7135 - 3.6682 [ 8/8  ]    8    0   0.0%
  bin  7: 3.6682 - 3.6250 [24/24 ]   24    0   0.0%
  bin  8: 3.6250 - 3.5838 [12/12 ]   10    2  16.7%
  bin  9: 3.5838 - 3.5444 [16/16 ]   16    0   0.0%
  bin 10: 3.5444 - 3.5066 [18/18 ]   14    4  22.2%
                           overall  146   14   8.8%

                   ----------Processing PDB file(s)----------                  

  Monomer Library directory:
    "/Users/Shared/bin/phenix/phenix-1.10.1-2155/modules/chem_data/mon_lib"
  Total number of atoms: 94
  Number of models: 1
  Model: ""
    Number of chains: 1
    Chain: "A"
      Number of atoms: 94
      Number of conformers: 1
      Conformer: ""
        Number of residues, atoms: 13, 94
          Classifications: {'peptide': 13}
          Modifications used: {'NH2NOTPRO': 1, 'COOH': 1}
          Link IDs: {'TRANS': 12}
  Time building chain proxies: 0.03, per 1000 atoms: 0.32
  Number of scatterers: 94
  At special positions: 0
  Unit cell: (16.291, 18.744, 30.715, 90, 90, 90)
  Space group: P 1 (No. 1)
  Number of sites at special positions: 0
  Number of scattering types: 4
    Type Number    sf(0)
     O      14      8.00
     N      13      7.00
     C      26      6.00
     H      41      1.00
    sf(0) = scattering factor at diffraction angle 0.

  Number of disulfides: simple=0, symmetry=0

  Automatic linking
    Parameters for automatic linking
      Linking & cutoffs
        Metal                : False - 3.50
        Amimo acid           : False - 1.90
        Carbohydrate         : True  - 1.99
        Ligands              : True  - 1.99
        Amino acid - RNA/DNA : False
      
  Number of custom bonds: simple=0, symmetry=0
  Time building additional restraints: 0.02
  Conformation dependent library (CDL) restraints added in 4.5 milliseconds
  
  Adding C-beta torsion restraints...
  Number of C-beta restraints generated:  0
  Time building geometry restraints manager: 0.02 seconds

  NOTE: a complete listing of the restraints can be obtained by requesting
        output of .geo file.

  Histogram of bond lengths:
        0.93 -     1.05: 15
        1.05 -     1.18: 26
        1.18 -     1.30: 14
        1.30 -     1.42: 12
        1.42 -     1.54: 26
  Bond restraints: 93
  Sorted by residual:
  bond pdb=" N   GLY A  99 "
       pdb=" H   GLY A  99 "
    ideal  model  delta    sigma   weight residual
    0.860  1.048 -0.188 2.00e-02 2.50e+03 8.86e+01
  bond pdb=" N   GLY A  97 "
       pdb=" H   GLY A  97 "
    ideal  model  delta    sigma   weight residual
    0.860  1.040 -0.180 2.00e-02 2.50e+03 8.13e+01
  bond pdb=" N   GLY A  88 "
       pdb=" H   GLY A  88 "
    ideal  model  delta    sigma   weight residual
    0.860  1.034 -0.174 2.00e-02 2.50e+03 7.60e+01
  bond pdb=" N   GLY A  90 "
       pdb=" H   GLY A  90 "
    ideal  model  delta    sigma   weight residual
    0.860  1.033 -0.173 2.00e-02 2.50e+03 7.50e+01
  bond pdb=" N   GLY A  92 "
       pdb=" H   GLY A  92 "
    ideal  model  delta    sigma   weight residual
    0.860  1.030 -0.170 2.00e-02 2.50e+03 7.22e+01
  ... (remaining 88 not shown)

  Histogram of bond angle deviations from ideal:
       99.47 -   104.76: 4
      104.76 -   110.06: 40
      110.06 -   115.35: 43
      115.35 -   120.65: 37
      120.65 -   125.94: 32
  Bond angle restraints: 156
  Sorted by residual:
  angle pdb=" C   GLY A  88 "
        pdb=" CA  GLY A  88 "
        pdb=" HA3 GLY A  88 "
      ideal   model   delta    sigma   weight residual
     109.00   99.47    9.53 3.00e+00 1.11e-01 1.01e+01
  angle pdb=" N   GLY A  95 "
        pdb=" CA  GLY A  95 "
        pdb=" C   GLY A  95 "
      ideal   model   delta    sigma   weight residual
     115.73  111.36    4.37 1.59e+00 3.96e-01 7.57e+00
  angle pdb=" C   GLY A  87 "
        pdb=" CA  GLY A  87 "
        pdb=" HA3 GLY A  87 "
      ideal   model   delta    sigma   weight residual
     109.00  100.80    8.20 3.00e+00 1.11e-01 7.48e+00
  angle pdb=" C   GLY A  87 "
        pdb=" CA  GLY A  87 "
        pdb=" HA2 GLY A  87 "
      ideal   model   delta    sigma   weight residual
     109.00  115.25   -6.25 3.00e+00 1.11e-01 4.33e+00
  angle pdb=" C   GLY A  95 "
        pdb=" CA  GLY A  95 "
        pdb=" HA3 GLY A  95 "
      ideal   model   delta    sigma   weight residual
     109.00  103.70    5.30 3.00e+00 1.11e-01 3.12e+00
  ... (remaining 151 not shown)

  Histogram of dihedral angle deviations from ideal:
        0.43 -    35.90: 13
       35.90 -    71.37: 0
       71.37 -   106.85: 0
      106.85 -   142.32: 0
      142.32 -   177.79: 1
  Dihedral angle restraints: 14
    sinusoidal: 1
      harmonic: 13
  Sorted by residual:
  dihedral pdb=" O   GLY A  99 "
           pdb=" C   GLY A  99 "
           pdb=" OXT GLY A  99 "
           pdb=" HXT GLY A  99 "
      ideal   model   delta  harmonic     sigma   weight residual
       0.00  177.79 -177.79     0      3.00e+01 1.11e-03 3.51e+01
  dihedral pdb=" CA  GLY A  89 "
           pdb=" C   GLY A  89 "
           pdb=" N   GLY A  90 "
           pdb=" CA  GLY A  90 "
      ideal   model   delta  harmonic     sigma   weight residual
     180.00  167.60   12.40     0      5.00e+00 4.00e-02 6.15e+00
  dihedral pdb=" CA  GLY A  88 "
           pdb=" C   GLY A  88 "
           pdb=" N   GLY A  89 "
           pdb=" CA  GLY A  89 "
      ideal   model   delta  harmonic     sigma   weight residual
     180.00  170.57    9.43     0      5.00e+00 4.00e-02 3.56e+00
  ... (remaining 11 not shown)

  Chirality restraints: 0

  Planarity restraints: 25
  Sorted by residual:
                                 delta    sigma   weight rms_deltas residual
  plane pdb=" CA  GLY A  91 "   -0.009 2.00e-02 2.50e+03   1.74e-02 3.02e+00
        pdb=" C   GLY A  91 "    0.030 2.00e-02 2.50e+03
        pdb=" O   GLY A  91 "   -0.011 2.00e-02 2.50e+03
        pdb=" N   GLY A  92 "   -0.010 2.00e-02 2.50e+03
                                 delta    sigma   weight rms_deltas residual
  plane pdb=" CA  GLY A  99 "   -0.008 2.00e-02 2.50e+03   1.44e-02 2.61e+00
        pdb=" C   GLY A  99 "    0.005 2.00e-02 2.50e+03
        pdb=" O   GLY A  99 "    0.008 2.00e-02 2.50e+03
        pdb=" OXT GLY A  99 "   -0.024 2.00e-02 2.50e+03
        pdb=" HXT GLY A  99 "    0.018 2.00e-02 2.50e+03
                                 delta    sigma   weight rms_deltas residual
  plane pdb=" CA  GLY A  89 "   -0.007 2.00e-02 2.50e+03   1.47e-02 2.15e+00
        pdb=" C   GLY A  89 "    0.025 2.00e-02 2.50e+03
        pdb=" O   GLY A  89 "   -0.010 2.00e-02 2.50e+03
        pdb=" N   GLY A  90 "   -0.009 2.00e-02 2.50e+03
  ... (remaining 22 not shown)

  Histogram of nonbonded interaction distances:
        1.66 -     2.29: 19
        2.29 -     2.93: 163
        2.93 -     3.57: 209
        3.57 -     4.20: 222
        4.20 -     4.84: 344
  Nonbonded interactions: 957
  Sorted by model distance:
  nonbonded pdb=" O   GLY A  87 "
            pdb=" H   GLY A  91 "
     model   vdw
     1.659 1.970
  nonbonded pdb=" O   GLY A  90 "
            pdb=" H   GLY A  94 "
     model   vdw
     1.781 1.970
  nonbonded pdb=" O   GLY A  93 "
            pdb=" H   GLY A  96 "
     model   vdw
     1.789 1.970
  nonbonded pdb=" O   GLY A  96 "
            pdb=" HXT GLY A  99 "
     model   vdw
     1.883 1.970
  nonbonded pdb=" H   GLY A  99 "
            pdb=" HXT GLY A  99 "
     model   vdw
     2.110 2.100
  ... (remaining 952 not shown)

  NOTE: a complete listing of the restraints can be obtained by requesting
        output of .geo file.

                   ----------xray_structure summary----------                  

Number of scattering types: 4
  Type Number    sf(0)   Gaussians
   O      14      7.97       1
   N      13      6.97       1
   C      26      5.97       1
   H      41      1.00       1
  sf(0) = scattering factor at diffraction angle 0.
Number of scatterers: 94
At special positions: 0
Unit cell: (16.291, 18.744, 30.715, 90, 90, 90)
Space group: P 1 (No. 1)

End of input processing
r_work=0.3877 r_free=0.4320
params.data_weight: None
params.restraints: cctbx
rmsd(b), start:  0.0161
mc:   0 R: 0.1460 rmsd(b):  0.0570 restraint_scale:  2.0 min_steps: 51
mc:   1 R: 0.0829 rmsd(b):  0.0710 restraint_scale:  4.0 min_steps: 33
mc:   2 R: 0.0809 rmsd(b):  0.0583 restraint_scale:  8.0 min_steps: 16
mc:   3 R: 0.0871 rmsd(b):  0.0483 restraint_scale: 16.0 min_steps: 26
mc:   4 R: 0.1066 rmsd(b):  0.0299 restraint_scale: 16.0 min_steps: 30
mc:   5 R: 0.1129 rmsd(b):  0.0246 restraint_scale: 16.0 min_steps: 12
mc:   6 R: 0.1121 rmsd(b):  0.0242 restraint_scale: 16.0 min_steps: 12
Convergence reached, stop now.
see the result structure:  ./results/refine_cctbx/./0.6/6.pdb
Time: 3.5086
