
============================== Collecting inputs ==============================


                   ----------Processing X-ray data----------                   

F-obs:
  /Users/minzheng/QR/helix/data.mtz:F(ake)obs
Miller array info: None
Observation type: xray.amplitude
Type of data: double, size=160
Type of sigmas: None
Number of Miller indices: 160
Anomalous flag: False
Unit cell: (16.291, 18.744, 30.715, 90, 90, 90)
Space group: P 1 (No. 1)
Systematic absences: 0
Centric reflections: 0
Resolution range: 3.97988 3.50665
Completeness in resolution range: 1
Completeness with d_max=infinity: 0.345572

Number of F-obs in resolution range:                   160
Number of F-obs<0 (these reflections will be rejected): 0
Number of F-obs=0 (these reflections will be used in refinement): 0
Refinement resolution range: d_max =   3.9799
                             d_min =   3.5066

R-free flags:
  /Users/minzheng/QR/helix/data.mtz:R-free-flags
Miller array info: /Users/minzheng/QR/helix/data.mtz:R-free-flags
Observation type: None
Type of data: int, size=160
Type of sigmas: None
Number of Miller indices: 160
Anomalous flag: False
Unit cell: (16.291, 18.744, 30.715, 90, 90, 90)
Space group: P 1 (No. 1)
Systematic absences: 0
Centric reflections: 0
Resolution range: 3.97988 3.50665
Completeness in resolution range: 1
Completeness with d_max=infinity: 0.345572
Wavelength: 1.0000

Test (R-free flags) flag value: 1

Number of work/free reflections by resolution:
                                   work free  %free
  bin  1: 3.9799 - 3.9204 [28/28 ]   28    0   0.0%
  bin  2: 3.9204 - 3.8644 [ 4/4  ]    4    0   0.0%
  bin  3: 3.8644 - 3.8114 [19/19 ]   13    6  31.6%
  bin  4: 3.8114 - 3.7612 [16/16 ]   16    0   0.0%
  bin  5: 3.7612 - 3.7135 [15/15 ]   13    2  13.3%
  bin  6: 3.7135 - 3.6682 [ 8/8  ]    8    0   0.0%
  bin  7: 3.6682 - 3.6250 [24/24 ]   24    0   0.0%
  bin  8: 3.6250 - 3.5838 [12/12 ]   10    2  16.7%
  bin  9: 3.5838 - 3.5444 [16/16 ]   16    0   0.0%
  bin 10: 3.5444 - 3.5066 [18/18 ]   14    4  22.2%
                           overall  146   14   8.8%

                   ----------Processing PDB file(s)----------                  

  Monomer Library directory:
    "/Users/Shared/bin/phenix/phenix-1.10.1-2155/modules/chem_data/mon_lib"
  Total number of atoms: 94
  Number of models: 1
  Model: ""
    Number of chains: 1
    Chain: "A"
      Number of atoms: 94
      Number of conformers: 1
      Conformer: ""
        Number of residues, atoms: 13, 94
          Classifications: {'peptide': 13}
          Modifications used: {'NH2NOTPRO': 1, 'COOH': 1}
          Link IDs: {'TRANS': 12}
  Time building chain proxies: 0.03, per 1000 atoms: 0.32
  Number of scatterers: 94
  At special positions: 0
  Unit cell: (16.291, 18.744, 30.715, 90, 90, 90)
  Space group: P 1 (No. 1)
  Number of sites at special positions: 0
  Number of scattering types: 4
    Type Number    sf(0)
     O      14      8.00
     N      13      7.00
     C      26      6.00
     H      41      1.00
    sf(0) = scattering factor at diffraction angle 0.

  Number of disulfides: simple=0, symmetry=0

  Automatic linking
    Parameters for automatic linking
      Linking & cutoffs
        Metal                : False - 3.50
        Amimo acid           : False - 1.90
        Carbohydrate         : True  - 1.99
        Ligands              : True  - 1.99
        Amino acid - RNA/DNA : False
      
  Number of custom bonds: simple=0, symmetry=0
  Time building additional restraints: 0.02
  Conformation dependent library (CDL) restraints added in 4.7 milliseconds
  
  Adding C-beta torsion restraints...
  Number of C-beta restraints generated:  0
  Time building geometry restraints manager: 0.02 seconds

  NOTE: a complete listing of the restraints can be obtained by requesting
        output of .geo file.

  Histogram of bond lengths:
        0.96 -     1.08: 20
        1.08 -     1.20: 22
        1.20 -     1.31: 12
        1.31 -     1.43: 13
        1.43 -     1.54: 26
  Bond restraints: 93
  Sorted by residual:
  bond pdb=" N   GLY A  88 "
       pdb=" H   GLY A  88 "
    ideal  model  delta    sigma   weight residual
    0.860  1.061 -0.201 2.00e-02 2.50e+03 1.01e+02
  bond pdb=" N   GLY A  97 "
       pdb=" H   GLY A  97 "
    ideal  model  delta    sigma   weight residual
    0.860  1.060 -0.200 2.00e-02 2.50e+03 9.98e+01
  bond pdb=" N   GLY A  99 "
       pdb=" H   GLY A  99 "
    ideal  model  delta    sigma   weight residual
    0.860  1.042 -0.182 2.00e-02 2.50e+03 8.27e+01
  bond pdb=" N   GLY A  94 "
       pdb=" H   GLY A  94 "
    ideal  model  delta    sigma   weight residual
    0.860  1.036 -0.176 2.00e-02 2.50e+03 7.73e+01
  bond pdb=" N   GLY A  98 "
       pdb=" H   GLY A  98 "
    ideal  model  delta    sigma   weight residual
    0.860  1.030 -0.170 2.00e-02 2.50e+03 7.24e+01
  ... (remaining 88 not shown)

  Histogram of bond angle deviations from ideal:
      102.53 -   107.76: 22
      107.76 -   113.00: 54
      113.00 -   118.23: 30
      118.23 -   123.46: 37
      123.46 -   128.69: 13
  Bond angle restraints: 156
  Sorted by residual:
  angle pdb=" HT1 GLY A  87 "
        pdb=" N   GLY A  87 "
        pdb=" HT2 GLY A  87 "
      ideal   model   delta    sigma   weight residual
     109.47  117.22   -7.75 3.00e+00 1.11e-01 6.67e+00
  angle pdb=" N   GLY A  97 "
        pdb=" CA  GLY A  97 "
        pdb=" HA3 GLY A  97 "
      ideal   model   delta    sigma   weight residual
     110.00  102.53    7.47 3.00e+00 1.11e-01 6.20e+00
  angle pdb=" HA2 GLY A  95 "
        pdb=" CA  GLY A  95 "
        pdb=" HA3 GLY A  95 "
      ideal   model   delta    sigma   weight residual
     109.00  102.58    6.42 3.00e+00 1.11e-01 4.58e+00
  angle pdb=" CA  GLY A  88 "
        pdb=" C   GLY A  88 "
        pdb=" O   GLY A  88 "
      ideal   model   delta    sigma   weight residual
     119.45  121.84   -2.39 1.18e+00 7.18e-01 4.12e+00
  angle pdb=" CA  GLY A  95 "
        pdb=" C   GLY A  95 "
        pdb=" N   GLY A  96 "
      ideal   model   delta    sigma   weight residual
     118.95  116.86    2.09 1.06e+00 8.90e-01 3.89e+00
  ... (remaining 151 not shown)

  Histogram of dihedral angle deviations from ideal:
        0.15 -    35.74: 13
       35.74 -    71.33: 0
       71.33 -   106.92: 0
      106.92 -   142.52: 0
      142.52 -   178.11: 1
  Dihedral angle restraints: 14
    sinusoidal: 1
      harmonic: 13
  Sorted by residual:
  dihedral pdb=" O   GLY A  99 "
           pdb=" C   GLY A  99 "
           pdb=" OXT GLY A  99 "
           pdb=" HXT GLY A  99 "
      ideal   model   delta  harmonic     sigma   weight residual
       0.00 -178.11  178.11     0      3.00e+01 1.11e-03 3.52e+01
  dihedral pdb=" CA  GLY A  87 "
           pdb=" C   GLY A  87 "
           pdb=" N   GLY A  88 "
           pdb=" CA  GLY A  88 "
      ideal   model   delta  harmonic     sigma   weight residual
    -180.00 -172.71   -7.29     0      5.00e+00 4.00e-02 2.13e+00
  dihedral pdb=" CA  GLY A  94 "
           pdb=" C   GLY A  94 "
           pdb=" N   GLY A  95 "
           pdb=" CA  GLY A  95 "
      ideal   model   delta  harmonic     sigma   weight residual
    -180.00 -173.64   -6.36     0      5.00e+00 4.00e-02 1.62e+00
  ... (remaining 11 not shown)

  Chirality restraints: 0

  Planarity restraints: 25
  Sorted by residual:
                                 delta    sigma   weight rms_deltas residual
  plane pdb=" CA  GLY A  96 "    0.011 2.00e-02 2.50e+03   2.14e-02 4.57e+00
        pdb=" C   GLY A  96 "   -0.037 2.00e-02 2.50e+03
        pdb=" O   GLY A  96 "    0.014 2.00e-02 2.50e+03
        pdb=" N   GLY A  97 "    0.013 2.00e-02 2.50e+03
                                 delta    sigma   weight rms_deltas residual
  plane pdb=" CA  GLY A  99 "    0.009 2.00e-02 2.50e+03   1.53e-02 2.93e+00
        pdb=" C   GLY A  99 "   -0.010 2.00e-02 2.50e+03
        pdb=" O   GLY A  99 "   -0.006 2.00e-02 2.50e+03
        pdb=" OXT GLY A  99 "    0.025 2.00e-02 2.50e+03
        pdb=" HXT GLY A  99 "   -0.018 2.00e-02 2.50e+03
                                 delta    sigma   weight rms_deltas residual
  plane pdb=" C   GLY A  89 "    0.009 2.00e-02 2.50e+03   1.56e-02 2.42e+00
        pdb=" N   GLY A  90 "   -0.027 2.00e-02 2.50e+03
        pdb=" CA  GLY A  90 "    0.007 2.00e-02 2.50e+03
        pdb=" H   GLY A  90 "    0.011 2.00e-02 2.50e+03
  ... (remaining 22 not shown)

  Histogram of nonbonded interaction distances:
        1.80 -     2.41: 37
        2.41 -     3.01: 145
        3.01 -     3.62: 184
        3.62 -     4.23: 184
        4.23 -     4.84: 308
  Nonbonded interactions: 858
  Sorted by model distance:
  nonbonded pdb=" H   GLY A  92 "
            pdb=" H   GLY A  93 "
     model   vdw
     1.797 2.100
  nonbonded pdb=" H   GLY A  90 "
            pdb=" H   GLY A  91 "
     model   vdw
     2.122 2.100
  nonbonded pdb=" H   GLY A  93 "
            pdb=" H   GLY A  94 "
     model   vdw
     2.123 2.100
  nonbonded pdb=" H   GLY A  96 "
            pdb=" H   GLY A  97 "
     model   vdw
     2.126 2.100
  nonbonded pdb=" H   GLY A  97 "
            pdb=" H   GLY A  98 "
     model   vdw
     2.159 2.100
  ... (remaining 853 not shown)

  NOTE: a complete listing of the restraints can be obtained by requesting
        output of .geo file.

                   ----------xray_structure summary----------                  

Number of scattering types: 4
  Type Number    sf(0)   Gaussians
   O      14      7.97       1
   N      13      6.97       1
   C      26      5.97       1
   H      41      1.00       1
  sf(0) = scattering factor at diffraction angle 0.
Number of scatterers: 94
At special positions: 0
Unit cell: (16.291, 18.744, 30.715, 90, 90, 90)
Space group: P 1 (No. 1)

End of input processing
r_work=0.5202 r_free=0.3396
params.data_weight: None
params.restraints: cctbx
rmsd(b), start:  0.0158
Initial weight optimization conter: 1
Initial weight optimization conter: 2
Initial weight optimization conter: 3
initial_restraints_weight_scale 4.0
mc:   0 R: 0.1706 rmsd(b):  0.0337 restraint_scale:  4.0 min_steps: 51
mc:   1 R: 0.1164 rmsd(b):  0.0246 restraint_scale:  4.0 min_steps: 52
mc:   2 R: 0.1103 rmsd(b):  0.0244 restraint_scale:  4.0 min_steps: 36
mc:   3 R: 0.1069 rmsd(b):  0.0242 restraint_scale:  4.0 min_steps: 10
mc:   4 R: 0.0960 rmsd(b):  0.0327 restraint_scale:  4.0 min_steps: 24
mc:   5 R: 0.1009 rmsd(b):  0.0256 restraint_scale:  4.0 min_steps: 15
mc:   6 R: 0.0971 rmsd(b):  0.0301 restraint_scale:  4.0 min_steps: 8
mc:   7 R: 0.1001 rmsd(b):  0.0263 restraint_scale:  4.0 min_steps: 9
mc:   8 R: 0.0988 rmsd(b):  0.0279 restraint_scale:  4.0 min_steps: 9
mc:   9 R: 0.1002 rmsd(b):  0.0258 restraint_scale:  4.0 min_steps: 5
mc:  10 R: 0.0891 rmsd(b):  0.0351 restraint_scale:  4.0 min_steps: 22
mc:  11 R: 0.0990 rmsd(b):  0.0245 restraint_scale:  4.0 min_steps: 24
mc:  12 R: 0.1042 rmsd(b):  0.0217 restraint_scale:  4.0 min_steps: 12
mc:  13 R: 0.0836 rmsd(b):  0.0394 restraint_scale:  4.0 min_steps: 38
mc:  14 R: 0.0889 rmsd(b):  0.0310 restraint_scale:  4.0 min_steps: 18
mc:  15 R: 0.0980 rmsd(b):  0.0245 restraint_scale:  4.0 min_steps: 22
mc:  16 R: 0.0952 rmsd(b):  0.0293 restraint_scale:  4.0 min_steps: 5
mc:  17 R: 0.0915 rmsd(b):  0.0303 restraint_scale:  4.0 min_steps: 9
mc:  18 R: 0.0929 rmsd(b):  0.0281 restraint_scale:  4.0 min_steps: 6
mc:  19 R: 0.0823 rmsd(b):  0.0386 restraint_scale:  4.0 min_steps: 18
mc:  20 R: 0.0851 rmsd(b):  0.0336 restraint_scale:  4.0 min_steps: 12
mc:  21 R: 0.0853 rmsd(b):  0.0337 restraint_scale:  4.0 min_steps: 3
Convergence reached, stop now.
best mc:    20
 r_factor (best): 0.08226
see the result structure:  ./results_b_rmsd_0.04/refine_cctbx/./1.2/1.pdb
Time: 6.5714
