
============================== Collecting inputs ==============================


                   ----------Processing X-ray data----------                   

F-obs:
  /Users/minzheng/QR/helix/data.mtz:F(ake)obs
Miller array info: None
Observation type: xray.amplitude
Type of data: double, size=160
Type of sigmas: None
Number of Miller indices: 160
Anomalous flag: False
Unit cell: (16.291, 18.744, 30.715, 90, 90, 90)
Space group: P 1 (No. 1)
Systematic absences: 0
Centric reflections: 0
Resolution range: 3.97988 3.50665
Completeness in resolution range: 1
Completeness with d_max=infinity: 0.345572

Number of F-obs in resolution range:                   160
Number of F-obs<0 (these reflections will be rejected): 0
Number of F-obs=0 (these reflections will be used in refinement): 0
Refinement resolution range: d_max =   3.9799
                             d_min =   3.5066

R-free flags:
  /Users/minzheng/QR/helix/data.mtz:R-free-flags
Miller array info: /Users/minzheng/QR/helix/data.mtz:R-free-flags
Observation type: None
Type of data: int, size=160
Type of sigmas: None
Number of Miller indices: 160
Anomalous flag: False
Unit cell: (16.291, 18.744, 30.715, 90, 90, 90)
Space group: P 1 (No. 1)
Systematic absences: 0
Centric reflections: 0
Resolution range: 3.97988 3.50665
Completeness in resolution range: 1
Completeness with d_max=infinity: 0.345572
Wavelength: 1.0000

Test (R-free flags) flag value: 1

Number of work/free reflections by resolution:
                                   work free  %free
  bin  1: 3.9799 - 3.9204 [28/28 ]   28    0   0.0%
  bin  2: 3.9204 - 3.8644 [ 4/4  ]    4    0   0.0%
  bin  3: 3.8644 - 3.8114 [19/19 ]   13    6  31.6%
  bin  4: 3.8114 - 3.7612 [16/16 ]   16    0   0.0%
  bin  5: 3.7612 - 3.7135 [15/15 ]   13    2  13.3%
  bin  6: 3.7135 - 3.6682 [ 8/8  ]    8    0   0.0%
  bin  7: 3.6682 - 3.6250 [24/24 ]   24    0   0.0%
  bin  8: 3.6250 - 3.5838 [12/12 ]   10    2  16.7%
  bin  9: 3.5838 - 3.5444 [16/16 ]   16    0   0.0%
  bin 10: 3.5444 - 3.5066 [18/18 ]   14    4  22.2%
                           overall  146   14   8.8%

                   ----------Processing PDB file(s)----------                  

  Monomer Library directory:
    "/Users/Shared/bin/phenix/phenix-1.10.1-2155/modules/chem_data/mon_lib"
  Total number of atoms: 94
  Number of models: 1
  Model: ""
    Number of chains: 1
    Chain: "A"
      Number of atoms: 94
      Number of conformers: 1
      Conformer: ""
        Number of residues, atoms: 13, 94
          Classifications: {'peptide': 13}
          Modifications used: {'NH2NOTPRO': 1, 'COOH': 1}
          Link IDs: {'TRANS': 12}
  Time building chain proxies: 0.04, per 1000 atoms: 0.43
  Number of scatterers: 94
  At special positions: 0
  Unit cell: (16.291, 18.744, 30.715, 90, 90, 90)
  Space group: P 1 (No. 1)
  Number of sites at special positions: 0
  Number of scattering types: 4
    Type Number    sf(0)
     O      14      8.00
     N      13      7.00
     C      26      6.00
     H      41      1.00
    sf(0) = scattering factor at diffraction angle 0.

  Number of disulfides: simple=0, symmetry=0

  Automatic linking
    Parameters for automatic linking
      Linking & cutoffs
        Metal                : False - 3.50
        Amimo acid           : False - 1.90
        Carbohydrate         : True  - 1.99
        Ligands              : True  - 1.99
        Amino acid - RNA/DNA : False
      
  Number of custom bonds: simple=0, symmetry=0
  Time building additional restraints: 0.02
  Conformation dependent library (CDL) restraints added in 4.4 milliseconds
  
  Adding C-beta torsion restraints...
  Number of C-beta restraints generated:  0
  Time building geometry restraints manager: 0.04 seconds

  NOTE: a complete listing of the restraints can be obtained by requesting
        output of .geo file.

  Histogram of bond lengths:
        0.91 -     1.04: 11
        1.04 -     1.16: 31
        1.16 -     1.29: 12
        1.29 -     1.41: 13
        1.41 -     1.54: 26
  Bond restraints: 93
  Sorted by residual:
  bond pdb=" N   GLY A  98 "
       pdb=" H   GLY A  98 "
    ideal  model  delta    sigma   weight residual
    0.860  1.049 -0.189 2.00e-02 2.50e+03 8.89e+01
  bond pdb=" N   GLY A  93 "
       pdb=" H   GLY A  93 "
    ideal  model  delta    sigma   weight residual
    0.860  1.040 -0.180 2.00e-02 2.50e+03 8.14e+01
  bond pdb=" N   GLY A  97 "
       pdb=" H   GLY A  97 "
    ideal  model  delta    sigma   weight residual
    0.860  1.036 -0.176 2.00e-02 2.50e+03 7.75e+01
  bond pdb=" N   GLY A  99 "
       pdb=" H   GLY A  99 "
    ideal  model  delta    sigma   weight residual
    0.860  1.034 -0.174 2.00e-02 2.50e+03 7.53e+01
  bond pdb=" N   GLY A  89 "
       pdb=" H   GLY A  89 "
    ideal  model  delta    sigma   weight residual
    0.860  1.031 -0.171 2.00e-02 2.50e+03 7.35e+01
  ... (remaining 88 not shown)

  Histogram of bond angle deviations from ideal:
      104.62 -   109.63: 41
      109.63 -   114.63: 46
      114.63 -   119.64: 26
      119.64 -   124.64: 36
      124.64 -   129.65: 7
  Bond angle restraints: 156
  Sorted by residual:
  angle pdb=" C   GLY A  91 "
        pdb=" N   GLY A  92 "
        pdb=" CA  GLY A  92 "
      ideal   model   delta    sigma   weight residual
     120.00  116.33    3.67 1.10e+00 8.26e-01 1.11e+01
  angle pdb=" N   GLY A  90 "
        pdb=" CA  GLY A  90 "
        pdb=" C   GLY A  90 "
      ideal   model   delta    sigma   weight residual
     113.24  110.14    3.10 1.31e+00 5.83e-01 5.60e+00
  angle pdb=" O   GLY A  99 "
        pdb=" C   GLY A  99 "
        pdb=" OXT GLY A  99 "
      ideal   model   delta    sigma   weight residual
     122.80  115.91    6.89 3.00e+00 1.11e-01 5.28e+00
  angle pdb=" N   GLY A  88 "
        pdb=" CA  GLY A  88 "
        pdb=" C   GLY A  88 "
      ideal   model   delta    sigma   weight residual
     115.31  112.62    2.69 1.24e+00 6.50e-01 4.71e+00
  angle pdb=" N   GLY A  95 "
        pdb=" CA  GLY A  95 "
        pdb=" C   GLY A  95 "
      ideal   model   delta    sigma   weight residual
     113.24  110.44    2.80 1.31e+00 5.83e-01 4.58e+00
  ... (remaining 151 not shown)

  Histogram of dihedral angle deviations from ideal:
        0.07 -    35.75: 13
       35.75 -    71.43: 0
       71.43 -   107.11: 0
      107.11 -   142.78: 0
      142.78 -   178.46: 1
  Dihedral angle restraints: 14
    sinusoidal: 1
      harmonic: 13
  Sorted by residual:
  dihedral pdb=" O   GLY A  99 "
           pdb=" C   GLY A  99 "
           pdb=" OXT GLY A  99 "
           pdb=" HXT GLY A  99 "
      ideal   model   delta  harmonic     sigma   weight residual
       0.00  178.46 -178.46     0      3.00e+01 1.11e-03 3.54e+01
  dihedral pdb=" CA  GLY A  94 "
           pdb=" C   GLY A  94 "
           pdb=" N   GLY A  95 "
           pdb=" CA  GLY A  95 "
      ideal   model   delta  harmonic     sigma   weight residual
     180.00  168.28   11.72     0      5.00e+00 4.00e-02 5.49e+00
  dihedral pdb=" CA  GLY A  93 "
           pdb=" C   GLY A  93 "
           pdb=" N   GLY A  94 "
           pdb=" CA  GLY A  94 "
      ideal   model   delta  harmonic     sigma   weight residual
     180.00  170.60    9.40     0      5.00e+00 4.00e-02 3.53e+00
  ... (remaining 11 not shown)

  Chirality restraints: 0

  Planarity restraints: 25
  Sorted by residual:
                                 delta    sigma   weight rms_deltas residual
  plane pdb=" C   GLY A  87 "   -0.015 2.00e-02 2.50e+03   2.60e-02 6.78e+00
        pdb=" N   GLY A  88 "    0.045 2.00e-02 2.50e+03
        pdb=" CA  GLY A  88 "   -0.012 2.00e-02 2.50e+03
        pdb=" H   GLY A  88 "   -0.018 2.00e-02 2.50e+03
                                 delta    sigma   weight rms_deltas residual
  plane pdb=" C   GLY A  92 "   -0.014 2.00e-02 2.50e+03   2.47e-02 6.12e+00
        pdb=" N   GLY A  93 "    0.043 2.00e-02 2.50e+03
        pdb=" CA  GLY A  93 "   -0.011 2.00e-02 2.50e+03
        pdb=" H   GLY A  93 "   -0.017 2.00e-02 2.50e+03
                                 delta    sigma   weight rms_deltas residual
  plane pdb=" CA  GLY A  90 "    0.011 2.00e-02 2.50e+03   2.21e-02 4.88e+00
        pdb=" C   GLY A  90 "   -0.038 2.00e-02 2.50e+03
        pdb=" O   GLY A  90 "    0.014 2.00e-02 2.50e+03
        pdb=" N   GLY A  91 "    0.013 2.00e-02 2.50e+03
  ... (remaining 22 not shown)

  Histogram of nonbonded interaction distances:
        1.93 -     2.51: 51
        2.51 -     3.09: 184
        3.09 -     3.67: 202
        3.67 -     4.26: 229
        4.26 -     4.84: 326
  Nonbonded interactions: 992
  Sorted by model distance:
  nonbonded pdb=" HT1 GLY A  87 "
            pdb=" H   GLY A  88 "
     model   vdw
     1.925 2.100
  nonbonded pdb=" O   GLY A  92 "
            pdb=" H   GLY A  96 "
     model   vdw
     2.027 1.970
  nonbonded pdb=" O   GLY A  89 "
            pdb=" H   GLY A  93 "
     model   vdw
     2.124 1.970
  nonbonded pdb=" H   GLY A  98 "
            pdb=" H   GLY A  99 "
     model   vdw
     2.139 2.100
  nonbonded pdb=" O   GLY A  90 "
            pdb=" H   GLY A  94 "
     model   vdw
     2.142 1.970
  ... (remaining 987 not shown)

  NOTE: a complete listing of the restraints can be obtained by requesting
        output of .geo file.

                   ----------xray_structure summary----------                  

Number of scattering types: 4
  Type Number    sf(0)   Gaussians
   O      14      7.97       1
   N      13      6.97       1
   C      26      5.97       1
   H      41      1.00       1
  sf(0) = scattering factor at diffraction angle 0.
Number of scatterers: 94
At special positions: 0
Unit cell: (16.291, 18.744, 30.715, 90, 90, 90)
Space group: P 1 (No. 1)

End of input processing
r_work=0.4747 r_free=0.4042
params.data_weight: None
params.restraints: qm
rmsd(b), start:  0.0175
Initial weight optimization conter: 1
initial_restraints_weight_scale 32
mc:   0 Rw: 0.2251 Rf: 0.3211 rmsd(b):  0.0261 restraint_scale: 32.0 min_steps: 52
mc:   1 Rw: 0.1828 Rf: 0.2987 rmsd(b):  0.0251 restraint_scale: 32.0 min_steps: 52
mc:   2 Rw: 0.1868 Rf: 0.2984 rmsd(b):  0.0255 restraint_scale: 32.0 min_steps: 13
mc:   3 Rw: 0.1932 Rf: 0.3122 rmsd(b):  0.0264 restraint_scale: 32.0 min_steps: 11
mc:   4 Rw: 0.1932 Rf: 0.3121 rmsd(b):  0.0264 restraint_scale: 32.0 min_steps: 1
Convergence reached, stop now.
best mc:    1
 r_factor (best): 0.18278
see the result structure:  ./results_b_rmsd_0.03_pm7_selectrmsd_32/refine_qm/./0.6/4.pdb
Time: 110.8940
