
============================== Collecting inputs ==============================


                   ----------Processing X-ray data----------                   

F-obs:
  /Users/minzheng/QR/helix/data.mtz:F(ake)obs
Miller array info: None
Observation type: xray.amplitude
Type of data: double, size=160
Type of sigmas: None
Number of Miller indices: 160
Anomalous flag: False
Unit cell: (16.291, 18.744, 30.715, 90, 90, 90)
Space group: P 1 (No. 1)
Systematic absences: 0
Centric reflections: 0
Resolution range: 3.97988 3.50665
Completeness in resolution range: 1
Completeness with d_max=infinity: 0.345572

Number of F-obs in resolution range:                   160
Number of F-obs<0 (these reflections will be rejected): 0
Number of F-obs=0 (these reflections will be used in refinement): 0
Refinement resolution range: d_max =   3.9799
                             d_min =   3.5066

R-free flags:
  /Users/minzheng/QR/helix/data.mtz:R-free-flags
Miller array info: /Users/minzheng/QR/helix/data.mtz:R-free-flags
Observation type: None
Type of data: int, size=160
Type of sigmas: None
Number of Miller indices: 160
Anomalous flag: False
Unit cell: (16.291, 18.744, 30.715, 90, 90, 90)
Space group: P 1 (No. 1)
Systematic absences: 0
Centric reflections: 0
Resolution range: 3.97988 3.50665
Completeness in resolution range: 1
Completeness with d_max=infinity: 0.345572
Wavelength: 1.0000

Test (R-free flags) flag value: 1

Number of work/free reflections by resolution:
                                   work free  %free
  bin  1: 3.9799 - 3.9204 [28/28 ]   28    0   0.0%
  bin  2: 3.9204 - 3.8644 [ 4/4  ]    4    0   0.0%
  bin  3: 3.8644 - 3.8114 [19/19 ]   13    6  31.6%
  bin  4: 3.8114 - 3.7612 [16/16 ]   16    0   0.0%
  bin  5: 3.7612 - 3.7135 [15/15 ]   13    2  13.3%
  bin  6: 3.7135 - 3.6682 [ 8/8  ]    8    0   0.0%
  bin  7: 3.6682 - 3.6250 [24/24 ]   24    0   0.0%
  bin  8: 3.6250 - 3.5838 [12/12 ]   10    2  16.7%
  bin  9: 3.5838 - 3.5444 [16/16 ]   16    0   0.0%
  bin 10: 3.5444 - 3.5066 [18/18 ]   14    4  22.2%
                           overall  146   14   8.8%

                   ----------Processing PDB file(s)----------                  

  Monomer Library directory:
    "/Users/Shared/bin/phenix/phenix-1.10.1-2155/modules/chem_data/mon_lib"
  Total number of atoms: 94
  Number of models: 1
  Model: ""
    Number of chains: 1
    Chain: "A"
      Number of atoms: 94
      Number of conformers: 1
      Conformer: ""
        Number of residues, atoms: 13, 94
          Classifications: {'peptide': 13}
          Modifications used: {'NH2NOTPRO': 1, 'COOH': 1}
          Link IDs: {'TRANS': 12}
  Time building chain proxies: 0.03, per 1000 atoms: 0.32
  Number of scatterers: 94
  At special positions: 0
  Unit cell: (16.291, 18.744, 30.715, 90, 90, 90)
  Space group: P 1 (No. 1)
  Number of sites at special positions: 0
  Number of scattering types: 4
    Type Number    sf(0)
     O      14      8.00
     N      13      7.00
     C      26      6.00
     H      41      1.00
    sf(0) = scattering factor at diffraction angle 0.

  Number of disulfides: simple=0, symmetry=0

  Automatic linking
    Parameters for automatic linking
      Linking & cutoffs
        Metal                : False - 3.50
        Amimo acid           : False - 1.90
        Carbohydrate         : True  - 1.99
        Ligands              : True  - 1.99
        Amino acid - RNA/DNA : False
      
  Number of custom bonds: simple=0, symmetry=0
  Time building additional restraints: 0.02
  Conformation dependent library (CDL) restraints added in 4.5 milliseconds
  
  Adding C-beta torsion restraints...
  Number of C-beta restraints generated:  0
  Time building geometry restraints manager: 0.02 seconds

  NOTE: a complete listing of the restraints can be obtained by requesting
        output of .geo file.

  Histogram of bond lengths:
        0.96 -     1.08: 18
        1.08 -     1.19: 24
        1.19 -     1.31: 12
        1.31 -     1.43: 13
        1.43 -     1.54: 26
  Bond restraints: 93
  Sorted by residual:
  bond pdb=" N   GLY A  90 "
       pdb=" H   GLY A  90 "
    ideal  model  delta    sigma   weight residual
    0.860  1.039 -0.179 2.00e-02 2.50e+03 8.05e+01
  bond pdb=" N   GLY A  93 "
       pdb=" H   GLY A  93 "
    ideal  model  delta    sigma   weight residual
    0.860  1.037 -0.177 2.00e-02 2.50e+03 7.83e+01
  bond pdb=" N   GLY A  98 "
       pdb=" H   GLY A  98 "
    ideal  model  delta    sigma   weight residual
    0.860  1.035 -0.175 2.00e-02 2.50e+03 7.69e+01
  bond pdb=" N   GLY A  99 "
       pdb=" H   GLY A  99 "
    ideal  model  delta    sigma   weight residual
    0.860  1.031 -0.171 2.00e-02 2.50e+03 7.30e+01
  bond pdb=" N   GLY A  95 "
       pdb=" H   GLY A  95 "
    ideal  model  delta    sigma   weight residual
    0.860  1.030 -0.170 2.00e-02 2.50e+03 7.27e+01
  ... (remaining 88 not shown)

  Histogram of bond angle deviations from ideal:
      101.61 -   106.98: 15
      106.98 -   112.36: 57
      112.36 -   117.73: 32
      117.73 -   123.11: 40
      123.11 -   128.49: 12
  Bond angle restraints: 156
  Sorted by residual:
  angle pdb=" N   GLY A  88 "
        pdb=" CA  GLY A  88 "
        pdb=" C   GLY A  88 "
      ideal   model   delta    sigma   weight residual
     114.67  111.18    3.49 1.10e+00 8.26e-01 1.01e+01
  angle pdb=" C   GLY A  96 "
        pdb=" CA  GLY A  96 "
        pdb=" HA3 GLY A  96 "
      ideal   model   delta    sigma   weight residual
     109.00  101.61    7.39 3.00e+00 1.11e-01 6.07e+00
  angle pdb=" CA  GLY A  98 "
        pdb=" N   GLY A  98 "
        pdb=" H   GLY A  98 "
      ideal   model   delta    sigma   weight residual
     114.00  121.06   -7.06 3.00e+00 1.11e-01 5.55e+00
  angle pdb=" C   GLY A  87 "
        pdb=" CA  GLY A  87 "
        pdb=" HA3 GLY A  87 "
      ideal   model   delta    sigma   weight residual
     109.00  102.05    6.95 3.00e+00 1.11e-01 5.37e+00
  angle pdb=" N   GLY A  94 "
        pdb=" CA  GLY A  94 "
        pdb=" C   GLY A  94 "
      ideal   model   delta    sigma   weight residual
     115.66  111.98    3.68 1.63e+00 3.76e-01 5.10e+00
  ... (remaining 151 not shown)

  Histogram of dihedral angle deviations from ideal:
        0.07 -    35.78: 13
       35.78 -    71.49: 0
       71.49 -   107.20: 0
      107.20 -   142.90: 0
      142.90 -   178.61: 1
  Dihedral angle restraints: 14
    sinusoidal: 1
      harmonic: 13
  Sorted by residual:
  dihedral pdb=" O   GLY A  99 "
           pdb=" C   GLY A  99 "
           pdb=" OXT GLY A  99 "
           pdb=" HXT GLY A  99 "
      ideal   model   delta  harmonic     sigma   weight residual
       0.00 -178.61  178.61     0      3.00e+01 1.11e-03 3.54e+01
  dihedral pdb=" CA  GLY A  94 "
           pdb=" C   GLY A  94 "
           pdb=" N   GLY A  95 "
           pdb=" CA  GLY A  95 "
      ideal   model   delta  harmonic     sigma   weight residual
     180.00  170.17    9.83     0      5.00e+00 4.00e-02 3.86e+00
  dihedral pdb=" CA  GLY A  88 "
           pdb=" C   GLY A  88 "
           pdb=" N   GLY A  89 "
           pdb=" CA  GLY A  89 "
      ideal   model   delta  harmonic     sigma   weight residual
     180.00  170.18    9.82     0      5.00e+00 4.00e-02 3.85e+00
  ... (remaining 11 not shown)

  Chirality restraints: 0

  Planarity restraints: 25
  Sorted by residual:
                                 delta    sigma   weight rms_deltas residual
  plane pdb=" CA  GLY A  89 "    0.011 2.00e-02 2.50e+03   2.23e-02 4.99e+00
        pdb=" C   GLY A  89 "   -0.039 2.00e-02 2.50e+03
        pdb=" O   GLY A  89 "    0.014 2.00e-02 2.50e+03
        pdb=" N   GLY A  90 "    0.013 2.00e-02 2.50e+03
                                 delta    sigma   weight rms_deltas residual
  plane pdb=" C   GLY A  91 "    0.011 2.00e-02 2.50e+03   2.01e-02 4.06e+00
        pdb=" N   GLY A  92 "   -0.035 2.00e-02 2.50e+03
        pdb=" CA  GLY A  92 "    0.009 2.00e-02 2.50e+03
        pdb=" H   GLY A  92 "    0.014 2.00e-02 2.50e+03
                                 delta    sigma   weight rms_deltas residual
  plane pdb=" CA  GLY A  87 "   -0.009 2.00e-02 2.50e+03   1.84e-02 3.40e+00
        pdb=" C   GLY A  87 "    0.032 2.00e-02 2.50e+03
        pdb=" O   GLY A  87 "   -0.012 2.00e-02 2.50e+03
        pdb=" N   GLY A  88 "   -0.011 2.00e-02 2.50e+03
  ... (remaining 22 not shown)

  Histogram of nonbonded interaction distances:
        1.63 -     2.27: 10
        2.27 -     2.91: 160
        2.91 -     3.55: 190
        3.55 -     4.20: 226
        4.20 -     4.84: 332
  Nonbonded interactions: 918
  Sorted by model distance:
  nonbonded pdb=" O   GLY A  90 "
            pdb=" H   GLY A  93 "
     model   vdw
     1.631 1.970
  nonbonded pdb=" H   GLY A  99 "
            pdb=" HXT GLY A  99 "
     model   vdw
     1.849 2.100
  nonbonded pdb=" O   GLY A  87 "
            pdb=" H   GLY A  91 "
     model   vdw
     1.928 1.970
  nonbonded pdb=" O   GLY A  96 "
            pdb=" HXT GLY A  99 "
     model   vdw
     1.941 1.970
  nonbonded pdb=" O   GLY A  87 "
            pdb=" H   GLY A  90 "
     model   vdw
     2.018 1.970
  ... (remaining 913 not shown)

  NOTE: a complete listing of the restraints can be obtained by requesting
        output of .geo file.

                   ----------xray_structure summary----------                  

Number of scattering types: 4
  Type Number    sf(0)   Gaussians
   O      14      7.97       1
   N      13      6.97       1
   C      26      5.97       1
   H      41      1.00       1
  sf(0) = scattering factor at diffraction angle 0.
Number of scatterers: 94
At special positions: 0
Unit cell: (16.291, 18.744, 30.715, 90, 90, 90)
Space group: P 1 (No. 1)

End of input processing
r_work=0.4168 r_free=0.4796
params.data_weight: 0.0
params.restraints: qm
rmsd(b), start:  0.0161
mc:   0 R: 0.4087 rmsd(b):  0.0265 restraint_scale:  1.0 min_steps: 52
mc:   1 R: 0.3952 rmsd(b):  0.0264 restraint_scale:  1.0 min_steps: 52
mc:   2 R: 0.3861 rmsd(b):  0.0260 restraint_scale:  1.0 min_steps: 52
mc:   3 R: 0.3878 rmsd(b):  0.0259 restraint_scale:  1.0 min_steps: 53
mc:   4 R: 0.3876 rmsd(b):  0.0260 restraint_scale:  1.0 min_steps: 52
mc:   5 R: 0.3876 rmsd(b):  0.0259 restraint_scale:  1.0 min_steps: 7
Convergence reached, stop now.
see the result structure:  ./results_b_rmsd_0.03_pm7/opt_qm/./0.6/3.pdb
Time: 128.7827
