
============================== Collecting inputs ==============================


                   ----------Processing X-ray data----------                   

F-obs:
  /Users/minzheng/QR/helix/data.mtz:F(ake)obs
Miller array info: None
Observation type: xray.amplitude
Type of data: double, size=160
Type of sigmas: None
Number of Miller indices: 160
Anomalous flag: False
Unit cell: (16.291, 18.744, 30.715, 90, 90, 90)
Space group: P 1 (No. 1)
Systematic absences: 0
Centric reflections: 0
Resolution range: 3.97988 3.50665
Completeness in resolution range: 1
Completeness with d_max=infinity: 0.345572

Number of F-obs in resolution range:                   160
Number of F-obs<0 (these reflections will be rejected): 0
Number of F-obs=0 (these reflections will be used in refinement): 0
Refinement resolution range: d_max =   3.9799
                             d_min =   3.5066

R-free flags:
  /Users/minzheng/QR/helix/data.mtz:R-free-flags
Miller array info: /Users/minzheng/QR/helix/data.mtz:R-free-flags
Observation type: None
Type of data: int, size=160
Type of sigmas: None
Number of Miller indices: 160
Anomalous flag: False
Unit cell: (16.291, 18.744, 30.715, 90, 90, 90)
Space group: P 1 (No. 1)
Systematic absences: 0
Centric reflections: 0
Resolution range: 3.97988 3.50665
Completeness in resolution range: 1
Completeness with d_max=infinity: 0.345572
Wavelength: 1.0000

Test (R-free flags) flag value: 1

Number of work/free reflections by resolution:
                                   work free  %free
  bin  1: 3.9799 - 3.9204 [28/28 ]   28    0   0.0%
  bin  2: 3.9204 - 3.8644 [ 4/4  ]    4    0   0.0%
  bin  3: 3.8644 - 3.8114 [19/19 ]   13    6  31.6%
  bin  4: 3.8114 - 3.7612 [16/16 ]   16    0   0.0%
  bin  5: 3.7612 - 3.7135 [15/15 ]   13    2  13.3%
  bin  6: 3.7135 - 3.6682 [ 8/8  ]    8    0   0.0%
  bin  7: 3.6682 - 3.6250 [24/24 ]   24    0   0.0%
  bin  8: 3.6250 - 3.5838 [12/12 ]   10    2  16.7%
  bin  9: 3.5838 - 3.5444 [16/16 ]   16    0   0.0%
  bin 10: 3.5444 - 3.5066 [18/18 ]   14    4  22.2%
                           overall  146   14   8.8%

                   ----------Processing PDB file(s)----------                  

  Monomer Library directory:
    "/Users/Shared/bin/phenix/phenix-1.10.1-2155/modules/chem_data/mon_lib"
  Total number of atoms: 94
  Number of models: 1
  Model: ""
    Number of chains: 1
    Chain: "A"
      Number of atoms: 94
      Number of conformers: 1
      Conformer: ""
        Number of residues, atoms: 13, 94
          Classifications: {'peptide': 13}
          Modifications used: {'NH2NOTPRO': 1, 'COOH': 1}
          Link IDs: {'TRANS': 12}
  Time building chain proxies: 0.03, per 1000 atoms: 0.32
  Number of scatterers: 94
  At special positions: 0
  Unit cell: (16.291, 18.744, 30.715, 90, 90, 90)
  Space group: P 1 (No. 1)
  Number of sites at special positions: 0
  Number of scattering types: 4
    Type Number    sf(0)
     O      14      8.00
     N      13      7.00
     C      26      6.00
     H      41      1.00
    sf(0) = scattering factor at diffraction angle 0.

  Number of disulfides: simple=0, symmetry=0

  Automatic linking
    Parameters for automatic linking
      Linking & cutoffs
        Metal                : False - 3.50
        Amimo acid           : False - 1.90
        Carbohydrate         : True  - 1.99
        Ligands              : True  - 1.99
        Amino acid - RNA/DNA : False
      
  Number of custom bonds: simple=0, symmetry=0
  Time building additional restraints: 0.02
  Conformation dependent library (CDL) restraints added in 4.5 milliseconds
  
  Adding C-beta torsion restraints...
  Number of C-beta restraints generated:  0
  Time building geometry restraints manager: 0.02 seconds

  NOTE: a complete listing of the restraints can be obtained by requesting
        output of .geo file.

  Histogram of bond lengths:
        0.93 -     1.05: 13
        1.05 -     1.17: 29
        1.17 -     1.30: 12
        1.30 -     1.42: 13
        1.42 -     1.54: 26
  Bond restraints: 93
  Sorted by residual:
  bond pdb=" N   GLY A  98 "
       pdb=" H   GLY A  98 "
    ideal  model  delta    sigma   weight residual
    0.860  1.063 -0.203 2.00e-02 2.50e+03 1.03e+02
  bond pdb=" N   GLY A  89 "
       pdb=" H   GLY A  89 "
    ideal  model  delta    sigma   weight residual
    0.860  1.059 -0.199 2.00e-02 2.50e+03 9.88e+01
  bond pdb=" N   GLY A  99 "
       pdb=" H   GLY A  99 "
    ideal  model  delta    sigma   weight residual
    0.860  1.038 -0.178 2.00e-02 2.50e+03 7.94e+01
  bond pdb=" N   GLY A  94 "
       pdb=" H   GLY A  94 "
    ideal  model  delta    sigma   weight residual
    0.860  1.029 -0.169 2.00e-02 2.50e+03 7.18e+01
  bond pdb=" N   GLY A  97 "
       pdb=" H   GLY A  97 "
    ideal  model  delta    sigma   weight residual
    0.860  1.024 -0.164 2.00e-02 2.50e+03 6.70e+01
  ... (remaining 88 not shown)

  Histogram of bond angle deviations from ideal:
      103.99 -   108.68: 36
      108.68 -   113.38: 43
      113.38 -   118.07: 26
      118.07 -   122.76: 37
      122.76 -   127.45: 14
  Bond angle restraints: 156
  Sorted by residual:
  angle pdb=" N   GLY A  87 "
        pdb=" CA  GLY A  87 "
        pdb=" C   GLY A  87 "
      ideal   model   delta    sigma   weight residual
     113.30  104.84    8.46 2.90e+00 1.19e-01 8.51e+00
  angle pdb=" N   GLY A  96 "
        pdb=" CA  GLY A  96 "
        pdb=" C   GLY A  96 "
      ideal   model   delta    sigma   weight residual
     115.31  111.81    3.50 1.24e+00 6.50e-01 7.97e+00
  angle pdb=" N   GLY A  89 "
        pdb=" CA  GLY A  89 "
        pdb=" C   GLY A  89 "
      ideal   model   delta    sigma   weight residual
     115.66  112.03    3.63 1.63e+00 3.76e-01 4.96e+00
  angle pdb=" O   GLY A  88 "
        pdb=" C   GLY A  88 "
        pdb=" N   GLY A  89 "
      ideal   model   delta    sigma   weight residual
     122.13  124.15   -2.02 9.90e-01 1.02e+00 4.17e+00
  angle pdb=" N   GLY A  93 "
        pdb=" CA  GLY A  93 "
        pdb=" HA2 GLY A  93 "
      ideal   model   delta    sigma   weight residual
     110.00  103.99    6.01 3.00e+00 1.11e-01 4.01e+00
  ... (remaining 151 not shown)

  Histogram of dihedral angle deviations from ideal:
        1.95 -    37.45: 13
       37.45 -    72.94: 0
       72.94 -   108.44: 0
      108.44 -   143.94: 0
      143.94 -   179.44: 1
  Dihedral angle restraints: 14
    sinusoidal: 1
      harmonic: 13
  Sorted by residual:
  dihedral pdb=" O   GLY A  99 "
           pdb=" C   GLY A  99 "
           pdb=" OXT GLY A  99 "
           pdb=" HXT GLY A  99 "
      ideal   model   delta  harmonic     sigma   weight residual
       0.00  179.44 -179.44     0      3.00e+01 1.11e-03 3.58e+01
  dihedral pdb=" CA  GLY A  89 "
           pdb=" C   GLY A  89 "
           pdb=" N   GLY A  90 "
           pdb=" CA  GLY A  90 "
      ideal   model   delta  harmonic     sigma   weight residual
     180.00  170.30    9.70     0      5.00e+00 4.00e-02 3.76e+00
  dihedral pdb=" CA  GLY A  96 "
           pdb=" C   GLY A  96 "
           pdb=" N   GLY A  97 "
           pdb=" CA  GLY A  97 "
      ideal   model   delta  harmonic     sigma   weight residual
     180.00  170.33    9.67     0      5.00e+00 4.00e-02 3.74e+00
  ... (remaining 11 not shown)

  Chirality restraints: 0

  Planarity restraints: 25
  Sorted by residual:
                                 delta    sigma   weight rms_deltas residual
  plane pdb=" CA  GLY A  96 "   -0.010 2.00e-02 2.50e+03   1.97e-02 3.87e+00
        pdb=" C   GLY A  96 "    0.034 2.00e-02 2.50e+03
        pdb=" O   GLY A  96 "   -0.013 2.00e-02 2.50e+03
        pdb=" N   GLY A  97 "   -0.011 2.00e-02 2.50e+03
                                 delta    sigma   weight rms_deltas residual
  plane pdb=" C   GLY A  92 "   -0.009 2.00e-02 2.50e+03   1.62e-02 2.62e+00
        pdb=" N   GLY A  93 "    0.028 2.00e-02 2.50e+03
        pdb=" CA  GLY A  93 "   -0.007 2.00e-02 2.50e+03
        pdb=" H   GLY A  93 "   -0.011 2.00e-02 2.50e+03
                                 delta    sigma   weight rms_deltas residual
  plane pdb=" CA  GLY A  89 "   -0.008 2.00e-02 2.50e+03   1.58e-02 2.50e+00
        pdb=" C   GLY A  89 "    0.027 2.00e-02 2.50e+03
        pdb=" O   GLY A  89 "   -0.010 2.00e-02 2.50e+03
        pdb=" N   GLY A  90 "   -0.009 2.00e-02 2.50e+03
  ... (remaining 22 not shown)

  Histogram of nonbonded interaction distances:
        2.03 -     2.59: 53
        2.59 -     3.16: 173
        3.16 -     3.72: 164
        3.72 -     4.28: 172
        4.28 -     4.84: 278
  Nonbonded interactions: 840
  Sorted by model distance:
  nonbonded pdb=" O   GLY A  91 "
            pdb=" H   GLY A  95 "
     model   vdw
     2.033 1.970
  nonbonded pdb=" O   GLY A  87 "
            pdb=" H   GLY A  90 "
     model   vdw
     2.127 1.970
  nonbonded pdb=" HA2 GLY A  87 "
            pdb=" HT1 GLY A  87 "
     model   vdw
     2.132 1.816
  nonbonded pdb=" HA3 GLY A  87 "
            pdb=" HT2 GLY A  87 "
     model   vdw
     2.141 1.816
  nonbonded pdb=" H   GLY A  97 "
            pdb=" HA3 GLY A  97 "
     model   vdw
     2.146 1.816
  ... (remaining 835 not shown)

  NOTE: a complete listing of the restraints can be obtained by requesting
        output of .geo file.

                   ----------xray_structure summary----------                  

Number of scattering types: 4
  Type Number    sf(0)   Gaussians
   O      14      7.97       1
   N      13      6.97       1
   C      26      5.97       1
   H      41      1.00       1
  sf(0) = scattering factor at diffraction angle 0.
Number of scatterers: 94
At special positions: 0
Unit cell: (16.291, 18.744, 30.715, 90, 90, 90)
Space group: P 1 (No. 1)

End of input processing
r_work=0.4239 r_free=0.5180
params.data_weight: None
params.restraints: qm
rmsd(b), start:  0.0151
Initial weight optimization conter: 1
Initial weight optimization conter: 2
Initial weight optimization conter: 3
Initial weight optimization conter: 4
initial_restraints_weight_scale 8.0
mc:   0 Rw: 0.2831 Rf: 0.3065 rmsd(b):  0.0263 restraint_scale:  8.0 min_steps: 53
mc:   1 Rw: 0.1783 Rf: 0.2421 rmsd(b):  0.0318 restraint_scale: 16.0 min_steps: 35
mc:   2 Rw: 0.2194 Rf: 0.2930 rmsd(b):  0.0287 restraint_scale: 16.0 min_steps: 42
mc:   3 Rw: 0.1958 Rf: 0.2747 rmsd(b):  0.0310 restraint_scale: 32.0 min_steps: 32
mc:   4 Rw: 0.2568 Rf: 0.3410 rmsd(b):  0.0283 restraint_scale: 32.0 min_steps: 28
mc:   5 Rw: 0.2255 Rf: 0.3083 rmsd(b):  0.0293 restraint_scale: 32.0 min_steps: 16
mc:   6 Rw: 0.2204 Rf: 0.3008 rmsd(b):  0.0302 restraint_scale: 64.0 min_steps: 5
mc:   7 Rw: 0.2406 Rf: 0.3482 rmsd(b):  0.0282 restraint_scale: 64.0 min_steps: 54
mc:   8 Rw: 0.2469 Rf: 0.3513 rmsd(b):  0.0278 restraint_scale: 64.0 min_steps: 17
mc:   9 Rw: 0.2467 Rf: 0.3510 rmsd(b):  0.0277 restraint_scale: 64.0 min_steps: 6
Convergence reached, stop now.
best mc:    3
 r_factor (best): 0.19576
see the result structure:  ./results_b_rmsd_0.03_pm7_selectrmsd/refine_qm/./1.2/6.pdb
Time: 294.3823
