/home/m_zhen01/phenix-1.10.1-2155/build/../modules:/home/m_zhen01/phenix-1.10.1-2155/build/../modules/cctbx_project:/home/m_zhen01/phenix-1.10.1-2155/build/../modules/phenix:/home/m_zhen01/phenix-1.10.1-2155/build/../modules/reel:/home/m_zhen01/phenix-1.10.1-2155/build/../modules/phaser:/home/m_zhen01/phenix-1.10.1-2155/build/../modules/tntbx:/home/m_zhen01/phenix-1.10.1-2155/build/../modules/elbow:/home/m_zhen01/phenix-1.10.1-2155/build/../modules/PyQuante:/home/m_zhen01/phenix-1.10.1-2155/build/../modules/cctbx_project/boost_adaptbx:/home/m_zhen01/phenix-1.10.1-2155/build/../modules/cctbx_project/libtbx/pythonpath:/home/m_zhen01/phenix-1.10.1-2155/build/lib:/nfsexp/homes/m_zhen01/PyRosetta.namespace.linux.release-99::/home/m/m_zhen01/Girvan-Newman/:/home/m/m_zhen01/pymol/modules:/home/m/m_zhen01/my_numpy:/home/m/m_zhen01/my_numpy/lib64/python2.7/site-packages
/home/m_zhen01/phenix-1.10.1-2155/build/../modules:/home/m_zhen01/phenix-1.10.1-2155/build/../modules/cctbx_project:/home/m_zhen01/phenix-1.10.1-2155/build/../modules/phenix:/home/m_zhen01/phenix-1.10.1-2155/build/../modules/reel:/home/m_zhen01/phenix-1.10.1-2155/build/../modules/phaser:/home/m_zhen01/phenix-1.10.1-2155/build/../modules/tntbx:/home/m_zhen01/phenix-1.10.1-2155/build/../modules/elbow:/home/m_zhen01/phenix-1.10.1-2155/build/../modules/PyQuante:/home/m_zhen01/phenix-1.10.1-2155/build/../modules/cctbx_project/boost_adaptbx:/home/m_zhen01/phenix-1.10.1-2155/build/../modules/cctbx_project/libtbx/pythonpath:/home/m_zhen01/phenix-1.10.1-2155/build/lib:/nfsexp/homes/m_zhen01/PyRosetta.namespace.linux.release-99::/home/m/m_zhen01/Girvan-Newman/:/home/m/m_zhen01/pymol/modules:/home/m/m_zhen01/my_numpy:/home/m/m_zhen01/my_numpy/lib64/python2.7/site-packages

============================== Collecting inputs ==============================


                   ----------Processing X-ray data----------                   

F-obs:
  /scratch/m_zhen01/2800.libra00/data.mtz:FMODEL
Miller array info: None
Observation type: xray.amplitude
Type of data: double, size=211
Type of sigmas: None
Number of Miller indices: 211
Anomalous flag: False
Unit cell: (16.291, 18.744, 30.715, 90, 90, 90)
Space group: P 1 (No. 1)
Systematic absences: 0
Centric reflections: 0
Resolution range: 5.93968 4
Completeness in resolution range: 1
Completeness with d_max=infinity: 0.69637

Number of F-obs in resolution range:                   211
Number of F-obs<0 (these reflections will be rejected): 0
Number of F-obs=0 (these reflections will be used in refinement): 0
Refinement resolution range: d_max =   5.9397
                             d_min =   4.0000

R-free flags:
  /scratch/m_zhen01/2800.libra00/data.mtz:R-free-flags
Miller array info: /scratch/m_zhen01/2800.libra00/data.mtz:R-free-flags
Observation type: None
Type of data: int, size=211
Type of sigmas: None
Number of Miller indices: 211
Anomalous flag: False
Unit cell: (16.291, 18.744, 30.715, 90, 90, 90)
Space group: P 1 (No. 1)
Systematic absences: 0
Centric reflections: 0
Resolution range: 5.93968 4
Completeness in resolution range: 1
Completeness with d_max=infinity: 0.69637
Wavelength: 1.0000

Test (R-free flags) flag value: 1

Number of work/free reflections by resolution:
                                  work free  %free
  bin  1: 5.9397 - 5.5475 [24/24]   22    2   8.3%
  bin  2: 5.5475 - 5.2419 [21/21]   19    2   9.5%
  bin  3: 5.2419 - 4.9942 [15/15]   13    2  13.3%
  bin  4: 4.9942 - 4.7875 [28/28]   25    3  10.7%
  bin  5: 4.7875 - 4.6113 [29/29]   26    3  10.3%
  bin  6: 4.6113 - 4.4584 [14/14]   13    1   7.1%
  bin  7: 4.4584 - 4.3240 [19/19]   17    2  10.5%
  bin  8: 4.3240 - 4.2045 [26/26]   23    3  11.5%
  bin  9: 4.2045 - 4.0971 [14/14]   13    1   7.1%
  bin 10: 4.0971 - 4.0000 [21/21]   19    2   9.5%
                          overall  190   21  10.0%

                   ----------Processing PDB file(s)----------                  

  Monomer Library directory:
    "/home/m/m_zhen01/phenix-1.10.1-2155/modules/chem_data/mon_lib"
  Total number of atoms: 94
  Number of models: 1
  Model: ""
    Number of chains: 1
    Chain: "A"
      Number of atoms: 94
      Number of conformers: 1
      Conformer: ""
        Number of residues, atoms: 13, 94
          Classifications: {'peptide': 13}
          Modifications used: {'NH2NOTPRO': 1, 'COOH': 1}
          Link IDs: {'TRANS': 12}
  Time building chain proxies: 0.04, per 1000 atoms: 0.43
  Number of scatterers: 94
  At special positions: 0
  Unit cell: (16.291, 18.744, 30.715, 90, 90, 90)
  Space group: P 1 (No. 1)
  Number of sites at special positions: 0
  Number of scattering types: 4
    Type Number    sf(0)
     O      14      8.00
     N      13      7.00
     C      26      6.00
     H      41      1.00
    sf(0) = scattering factor at diffraction angle 0.

  Number of disulfides: simple=0, symmetry=0

  Automatic linking
    Parameters for automatic linking
      Linking & cutoffs
        Metal                : False - 3.50
        Amimo acid           : False - 1.90
        Carbohydrate         : True  - 1.99
        Ligands              : True  - 1.99
        Amino acid - RNA/DNA : False
      
  Number of custom bonds: simple=0, symmetry=0
  Time building additional restraints: 0.02
  Conformation dependent library (CDL) restraints added in 7.0 milliseconds
  
  Adding C-beta torsion restraints...
  Number of C-beta restraints generated:  0
  Time building geometry restraints manager: 0.03 seconds

  NOTE: a complete listing of the restraints can be obtained by requesting
        output of .geo file.

  Histogram of bond lengths:
        0.97 -     1.09: 26
        1.09 -     1.21: 16
        1.21 -     1.32: 17
        1.32 -     1.44: 10
        1.44 -     1.56: 24
  Bond restraints: 93
  Sorted by residual:
  bond pdb=" N   GLY A  95 "
       pdb=" H   GLY A  95 "
    ideal  model  delta    sigma   weight residual
    0.860  1.081 -0.221 2.00e-02 2.50e+03 1.22e+02
  bond pdb=" N   GLY A  91 "
       pdb=" H   GLY A  91 "
    ideal  model  delta    sigma   weight residual
    0.860  1.041 -0.181 2.00e-02 2.50e+03 8.15e+01
  bond pdb=" N   GLY A  96 "
       pdb=" H   GLY A  96 "
    ideal  model  delta    sigma   weight residual
    0.860  1.037 -0.177 2.00e-02 2.50e+03 7.87e+01
  bond pdb=" N   GLY A  94 "
       pdb=" H   GLY A  94 "
    ideal  model  delta    sigma   weight residual
    0.860  1.029 -0.169 2.00e-02 2.50e+03 7.12e+01
  bond pdb=" N   GLY A  99 "
       pdb=" H   GLY A  99 "
    ideal  model  delta    sigma   weight residual
    0.860  1.025 -0.165 2.00e-02 2.50e+03 6.80e+01
  ... (remaining 88 not shown)

  Histogram of bond angle deviations from ideal:
      100.41 -   106.12: 11
      106.12 -   111.83: 54
      111.83 -   117.54: 37
      117.54 -   123.24: 41
      123.24 -   128.95: 13
  Bond angle restraints: 156
  Sorted by residual:
  angle pdb=" N   GLY A  95 "
        pdb=" CA  GLY A  95 "
        pdb=" C   GLY A  95 "
      ideal   model   delta    sigma   weight residual
     115.32  111.06    4.26 1.31e+00 5.83e-01 1.06e+01
  angle pdb=" C   GLY A  87 "
        pdb=" CA  GLY A  87 "
        pdb=" HA3 GLY A  87 "
      ideal   model   delta    sigma   weight residual
     109.00  100.41    8.59 3.00e+00 1.11e-01 8.20e+00
  angle pdb=" C   GLY A  88 "
        pdb=" CA  GLY A  88 "
        pdb=" HA2 GLY A  88 "
      ideal   model   delta    sigma   weight residual
     109.00  102.18    6.82 3.00e+00 1.11e-01 5.16e+00
  angle pdb=" CA  GLY A  94 "
        pdb=" C   GLY A  94 "
        pdb=" O   GLY A  94 "
      ideal   model   delta    sigma   weight residual
     120.09  122.34   -2.25 1.07e+00 8.73e-01 4.43e+00
  angle pdb=" CA  GLY A  94 "
        pdb=" C   GLY A  94 "
        pdb=" N   GLY A  95 "
      ideal   model   delta    sigma   weight residual
     117.55  115.37    2.18 1.11e+00 8.12e-01 3.87e+00
  ... (remaining 151 not shown)

  Histogram of dihedral angle deviations from ideal:
        0.29 -    36.13: 13
       36.13 -    71.96: 0
       71.96 -   107.79: 0
      107.79 -   143.63: 0
      143.63 -   179.46: 1
  Dihedral angle restraints: 14
    sinusoidal: 1
      harmonic: 13
  Sorted by residual:
  dihedral pdb=" O   GLY A  99 "
           pdb=" C   GLY A  99 "
           pdb=" OXT GLY A  99 "
           pdb=" HXT GLY A  99 "
      ideal   model   delta  harmonic     sigma   weight residual
       0.00 -179.46  179.46     0      3.00e+01 1.11e-03 3.58e+01
  dihedral pdb=" CA  GLY A  87 "
           pdb=" C   GLY A  87 "
           pdb=" N   GLY A  88 "
           pdb=" CA  GLY A  88 "
      ideal   model   delta  harmonic     sigma   weight residual
     180.00 -169.75  -10.25     0      5.00e+00 4.00e-02 4.20e+00
  dihedral pdb=" CA  GLY A  96 "
           pdb=" C   GLY A  96 "
           pdb=" N   GLY A  97 "
           pdb=" CA  GLY A  97 "
      ideal   model   delta  harmonic     sigma   weight residual
     180.00  172.09    7.91     0      5.00e+00 4.00e-02 2.50e+00
  ... (remaining 11 not shown)

  Chirality restraints: 0

  Planarity restraints: 25
  Sorted by residual:
                                 delta    sigma   weight rms_deltas residual
  plane pdb=" C   GLY A  87 "   -0.015 2.00e-02 2.50e+03   2.66e-02 7.06e+00
        pdb=" N   GLY A  88 "    0.046 2.00e-02 2.50e+03
        pdb=" CA  GLY A  88 "   -0.012 2.00e-02 2.50e+03
        pdb=" H   GLY A  88 "   -0.019 2.00e-02 2.50e+03
                                 delta    sigma   weight rms_deltas residual
  plane pdb=" CA  GLY A  89 "    0.009 2.00e-02 2.50e+03   1.76e-02 3.11e+00
        pdb=" C   GLY A  89 "   -0.030 2.00e-02 2.50e+03
        pdb=" O   GLY A  89 "    0.012 2.00e-02 2.50e+03
        pdb=" N   GLY A  90 "    0.010 2.00e-02 2.50e+03
                                 delta    sigma   weight rms_deltas residual
  plane pdb=" C   GLY A  88 "   -0.010 2.00e-02 2.50e+03   1.72e-02 2.96e+00
        pdb=" N   GLY A  89 "    0.030 2.00e-02 2.50e+03
        pdb=" CA  GLY A  89 "   -0.008 2.00e-02 2.50e+03
        pdb=" H   GLY A  89 "   -0.012 2.00e-02 2.50e+03
  ... (remaining 22 not shown)

  Histogram of nonbonded interaction distances:
        2.09 -     2.64: 81
        2.64 -     3.19: 149
        3.19 -     3.74: 158
        3.74 -     4.29: 178
        4.29 -     4.84: 298
  Nonbonded interactions: 864
  Sorted by model distance:
  nonbonded pdb=" H   GLY A  99 "
            pdb=" HXT GLY A  99 "
     model   vdw
     2.087 2.100
  nonbonded pdb=" O   GLY A  91 "
            pdb=" H   GLY A  95 "
     model   vdw
     2.173 1.970
  nonbonded pdb=" O   GLY A  93 "
            pdb=" H   GLY A  97 "
     model   vdw
     2.180 1.970
  nonbonded pdb=" H   GLY A  96 "
            pdb=" H   GLY A  97 "
     model   vdw
     2.212 2.100
  nonbonded pdb=" H   GLY A  90 "
            pdb=" HA3 GLY A  90 "
     model   vdw
     2.224 1.816
  ... (remaining 859 not shown)

  NOTE: a complete listing of the restraints can be obtained by requesting
        output of .geo file.

                   ----------xray_structure summary----------                  

Number of scattering types: 4
  Type Number    sf(0)   Gaussians
   O      14      7.97       1
   N      13      6.97       1
   C      26      5.97       1
   H      41      1.00       1
  sf(0) = scattering factor at diffraction angle 0.
Number of scatterers: 94
At special positions: 0
Unit cell: (16.291, 18.744, 30.715, 90, 90, 90)
Space group: P 1 (No. 1)

End of input processing
   input {
     xray_data {
       file_name = /scratch/m_zhen01/2800.libra00/data.mtz
       labels = None
       high_resolution = None
       low_resolution = None
       outliers_rejection = True
       french_wilson_scale = True
       french_wilson {
         max_bins = 60
         min_bin_size = 40
       }
       sigma_fobs_rejection_criterion = None
       sigma_iobs_rejection_criterion = None
       ignore_all_zeros = True
       force_anomalous_flag_to_be_equal_to = None
       convert_to_non_anomalous_if_ratio_pairs_lone_less_than_threshold = 0.5
       r_free_flags {
         file_name = None
         label = None
         test_flag_value = None
         ignore_r_free_flags = False
         disable_suitability_test = False
         ignore_pdb_hexdigest = False
         generate = False
         fraction = 0.1
         max_free = 2000
         lattice_symmetry_max_delta = 5
         use_lattice_symmetry = True
         use_dataman_shells = False
         n_shells = 20
       }
     }
     pdb {
       file_name = /scratch/m_zhen01/2800.libra00/perturbed/1.2/9.pdb
     }
     monomers {
       file_name = None
     }
     sequence = None
     scattering_table = wk1995 it1992 *n_gaussian neutron
     wavelength = None
     energy = None
     twin_law = None
   }
   sf_algorithm = *direct fft
   restraints = cctbx *qm
   qm_calculator = *mopac terachem
   mode = opt *refine
   number_of_macro_cycles = 50
   number_of_micro_cycles = 50
   data_weight = None
   output_file_name_prefix = None
   output_folder_name = ./results/refine_qm/./1.2/
   use_convergence_test = True
   update_all_scales = False
   refinement_target_name = *ml ls_wunit_k1
   max_bond_rmsd = 0.03
   use_r_free = True
   r_tolerance = 0.001
   rmsd_tolerance = 0.01
   refine_sites = True
   refine_adp = False
r_work=0.4109 r_free=0.3356
start:   0 Rw: 0.4109 Rf: 0.3356 rmsd(b):  0.0172 restraints_weight_scale:  1.0
 Convergence at micro_cycle: 4
macro_cycle:   1 Rw: 0.0406 Rf: 0.1059 rmsd(b):  0.0380 restraints_weight_scale:  1.0
 Convergence at micro_cycle: 4
macro_cycle:   2 Rw: 0.0437 Rf: 0.1070 rmsd(b):  0.0316 restraints_weight_scale:  2.0
 Convergence at micro_cycle: 5
macro_cycle:   3 Rw: 0.0471 Rf: 0.1023 rmsd(b):  0.0290 restraints_weight_scale:  4.0
 Convergence at micro_cycle: 6
macro_cycle:   4 Rw: 0.0492 Rf: 0.0947 rmsd(b):  0.0291 restraints_weight_scale:  8.0
 Convergence at macro_cycle: 4
Best r_work: 0.0492 r_free: 0.0947
See 9_refined.pdb in ./results/refine_qm/./1.2/ folder.
Time: 1002.2249
