/home/m_zhen01/phenix-1.10.1-2155/build/../modules:/home/m_zhen01/phenix-1.10.1-2155/build/../modules/cctbx_project:/home/m_zhen01/phenix-1.10.1-2155/build/../modules/phenix:/home/m_zhen01/phenix-1.10.1-2155/build/../modules/reel:/home/m_zhen01/phenix-1.10.1-2155/build/../modules/phaser:/home/m_zhen01/phenix-1.10.1-2155/build/../modules/tntbx:/home/m_zhen01/phenix-1.10.1-2155/build/../modules/elbow:/home/m_zhen01/phenix-1.10.1-2155/build/../modules/PyQuante:/home/m_zhen01/phenix-1.10.1-2155/build/../modules/cctbx_project/boost_adaptbx:/home/m_zhen01/phenix-1.10.1-2155/build/../modules/cctbx_project/libtbx/pythonpath:/home/m_zhen01/phenix-1.10.1-2155/build/lib

============================== Collecting inputs ==============================


                   ----------Processing X-ray data----------                   

F-obs:
  /scratch/m_zhen01/1390.libra00/data.mtz:F(ake)obs
Miller array info: None
Observation type: xray.amplitude
Type of data: double, size=160
Type of sigmas: None
Number of Miller indices: 160
Anomalous flag: False
Unit cell: (16.291, 18.744, 30.715, 90, 90, 90)
Space group: P 1 (No. 1)
Systematic absences: 0
Centric reflections: 0
Resolution range: 3.97988 3.50665
Completeness in resolution range: 1
Completeness with d_max=infinity: 0.345572

Number of F-obs in resolution range:                   160
Number of F-obs<0 (these reflections will be rejected): 0
Number of F-obs=0 (these reflections will be used in refinement): 0
Refinement resolution range: d_max =   3.9799
                             d_min =   3.5066

R-free flags:
  /scratch/m_zhen01/1390.libra00/data.mtz:R-free-flags
Miller array info: /scratch/m_zhen01/1390.libra00/data.mtz:R-free-flags
Observation type: None
Type of data: int, size=160
Type of sigmas: None
Number of Miller indices: 160
Anomalous flag: False
Unit cell: (16.291, 18.744, 30.715, 90, 90, 90)
Space group: P 1 (No. 1)
Systematic absences: 0
Centric reflections: 0
Resolution range: 3.97988 3.50665
Completeness in resolution range: 1
Completeness with d_max=infinity: 0.345572
Wavelength: 1.0000

Test (R-free flags) flag value: 1

Number of work/free reflections by resolution:
                                   work free  %free
  bin  1: 3.9799 - 3.9204 [28/28 ]   28    0   0.0%
  bin  2: 3.9204 - 3.8644 [ 4/4  ]    4    0   0.0%
  bin  3: 3.8644 - 3.8114 [19/19 ]   13    6  31.6%
  bin  4: 3.8114 - 3.7612 [16/16 ]   16    0   0.0%
  bin  5: 3.7612 - 3.7135 [15/15 ]   13    2  13.3%
  bin  6: 3.7135 - 3.6682 [ 8/8  ]    8    0   0.0%
  bin  7: 3.6682 - 3.6250 [24/24 ]   24    0   0.0%
  bin  8: 3.6250 - 3.5838 [12/12 ]   10    2  16.7%
  bin  9: 3.5838 - 3.5444 [16/16 ]   16    0   0.0%
  bin 10: 3.5444 - 3.5066 [18/18 ]   14    4  22.2%
                           overall  146   14   8.8%

                   ----------Processing PDB file(s)----------                  

  Monomer Library directory:
    "/home/m/m_zhen01/phenix-1.10.1-2155/modules/chem_data/mon_lib"
  Total number of atoms: 94
  Number of models: 1
  Model: ""
    Number of chains: 1
    Chain: "A"
      Number of atoms: 94
      Number of conformers: 1
      Conformer: ""
        Number of residues, atoms: 13, 94
          Classifications: {'peptide': 13}
          Modifications used: {'NH2NOTPRO': 1, 'COOH': 1}
          Link IDs: {'TRANS': 12}
  Time building chain proxies: 0.04, per 1000 atoms: 0.43
  Number of scatterers: 94
  At special positions: 0
  Unit cell: (16.291, 18.744, 30.715, 90, 90, 90)
  Space group: P 1 (No. 1)
  Number of sites at special positions: 0
  Number of scattering types: 4
    Type Number    sf(0)
     O      14      8.00
     N      13      7.00
     C      26      6.00
     H      41      1.00
    sf(0) = scattering factor at diffraction angle 0.

  Number of disulfides: simple=0, symmetry=0

  Automatic linking
    Parameters for automatic linking
      Linking & cutoffs
        Metal                : False - 3.50
        Amimo acid           : False - 1.90
        Carbohydrate         : True  - 1.99
        Ligands              : True  - 1.99
        Amino acid - RNA/DNA : False
      
  Number of custom bonds: simple=0, symmetry=0
  Time building additional restraints: 0.03
  Conformation dependent library (CDL) restraints added in 8.4 milliseconds
  
  Adding C-beta torsion restraints...
  Number of C-beta restraints generated:  0
  Time building geometry restraints manager: 0.03 seconds

  NOTE: a complete listing of the restraints can be obtained by requesting
        output of .geo file.

  Histogram of bond lengths:
        0.95 -     1.07: 16
        1.07 -     1.19: 26
        1.19 -     1.31: 13
        1.31 -     1.44: 16
        1.44 -     1.56: 22
  Bond restraints: 93
  Sorted by residual:
  bond pdb=" N   GLY A  91 "
       pdb=" H   GLY A  91 "
    ideal  model  delta    sigma   weight residual
    0.860  1.052 -0.192 2.00e-02 2.50e+03 9.26e+01
  bond pdb=" N   GLY A  94 "
       pdb=" H   GLY A  94 "
    ideal  model  delta    sigma   weight residual
    0.860  1.037 -0.177 2.00e-02 2.50e+03 7.81e+01
  bond pdb=" N   GLY A  89 "
       pdb=" H   GLY A  89 "
    ideal  model  delta    sigma   weight residual
    0.860  1.031 -0.171 2.00e-02 2.50e+03 7.28e+01
  bond pdb=" N   GLY A  96 "
       pdb=" H   GLY A  96 "
    ideal  model  delta    sigma   weight residual
    0.860  1.026 -0.166 2.00e-02 2.50e+03 6.91e+01
  bond pdb=" N   GLY A  88 "
       pdb=" H   GLY A  88 "
    ideal  model  delta    sigma   weight residual
    0.860  1.025 -0.165 2.00e-02 2.50e+03 6.83e+01
  ... (remaining 88 not shown)

  Histogram of bond angle deviations from ideal:
      103.96 -   109.27: 40
      109.27 -   114.59: 46
      114.59 -   119.90: 31
      119.90 -   125.22: 33
      125.22 -   130.53: 6
  Bond angle restraints: 156
  Sorted by residual:
  angle pdb=" C   GLY A  90 "
        pdb=" N   GLY A  91 "
        pdb=" CA  GLY A  91 "
      ideal   model   delta    sigma   weight residual
     120.03  117.55    2.48 1.12e+00 7.97e-01 4.88e+00
  angle pdb=" O   GLY A  97 "
        pdb=" C   GLY A  97 "
        pdb=" N   GLY A  98 "
      ideal   model   delta    sigma   weight residual
     122.19  124.21   -2.02 9.60e-01 1.09e+00 4.43e+00
  angle pdb=" C   GLY A  97 "
        pdb=" N   GLY A  98 "
        pdb=" H   GLY A  98 "
      ideal   model   delta    sigma   weight residual
     124.30  130.53   -6.23 3.00e+00 1.11e-01 4.31e+00
  angle pdb=" N   GLY A  93 "
        pdb=" CA  GLY A  93 "
        pdb=" HA2 GLY A  93 "
      ideal   model   delta    sigma   weight residual
     110.00  103.96    6.04 3.00e+00 1.11e-01 4.05e+00
  angle pdb=" C   GLY A  94 "
        pdb=" N   GLY A  95 "
        pdb=" CA  GLY A  95 "
      ideal   model   delta    sigma   weight residual
     119.94  122.15   -2.21 1.11e+00 8.12e-01 3.97e+00
  ... (remaining 151 not shown)

  Histogram of dihedral angle deviations from ideal:
        0.38 -    35.78: 13
       35.78 -    71.17: 0
       71.17 -   106.57: 0
      106.57 -   141.96: 0
      141.96 -   177.36: 1
  Dihedral angle restraints: 14
    sinusoidal: 1
      harmonic: 13
  Sorted by residual:
  dihedral pdb=" O   GLY A  99 "
           pdb=" C   GLY A  99 "
           pdb=" OXT GLY A  99 "
           pdb=" HXT GLY A  99 "
      ideal   model   delta  harmonic     sigma   weight residual
       0.00 -177.36  177.36     0      3.00e+01 1.11e-03 3.50e+01
  dihedral pdb=" CA  GLY A  90 "
           pdb=" C   GLY A  90 "
           pdb=" N   GLY A  91 "
           pdb=" CA  GLY A  91 "
      ideal   model   delta  harmonic     sigma   weight residual
     180.00  165.02   14.98     0      5.00e+00 4.00e-02 8.98e+00
  dihedral pdb=" CA  GLY A  98 "
           pdb=" C   GLY A  98 "
           pdb=" N   GLY A  99 "
           pdb=" CA  GLY A  99 "
      ideal   model   delta  harmonic     sigma   weight residual
     180.00  165.81   14.19     0      5.00e+00 4.00e-02 8.05e+00
  ... (remaining 11 not shown)

  Chirality restraints: 0

  Planarity restraints: 25
  Sorted by residual:
                                 delta    sigma   weight rms_deltas residual
  plane pdb=" C   GLY A  91 "   -0.007 2.00e-02 2.50e+03   1.34e-02 1.79e+00
        pdb=" N   GLY A  92 "    0.023 2.00e-02 2.50e+03
        pdb=" CA  GLY A  92 "   -0.006 2.00e-02 2.50e+03
        pdb=" H   GLY A  92 "   -0.009 2.00e-02 2.50e+03
                                 delta    sigma   weight rms_deltas residual
  plane pdb=" CA  GLY A  89 "    0.006 2.00e-02 2.50e+03   1.19e-02 1.43e+00
        pdb=" C   GLY A  89 "   -0.021 2.00e-02 2.50e+03
        pdb=" O   GLY A  89 "    0.008 2.00e-02 2.50e+03
        pdb=" N   GLY A  90 "    0.007 2.00e-02 2.50e+03
                                 delta    sigma   weight rms_deltas residual
  plane pdb=" CA  GLY A  99 "   -0.002 2.00e-02 2.50e+03   1.05e-02 1.39e+00
        pdb=" C   GLY A  99 "    0.019 2.00e-02 2.50e+03
        pdb=" O   GLY A  99 "   -0.011 2.00e-02 2.50e+03
        pdb=" OXT GLY A  99 "    0.003 2.00e-02 2.50e+03
        pdb=" HXT GLY A  99 "   -0.008 2.00e-02 2.50e+03
  ... (remaining 22 not shown)

  Histogram of nonbonded interaction distances:
        1.58 -     2.23: 17
        2.23 -     2.89: 146
        2.89 -     3.54: 239
        3.54 -     4.19: 251
        4.19 -     4.84: 360
  Nonbonded interactions: 1013
  Sorted by model distance:
  nonbonded pdb=" O   GLY A  90 "
            pdb=" H   GLY A  94 "
     model   vdw
     1.582 1.970
  nonbonded pdb=" O   GLY A  89 "
            pdb=" H   GLY A  92 "
     model   vdw
     1.654 1.970
  nonbonded pdb=" O   GLY A  89 "
            pdb=" H   GLY A  93 "
     model   vdw
     1.712 1.970
  nonbonded pdb=" O   GLY A  95 "
            pdb=" H   GLY A  99 "
     model   vdw
     1.892 1.970
  nonbonded pdb=" O   GLY A  87 "
            pdb=" H   GLY A  91 "
     model   vdw
     1.948 1.970
  ... (remaining 1008 not shown)

  NOTE: a complete listing of the restraints can be obtained by requesting
        output of .geo file.

                   ----------xray_structure summary----------                  

Number of scattering types: 4
  Type Number    sf(0)   Gaussians
   O      14      7.97       1
   N      13      6.97       1
   C      26      5.97       1
   H      41      1.00       1
  sf(0) = scattering factor at diffraction angle 0.
Number of scatterers: 94
At special positions: 0
Unit cell: (16.291, 18.744, 30.715, 90, 90, 90)
Space group: P 1 (No. 1)

End of input processing
r_work=0.4031 r_free=0.4903
params.data_weight: None
params.restraints: qm
rmsd(b), start:  0.0123
Initial weight optimization counter: 1
Initial weight optimization counter: 2
Initial weight optimization counter: 3
initial_restraints_weight_scale 16.0
mc:   0 Rw: 0.2106 Rf: 0.2636 rmsd(b):  0.0255 restraint_scale: 16.0 min_steps: 52
mc:   1 Rw: 0.1597 Rf: 0.2174 rmsd(b):  0.0264 restraint_scale: 16.0 min_steps: 31
mc:   2 Rw: 0.1373 Rf: 0.1843 rmsd(b):  0.0290 restraint_scale: 16.0 min_steps: 18
mc:   3 Rw: 0.1283 Rf: 0.1697 rmsd(b):  0.0297 restraint_scale: 16.0 min_steps: 10
mc:   4 Rw: 0.1209 Rf: 0.1687 rmsd(b):  0.0304 restraint_scale: 32.0 min_steps: 21
mc:   5 Rw: 0.1431 Rf: 0.1832 rmsd(b):  0.0237 restraint_scale: 32.0 min_steps: 14
mc:   6 Rw: 0.1467 Rf: 0.1900 rmsd(b):  0.0233 restraint_scale: 32.0 min_steps: 8
mc:   7 Rw: 0.1482 Rf: 0.1916 rmsd(b):  0.0231 restraint_scale: 32.0 min_steps: 5
mc:   8 Rw: 0.1606 Rf: 0.2006 rmsd(b):  0.0208 restraint_scale: 32.0 min_steps: 13
mc:   9 Rw: 0.1639 Rf: 0.2057 rmsd(b):  0.0212 restraint_scale: 32.0 min_steps: 10
mc:  10 Rw: 0.1505 Rf: 0.1887 rmsd(b):  0.0234 restraint_scale: 32.0 min_steps: 7
mc:  11 Rw: 0.1544 Rf: 0.1912 rmsd(b):  0.0222 restraint_scale: 32.0 min_steps: 10
mc:  12 Rw: 0.1512 Rf: 0.1892 rmsd(b):  0.0229 restraint_scale: 32.0 min_steps: 8
mc:  13 Rw: 0.1293 Rf: 0.1671 rmsd(b):  0.0275 restraint_scale: 32.0 min_steps: 13
mc:  14 Rw: 0.1814 Rf: 0.1860 rmsd(b):  0.0204 restraint_scale: 32.0 min_steps: 49
mc:  15 Rw: 0.1585 Rf: 0.1777 rmsd(b):  0.0230 restraint_scale: 32.0 min_steps: 15
mc:  16 Rw: 0.1633 Rf: 0.1813 rmsd(b):  0.0211 restraint_scale: 32.0 min_steps: 6
mc:  17 Rw: 0.1617 Rf: 0.1793 rmsd(b):  0.0217 restraint_scale: 32.0 min_steps: 3
mc:  18 Rw: 0.1823 Rf: 0.1897 rmsd(b):  0.0193 restraint_scale: 32.0 min_steps: 27
mc:  19 Rw: 0.1549 Rf: 0.1767 rmsd(b):  0.0236 restraint_scale: 32.0 min_steps: 15
mc:  20 Rw: 0.1605 Rf: 0.1807 rmsd(b):  0.0218 restraint_scale: 32.0 min_steps: 10
mc:  21 Rw: 0.1781 Rf: 0.1944 rmsd(b):  0.0199 restraint_scale: 32.0 min_steps: 14
mc:  22 Rw: 0.1635 Rf: 0.1803 rmsd(b):  0.0218 restraint_scale: 32.0 min_steps: 18
mc:  23 Rw: 0.1724 Rf: 0.1892 rmsd(b):  0.0205 restraint_scale: 32.0 min_steps: 9
mc:  24 Rw: 0.1709 Rf: 0.1881 rmsd(b):  0.0208 restraint_scale: 32.0 min_steps: 7
mc:  25 Rw: 0.1709 Rf: 0.1881 rmsd(b):  0.0208 restraint_scale: 32.0 min_steps: 1
Convergence reached, stop now.
best mc:    18
 r_factor (best): 0.18228
see the result structure:  ./results_b_rmsd_0.03_terachem_selectrmsd_max32/refine_qm/./0.3/1.pdb
Time: 21340.5984
