/home/m_zhen01/phenix-1.10.1-2155/build/../modules:/home/m_zhen01/phenix-1.10.1-2155/build/../modules/cctbx_project:/home/m_zhen01/phenix-1.10.1-2155/build/../modules/phenix:/home/m_zhen01/phenix-1.10.1-2155/build/../modules/reel:/home/m_zhen01/phenix-1.10.1-2155/build/../modules/phaser:/home/m_zhen01/phenix-1.10.1-2155/build/../modules/tntbx:/home/m_zhen01/phenix-1.10.1-2155/build/../modules/elbow:/home/m_zhen01/phenix-1.10.1-2155/build/../modules/PyQuante:/home/m_zhen01/phenix-1.10.1-2155/build/../modules/cctbx_project/boost_adaptbx:/home/m_zhen01/phenix-1.10.1-2155/build/../modules/cctbx_project/libtbx/pythonpath:/home/m_zhen01/phenix-1.10.1-2155/build/lib

============================== Collecting inputs ==============================


                   ----------Processing X-ray data----------                   

F-obs:
  /scratch/m_zhen01/1390.libra00/data.mtz:F(ake)obs
Miller array info: None
Observation type: xray.amplitude
Type of data: double, size=160
Type of sigmas: None
Number of Miller indices: 160
Anomalous flag: False
Unit cell: (16.291, 18.744, 30.715, 90, 90, 90)
Space group: P 1 (No. 1)
Systematic absences: 0
Centric reflections: 0
Resolution range: 3.97988 3.50665
Completeness in resolution range: 1
Completeness with d_max=infinity: 0.345572

Number of F-obs in resolution range:                   160
Number of F-obs<0 (these reflections will be rejected): 0
Number of F-obs=0 (these reflections will be used in refinement): 0
Refinement resolution range: d_max =   3.9799
                             d_min =   3.5066

R-free flags:
  /scratch/m_zhen01/1390.libra00/data.mtz:R-free-flags
Miller array info: /scratch/m_zhen01/1390.libra00/data.mtz:R-free-flags
Observation type: None
Type of data: int, size=160
Type of sigmas: None
Number of Miller indices: 160
Anomalous flag: False
Unit cell: (16.291, 18.744, 30.715, 90, 90, 90)
Space group: P 1 (No. 1)
Systematic absences: 0
Centric reflections: 0
Resolution range: 3.97988 3.50665
Completeness in resolution range: 1
Completeness with d_max=infinity: 0.345572
Wavelength: 1.0000

Test (R-free flags) flag value: 1

Number of work/free reflections by resolution:
                                   work free  %free
  bin  1: 3.9799 - 3.9204 [28/28 ]   28    0   0.0%
  bin  2: 3.9204 - 3.8644 [ 4/4  ]    4    0   0.0%
  bin  3: 3.8644 - 3.8114 [19/19 ]   13    6  31.6%
  bin  4: 3.8114 - 3.7612 [16/16 ]   16    0   0.0%
  bin  5: 3.7612 - 3.7135 [15/15 ]   13    2  13.3%
  bin  6: 3.7135 - 3.6682 [ 8/8  ]    8    0   0.0%
  bin  7: 3.6682 - 3.6250 [24/24 ]   24    0   0.0%
  bin  8: 3.6250 - 3.5838 [12/12 ]   10    2  16.7%
  bin  9: 3.5838 - 3.5444 [16/16 ]   16    0   0.0%
  bin 10: 3.5444 - 3.5066 [18/18 ]   14    4  22.2%
                           overall  146   14   8.8%

                   ----------Processing PDB file(s)----------                  

  Monomer Library directory:
    "/home/m/m_zhen01/phenix-1.10.1-2155/modules/chem_data/mon_lib"
  Total number of atoms: 94
  Number of models: 1
  Model: ""
    Number of chains: 1
    Chain: "A"
      Number of atoms: 94
      Number of conformers: 1
      Conformer: ""
        Number of residues, atoms: 13, 94
          Classifications: {'peptide': 13}
          Modifications used: {'NH2NOTPRO': 1, 'COOH': 1}
          Link IDs: {'TRANS': 12}
  Time building chain proxies: 0.04, per 1000 atoms: 0.43
  Number of scatterers: 94
  At special positions: 0
  Unit cell: (16.291, 18.744, 30.715, 90, 90, 90)
  Space group: P 1 (No. 1)
  Number of sites at special positions: 0
  Number of scattering types: 4
    Type Number    sf(0)
     O      14      8.00
     N      13      7.00
     C      26      6.00
     H      41      1.00
    sf(0) = scattering factor at diffraction angle 0.

  Number of disulfides: simple=0, symmetry=0

  Automatic linking
    Parameters for automatic linking
      Linking & cutoffs
        Metal                : False - 3.50
        Amimo acid           : False - 1.90
        Carbohydrate         : True  - 1.99
        Ligands              : True  - 1.99
        Amino acid - RNA/DNA : False
      
  Number of custom bonds: simple=0, symmetry=0
  Time building additional restraints: 0.03
  Conformation dependent library (CDL) restraints added in 9.2 milliseconds
  
  Adding C-beta torsion restraints...
  Number of C-beta restraints generated:  0
  Time building geometry restraints manager: 0.03 seconds

  NOTE: a complete listing of the restraints can be obtained by requesting
        output of .geo file.

  Histogram of bond lengths:
        0.94 -     1.06: 17
        1.06 -     1.18: 25
        1.18 -     1.30: 12
        1.30 -     1.41: 13
        1.41 -     1.53: 26
  Bond restraints: 93
  Sorted by residual:
  bond pdb=" N   GLY A  89 "
       pdb=" H   GLY A  89 "
    ideal  model  delta    sigma   weight residual
    0.860  1.057 -0.197 2.00e-02 2.50e+03 9.70e+01
  bond pdb=" N   GLY A  91 "
       pdb=" H   GLY A  91 "
    ideal  model  delta    sigma   weight residual
    0.860  1.044 -0.184 2.00e-02 2.50e+03 8.44e+01
  bond pdb=" N   GLY A  99 "
       pdb=" H   GLY A  99 "
    ideal  model  delta    sigma   weight residual
    0.860  1.040 -0.180 2.00e-02 2.50e+03 8.08e+01
  bond pdb=" N   GLY A  93 "
       pdb=" H   GLY A  93 "
    ideal  model  delta    sigma   weight residual
    0.860  1.040 -0.180 2.00e-02 2.50e+03 8.08e+01
  bond pdb=" N   GLY A  94 "
       pdb=" H   GLY A  94 "
    ideal  model  delta    sigma   weight residual
    0.860  1.033 -0.173 2.00e-02 2.50e+03 7.47e+01
  ... (remaining 88 not shown)

  Histogram of bond angle deviations from ideal:
       99.69 -   105.21: 8
      105.21 -   110.74: 44
      110.74 -   116.26: 43
      116.26 -   121.78: 38
      121.78 -   127.31: 23
  Bond angle restraints: 156
  Sorted by residual:
  angle pdb=" N   GLY A  87 "
        pdb=" CA  GLY A  87 "
        pdb=" HA2 GLY A  87 "
      ideal   model   delta    sigma   weight residual
     110.00   99.69   10.31 3.00e+00 1.11e-01 1.18e+01
  angle pdb=" CA  GLY A  95 "
        pdb=" C   GLY A  95 "
        pdb=" O   GLY A  95 "
      ideal   model   delta    sigma   weight residual
     119.45  122.67   -3.22 1.18e+00 7.18e-01 7.44e+00
  angle pdb=" N   GLY A  94 "
        pdb=" CA  GLY A  94 "
        pdb=" HA2 GLY A  94 "
      ideal   model   delta    sigma   weight residual
     110.00  103.93    6.07 3.00e+00 1.11e-01 4.09e+00
  angle pdb=" N   GLY A  89 "
        pdb=" CA  GLY A  89 "
        pdb=" HA2 GLY A  89 "
      ideal   model   delta    sigma   weight residual
     110.00  104.28    5.72 3.00e+00 1.11e-01 3.63e+00
  angle pdb=" HA2 GLY A  88 "
        pdb=" CA  GLY A  88 "
        pdb=" HA3 GLY A  88 "
      ideal   model   delta    sigma   weight residual
     109.00  103.59    5.41 3.00e+00 1.11e-01 3.25e+00
  ... (remaining 151 not shown)

  Histogram of dihedral angle deviations from ideal:
        1.53 -    36.19: 13
       36.19 -    70.85: 0
       70.85 -   105.51: 0
      105.51 -   140.17: 0
      140.17 -   174.82: 1
  Dihedral angle restraints: 14
    sinusoidal: 1
      harmonic: 13
  Sorted by residual:
  dihedral pdb=" O   GLY A  99 "
           pdb=" C   GLY A  99 "
           pdb=" OXT GLY A  99 "
           pdb=" HXT GLY A  99 "
      ideal   model   delta  harmonic     sigma   weight residual
       0.00 -174.82  174.82     0      3.00e+01 1.11e-03 3.40e+01
  dihedral pdb=" CA  GLY A  87 "
           pdb=" C   GLY A  87 "
           pdb=" N   GLY A  88 "
           pdb=" CA  GLY A  88 "
      ideal   model   delta  harmonic     sigma   weight residual
     180.00  170.23    9.77     0      5.00e+00 4.00e-02 3.82e+00
  dihedral pdb=" CA  GLY A  91 "
           pdb=" C   GLY A  91 "
           pdb=" N   GLY A  92 "
           pdb=" CA  GLY A  92 "
      ideal   model   delta  harmonic     sigma   weight residual
     180.00  172.57    7.43     0      5.00e+00 4.00e-02 2.21e+00
  ... (remaining 11 not shown)

  Chirality restraints: 0

  Planarity restraints: 25
  Sorted by residual:
                                 delta    sigma   weight rms_deltas residual
  plane pdb=" CA  GLY A  99 "   -0.002 2.00e-02 2.50e+03   1.97e-02 4.85e+00
        pdb=" C   GLY A  99 "    0.028 2.00e-02 2.50e+03
        pdb=" O   GLY A  99 "   -0.022 2.00e-02 2.50e+03
        pdb=" OXT GLY A  99 "    0.015 2.00e-02 2.50e+03
        pdb=" HXT GLY A  99 "   -0.020 2.00e-02 2.50e+03
                                 delta    sigma   weight rms_deltas residual
  plane pdb=" C   GLY A  91 "   -0.009 2.00e-02 2.50e+03   1.73e-02 3.00e+00
        pdb=" N   GLY A  92 "    0.030 2.00e-02 2.50e+03
        pdb=" CA  GLY A  92 "   -0.008 2.00e-02 2.50e+03
        pdb=" H   GLY A  92 "   -0.012 2.00e-02 2.50e+03
                                 delta    sigma   weight rms_deltas residual
  plane pdb=" CA  GLY A  92 "   -0.007 2.00e-02 2.50e+03   1.43e-02 2.04e+00
        pdb=" C   GLY A  92 "    0.025 2.00e-02 2.50e+03
        pdb=" O   GLY A  92 "   -0.009 2.00e-02 2.50e+03
        pdb=" N   GLY A  93 "   -0.008 2.00e-02 2.50e+03
  ... (remaining 22 not shown)

  Histogram of nonbonded interaction distances:
        1.60 -     2.24: 12
        2.24 -     2.89: 158
        2.89 -     3.54: 230
        3.54 -     4.19: 224
        4.19 -     4.84: 383
  Nonbonded interactions: 1007
  Sorted by model distance:
  nonbonded pdb=" O   GLY A  87 "
            pdb=" H   GLY A  91 "
     model   vdw
     1.596 1.970
  nonbonded pdb=" O   GLY A  90 "
            pdb=" H   GLY A  94 "
     model   vdw
     1.826 1.970
  nonbonded pdb=" O   GLY A  88 "
            pdb=" H   GLY A  92 "
     model   vdw
     1.841 1.970
  nonbonded pdb=" O   GLY A  89 "
            pdb=" H   GLY A  93 "
     model   vdw
     1.850 1.970
  nonbonded pdb=" HA2 GLY A  87 "
            pdb=" HT1 GLY A  87 "
     model   vdw
     1.888 1.816
  ... (remaining 1002 not shown)

  NOTE: a complete listing of the restraints can be obtained by requesting
        output of .geo file.

                   ----------xray_structure summary----------                  

Number of scattering types: 4
  Type Number    sf(0)   Gaussians
   O      14      7.97       1
   N      13      6.97       1
   C      26      5.97       1
   H      41      1.00       1
  sf(0) = scattering factor at diffraction angle 0.
Number of scatterers: 94
At special positions: 0
Unit cell: (16.291, 18.744, 30.715, 90, 90, 90)
Space group: P 1 (No. 1)

End of input processing
r_work=0.3764 r_free=0.4528
params.data_weight: None
params.restraints: qm
rmsd(b), start:  0.0170
Initial weight optimization counter: 1
Initial weight optimization counter: 2
Initial weight optimization counter: 3
Initial weight optimization counter: 4
initial_restraints_weight_scale 8.0
mc:   0 Rw: 0.1768 Rf: 0.2543 rmsd(b):  0.0261 restraint_scale:  8.0 min_steps: 53
mc:   1 Rw: 0.1265 Rf: 0.1868 rmsd(b):  0.0344 restraint_scale: 16.0 min_steps: 16
mc:   2 Rw: 0.1202 Rf: 0.1677 rmsd(b):  0.0313 restraint_scale: 32.0 min_steps: 27
mc:   3 Rw: 0.1388 Rf: 0.1811 rmsd(b):  0.0246 restraint_scale: 32.0 min_steps: 13
mc:   4 Rw: 0.1420 Rf: 0.1849 rmsd(b):  0.0233 restraint_scale: 32.0 min_steps: 7
mc:   5 Rw: 0.1443 Rf: 0.1866 rmsd(b):  0.0234 restraint_scale: 32.0 min_steps: 4
mc:   6 Rw: 0.1506 Rf: 0.1911 rmsd(b):  0.0225 restraint_scale: 32.0 min_steps: 9
mc:   7 Rw: 0.1647 Rf: 0.2000 rmsd(b):  0.0207 restraint_scale: 32.0 min_steps: 17
mc:   8 Rw: 0.1636 Rf: 0.1997 rmsd(b):  0.0214 restraint_scale: 32.0 min_steps: 6
mc:   9 Rw: 0.1488 Rf: 0.1750 rmsd(b):  0.0237 restraint_scale: 32.0 min_steps: 6
mc:  10 Rw: 0.1566 Rf: 0.1866 rmsd(b):  0.0217 restraint_scale: 32.0 min_steps: 7
mc:  11 Rw: 0.1496 Rf: 0.1751 rmsd(b):  0.0228 restraint_scale: 32.0 min_steps: 8
mc:  12 Rw: 0.1365 Rf: 0.1586 rmsd(b):  0.0257 restraint_scale: 32.0 min_steps: 11
mc:  13 Rw: 0.1835 Rf: 0.1912 rmsd(b):  0.0202 restraint_scale: 32.0 min_steps: 29
mc:  14 Rw: 0.1572 Rf: 0.1743 rmsd(b):  0.0237 restraint_scale: 32.0 min_steps: 15
mc:  15 Rw: 0.1714 Rf: 0.1865 rmsd(b):  0.0211 restraint_scale: 32.0 min_steps: 13
mc:  16 Rw: 0.1616 Rf: 0.1725 rmsd(b):  0.0220 restraint_scale: 32.0 min_steps: 11
mc:  17 Rw: 0.1750 Rf: 0.1907 rmsd(b):  0.0207 restraint_scale: 32.0 min_steps: 13
mc:  18 Rw: 0.1519 Rf: 0.1639 rmsd(b):  0.0242 restraint_scale: 32.0 min_steps: 13
mc:  19 Rw: 0.1646 Rf: 0.1777 rmsd(b):  0.0216 restraint_scale: 32.0 min_steps: 8
mc:  20 Rw: 0.1821 Rf: 0.1913 rmsd(b):  0.0193 restraint_scale: 32.0 min_steps: 17
mc:  21 Rw: 0.1658 Rf: 0.1749 rmsd(b):  0.0220 restraint_scale: 32.0 min_steps: 15
mc:  22 Rw: 0.1743 Rf: 0.1858 rmsd(b):  0.0199 restraint_scale: 32.0 min_steps: 8
mc:  23 Rw: 0.1959 Rf: 0.1900 rmsd(b):  0.0194 restraint_scale: 32.0 min_steps: 32
mc:  24 Rw: 0.1714 Rf: 0.1876 rmsd(b):  0.0216 restraint_scale: 32.0 min_steps: 20
mc:  25 Rw: 0.1732 Rf: 0.1887 rmsd(b):  0.0215 restraint_scale: 32.0 min_steps: 3
mc:  26 Rw: 0.1650 Rf: 0.1769 rmsd(b):  0.0225 restraint_scale: 32.0 min_steps: 14
mc:  27 Rw: 0.1653 Rf: 0.1773 rmsd(b):  0.0224 restraint_scale: 32.0 min_steps: 4
Convergence reached, stop now.
best mc:    20
 r_factor (best): 0.18213
see the result structure:  ./results_b_rmsd_0.03_terachem_selectrmsd_max32/refine_qm/./0.3/4.pdb
Time: 23149.7457
