/home/m_zhen01/phenix-1.10.1-2155/build/../modules:/home/m_zhen01/phenix-1.10.1-2155/build/../modules/cctbx_project:/home/m_zhen01/phenix-1.10.1-2155/build/../modules/phenix:/home/m_zhen01/phenix-1.10.1-2155/build/../modules/reel:/home/m_zhen01/phenix-1.10.1-2155/build/../modules/phaser:/home/m_zhen01/phenix-1.10.1-2155/build/../modules/tntbx:/home/m_zhen01/phenix-1.10.1-2155/build/../modules/elbow:/home/m_zhen01/phenix-1.10.1-2155/build/../modules/PyQuante:/home/m_zhen01/phenix-1.10.1-2155/build/../modules/cctbx_project/boost_adaptbx:/home/m_zhen01/phenix-1.10.1-2155/build/../modules/cctbx_project/libtbx/pythonpath:/home/m_zhen01/phenix-1.10.1-2155/build/lib

============================== Collecting inputs ==============================


                   ----------Processing X-ray data----------                   

F-obs:
  /scratch/m_zhen01/1390.libra00/data.mtz:F(ake)obs
Miller array info: None
Observation type: xray.amplitude
Type of data: double, size=160
Type of sigmas: None
Number of Miller indices: 160
Anomalous flag: False
Unit cell: (16.291, 18.744, 30.715, 90, 90, 90)
Space group: P 1 (No. 1)
Systematic absences: 0
Centric reflections: 0
Resolution range: 3.97988 3.50665
Completeness in resolution range: 1
Completeness with d_max=infinity: 0.345572

Number of F-obs in resolution range:                   160
Number of F-obs<0 (these reflections will be rejected): 0
Number of F-obs=0 (these reflections will be used in refinement): 0
Refinement resolution range: d_max =   3.9799
                             d_min =   3.5066

R-free flags:
  /scratch/m_zhen01/1390.libra00/data.mtz:R-free-flags
Miller array info: /scratch/m_zhen01/1390.libra00/data.mtz:R-free-flags
Observation type: None
Type of data: int, size=160
Type of sigmas: None
Number of Miller indices: 160
Anomalous flag: False
Unit cell: (16.291, 18.744, 30.715, 90, 90, 90)
Space group: P 1 (No. 1)
Systematic absences: 0
Centric reflections: 0
Resolution range: 3.97988 3.50665
Completeness in resolution range: 1
Completeness with d_max=infinity: 0.345572
Wavelength: 1.0000

Test (R-free flags) flag value: 1

Number of work/free reflections by resolution:
                                   work free  %free
  bin  1: 3.9799 - 3.9204 [28/28 ]   28    0   0.0%
  bin  2: 3.9204 - 3.8644 [ 4/4  ]    4    0   0.0%
  bin  3: 3.8644 - 3.8114 [19/19 ]   13    6  31.6%
  bin  4: 3.8114 - 3.7612 [16/16 ]   16    0   0.0%
  bin  5: 3.7612 - 3.7135 [15/15 ]   13    2  13.3%
  bin  6: 3.7135 - 3.6682 [ 8/8  ]    8    0   0.0%
  bin  7: 3.6682 - 3.6250 [24/24 ]   24    0   0.0%
  bin  8: 3.6250 - 3.5838 [12/12 ]   10    2  16.7%
  bin  9: 3.5838 - 3.5444 [16/16 ]   16    0   0.0%
  bin 10: 3.5444 - 3.5066 [18/18 ]   14    4  22.2%
                           overall  146   14   8.8%

                   ----------Processing PDB file(s)----------                  

  Monomer Library directory:
    "/home/m/m_zhen01/phenix-1.10.1-2155/modules/chem_data/mon_lib"
  Total number of atoms: 94
  Number of models: 1
  Model: ""
    Number of chains: 1
    Chain: "A"
      Number of atoms: 94
      Number of conformers: 1
      Conformer: ""
        Number of residues, atoms: 13, 94
          Classifications: {'peptide': 13}
          Modifications used: {'NH2NOTPRO': 1, 'COOH': 1}
          Link IDs: {'TRANS': 12}
  Time building chain proxies: 0.04, per 1000 atoms: 0.43
  Number of scatterers: 94
  At special positions: 0
  Unit cell: (16.291, 18.744, 30.715, 90, 90, 90)
  Space group: P 1 (No. 1)
  Number of sites at special positions: 0
  Number of scattering types: 4
    Type Number    sf(0)
     O      14      8.00
     N      13      7.00
     C      26      6.00
     H      41      1.00
    sf(0) = scattering factor at diffraction angle 0.

  Number of disulfides: simple=0, symmetry=0

  Automatic linking
    Parameters for automatic linking
      Linking & cutoffs
        Metal                : False - 3.50
        Amimo acid           : False - 1.90
        Carbohydrate         : True  - 1.99
        Ligands              : True  - 1.99
        Amino acid - RNA/DNA : False
      
  Number of custom bonds: simple=0, symmetry=0
  Time building additional restraints: 0.03
  Conformation dependent library (CDL) restraints added in 8.6 milliseconds
  
  Adding C-beta torsion restraints...
  Number of C-beta restraints generated:  0
  Time building geometry restraints manager: 0.03 seconds

  NOTE: a complete listing of the restraints can be obtained by requesting
        output of .geo file.

  Histogram of bond lengths:
        0.94 -     1.06: 15
        1.06 -     1.18: 26
        1.18 -     1.30: 13
        1.30 -     1.41: 13
        1.41 -     1.53: 26
  Bond restraints: 93
  Sorted by residual:
  bond pdb=" N   GLY A  89 "
       pdb=" H   GLY A  89 "
    ideal  model  delta    sigma   weight residual
    0.860  1.052 -0.192 2.00e-02 2.50e+03 9.19e+01
  bond pdb=" N   GLY A  95 "
       pdb=" H   GLY A  95 "
    ideal  model  delta    sigma   weight residual
    0.860  1.051 -0.191 2.00e-02 2.50e+03 9.11e+01
  bond pdb=" N   GLY A  98 "
       pdb=" H   GLY A  98 "
    ideal  model  delta    sigma   weight residual
    0.860  1.041 -0.181 2.00e-02 2.50e+03 8.22e+01
  bond pdb=" N   GLY A  96 "
       pdb=" H   GLY A  96 "
    ideal  model  delta    sigma   weight residual
    0.860  1.038 -0.178 2.00e-02 2.50e+03 7.94e+01
  bond pdb=" N   GLY A  93 "
       pdb=" H   GLY A  93 "
    ideal  model  delta    sigma   weight residual
    0.860  1.027 -0.167 2.00e-02 2.50e+03 6.98e+01
  ... (remaining 88 not shown)

  Histogram of bond angle deviations from ideal:
      101.99 -   107.67: 20
      107.67 -   113.36: 62
      113.36 -   119.04: 27
      119.04 -   124.73: 41
      124.73 -   130.41: 6
  Bond angle restraints: 156
  Sorted by residual:
  angle pdb=" C   GLY A  87 "
        pdb=" CA  GLY A  87 "
        pdb=" HA2 GLY A  87 "
      ideal   model   delta    sigma   weight residual
     109.00  101.99    7.01 3.00e+00 1.11e-01 5.47e+00
  angle pdb=" N   GLY A  87 "
        pdb=" CA  GLY A  87 "
        pdb=" HA2 GLY A  87 "
      ideal   model   delta    sigma   weight residual
     110.00  116.51   -6.51 3.00e+00 1.11e-01 4.71e+00
  angle pdb=" C   GLY A  97 "
        pdb=" N   GLY A  98 "
        pdb=" H   GLY A  98 "
      ideal   model   delta    sigma   weight residual
     124.30  130.41   -6.11 3.00e+00 1.11e-01 4.15e+00
  angle pdb=" N   GLY A  90 "
        pdb=" CA  GLY A  90 "
        pdb=" C   GLY A  90 "
      ideal   model   delta    sigma   weight residual
     112.50  110.45    2.05 1.16e+00 7.43e-01 3.14e+00
  angle pdb=" C   GLY A  90 "
        pdb=" CA  GLY A  90 "
        pdb=" HA2 GLY A  90 "
      ideal   model   delta    sigma   weight residual
     109.00  103.70    5.30 3.00e+00 1.11e-01 3.12e+00
  ... (remaining 151 not shown)

  Histogram of dihedral angle deviations from ideal:
        0.02 -    35.70: 13
       35.70 -    71.38: 0
       71.38 -   107.06: 0
      107.06 -   142.75: 0
      142.75 -   178.43: 1
  Dihedral angle restraints: 14
    sinusoidal: 1
      harmonic: 13
  Sorted by residual:
  dihedral pdb=" O   GLY A  99 "
           pdb=" C   GLY A  99 "
           pdb=" OXT GLY A  99 "
           pdb=" HXT GLY A  99 "
      ideal   model   delta  harmonic     sigma   weight residual
       0.00  178.43 -178.43     0      3.00e+01 1.11e-03 3.54e+01
  dihedral pdb=" CA  GLY A  97 "
           pdb=" C   GLY A  97 "
           pdb=" N   GLY A  98 "
           pdb=" CA  GLY A  98 "
      ideal   model   delta  harmonic     sigma   weight residual
     180.00  169.53   10.47     0      5.00e+00 4.00e-02 4.39e+00
  dihedral pdb=" CA  GLY A  94 "
           pdb=" C   GLY A  94 "
           pdb=" N   GLY A  95 "
           pdb=" CA  GLY A  95 "
      ideal   model   delta  harmonic     sigma   weight residual
     180.00  170.37    9.63     0      5.00e+00 4.00e-02 3.71e+00
  ... (remaining 11 not shown)

  Chirality restraints: 0

  Planarity restraints: 25
  Sorted by residual:
                                 delta    sigma   weight rms_deltas residual
  plane pdb=" C   GLY A  87 "    0.010 2.00e-02 2.50e+03   1.78e-02 3.18e+00
        pdb=" N   GLY A  88 "   -0.031 2.00e-02 2.50e+03
        pdb=" CA  GLY A  88 "    0.009 2.00e-02 2.50e+03
        pdb=" H   GLY A  88 "    0.012 2.00e-02 2.50e+03
                                 delta    sigma   weight rms_deltas residual
  plane pdb=" CA  GLY A  96 "   -0.008 2.00e-02 2.50e+03   1.52e-02 2.32e+00
        pdb=" C   GLY A  96 "    0.026 2.00e-02 2.50e+03
        pdb=" O   GLY A  96 "   -0.010 2.00e-02 2.50e+03
        pdb=" N   GLY A  97 "   -0.009 2.00e-02 2.50e+03
                                 delta    sigma   weight rms_deltas residual
  plane pdb=" C   GLY A  94 "    0.008 2.00e-02 2.50e+03   1.41e-02 1.98e+00
        pdb=" N   GLY A  95 "   -0.024 2.00e-02 2.50e+03
        pdb=" CA  GLY A  95 "    0.007 2.00e-02 2.50e+03
        pdb=" H   GLY A  95 "    0.010 2.00e-02 2.50e+03
  ... (remaining 22 not shown)

  Histogram of nonbonded interaction distances:
        1.50 -     2.17: 6
        2.17 -     2.84: 142
        2.84 -     3.50: 234
        3.50 -     4.17: 244
        4.17 -     4.84: 382
  Nonbonded interactions: 1008
  Sorted by model distance:
  nonbonded pdb=" O   GLY A  95 "
            pdb=" H   GLY A  99 "
     model   vdw
     1.503 1.970
  nonbonded pdb=" O   GLY A  93 "
            pdb=" H   GLY A  97 "
     model   vdw
     1.764 1.970
  nonbonded pdb=" O   GLY A  87 "
            pdb=" H   GLY A  91 "
     model   vdw
     1.875 1.970
  nonbonded pdb=" O   GLY A  90 "
            pdb=" H   GLY A  94 "
     model   vdw
     1.926 1.970
  nonbonded pdb=" HT2 GLY A  87 "
            pdb=" H   GLY A  88 "
     model   vdw
     2.159 2.100
  ... (remaining 1003 not shown)

  NOTE: a complete listing of the restraints can be obtained by requesting
        output of .geo file.

                   ----------xray_structure summary----------                  

Number of scattering types: 4
  Type Number    sf(0)   Gaussians
   O      14      7.97       1
   N      13      6.97       1
   C      26      5.97       1
   H      41      1.00       1
  sf(0) = scattering factor at diffraction angle 0.
Number of scatterers: 94
At special positions: 0
Unit cell: (16.291, 18.744, 30.715, 90, 90, 90)
Space group: P 1 (No. 1)

End of input processing
r_work=0.4089 r_free=0.4184
params.data_weight: None
params.restraints: qm
rmsd(b), start:  0.0149
Initial weight optimization counter: 1
Initial weight optimization counter: 2
Initial weight optimization counter: 3
Initial weight optimization counter: 4
initial_restraints_weight_scale 8.0
mc:   0 Rw: 0.1760 Rf: 0.2351 rmsd(b):  0.0270 restraint_scale:  8.0 min_steps: 52
mc:   1 Rw: 0.1211 Rf: 0.1982 rmsd(b):  0.0337 restraint_scale: 16.0 min_steps: 28
mc:   2 Rw: 0.1238 Rf: 0.1884 rmsd(b):  0.0298 restraint_scale: 16.0 min_steps: 12
mc:   3 Rw: 0.1250 Rf: 0.1868 rmsd(b):  0.0273 restraint_scale: 16.0 min_steps: 8
mc:   4 Rw: 0.1239 Rf: 0.1695 rmsd(b):  0.0291 restraint_scale: 16.0 min_steps: 14
mc:   5 Rw: 0.1288 Rf: 0.1680 rmsd(b):  0.0273 restraint_scale: 16.0 min_steps: 12
mc:   6 Rw: 0.1303 Rf: 0.1693 rmsd(b):  0.0267 restraint_scale: 16.0 min_steps: 3
mc:   7 Rw: 0.1329 Rf: 0.1733 rmsd(b):  0.0252 restraint_scale: 16.0 min_steps: 7
mc:   8 Rw: 0.1306 Rf: 0.1691 rmsd(b):  0.0263 restraint_scale: 16.0 min_steps: 7
mc:   9 Rw: 0.1234 Rf: 0.1609 rmsd(b):  0.0284 restraint_scale: 16.0 min_steps: 9
mc:  10 Rw: 0.1351 Rf: 0.1706 rmsd(b):  0.0255 restraint_scale: 16.0 min_steps: 8
mc:  11 Rw: 0.1247 Rf: 0.1594 rmsd(b):  0.0282 restraint_scale: 16.0 min_steps: 13
mc:  12 Rw: 0.1147 Rf: 0.1493 rmsd(b):  0.0318 restraint_scale: 32.0 min_steps: 8
mc:  13 Rw: 0.1908 Rf: 0.1975 rmsd(b):  0.0203 restraint_scale: 32.0 min_steps: 47
mc:  14 Rw: 0.1624 Rf: 0.1753 rmsd(b):  0.0225 restraint_scale: 32.0 min_steps: 21
mc:  15 Rw: 0.1674 Rf: 0.1781 rmsd(b):  0.0211 restraint_scale: 32.0 min_steps: 11
mc:  16 Rw: 0.1628 Rf: 0.1713 rmsd(b):  0.0219 restraint_scale: 32.0 min_steps: 6
mc:  17 Rw: 0.1814 Rf: 0.1884 rmsd(b):  0.0196 restraint_scale: 32.0 min_steps: 16
mc:  18 Rw: 0.1517 Rf: 0.1667 rmsd(b):  0.0241 restraint_scale: 32.0 min_steps: 16
mc:  19 Rw: 0.1628 Rf: 0.1761 rmsd(b):  0.0216 restraint_scale: 32.0 min_steps: 13
mc:  20 Rw: 0.1821 Rf: 0.1893 rmsd(b):  0.0194 restraint_scale: 32.0 min_steps: 22
mc:  21 Rw: 0.1636 Rf: 0.1732 rmsd(b):  0.0217 restraint_scale: 32.0 min_steps: 11
mc:  22 Rw: 0.1706 Rf: 0.1825 rmsd(b):  0.0203 restraint_scale: 32.0 min_steps: 15
mc:  23 Rw: 0.1733 Rf: 0.1853 rmsd(b):  0.0204 restraint_scale: 32.0 min_steps: 7
mc:  24 Rw: 0.1688 Rf: 0.1811 rmsd(b):  0.0214 restraint_scale: 32.0 min_steps: 5
mc:  25 Rw: 0.1708 Rf: 0.1830 rmsd(b):  0.0209 restraint_scale: 32.0 min_steps: 4
mc:  26 Rw: 0.1609 Rf: 0.1720 rmsd(b):  0.0223 restraint_scale: 32.0 min_steps: 7
mc:  27 Rw: 0.1637 Rf: 0.1750 rmsd(b):  0.0216 restraint_scale: 32.0 min_steps: 4
mc:  28 Rw: 0.1621 Rf: 0.1742 rmsd(b):  0.0218 restraint_scale: 32.0 min_steps: 12
mc:  29 Rw: 0.1415 Rf: 0.1680 rmsd(b):  0.0242 restraint_scale: 32.0 min_steps: 17
mc:  30 Rw: 0.1439 Rf: 0.1686 rmsd(b):  0.0235 restraint_scale: 32.0 min_steps: 8
mc:  31 Rw: 0.1662 Rf: 0.1905 rmsd(b):  0.0210 restraint_scale: 32.0 min_steps: 11
mc:  32 Rw: 0.1526 Rf: 0.1750 rmsd(b):  0.0231 restraint_scale: 32.0 min_steps: 7
mc:  33 Rw: 0.1527 Rf: 0.1753 rmsd(b):  0.0231 restraint_scale: 32.0 min_steps: 4
Convergence reached, stop now.
best mc:    20
 r_factor (best): 0.18206
see the result structure:  ./results_b_rmsd_0.03_terachem_selectrmsd_max32/refine_qm/./0.3/6.pdb
Time: 26719.9362
