
============================== Collecting inputs ==============================


                   ----------Processing X-ray data----------                   

F-obs:
  /nfsexp/homes/m_zhen01/QR/1us0_pm7_cleanup/data.mtz:FMODEL
Miller array info: None
Observation type: xray.amplitude
Type of data: double, size=211
Type of sigmas: None
Number of Miller indices: 211
Anomalous flag: False
Unit cell: (16.291, 18.744, 30.715, 90, 90, 90)
Space group: P 1 (No. 1)
Systematic absences: 0
Centric reflections: 0
Resolution range: 5.93968 4
Completeness in resolution range: 1
Completeness with d_max=infinity: 0.69637

Number of F-obs in resolution range:                   211
Number of F-obs<0 (these reflections will be rejected): 0
Number of F-obs=0 (these reflections will be used in refinement): 0
Refinement resolution range: d_max =   5.9397
                             d_min =   4.0000

R-free flags:
  /nfsexp/homes/m_zhen01/QR/1us0_pm7_cleanup/data.mtz:R-free-flags
Miller array info: /nfsexp/homes/m_zhen01/QR/1us0_pm7_cleanup/data.mtz:R-free-flags
Observation type: None
Type of data: int, size=211
Type of sigmas: None
Number of Miller indices: 211
Anomalous flag: False
Unit cell: (16.291, 18.744, 30.715, 90, 90, 90)
Space group: P 1 (No. 1)
Systematic absences: 0
Centric reflections: 0
Resolution range: 5.93968 4
Completeness in resolution range: 1
Completeness with d_max=infinity: 0.69637
Wavelength: 1.0000

Test (R-free flags) flag value: 1

Number of work/free reflections by resolution:
                                  work free  %free
  bin  1: 5.9397 - 5.5475 [24/24]   22    2   8.3%
  bin  2: 5.5475 - 5.2419 [21/21]   19    2   9.5%
  bin  3: 5.2419 - 4.9942 [15/15]   13    2  13.3%
  bin  4: 4.9942 - 4.7875 [28/28]   25    3  10.7%
  bin  5: 4.7875 - 4.6113 [29/29]   26    3  10.3%
  bin  6: 4.6113 - 4.4584 [14/14]   13    1   7.1%
  bin  7: 4.4584 - 4.3240 [19/19]   17    2  10.5%
  bin  8: 4.3240 - 4.2045 [26/26]   23    3  11.5%
  bin  9: 4.2045 - 4.0971 [14/14]   13    1   7.1%
  bin 10: 4.0971 - 4.0000 [21/21]   19    2   9.5%
                          overall  190   21  10.0%

                   ----------Processing PDB file(s)----------                  

  Monomer Library directory:
    "/home/m/m_zhen01/phenix-1.10.1-2155/modules/chem_data/mon_lib"
  Total number of atoms: 94
  Number of models: 1
  Model: ""
    Number of chains: 1
    Chain: "A"
      Number of atoms: 94
      Number of conformers: 1
      Conformer: ""
        Number of residues, atoms: 13, 94
          Classifications: {'peptide': 13}
          Modifications used: {'NH2NOTPRO': 1, 'COOH': 1}
          Link IDs: {'TRANS': 12}
  Time building chain proxies: 0.03, per 1000 atoms: 0.32
  Number of scatterers: 94
  At special positions: 0
  Unit cell: (16.291, 18.744, 30.715, 90, 90, 90)
  Space group: P 1 (No. 1)
  Number of sites at special positions: 0
  Number of scattering types: 4
    Type Number    sf(0)
     O      14      8.00
     N      13      7.00
     C      26      6.00
     H      41      1.00
    sf(0) = scattering factor at diffraction angle 0.

  Number of disulfides: simple=0, symmetry=0

  Automatic linking
    Parameters for automatic linking
      Linking & cutoffs
        Metal                : False - 3.50
        Amimo acid           : False - 1.90
        Carbohydrate         : True  - 1.99
        Ligands              : True  - 1.99
        Amino acid - RNA/DNA : False
      
  Number of custom bonds: simple=0, symmetry=0
  Time building additional restraints: 0.02
  Conformation dependent library (CDL) restraints added in 5.4 milliseconds
  
  Adding C-beta torsion restraints...
  Number of C-beta restraints generated:  0
  Time building geometry restraints manager: 0.02 seconds

  NOTE: a complete listing of the restraints can be obtained by requesting
        output of .geo file.

  Histogram of bond lengths:
        0.93 -     1.05: 14
        1.05 -     1.17: 27
        1.17 -     1.29: 13
        1.29 -     1.41: 13
        1.41 -     1.53: 26
  Bond restraints: 93
  Sorted by residual:
  bond pdb=" N   GLY A  91 "
       pdb=" H   GLY A  91 "
    ideal  model  delta    sigma   weight residual
    0.860  1.057 -0.197 2.00e-02 2.50e+03 9.72e+01
  bond pdb=" N   GLY A  89 "
       pdb=" H   GLY A  89 "
    ideal  model  delta    sigma   weight residual
    0.860  1.045 -0.185 2.00e-02 2.50e+03 8.58e+01
  bond pdb=" N   GLY A  95 "
       pdb=" H   GLY A  95 "
    ideal  model  delta    sigma   weight residual
    0.860  1.031 -0.171 2.00e-02 2.50e+03 7.33e+01
  bond pdb=" N   GLY A  92 "
       pdb=" H   GLY A  92 "
    ideal  model  delta    sigma   weight residual
    0.860  1.030 -0.170 2.00e-02 2.50e+03 7.23e+01
  bond pdb=" N   GLY A  88 "
       pdb=" H   GLY A  88 "
    ideal  model  delta    sigma   weight residual
    0.860  1.029 -0.169 2.00e-02 2.50e+03 7.13e+01
  ... (remaining 88 not shown)

  Histogram of bond angle deviations from ideal:
      100.79 -   105.98: 9
      105.98 -   111.18: 48
      111.18 -   116.37: 36
      116.37 -   121.57: 37
      121.57 -   126.76: 26
  Bond angle restraints: 156
  Sorted by residual:
  angle pdb=" N   GLY A  96 "
        pdb=" CA  GLY A  96 "
        pdb=" C   GLY A  96 "
      ideal   model   delta    sigma   weight residual
     114.16  110.48    3.68 1.21e+00 6.83e-01 9.23e+00
  angle pdb=" C   GLY A  97 "
        pdb=" CA  GLY A  97 "
        pdb=" HA3 GLY A  97 "
      ideal   model   delta    sigma   weight residual
     109.00  100.79    8.21 3.00e+00 1.11e-01 7.50e+00
  angle pdb=" N   GLY A  94 "
        pdb=" CA  GLY A  94 "
        pdb=" C   GLY A  94 "
      ideal   model   delta    sigma   weight residual
     114.66  111.56    3.10 1.24e+00 6.50e-01 6.24e+00
  angle pdb=" N   GLY A  87 "
        pdb=" CA  GLY A  87 "
        pdb=" HA3 GLY A  87 "
      ideal   model   delta    sigma   weight residual
     110.00  116.66   -6.66 3.00e+00 1.11e-01 4.93e+00
  angle pdb=" O   GLY A  98 "
        pdb=" C   GLY A  98 "
        pdb=" N   GLY A  99 "
      ideal   model   delta    sigma   weight residual
     122.73  120.42    2.31 1.12e+00 7.97e-01 4.26e+00
  ... (remaining 151 not shown)

  Histogram of dihedral angle deviations from ideal:
        0.24 -    35.91: 13
       35.91 -    71.58: 0
       71.58 -   107.26: 0
      107.26 -   142.93: 0
      142.93 -   178.60: 1
  Dihedral angle restraints: 14
    sinusoidal: 1
      harmonic: 13
  Sorted by residual:
  dihedral pdb=" O   GLY A  99 "
           pdb=" C   GLY A  99 "
           pdb=" OXT GLY A  99 "
           pdb=" HXT GLY A  99 "
      ideal   model   delta  harmonic     sigma   weight residual
       0.00  178.60 -178.60     0      3.00e+01 1.11e-03 3.54e+01
  dihedral pdb=" CA  GLY A  98 "
           pdb=" C   GLY A  98 "
           pdb=" N   GLY A  99 "
           pdb=" CA  GLY A  99 "
      ideal   model   delta  harmonic     sigma   weight residual
     180.00  171.96    8.04     0      5.00e+00 4.00e-02 2.59e+00
  dihedral pdb=" CA  GLY A  93 "
           pdb=" C   GLY A  93 "
           pdb=" N   GLY A  94 "
           pdb=" CA  GLY A  94 "
      ideal   model   delta  harmonic     sigma   weight residual
     180.00  173.14    6.86     0      5.00e+00 4.00e-02 1.88e+00
  ... (remaining 11 not shown)

  Chirality restraints: 0

  Planarity restraints: 25
  Sorted by residual:
                                 delta    sigma   weight rms_deltas residual
  plane pdb=" CA  GLY A  98 "   -0.006 2.00e-02 2.50e+03   1.21e-02 1.47e+00
        pdb=" C   GLY A  98 "    0.021 2.00e-02 2.50e+03
        pdb=" O   GLY A  98 "   -0.008 2.00e-02 2.50e+03
        pdb=" N   GLY A  99 "   -0.007 2.00e-02 2.50e+03
                                 delta    sigma   weight rms_deltas residual
  plane pdb=" CA  GLY A  90 "   -0.006 2.00e-02 2.50e+03   1.14e-02 1.30e+00
        pdb=" C   GLY A  90 "    0.020 2.00e-02 2.50e+03
        pdb=" O   GLY A  90 "   -0.007 2.00e-02 2.50e+03
        pdb=" N   GLY A  91 "   -0.007 2.00e-02 2.50e+03
                                 delta    sigma   weight rms_deltas residual
  plane pdb=" C   GLY A  91 "    0.006 2.00e-02 2.50e+03   1.09e-02 1.18e+00
        pdb=" N   GLY A  92 "   -0.019 2.00e-02 2.50e+03
        pdb=" CA  GLY A  92 "    0.005 2.00e-02 2.50e+03
        pdb=" H   GLY A  92 "    0.008 2.00e-02 2.50e+03
  ... (remaining 22 not shown)

  Histogram of nonbonded interaction distances:
        1.68 -     2.31: 13
        2.31 -     2.94: 164
        2.94 -     3.57: 206
        3.57 -     4.21: 225
        4.21 -     4.84: 355
  Nonbonded interactions: 963
  Sorted by model distance:
  nonbonded pdb=" O   GLY A  91 "
            pdb=" H   GLY A  94 "
     model   vdw
     1.681 1.970
  nonbonded pdb=" O   GLY A  92 "
            pdb=" H   GLY A  95 "
     model   vdw
     1.756 1.970
  nonbonded pdb=" O   GLY A  88 "
            pdb=" H   GLY A  92 "
     model   vdw
     1.814 1.970
  nonbonded pdb=" O   GLY A  92 "
            pdb=" H   GLY A  96 "
     model   vdw
     2.012 1.970
  nonbonded pdb=" H   GLY A  89 "
            pdb=" HA3 GLY A  89 "
     model   vdw
     2.152 1.816
  ... (remaining 958 not shown)

  NOTE: a complete listing of the restraints can be obtained by requesting
        output of .geo file.

                   ----------xray_structure summary----------                  

Number of scattering types: 4
  Type Number    sf(0)   Gaussians
   O      14      7.97       1
   N      13      6.97       1
   C      26      5.97       1
   H      41      1.00       1
  sf(0) = scattering factor at diffraction angle 0.
Number of scatterers: 94
At special positions: 0
Unit cell: (16.291, 18.744, 30.715, 90, 90, 90)
Space group: P 1 (No. 1)

End of input processing
   input {
     xray_data {
       file_name = /nfsexp/homes/m_zhen01/QR/1us0_pm7_cleanup/data.mtz
       labels = None
       high_resolution = None
       low_resolution = None
       outliers_rejection = True
       french_wilson_scale = True
       french_wilson {
         max_bins = 60
         min_bin_size = 40
       }
       sigma_fobs_rejection_criterion = None
       sigma_iobs_rejection_criterion = None
       ignore_all_zeros = True
       force_anomalous_flag_to_be_equal_to = None
       convert_to_non_anomalous_if_ratio_pairs_lone_less_than_threshold = 0.5
       r_free_flags {
         file_name = None
         label = None
         test_flag_value = None
         ignore_r_free_flags = False
         disable_suitability_test = False
         ignore_pdb_hexdigest = False
         generate = False
         fraction = 0.1
         max_free = 2000
         lattice_symmetry_max_delta = 5
         use_lattice_symmetry = True
         use_dataman_shells = False
         n_shells = 20
       }
     }
     pdb {
       file_name = /nfsexp/homes/m_zhen01/QR/1us0_pm7_cleanup/perturbed/0.6/9.pdb
     }
     monomers {
       file_name = None
     }
     sequence = None
     scattering_table = wk1995 it1992 *n_gaussian neutron
     wavelength = None
     energy = None
     twin_law = None
   }
   sf_algorithm = *direct fft
   restraints = *cctbx qm
   qm_calculator = mopac *terachem
   mode = opt *refine
   number_of_macro_cycles = 50
   number_of_micro_cycles = 50
   data_weight = None
   output_file_name_prefix = None
   output_folder_name = ./results_cleanup/refine_cctbx/./0.6/
   use_convergence_test = True
   update_all_scales = False
   refinement_target_name = *ml ls_wunit_k1
   max_bond_rmsd = 0.03
   use_r_free = True
   r_tolerance = 0.001
   rmsd_tolerance = 0.01
   refine_sites = True
   refine_adp = False
r_work=0.3063 r_free=0.2437
start:   0 Rw: 0.3063 Rf: 0.2437 rmsd(b):  0.0183 restraints_weight_scale:  1.0
 Convergence at micro_cycle: 5
macro_cycle:   1 Rw: 0.0360 Rf: 0.0830 rmsd(b):  0.0258 restraints_weight_scale:  1.0
 Convergence at macro_cycle: 1
Best r_work: 0.0360 r_free: 0.0830
See 9_refined.pdb in ./results_cleanup/refine_cctbx/./0.6/ folder.
Time: 3.3182
