
============================== Collecting inputs ==============================


                   ----------Processing X-ray data----------                   

F-obs:
  /Users/minzheng/QR/helix/data.mtz:F(ake)obs
Miller array info: None
Observation type: xray.amplitude
Type of data: double, size=160
Type of sigmas: None
Number of Miller indices: 160
Anomalous flag: False
Unit cell: (16.291, 18.744, 30.715, 90, 90, 90)
Space group: P 1 (No. 1)
Systematic absences: 0
Centric reflections: 0
Resolution range: 3.97988 3.50665
Completeness in resolution range: 1
Completeness with d_max=infinity: 0.345572

Number of F-obs in resolution range:                   160
Number of F-obs<0 (these reflections will be rejected): 0
Number of F-obs=0 (these reflections will be used in refinement): 0
Refinement resolution range: d_max =   3.9799
                             d_min =   3.5066

R-free flags:
  /Users/minzheng/QR/helix/data.mtz:R-free-flags
Miller array info: /Users/minzheng/QR/helix/data.mtz:R-free-flags
Observation type: None
Type of data: int, size=160
Type of sigmas: None
Number of Miller indices: 160
Anomalous flag: False
Unit cell: (16.291, 18.744, 30.715, 90, 90, 90)
Space group: P 1 (No. 1)
Systematic absences: 0
Centric reflections: 0
Resolution range: 3.97988 3.50665
Completeness in resolution range: 1
Completeness with d_max=infinity: 0.345572
Wavelength: 1.0000

Test (R-free flags) flag value: 1

Number of work/free reflections by resolution:
                                   work free  %free
  bin  1: 3.9799 - 3.9204 [28/28 ]   28    0   0.0%
  bin  2: 3.9204 - 3.8644 [ 4/4  ]    4    0   0.0%
  bin  3: 3.8644 - 3.8114 [19/19 ]   13    6  31.6%
  bin  4: 3.8114 - 3.7612 [16/16 ]   16    0   0.0%
  bin  5: 3.7612 - 3.7135 [15/15 ]   13    2  13.3%
  bin  6: 3.7135 - 3.6682 [ 8/8  ]    8    0   0.0%
  bin  7: 3.6682 - 3.6250 [24/24 ]   24    0   0.0%
  bin  8: 3.6250 - 3.5838 [12/12 ]   10    2  16.7%
  bin  9: 3.5838 - 3.5444 [16/16 ]   16    0   0.0%
  bin 10: 3.5444 - 3.5066 [18/18 ]   14    4  22.2%
                           overall  146   14   8.8%

                   ----------Processing PDB file(s)----------                  

  Monomer Library directory:
    "/Users/Shared/bin/phenix/phenix-1.10.1-2155/modules/chem_data/mon_lib"
  Total number of atoms: 94
  Number of models: 1
  Model: ""
    Number of chains: 1
    Chain: "A"
      Number of atoms: 94
      Number of conformers: 1
      Conformer: ""
        Number of residues, atoms: 13, 94
          Classifications: {'peptide': 13}
          Modifications used: {'NH2NOTPRO': 1, 'COOH': 1}
          Link IDs: {'TRANS': 12}
  Time building chain proxies: 0.04, per 1000 atoms: 0.43
  Number of scatterers: 94
  At special positions: 0
  Unit cell: (16.291, 18.744, 30.715, 90, 90, 90)
  Space group: P 1 (No. 1)
  Number of sites at special positions: 0
  Number of scattering types: 4
    Type Number    sf(0)
     O      14      8.00
     N      13      7.00
     C      26      6.00
     H      41      1.00
    sf(0) = scattering factor at diffraction angle 0.

  Number of disulfides: simple=0, symmetry=0

  Automatic linking
    Parameters for automatic linking
      Linking & cutoffs
        Metal                : False - 3.50
        Amimo acid           : False - 1.90
        Carbohydrate         : True  - 1.99
        Ligands              : True  - 1.99
        Amino acid - RNA/DNA : False
      
  Number of custom bonds: simple=0, symmetry=0
  Time building additional restraints: 0.02
  Conformation dependent library (CDL) restraints added in 4.6 milliseconds
  
  Adding C-beta torsion restraints...
  Number of C-beta restraints generated:  0
  Time building geometry restraints manager: 0.02 seconds

  NOTE: a complete listing of the restraints can be obtained by requesting
        output of .geo file.

  Histogram of bond lengths:
        0.95 -     1.06: 15
        1.06 -     1.18: 27
        1.18 -     1.29: 12
        1.29 -     1.41: 13
        1.41 -     1.53: 26
  Bond restraints: 93
  Sorted by residual:
  bond pdb=" N   GLY A  88 "
       pdb=" H   GLY A  88 "
    ideal  model  delta    sigma   weight residual
    0.860  1.050 -0.190 2.00e-02 2.50e+03 9.06e+01
  bond pdb=" N   GLY A  91 "
       pdb=" H   GLY A  91 "
    ideal  model  delta    sigma   weight residual
    0.860  1.045 -0.185 2.00e-02 2.50e+03 8.57e+01
  bond pdb=" N   GLY A  93 "
       pdb=" H   GLY A  93 "
    ideal  model  delta    sigma   weight residual
    0.860  1.035 -0.175 2.00e-02 2.50e+03 7.69e+01
  bond pdb=" N   GLY A  92 "
       pdb=" H   GLY A  92 "
    ideal  model  delta    sigma   weight residual
    0.860  1.035 -0.175 2.00e-02 2.50e+03 7.64e+01
  bond pdb=" N   GLY A  97 "
       pdb=" H   GLY A  97 "
    ideal  model  delta    sigma   weight residual
    0.860  1.026 -0.166 2.00e-02 2.50e+03 6.91e+01
  ... (remaining 88 not shown)

  Histogram of bond angle deviations from ideal:
      103.37 -   108.12: 24
      108.12 -   112.87: 51
      112.87 -   117.62: 25
      117.62 -   122.37: 40
      122.37 -   127.12: 16
  Bond angle restraints: 156
  Sorted by residual:
  angle pdb=" C   GLY A  98 "
        pdb=" N   GLY A  99 "
        pdb=" CA  GLY A  99 "
      ideal   model   delta    sigma   weight residual
     121.70  127.12   -5.42 1.80e+00 3.09e-01 9.07e+00
  angle pdb=" N   GLY A  90 "
        pdb=" CA  GLY A  90 "
        pdb=" C   GLY A  90 "
      ideal   model   delta    sigma   weight residual
     115.66  111.52    4.14 1.56e+00 4.11e-01 7.03e+00
  angle pdb=" N   GLY A  95 "
        pdb=" CA  GLY A  95 "
        pdb=" C   GLY A  95 "
      ideal   model   delta    sigma   weight residual
     115.66  112.08    3.58 1.56e+00 4.11e-01 5.26e+00
  angle pdb=" N   GLY A  93 "
        pdb=" CA  GLY A  93 "
        pdb=" C   GLY A  93 "
      ideal   model   delta    sigma   weight residual
     114.66  111.92    2.74 1.24e+00 6.50e-01 4.88e+00
  angle pdb=" N   GLY A  88 "
        pdb=" CA  GLY A  88 "
        pdb=" C   GLY A  88 "
      ideal   model   delta    sigma   weight residual
     115.62  111.90    3.72 1.71e+00 3.42e-01 4.73e+00
  ... (remaining 151 not shown)

  Histogram of dihedral angle deviations from ideal:
        0.41 -    35.84: 13
       35.84 -    71.26: 0
       71.26 -   106.69: 0
      106.69 -   142.12: 0
      142.12 -   177.54: 1
  Dihedral angle restraints: 14
    sinusoidal: 1
      harmonic: 13
  Sorted by residual:
  dihedral pdb=" O   GLY A  99 "
           pdb=" C   GLY A  99 "
           pdb=" OXT GLY A  99 "
           pdb=" HXT GLY A  99 "
      ideal   model   delta  harmonic     sigma   weight residual
       0.00  177.54 -177.54     0      3.00e+01 1.11e-03 3.50e+01
  dihedral pdb=" CA  GLY A  87 "
           pdb=" C   GLY A  87 "
           pdb=" N   GLY A  88 "
           pdb=" CA  GLY A  88 "
      ideal   model   delta  harmonic     sigma   weight residual
     180.00  171.78    8.22     0      5.00e+00 4.00e-02 2.70e+00
  dihedral pdb=" CA  GLY A  97 "
           pdb=" C   GLY A  97 "
           pdb=" N   GLY A  98 "
           pdb=" CA  GLY A  98 "
      ideal   model   delta  harmonic     sigma   weight residual
    -180.00 -173.85   -6.15     0      5.00e+00 4.00e-02 1.51e+00
  ... (remaining 11 not shown)

  Chirality restraints: 0

  Planarity restraints: 25
  Sorted by residual:
                                 delta    sigma   weight rms_deltas residual
  plane pdb=" CA  GLY A  97 "    0.010 2.00e-02 2.50e+03   2.11e-02 4.46e+00
        pdb=" C   GLY A  97 "   -0.037 2.00e-02 2.50e+03
        pdb=" O   GLY A  97 "    0.014 2.00e-02 2.50e+03
        pdb=" N   GLY A  98 "    0.012 2.00e-02 2.50e+03
                                 delta    sigma   weight rms_deltas residual
  plane pdb=" C   GLY A  98 "   -0.012 2.00e-02 2.50e+03   2.05e-02 4.20e+00
        pdb=" N   GLY A  99 "    0.035 2.00e-02 2.50e+03
        pdb=" CA  GLY A  99 "   -0.010 2.00e-02 2.50e+03
        pdb=" H   GLY A  99 "   -0.013 2.00e-02 2.50e+03
                                 delta    sigma   weight rms_deltas residual
  plane pdb=" CA  GLY A  87 "    0.009 2.00e-02 2.50e+03   1.78e-02 3.16e+00
        pdb=" C   GLY A  87 "   -0.031 2.00e-02 2.50e+03
        pdb=" O   GLY A  87 "    0.011 2.00e-02 2.50e+03
        pdb=" N   GLY A  88 "    0.010 2.00e-02 2.50e+03
  ... (remaining 22 not shown)

  Histogram of nonbonded interaction distances:
        2.07 -     2.63: 72
        2.63 -     3.18: 159
        3.18 -     3.73: 167
        3.73 -     4.29: 181
        4.29 -     4.84: 291
  Nonbonded interactions: 870
  Sorted by model distance:
  nonbonded pdb=" HA3 GLY A  87 "
            pdb=" HT2 GLY A  87 "
     model   vdw
     2.073 1.816
  nonbonded pdb=" HA2 GLY A  87 "
            pdb=" HT1 GLY A  87 "
     model   vdw
     2.129 1.816
  nonbonded pdb=" H   GLY A  91 "
            pdb=" HA3 GLY A  91 "
     model   vdw
     2.130 1.816
  nonbonded pdb=" H   GLY A  96 "
            pdb=" H   GLY A  97 "
     model   vdw
     2.157 2.100
  nonbonded pdb=" H   GLY A  98 "
            pdb=" HA3 GLY A  98 "
     model   vdw
     2.186 1.816
  ... (remaining 865 not shown)

  NOTE: a complete listing of the restraints can be obtained by requesting
        output of .geo file.

                   ----------xray_structure summary----------                  

Number of scattering types: 4
  Type Number    sf(0)   Gaussians
   O      14      7.97       1
   N      13      6.97       1
   C      26      5.97       1
   H      41      1.00       1
  sf(0) = scattering factor at diffraction angle 0.
Number of scatterers: 94
At special positions: 0
Unit cell: (16.291, 18.744, 30.715, 90, 90, 90)
Space group: P 1 (No. 1)

End of input processing
r_work=0.4517 r_free=0.4324
params.data_weight: 0.0
params.restraints: qm
rmsd(b), start:  0.0137
mc:   0 R: 0.4600 rmsd(b):  0.0274 restraint_scale:  1.0 min_steps: 52
mc:   1 R: 0.4226 rmsd(b):  0.0270 restraint_scale:  1.0 min_steps: 52
mc:   2 R: 0.4298 rmsd(b):  0.0266 restraint_scale:  1.0 min_steps: 53
mc:   3 R: 0.4094 rmsd(b):  0.0265 restraint_scale:  1.0 min_steps: 43
mc:   4 R: 0.4113 rmsd(b):  0.0264 restraint_scale:  1.0 min_steps: 45
mc:   5 R: 0.4113 rmsd(b):  0.0263 restraint_scale:  1.0 min_steps: 5
Convergence reached, stop now.
see the result structure:  ./results_b_rmsd_0.03_pm7/opt_qm/./0.9/9.pdb
Time: 139.9268
