
============================== Collecting inputs ==============================


                   ----------Processing X-ray data----------                   

F-obs:
  /Users/minzheng/QR/helix/data.mtz:F(ake)obs
Miller array info: None
Observation type: xray.amplitude
Type of data: double, size=160
Type of sigmas: None
Number of Miller indices: 160
Anomalous flag: False
Unit cell: (16.291, 18.744, 30.715, 90, 90, 90)
Space group: P 1 (No. 1)
Systematic absences: 0
Centric reflections: 0
Resolution range: 3.97988 3.50665
Completeness in resolution range: 1
Completeness with d_max=infinity: 0.345572

Number of F-obs in resolution range:                   160
Number of F-obs<0 (these reflections will be rejected): 0
Number of F-obs=0 (these reflections will be used in refinement): 0
Refinement resolution range: d_max =   3.9799
                             d_min =   3.5066

R-free flags:
  /Users/minzheng/QR/helix/data.mtz:R-free-flags
Miller array info: /Users/minzheng/QR/helix/data.mtz:R-free-flags
Observation type: None
Type of data: int, size=160
Type of sigmas: None
Number of Miller indices: 160
Anomalous flag: False
Unit cell: (16.291, 18.744, 30.715, 90, 90, 90)
Space group: P 1 (No. 1)
Systematic absences: 0
Centric reflections: 0
Resolution range: 3.97988 3.50665
Completeness in resolution range: 1
Completeness with d_max=infinity: 0.345572
Wavelength: 1.0000

Test (R-free flags) flag value: 1

Number of work/free reflections by resolution:
                                   work free  %free
  bin  1: 3.9799 - 3.9204 [28/28 ]   28    0   0.0%
  bin  2: 3.9204 - 3.8644 [ 4/4  ]    4    0   0.0%
  bin  3: 3.8644 - 3.8114 [19/19 ]   13    6  31.6%
  bin  4: 3.8114 - 3.7612 [16/16 ]   16    0   0.0%
  bin  5: 3.7612 - 3.7135 [15/15 ]   13    2  13.3%
  bin  6: 3.7135 - 3.6682 [ 8/8  ]    8    0   0.0%
  bin  7: 3.6682 - 3.6250 [24/24 ]   24    0   0.0%
  bin  8: 3.6250 - 3.5838 [12/12 ]   10    2  16.7%
  bin  9: 3.5838 - 3.5444 [16/16 ]   16    0   0.0%
  bin 10: 3.5444 - 3.5066 [18/18 ]   14    4  22.2%
                           overall  146   14   8.8%

                   ----------Processing PDB file(s)----------                  

  Monomer Library directory:
    "/Users/Shared/bin/phenix/phenix-1.10.1-2155/modules/chem_data/mon_lib"
  Total number of atoms: 94
  Number of models: 1
  Model: ""
    Number of chains: 1
    Chain: "A"
      Number of atoms: 94
      Number of conformers: 1
      Conformer: ""
        Number of residues, atoms: 13, 94
          Classifications: {'peptide': 13}
          Modifications used: {'NH2NOTPRO': 1, 'COOH': 1}
          Link IDs: {'TRANS': 12}
  Time building chain proxies: 0.03, per 1000 atoms: 0.32
  Number of scatterers: 94
  At special positions: 0
  Unit cell: (16.291, 18.744, 30.715, 90, 90, 90)
  Space group: P 1 (No. 1)
  Number of sites at special positions: 0
  Number of scattering types: 4
    Type Number    sf(0)
     O      14      8.00
     N      13      7.00
     C      26      6.00
     H      41      1.00
    sf(0) = scattering factor at diffraction angle 0.

  Number of disulfides: simple=0, symmetry=0

  Automatic linking
    Parameters for automatic linking
      Linking & cutoffs
        Metal                : False - 3.50
        Amimo acid           : False - 1.90
        Carbohydrate         : True  - 1.99
        Ligands              : True  - 1.99
        Amino acid - RNA/DNA : False
      
  Number of custom bonds: simple=0, symmetry=0
  Time building additional restraints: 0.02
  Conformation dependent library (CDL) restraints added in 4.7 milliseconds
  
  Adding C-beta torsion restraints...
  Number of C-beta restraints generated:  0
  Time building geometry restraints manager: 0.02 seconds

  NOTE: a complete listing of the restraints can be obtained by requesting
        output of .geo file.

  Histogram of bond lengths:
        0.97 -     1.08: 24
        1.08 -     1.19: 18
        1.19 -     1.30: 12
        1.30 -     1.42: 13
        1.42 -     1.53: 26
  Bond restraints: 93
  Sorted by residual:
  bond pdb=" N   GLY A  94 "
       pdb=" H   GLY A  94 "
    ideal  model  delta    sigma   weight residual
    0.860  1.056 -0.196 2.00e-02 2.50e+03 9.57e+01
  bond pdb=" N   GLY A  97 "
       pdb=" H   GLY A  97 "
    ideal  model  delta    sigma   weight residual
    0.860  1.053 -0.193 2.00e-02 2.50e+03 9.34e+01
  bond pdb=" N   GLY A  90 "
       pdb=" H   GLY A  90 "
    ideal  model  delta    sigma   weight residual
    0.860  1.038 -0.178 2.00e-02 2.50e+03 7.94e+01
  bond pdb=" N   GLY A  93 "
       pdb=" H   GLY A  93 "
    ideal  model  delta    sigma   weight residual
    0.860  1.027 -0.167 2.00e-02 2.50e+03 6.99e+01
  bond pdb=" N   GLY A  88 "
       pdb=" H   GLY A  88 "
    ideal  model  delta    sigma   weight residual
    0.860  1.027 -0.167 2.00e-02 2.50e+03 6.94e+01
  ... (remaining 88 not shown)

  Histogram of bond angle deviations from ideal:
      100.16 -   105.62: 6
      105.62 -   111.08: 53
      111.08 -   116.54: 34
      116.54 -   122.00: 43
      122.00 -   127.46: 20
  Bond angle restraints: 156
  Sorted by residual:
  angle pdb=" C   GLY A  99 "
        pdb=" CA  GLY A  99 "
        pdb=" HA2 GLY A  99 "
      ideal   model   delta    sigma   weight residual
     109.00  100.16    8.84 3.00e+00 1.11e-01 8.69e+00
  angle pdb=" N   GLY A  92 "
        pdb=" CA  GLY A  92 "
        pdb=" C   GLY A  92 "
      ideal   model   delta    sigma   weight residual
     113.99  110.35    3.64 1.28e+00 6.10e-01 8.07e+00
  angle pdb=" C   GLY A  92 "
        pdb=" N   GLY A  93 "
        pdb=" CA  GLY A  93 "
      ideal   model   delta    sigma   weight residual
     120.22  122.98   -2.76 1.27e+00 6.20e-01 4.73e+00
  angle pdb=" CA  GLY A  90 "
        pdb=" C   GLY A  90 "
        pdb=" N   GLY A  91 "
      ideal   model   delta    sigma   weight residual
     117.34  115.46    1.88 1.01e+00 9.80e-01 3.48e+00
  angle pdb=" C   GLY A  87 "
        pdb=" CA  GLY A  87 "
        pdb=" HA3 GLY A  87 "
      ideal   model   delta    sigma   weight residual
     109.00  103.76    5.24 3.00e+00 1.11e-01 3.05e+00
  ... (remaining 151 not shown)

  Histogram of dihedral angle deviations from ideal:
        0.17 -    35.65: 13
       35.65 -    71.14: 0
       71.14 -   106.62: 0
      106.62 -   142.11: 0
      142.11 -   177.59: 1
  Dihedral angle restraints: 14
    sinusoidal: 1
      harmonic: 13
  Sorted by residual:
  dihedral pdb=" O   GLY A  99 "
           pdb=" C   GLY A  99 "
           pdb=" OXT GLY A  99 "
           pdb=" HXT GLY A  99 "
      ideal   model   delta  harmonic     sigma   weight residual
       0.00 -177.59  177.59     0      3.00e+01 1.11e-03 3.50e+01
  dihedral pdb=" CA  GLY A  95 "
           pdb=" C   GLY A  95 "
           pdb=" N   GLY A  96 "
           pdb=" CA  GLY A  96 "
      ideal   model   delta  harmonic     sigma   weight residual
    -180.00 -166.61  -13.39     0      5.00e+00 4.00e-02 7.17e+00
  dihedral pdb=" CA  GLY A  93 "
           pdb=" C   GLY A  93 "
           pdb=" N   GLY A  94 "
           pdb=" CA  GLY A  94 "
      ideal   model   delta  harmonic     sigma   weight residual
     180.00  173.62    6.38     0      5.00e+00 4.00e-02 1.63e+00
  ... (remaining 11 not shown)

  Chirality restraints: 0

  Planarity restraints: 25
  Sorted by residual:
                                 delta    sigma   weight rms_deltas residual
  plane pdb=" C   GLY A  93 "    0.007 2.00e-02 2.50e+03   1.31e-02 1.72e+00
        pdb=" N   GLY A  94 "   -0.023 2.00e-02 2.50e+03
        pdb=" CA  GLY A  94 "    0.006 2.00e-02 2.50e+03
        pdb=" H   GLY A  94 "    0.009 2.00e-02 2.50e+03
                                 delta    sigma   weight rms_deltas residual
  plane pdb=" C   GLY A  96 "   -0.007 2.00e-02 2.50e+03   1.25e-02 1.57e+00
        pdb=" N   GLY A  97 "    0.022 2.00e-02 2.50e+03
        pdb=" CA  GLY A  97 "   -0.006 2.00e-02 2.50e+03
        pdb=" H   GLY A  97 "   -0.009 2.00e-02 2.50e+03
                                 delta    sigma   weight rms_deltas residual
  plane pdb=" CA  GLY A  99 "    0.004 2.00e-02 2.50e+03   1.11e-02 1.53e+00
        pdb=" C   GLY A  99 "    0.004 2.00e-02 2.50e+03
        pdb=" O   GLY A  99 "   -0.009 2.00e-02 2.50e+03
        pdb=" OXT GLY A  99 "    0.016 2.00e-02 2.50e+03
        pdb=" HXT GLY A  99 "   -0.015 2.00e-02 2.50e+03
  ... (remaining 22 not shown)

  Histogram of nonbonded interaction distances:
        1.74 -     2.36: 25
        2.36 -     2.98: 168
        2.98 -     3.60: 159
        3.60 -     4.22: 195
        4.22 -     4.84: 306
  Nonbonded interactions: 853
  Sorted by model distance:
  nonbonded pdb=" H   GLY A  99 "
            pdb=" HXT GLY A  99 "
     model   vdw
     1.739 2.100
  nonbonded pdb=" H   GLY A  88 "
            pdb=" H   GLY A  89 "
     model   vdw
     1.941 2.100
  nonbonded pdb=" O   GLY A  96 "
            pdb=" HXT GLY A  99 "
     model   vdw
     2.063 1.970
  nonbonded pdb=" O   GLY A  91 "
            pdb=" H   GLY A  94 "
     model   vdw
     2.100 1.970
  nonbonded pdb=" O   GLY A  96 "
            pdb=" H   GLY A  99 "
     model   vdw
     2.106 1.970
  ... (remaining 848 not shown)

  NOTE: a complete listing of the restraints can be obtained by requesting
        output of .geo file.

                   ----------xray_structure summary----------                  

Number of scattering types: 4
  Type Number    sf(0)   Gaussians
   O      14      7.97       1
   N      13      6.97       1
   C      26      5.97       1
   H      41      1.00       1
  sf(0) = scattering factor at diffraction angle 0.
Number of scatterers: 94
At special positions: 0
Unit cell: (16.291, 18.744, 30.715, 90, 90, 90)
Space group: P 1 (No. 1)

End of input processing
r_work=0.5124 r_free=0.6200
params.data_weight: None
params.restraints: cctbx
rmsd(b), start:  0.0170
Initial weight optimization conter: 1
Initial weight optimization conter: 2
Initial weight optimization conter: 3
Initial weight optimization conter: 4
Initial weight optimization conter: 5
Initial weight optimization conter: 6
Initial weight optimization conter: 7
Initial weight optimization conter: 8
Initial weight optimization conter: 9
Initial weight optimization conter: 10
Initial weight optimization conter: 11
initial_restraints_weight_scale 1.0
mc:   0 Rw: 0.5207 Rf: 0.6404 rmsd(b):  0.0005 restraint_scale:  0.5 min_steps: 56
mc:   1 Rw: 0.5154 Rf: 0.6559 rmsd(b):  0.0003 restraint_scale:  0.2 min_steps: 56
mc:   2 Rw: 0.5146 Rf: 0.6686 rmsd(b):  0.0003 restraint_scale:  0.1 min_steps: 53
mc:   3 Rw: 0.5132 Rf: 0.6720 rmsd(b):  0.0002 restraint_scale:  0.1 min_steps: 55
mc:   4 Rw: 0.5130 Rf: 0.6820 rmsd(b):  0.0003 restraint_scale:  0.0 min_steps: 53
mc:   5 Rw: 0.5133 Rf: 0.6818 rmsd(b):  0.0002 restraint_scale:  0.0 min_steps: 53
mc:   6 Rw: 0.5136 Rf: 0.6865 rmsd(b):  0.0002 restraint_scale:  0.0 min_steps: 55
mc:   7 Rw: 0.5133 Rf: 0.6866 rmsd(b):  0.0002 restraint_scale:  0.0 min_steps: 53
mc:   8 Rw: 0.5137 Rf: 0.6924 rmsd(b):  0.0002 restraint_scale:  0.0 min_steps: 54
mc:   9 Rw: 0.5132 Rf: 0.6921 rmsd(b):  0.0002 restraint_scale:  0.0 min_steps: 56
Convergence reached, stop now.
best mc:   
