
============================== Collecting inputs ==============================


                   ----------Processing X-ray data----------                   

F-obs:
  /nfsexp/homes/m_zhen01/QR/1us0_pm7/data.mtz:FMODEL
Miller array info: None
Observation type: xray.amplitude
Type of data: double, size=211
Type of sigmas: None
Number of Miller indices: 211
Anomalous flag: False
Unit cell: (16.291, 18.744, 30.715, 90, 90, 90)
Space group: P 1 (No. 1)
Systematic absences: 0
Centric reflections: 0
Resolution range: 5.93968 4
Completeness in resolution range: 1
Completeness with d_max=infinity: 0.69637

Number of F-obs in resolution range:                   211
Number of F-obs<0 (these reflections will be rejected): 0
Number of F-obs=0 (these reflections will be used in refinement): 0
Refinement resolution range: d_max =   5.9397
                             d_min =   4.0000

R-free flags:
  /nfsexp/homes/m_zhen01/QR/1us0_pm7/data.mtz:R-free-flags
Miller array info: /nfsexp/homes/m_zhen01/QR/1us0_pm7/data.mtz:R-free-flags
Observation type: None
Type of data: int, size=211
Type of sigmas: None
Number of Miller indices: 211
Anomalous flag: False
Unit cell: (16.291, 18.744, 30.715, 90, 90, 90)
Space group: P 1 (No. 1)
Systematic absences: 0
Centric reflections: 0
Resolution range: 5.93968 4
Completeness in resolution range: 1
Completeness with d_max=infinity: 0.69637
Wavelength: 1.0000

Test (R-free flags) flag value: 1

Number of work/free reflections by resolution:
                                  work free  %free
  bin  1: 5.9397 - 5.5475 [24/24]   22    2   8.3%
  bin  2: 5.5475 - 5.2419 [21/21]   19    2   9.5%
  bin  3: 5.2419 - 4.9942 [15/15]   13    2  13.3%
  bin  4: 4.9942 - 4.7875 [28/28]   25    3  10.7%
  bin  5: 4.7875 - 4.6113 [29/29]   26    3  10.3%
  bin  6: 4.6113 - 4.4584 [14/14]   13    1   7.1%
  bin  7: 4.4584 - 4.3240 [19/19]   17    2  10.5%
  bin  8: 4.3240 - 4.2045 [26/26]   23    3  11.5%
  bin  9: 4.2045 - 4.0971 [14/14]   13    1   7.1%
  bin 10: 4.0971 - 4.0000 [21/21]   19    2   9.5%
                          overall  190   21  10.0%

                   ----------Processing PDB file(s)----------                  

  Monomer Library directory:
    "/home/m/m_zhen01/phenix-1.10.1-2155/modules/chem_data/mon_lib"
  Total number of atoms: 94
  Number of models: 1
  Model: ""
    Number of chains: 1
    Chain: "A"
      Number of atoms: 94
      Number of conformers: 1
      Conformer: ""
        Number of residues, atoms: 13, 94
          Classifications: {'peptide': 13}
          Modifications used: {'NH2NOTPRO': 1, 'COOH': 1}
          Link IDs: {'TRANS': 12}
  Time building chain proxies: 0.04, per 1000 atoms: 0.43
  Number of scatterers: 94
  At special positions: 0
  Unit cell: (16.291, 18.744, 30.715, 90, 90, 90)
  Space group: P 1 (No. 1)
  Number of sites at special positions: 0
  Number of scattering types: 4
    Type Number    sf(0)
     O      14      8.00
     N      13      7.00
     C      26      6.00
     H      41      1.00
    sf(0) = scattering factor at diffraction angle 0.

  Number of disulfides: simple=0, symmetry=0

  Automatic linking
    Parameters for automatic linking
      Linking & cutoffs
        Metal                : False - 3.50
        Amimo acid           : False - 1.90
        Carbohydrate         : True  - 1.99
        Ligands              : True  - 1.99
        Amino acid - RNA/DNA : False
      
  Number of custom bonds: simple=0, symmetry=0
  Time building additional restraints: 0.02
  Conformation dependent library (CDL) restraints added in 4.8 milliseconds
  
  Adding C-beta torsion restraints...
  Number of C-beta restraints generated:  0
  Time building geometry restraints manager: 0.01 seconds

  NOTE: a complete listing of the restraints can be obtained by requesting
        output of .geo file.

  Histogram of bond lengths:
        0.91 -     1.04: 15
        1.04 -     1.16: 26
        1.16 -     1.29: 13
        1.29 -     1.41: 13
        1.41 -     1.53: 26
  Bond restraints: 93
  Sorted by residual:
  bond pdb=" N   GLY A  89 "
       pdb=" H   GLY A  89 "
    ideal  model  delta    sigma   weight residual
    0.860  1.030 -0.170 2.00e-02 2.50e+03 7.24e+01
  bond pdb=" N   GLY A  92 "
       pdb=" H   GLY A  92 "
    ideal  model  delta    sigma   weight residual
    0.860  1.026 -0.166 2.00e-02 2.50e+03 6.92e+01
  bond pdb=" N   GLY A  99 "
       pdb=" H   GLY A  99 "
    ideal  model  delta    sigma   weight residual
    0.860  1.023 -0.163 2.00e-02 2.50e+03 6.62e+01
  bond pdb=" N   GLY A  91 "
       pdb=" H   GLY A  91 "
    ideal  model  delta    sigma   weight residual
    0.860  1.020 -0.160 2.00e-02 2.50e+03 6.38e+01
  bond pdb=" CA  GLY A  88 "
       pdb=" HA3 GLY A  88 "
    ideal  model  delta    sigma   weight residual
    0.970  1.130 -0.160 2.00e-02 2.50e+03 6.38e+01
  ... (remaining 88 not shown)

  Histogram of bond angle deviations from ideal:
      100.41 -   106.32: 10
      106.32 -   112.22: 60
      112.22 -   118.12: 33
      118.12 -   124.02: 46
      124.02 -   129.92: 7
  Bond angle restraints: 156
  Sorted by residual:
  angle pdb=" C   GLY A  88 "
        pdb=" CA  GLY A  88 "
        pdb=" HA2 GLY A  88 "
      ideal   model   delta    sigma   weight residual
     109.00  100.41    8.59 3.00e+00 1.11e-01 8.19e+00
  angle pdb=" N   GLY A  89 "
        pdb=" CA  GLY A  89 "
        pdb=" C   GLY A  89 "
      ideal   model   delta    sigma   weight residual
     115.62  111.45    4.17 1.71e+00 3.42e-01 5.95e+00
  angle pdb=" N   GLY A  94 "
        pdb=" CA  GLY A  94 "
        pdb=" C   GLY A  94 "
      ideal   model   delta    sigma   weight residual
     115.66  111.77    3.89 1.63e+00 3.76e-01 5.70e+00
  angle pdb=" N   GLY A  97 "
        pdb=" CA  GLY A  97 "
        pdb=" HA2 GLY A  97 "
      ideal   model   delta    sigma   weight residual
     110.00  115.91   -5.91 3.00e+00 1.11e-01 3.89e+00
  angle pdb=" C   GLY A  93 "
        pdb=" CA  GLY A  93 "
        pdb=" HA2 GLY A  93 "
      ideal   model   delta    sigma   weight residual
     109.00  114.80   -5.80 3.00e+00 1.11e-01 3.73e+00
  ... (remaining 151 not shown)

  Histogram of dihedral angle deviations from ideal:
        0.45 -    36.25: 12
       36.25 -    72.06: 1
       72.06 -   107.86: 0
      107.86 -   143.67: 0
      143.67 -   179.47: 1
  Dihedral angle restraints: 14
    sinusoidal: 1
      harmonic: 13
  Sorted by residual:
  dihedral pdb=" O   GLY A  99 "
           pdb=" C   GLY A  99 "
           pdb=" OXT GLY A  99 "
           pdb=" HXT GLY A  99 "
      ideal   model   delta  harmonic     sigma   weight residual
       0.00  179.47 -179.47     0      3.00e+01 1.11e-03 3.58e+01
  dihedral pdb=" N   GLY A  99 "
           pdb=" CA  GLY A  99 "
           pdb=" C   GLY A  99 "
           pdb=" OXT GLY A  99 "
      ideal   model   delta sinusoidal    sigma   weight residual
     -20.00  -59.46   39.46     2      3.00e+01 1.11e-03 2.15e+00
  dihedral pdb=" CA  GLY A  96 "
           pdb=" C   GLY A  96 "
           pdb=" N   GLY A  97 "
           pdb=" CA  GLY A  97 "
      ideal   model   delta  harmonic     sigma   weight residual
     180.00 -172.70   -7.30     0      5.00e+00 4.00e-02 2.13e+00
  ... (remaining 11 not shown)

  Chirality restraints: 0

  Planarity restraints: 25
  Sorted by residual:
                                 delta    sigma   weight rms_deltas residual
  plane pdb=" C   GLY A  96 "    0.012 2.00e-02 2.50e+03   2.09e-02 4.36e+00
        pdb=" N   GLY A  97 "   -0.036 2.00e-02 2.50e+03
        pdb=" CA  GLY A  97 "    0.010 2.00e-02 2.50e+03
        pdb=" H   GLY A  97 "    0.015 2.00e-02 2.50e+03
                                 delta    sigma   weight rms_deltas residual
  plane pdb=" CA  GLY A  90 "   -0.008 2.00e-02 2.50e+03   1.57e-02 2.45e+00
        pdb=" C   GLY A  90 "    0.027 2.00e-02 2.50e+03
        pdb=" O   GLY A  90 "   -0.010 2.00e-02 2.50e+03
        pdb=" N   GLY A  91 "   -0.009 2.00e-02 2.50e+03
                                 delta    sigma   weight rms_deltas residual
  plane pdb=" CA  GLY A  92 "    0.007 2.00e-02 2.50e+03   1.39e-02 1.92e+00
        pdb=" C   GLY A  92 "   -0.024 2.00e-02 2.50e+03
        pdb=" O   GLY A  92 "    0.009 2.00e-02 2.50e+03
        pdb=" N   GLY A  93 "    0.008 2.00e-02 2.50e+03
  ... (remaining 22 not shown)

  Histogram of nonbonded interaction distances:
        1.82 -     2.42: 31
        2.42 -     3.03: 152
        3.03 -     3.63: 165
        3.63 -     4.24: 158
        4.24 -     4.84: 304
  Nonbonded interactions: 810
  Sorted by model distance:
  nonbonded pdb=" H   GLY A  95 "
            pdb=" H   GLY A  96 "
     model   vdw
     1.819 2.100
  nonbonded pdb=" H   GLY A  88 "
            pdb=" H   GLY A  89 "
     model   vdw
     2.055 2.100
  nonbonded pdb=" HA3 GLY A  87 "
            pdb=" H   GLY A  88 "
     model   vdw
     2.134 2.270
  nonbonded pdb=" O   GLY A  90 "
            pdb=" H   GLY A  94 "
     model   vdw
     2.144 1.970
  nonbonded pdb=" H   GLY A  97 "
            pdb=" H   GLY A  98 "
     model   vdw
     2.169 2.100
  ... (remaining 805 not shown)

  NOTE: a complete listing of the restraints can be obtained by requesting
        output of .geo file.

                   ----------xray_structure summary----------                  

Number of scattering types: 4
  Type Number    sf(0)   Gaussians
   O      14      7.97       1
   N      13      6.97       1
   C      26      5.97       1
   H      41      1.00       1
  sf(0) = scattering factor at diffraction angle 0.
Number of scatterers: 94
At special positions: 0
Unit cell: (16.291, 18.744, 30.715, 90, 90, 90)
Space group: P 1 (No. 1)

End of input processing
r_work=0.5878 r_free=0.4624
params.data_weight: None
params.restraints: cctbx
residue charges [0, 0, 0, 0, 0, 0, 0, 0, 0, 0, 0, 0, -1.0]
rmsd(b), start:  0.0155
initial_restraints_weight_scale 1.0
  Convergence reached at i: 7
mc:   0 Rw: 0.0465 Rf: 0.1108 rmsd(b):  0.0540 restraint_scale:  2.0 min_steps: 14
  Convergence reached at i: 10
mc:   1 Rw: 0.0811 Rf: 0.1663 rmsd(b):  0.0241 restraint_scale:  4.0 min_steps: 6
  Convergence reached at i: 6
mc:   2 Rw: 0.0926 Rf: 0.1858 rmsd(b):  0.0125 restraint_scale:  8.0 min_steps: 7
  Convergence reached at i: 8
mc:   3 Rw: 0.0968 Rf: 0.1792 rmsd(b):  0.0078 restraint_scale:  8.0 min_steps: 6
 Convergence at macro_cycle: 3
Best r_work: 0.0811 r_free: 0.1663
see the result structure:  ./old_cctbx/refine_cctbx/./1.5/8.pdb
Time: 8.2821
