
============================== Collecting inputs ==============================


                   ----------Processing X-ray data----------                   

F-obs:
  /nfsexp/homes/m_zhen01/QR/1us0_pm7_cleanup/data.mtz:FMODEL
Miller array info: None
Observation type: xray.amplitude
Type of data: double, size=211
Type of sigmas: None
Number of Miller indices: 211
Anomalous flag: False
Unit cell: (16.291, 18.744, 30.715, 90, 90, 90)
Space group: P 1 (No. 1)
Systematic absences: 0
Centric reflections: 0
Resolution range: 5.93968 4
Completeness in resolution range: 1
Completeness with d_max=infinity: 0.69637

Number of F-obs in resolution range:                   211
Number of F-obs<0 (these reflections will be rejected): 0
Number of F-obs=0 (these reflections will be used in refinement): 0
Refinement resolution range: d_max =   5.9397
                             d_min =   4.0000

R-free flags:
  /nfsexp/homes/m_zhen01/QR/1us0_pm7_cleanup/data.mtz:R-free-flags
Miller array info: /nfsexp/homes/m_zhen01/QR/1us0_pm7_cleanup/data.mtz:R-free-flags
Observation type: None
Type of data: int, size=211
Type of sigmas: None
Number of Miller indices: 211
Anomalous flag: False
Unit cell: (16.291, 18.744, 30.715, 90, 90, 90)
Space group: P 1 (No. 1)
Systematic absences: 0
Centric reflections: 0
Resolution range: 5.93968 4
Completeness in resolution range: 1
Completeness with d_max=infinity: 0.69637
Wavelength: 1.0000

Test (R-free flags) flag value: 1

Number of work/free reflections by resolution:
                                  work free  %free
  bin  1: 5.9397 - 5.5475 [24/24]   22    2   8.3%
  bin  2: 5.5475 - 5.2419 [21/21]   19    2   9.5%
  bin  3: 5.2419 - 4.9942 [15/15]   13    2  13.3%
  bin  4: 4.9942 - 4.7875 [28/28]   25    3  10.7%
  bin  5: 4.7875 - 4.6113 [29/29]   26    3  10.3%
  bin  6: 4.6113 - 4.4584 [14/14]   13    1   7.1%
  bin  7: 4.4584 - 4.3240 [19/19]   17    2  10.5%
  bin  8: 4.3240 - 4.2045 [26/26]   23    3  11.5%
  bin  9: 4.2045 - 4.0971 [14/14]   13    1   7.1%
  bin 10: 4.0971 - 4.0000 [21/21]   19    2   9.5%
                          overall  190   21  10.0%

                   ----------Processing PDB file(s)----------                  

  Monomer Library directory:
    "/home/m/m_zhen01/phenix-1.10.1-2155/modules/chem_data/mon_lib"
  Total number of atoms: 94
  Number of models: 1
  Model: ""
    Number of chains: 1
    Chain: "A"
      Number of atoms: 94
      Number of conformers: 1
      Conformer: ""
        Number of residues, atoms: 13, 94
          Classifications: {'peptide': 13}
          Modifications used: {'NH2NOTPRO': 1, 'COOH': 1}
          Link IDs: {'TRANS': 12}
  Time building chain proxies: 0.03, per 1000 atoms: 0.32
  Number of scatterers: 94
  At special positions: 0
  Unit cell: (16.291, 18.744, 30.715, 90, 90, 90)
  Space group: P 1 (No. 1)
  Number of sites at special positions: 0
  Number of scattering types: 4
    Type Number    sf(0)
     O      14      8.00
     N      13      7.00
     C      26      6.00
     H      41      1.00
    sf(0) = scattering factor at diffraction angle 0.

  Number of disulfides: simple=0, symmetry=0

  Automatic linking
    Parameters for automatic linking
      Linking & cutoffs
        Metal                : False - 3.50
        Amimo acid           : False - 1.90
        Carbohydrate         : True  - 1.99
        Ligands              : True  - 1.99
        Amino acid - RNA/DNA : False
      
  Number of custom bonds: simple=0, symmetry=0
  Time building additional restraints: 0.02
  Conformation dependent library (CDL) restraints added in 4.8 milliseconds
  
  Adding C-beta torsion restraints...
  Number of C-beta restraints generated:  0
  Time building geometry restraints manager: 0.02 seconds

  NOTE: a complete listing of the restraints can be obtained by requesting
        output of .geo file.

  Histogram of bond lengths:
        0.94 -     1.06: 17
        1.06 -     1.18: 25
        1.18 -     1.30: 12
        1.30 -     1.41: 13
        1.41 -     1.53: 26
  Bond restraints: 93
  Sorted by residual:
  bond pdb=" N   GLY A  89 "
       pdb=" H   GLY A  89 "
    ideal  model  delta    sigma   weight residual
    0.860  1.057 -0.197 2.00e-02 2.50e+03 9.70e+01
  bond pdb=" N   GLY A  91 "
       pdb=" H   GLY A  91 "
    ideal  model  delta    sigma   weight residual
    0.860  1.044 -0.184 2.00e-02 2.50e+03 8.44e+01
  bond pdb=" N   GLY A  99 "
       pdb=" H   GLY A  99 "
    ideal  model  delta    sigma   weight residual
    0.860  1.040 -0.180 2.00e-02 2.50e+03 8.08e+01
  bond pdb=" N   GLY A  93 "
       pdb=" H   GLY A  93 "
    ideal  model  delta    sigma   weight residual
    0.860  1.040 -0.180 2.00e-02 2.50e+03 8.08e+01
  bond pdb=" N   GLY A  94 "
       pdb=" H   GLY A  94 "
    ideal  model  delta    sigma   weight residual
    0.860  1.033 -0.173 2.00e-02 2.50e+03 7.47e+01
  ... (remaining 88 not shown)

  Histogram of bond angle deviations from ideal:
       99.69 -   105.21: 8
      105.21 -   110.74: 44
      110.74 -   116.26: 43
      116.26 -   121.78: 38
      121.78 -   127.31: 23
  Bond angle restraints: 156
  Sorted by residual:
  angle pdb=" N   GLY A  87 "
        pdb=" CA  GLY A  87 "
        pdb=" HA2 GLY A  87 "
      ideal   model   delta    sigma   weight residual
     110.00   99.69   10.31 3.00e+00 1.11e-01 1.18e+01
  angle pdb=" CA  GLY A  95 "
        pdb=" C   GLY A  95 "
        pdb=" O   GLY A  95 "
      ideal   model   delta    sigma   weight residual
     119.45  122.67   -3.22 1.18e+00 7.18e-01 7.44e+00
  angle pdb=" N   GLY A  94 "
        pdb=" CA  GLY A  94 "
        pdb=" HA2 GLY A  94 "
      ideal   model   delta    sigma   weight residual
     110.00  103.93    6.07 3.00e+00 1.11e-01 4.09e+00
  angle pdb=" N   GLY A  89 "
        pdb=" CA  GLY A  89 "
        pdb=" HA2 GLY A  89 "
      ideal   model   delta    sigma   weight residual
     110.00  104.28    5.72 3.00e+00 1.11e-01 3.63e+00
  angle pdb=" HA2 GLY A  88 "
        pdb=" CA  GLY A  88 "
        pdb=" HA3 GLY A  88 "
      ideal   model   delta    sigma   weight residual
     109.00  103.59    5.41 3.00e+00 1.11e-01 3.25e+00
  ... (remaining 151 not shown)

  Histogram of dihedral angle deviations from ideal:
        1.53 -    36.19: 13
       36.19 -    70.85: 0
       70.85 -   105.51: 0
      105.51 -   140.17: 0
      140.17 -   174.82: 1
  Dihedral angle restraints: 14
    sinusoidal: 1
      harmonic: 13
  Sorted by residual:
  dihedral pdb=" O   GLY A  99 "
           pdb=" C   GLY A  99 "
           pdb=" OXT GLY A  99 "
           pdb=" HXT GLY A  99 "
      ideal   model   delta  harmonic     sigma   weight residual
       0.00 -174.82  174.82     0      3.00e+01 1.11e-03 3.40e+01
  dihedral pdb=" CA  GLY A  87 "
           pdb=" C   GLY A  87 "
           pdb=" N   GLY A  88 "
           pdb=" CA  GLY A  88 "
      ideal   model   delta  harmonic     sigma   weight residual
     180.00  170.23    9.77     0      5.00e+00 4.00e-02 3.82e+00
  dihedral pdb=" CA  GLY A  91 "
           pdb=" C   GLY A  91 "
           pdb=" N   GLY A  92 "
           pdb=" CA  GLY A  92 "
      ideal   model   delta  harmonic     sigma   weight residual
     180.00  172.57    7.43     0      5.00e+00 4.00e-02 2.21e+00
  ... (remaining 11 not shown)

  Chirality restraints: 0

  Planarity restraints: 25
  Sorted by residual:
                                 delta    sigma   weight rms_deltas residual
  plane pdb=" CA  GLY A  99 "   -0.002 2.00e-02 2.50e+03   1.97e-02 4.85e+00
        pdb=" C   GLY A  99 "    0.028 2.00e-02 2.50e+03
        pdb=" O   GLY A  99 "   -0.022 2.00e-02 2.50e+03
        pdb=" OXT GLY A  99 "    0.015 2.00e-02 2.50e+03
        pdb=" HXT GLY A  99 "   -0.020 2.00e-02 2.50e+03
                                 delta    sigma   weight rms_deltas residual
  plane pdb=" C   GLY A  91 "   -0.009 2.00e-02 2.50e+03   1.73e-02 3.00e+00
        pdb=" N   GLY A  92 "    0.030 2.00e-02 2.50e+03
        pdb=" CA  GLY A  92 "   -0.008 2.00e-02 2.50e+03
        pdb=" H   GLY A  92 "   -0.012 2.00e-02 2.50e+03
                                 delta    sigma   weight rms_deltas residual
  plane pdb=" CA  GLY A  92 "   -0.007 2.00e-02 2.50e+03   1.43e-02 2.04e+00
        pdb=" C   GLY A  92 "    0.025 2.00e-02 2.50e+03
        pdb=" O   GLY A  92 "   -0.009 2.00e-02 2.50e+03
        pdb=" N   GLY A  93 "   -0.008 2.00e-02 2.50e+03
  ... (remaining 22 not shown)

  Histogram of nonbonded interaction distances:
        1.60 -     2.24: 12
        2.24 -     2.89: 158
        2.89 -     3.54: 230
        3.54 -     4.19: 224
        4.19 -     4.84: 383
  Nonbonded interactions: 1007
  Sorted by model distance:
  nonbonded pdb=" O   GLY A  87 "
            pdb=" H   GLY A  91 "
     model   vdw
     1.596 1.970
  nonbonded pdb=" O   GLY A  90 "
            pdb=" H   GLY A  94 "
     model   vdw
     1.826 1.970
  nonbonded pdb=" O   GLY A  88 "
            pdb=" H   GLY A  92 "
     model   vdw
     1.841 1.970
  nonbonded pdb=" O   GLY A  89 "
            pdb=" H   GLY A  93 "
     model   vdw
     1.850 1.970
  nonbonded pdb=" HA2 GLY A  87 "
            pdb=" HT1 GLY A  87 "
     model   vdw
     1.888 1.816
  ... (remaining 1002 not shown)

  NOTE: a complete listing of the restraints can be obtained by requesting
        output of .geo file.

                   ----------xray_structure summary----------                  

Number of scattering types: 4
  Type Number    sf(0)   Gaussians
   O      14      7.97       1
   N      13      6.97       1
   C      26      5.97       1
   H      41      1.00       1
  sf(0) = scattering factor at diffraction angle 0.
Number of scatterers: 94
At special positions: 0
Unit cell: (16.291, 18.744, 30.715, 90, 90, 90)
Space group: P 1 (No. 1)

End of input processing
   input {
     xray_data {
       file_name = /nfsexp/homes/m_zhen01/QR/1us0_pm7_cleanup/data.mtz
       labels = None
       high_resolution = None
       low_resolution = None
       outliers_rejection = True
       french_wilson_scale = True
       french_wilson {
         max_bins = 60
         min_bin_size = 40
       }
       sigma_fobs_rejection_criterion = None
       sigma_iobs_rejection_criterion = None
       ignore_all_zeros = True
       force_anomalous_flag_to_be_equal_to = None
       convert_to_non_anomalous_if_ratio_pairs_lone_less_than_threshold = 0.5
       r_free_flags {
         file_name = None
         label = None
         test_flag_value = None
         ignore_r_free_flags = False
         disable_suitability_test = False
         ignore_pdb_hexdigest = False
         generate = False
         fraction = 0.1
         max_free = 2000
         lattice_symmetry_max_delta = 5
         use_lattice_symmetry = True
         use_dataman_shells = False
         n_shells = 20
       }
     }
     pdb {
       file_name = /nfsexp/homes/m_zhen01/QR/1us0_pm7_cleanup/perturbed/0.3/4.pdb
     }
     monomers {
       file_name = None
     }
     sequence = None
     scattering_table = wk1995 it1992 *n_gaussian neutron
     wavelength = None
     energy = None
     twin_law = None
   }
   sf_algorithm = *direct fft
   restraints = *cctbx qm
   qm_calculator = mopac *terachem
   mode = opt *refine
   number_of_macro_cycles = 50
   number_of_micro_cycles = 50
   data_weight = None
   output_file_name_prefix = None
   output_folder_name = ./results_cleanup/refine_cctbx/./0.3/
   use_convergence_test = True
   update_all_scales = False
   refinement_target_name = *ml ls_wunit_k1
   max_bond_rmsd = 0.03
   use_r_free = True
   r_tolerance = 0.001
   rmsd_tolerance = 0.01
   refine_sites = True
   refine_adp = False
r_work=0.1557 r_free=0.1517
start:   0 Rw: 0.1557 Rf: 0.1517 rmsd(b):  0.0170 restraints_weight_scale:  1.0
 Convergence at micro_cycle: 3
macro_cycle:   1 Rw: 0.0344 Rf: 0.0728 rmsd(b):  0.0271 restraints_weight_scale:  1.0
 Convergence at macro_cycle: 1
Best r_work: 0.0344 r_free: 0.0728
See 4_refined.pdb in ./results_cleanup/refine_cctbx/./0.3/ folder.
Time: 2.8750
