
============================== Collecting inputs ==============================


                   ----------Processing X-ray data----------                   

F-obs:
  /scratch/m_zhen01/2677.libra00/data.mtz:FMODEL
Miller array info: None
Observation type: xray.amplitude
Type of data: double, size=211
Type of sigmas: None
Number of Miller indices: 211
Anomalous flag: False
Unit cell: (16.291, 18.744, 30.715, 90, 90, 90)
Space group: P 1 (No. 1)
Systematic absences: 0
Centric reflections: 0
Resolution range: 5.93968 4
Completeness in resolution range: 1
Completeness with d_max=infinity: 0.69637

Number of F-obs in resolution range:                   211
Number of F-obs<0 (these reflections will be rejected): 0
Number of F-obs=0 (these reflections will be used in refinement): 0
Refinement resolution range: d_max =   5.9397
                             d_min =   4.0000

R-free flags:
  /scratch/m_zhen01/2677.libra00/data.mtz:R-free-flags
Miller array info: /scratch/m_zhen01/2677.libra00/data.mtz:R-free-flags
Observation type: None
Type of data: int, size=211
Type of sigmas: None
Number of Miller indices: 211
Anomalous flag: False
Unit cell: (16.291, 18.744, 30.715, 90, 90, 90)
Space group: P 1 (No. 1)
Systematic absences: 0
Centric reflections: 0
Resolution range: 5.93968 4
Completeness in resolution range: 1
Completeness with d_max=infinity: 0.69637
Wavelength: 1.0000

Test (R-free flags) flag value: 1

Number of work/free reflections by resolution:
                                  work free  %free
  bin  1: 5.9397 - 5.5475 [24/24]   22    2   8.3%
  bin  2: 5.5475 - 5.2419 [21/21]   19    2   9.5%
  bin  3: 5.2419 - 4.9942 [15/15]   13    2  13.3%
  bin  4: 4.9942 - 4.7875 [28/28]   25    3  10.7%
  bin  5: 4.7875 - 4.6113 [29/29]   26    3  10.3%
  bin  6: 4.6113 - 4.4584 [14/14]   13    1   7.1%
  bin  7: 4.4584 - 4.3240 [19/19]   17    2  10.5%
  bin  8: 4.3240 - 4.2045 [26/26]   23    3  11.5%
  bin  9: 4.2045 - 4.0971 [14/14]   13    1   7.1%
  bin 10: 4.0971 - 4.0000 [21/21]   19    2   9.5%
                          overall  190   21  10.0%

                   ----------Processing PDB file(s)----------                  

  Monomer Library directory:
    "/home/m/m_zhen01/phenix-1.10.1-2155/modules/chem_data/mon_lib"
  Total number of atoms: 94
  Number of models: 1
  Model: ""
    Number of chains: 1
    Chain: "A"
      Number of atoms: 94
      Number of conformers: 1
      Conformer: ""
        Number of residues, atoms: 13, 94
          Classifications: {'peptide': 13}
          Modifications used: {'NH2NOTPRO': 1, 'COOH': 1}
          Link IDs: {'TRANS': 12}
  Time building chain proxies: 0.03, per 1000 atoms: 0.32
  Number of scatterers: 94
  At special positions: 0
  Unit cell: (16.291, 18.744, 30.715, 90, 90, 90)
  Space group: P 1 (No. 1)
  Number of sites at special positions: 0
  Number of scattering types: 4
    Type Number    sf(0)
     O      14      8.00
     N      13      7.00
     C      26      6.00
     H      41      1.00
    sf(0) = scattering factor at diffraction angle 0.

  Number of disulfides: simple=0, symmetry=0

  Automatic linking
    Parameters for automatic linking
      Linking & cutoffs
        Metal                : False - 3.50
        Amimo acid           : False - 1.90
        Carbohydrate         : True  - 1.99
        Ligands              : True  - 1.99
        Amino acid - RNA/DNA : False
      
  Number of custom bonds: simple=0, symmetry=0
  Time building additional restraints: 0.02
  Conformation dependent library (CDL) restraints added in 5.9 milliseconds
  
  Adding C-beta torsion restraints...
  Number of C-beta restraints generated:  0
  Time building geometry restraints manager: 0.03 seconds

  NOTE: a complete listing of the restraints can be obtained by requesting
        output of .geo file.

  Histogram of bond lengths:
        0.93 -     1.05: 14
        1.05 -     1.17: 28
        1.17 -     1.29: 12
        1.29 -     1.42: 13
        1.42 -     1.54: 26
  Bond restraints: 93
  Sorted by residual:
  bond pdb=" N   GLY A  96 "
       pdb=" H   GLY A  96 "
    ideal  model  delta    sigma   weight residual
    0.860  1.040 -0.180 2.00e-02 2.50e+03 8.13e+01
  bond pdb=" N   GLY A  94 "
       pdb=" H   GLY A  94 "
    ideal  model  delta    sigma   weight residual
    0.860  1.038 -0.178 2.00e-02 2.50e+03 7.96e+01
  bond pdb=" N   GLY A  97 "
       pdb=" H   GLY A  97 "
    ideal  model  delta    sigma   weight residual
    0.860  1.035 -0.175 2.00e-02 2.50e+03 7.66e+01
  bond pdb=" N   GLY A  90 "
       pdb=" H   GLY A  90 "
    ideal  model  delta    sigma   weight residual
    0.860  1.034 -0.174 2.00e-02 2.50e+03 7.53e+01
  bond pdb=" N   GLY A  98 "
       pdb=" H   GLY A  98 "
    ideal  model  delta    sigma   weight residual
    0.860  1.027 -0.167 2.00e-02 2.50e+03 7.01e+01
  ... (remaining 88 not shown)

  Histogram of bond angle deviations from ideal:
      102.20 -   107.40: 18
      107.40 -   112.60: 53
      112.60 -   117.80: 32
      117.80 -   123.00: 36
      123.00 -   128.20: 17
  Bond angle restraints: 156
  Sorted by residual:
  angle pdb=" HA2 GLY A  93 "
        pdb=" CA  GLY A  93 "
        pdb=" HA3 GLY A  93 "
      ideal   model   delta    sigma   weight residual
     109.00  102.20    6.80 3.00e+00 1.11e-01 5.13e+00
  angle pdb=" C   GLY A  87 "
        pdb=" CA  GLY A  87 "
        pdb=" HA3 GLY A  87 "
      ideal   model   delta    sigma   weight residual
     109.00  115.38   -6.38 3.00e+00 1.11e-01 4.52e+00
  angle pdb=" N   GLY A  98 "
        pdb=" CA  GLY A  98 "
        pdb=" HA2 GLY A  98 "
      ideal   model   delta    sigma   weight residual
     110.00  103.98    6.02 3.00e+00 1.11e-01 4.03e+00
  angle pdb=" N   GLY A  87 "
        pdb=" CA  GLY A  87 "
        pdb=" C   GLY A  87 "
      ideal   model   delta    sigma   weight residual
     113.30  107.53    5.77 2.90e+00 1.19e-01 3.96e+00
  angle pdb=" CA  GLY A  99 "
        pdb=" C   GLY A  99 "
        pdb=" OXT GLY A  99 "
      ideal   model   delta    sigma   weight residual
     118.60  124.44   -5.84 3.00e+00 1.11e-01 3.79e+00
  ... (remaining 151 not shown)

  Histogram of dihedral angle deviations from ideal:
        0.03 -    35.69: 12
       35.69 -    71.34: 0
       71.34 -   106.99: 1
      106.99 -   142.65: 0
      142.65 -   178.30: 1
  Dihedral angle restraints: 14
    sinusoidal: 1
      harmonic: 13
  Sorted by residual:
  dihedral pdb=" O   GLY A  99 "
           pdb=" C   GLY A  99 "
           pdb=" OXT GLY A  99 "
           pdb=" HXT GLY A  99 "
      ideal   model   delta  harmonic     sigma   weight residual
       0.00 -178.30  178.30     0      3.00e+01 1.11e-03 3.53e+01
  dihedral pdb=" N   GLY A  99 "
           pdb=" CA  GLY A  99 "
           pdb=" C   GLY A  99 "
           pdb=" OXT GLY A  99 "
      ideal   model   delta sinusoidal    sigma   weight residual
     -20.00   51.85  -71.85     2      3.00e+01 1.11e-03 4.82e+00
  dihedral pdb=" CA  GLY A  89 "
           pdb=" C   GLY A  89 "
           pdb=" N   GLY A  90 "
           pdb=" CA  GLY A  90 "
      ideal   model   delta  harmonic     sigma   weight residual
    -180.00 -169.68  -10.32     0      5.00e+00 4.00e-02 4.26e+00
  ... (remaining 11 not shown)

  Chirality restraints: 0

  Planarity restraints: 25
  Sorted by residual:
                                 delta    sigma   weight rms_deltas residual
  plane pdb=" CA  GLY A  88 "    0.008 2.00e-02 2.50e+03   1.63e-02 2.67e+00
        pdb=" C   GLY A  88 "   -0.028 2.00e-02 2.50e+03
        pdb=" O   GLY A  88 "    0.011 2.00e-02 2.50e+03
        pdb=" N   GLY A  89 "    0.009 2.00e-02 2.50e+03
                                 delta    sigma   weight rms_deltas residual
  plane pdb=" C   GLY A  97 "    0.009 2.00e-02 2.50e+03   1.50e-02 2.26e+00
        pdb=" N   GLY A  98 "   -0.026 2.00e-02 2.50e+03
        pdb=" CA  GLY A  98 "    0.007 2.00e-02 2.50e+03
        pdb=" H   GLY A  98 "    0.011 2.00e-02 2.50e+03
                                 delta    sigma   weight rms_deltas residual
  plane pdb=" CA  GLY A  99 "   -0.007 2.00e-02 2.50e+03   1.27e-02 2.02e+00
        pdb=" C   GLY A  99 "    0.007 2.00e-02 2.50e+03
        pdb=" O   GLY A  99 "    0.006 2.00e-02 2.50e+03
        pdb=" OXT GLY A  99 "   -0.021 2.00e-02 2.50e+03
        pdb=" HXT GLY A  99 "    0.015 2.00e-02 2.50e+03
  ... (remaining 22 not shown)

  Histogram of nonbonded interaction distances:
        1.94 -     2.52: 49
        2.52 -     3.10: 153
        3.10 -     3.68: 161
        3.68 -     4.26: 180
        4.26 -     4.84: 296
  Nonbonded interactions: 839
  Sorted by model distance:
  nonbonded pdb=" H   GLY A  93 "
            pdb=" H   GLY A  94 "
     model   vdw
     1.937 2.100
  nonbonded pdb=" H   GLY A  90 "
            pdb=" H   GLY A  91 "
     model   vdw
     1.976 2.100
  nonbonded pdb=" HA3 GLY A  87 "
            pdb=" HT2 GLY A  87 "
     model   vdw
     2.003 1.816
  nonbonded pdb=" H   GLY A  96 "
            pdb=" H   GLY A  97 "
     model   vdw
     2.004 2.100
  nonbonded pdb=" H   GLY A  94 "
            pdb=" H   GLY A  95 "
     model   vdw
     2.005 2.100
  ... (remaining 834 not shown)

  NOTE: a complete listing of the restraints can be obtained by requesting
        output of .geo file.

                   ----------xray_structure summary----------                  

Number of scattering types: 4
  Type Number    sf(0)   Gaussians
   O      14      7.97       1
   N      13      6.97       1
   C      26      5.97       1
   H      41      1.00       1
  sf(0) = scattering factor at diffraction angle 0.
Number of scatterers: 94
At special positions: 0
Unit cell: (16.291, 18.744, 30.715, 90, 90, 90)
Space group: P 1 (No. 1)

End of input processing
r_work=0.5380 r_free=0.5605
params.data_weight: None
params.restraints: qm
residue charges [0, 0, 0, 0, 0, 0, 0, 0, 0, 0, 0, 0, -1.0]
rmsd(b), start:  0.0160
initial_restraints_weight_scale 1.0
  Distorted at i: 10
mc:   0 Rw: 0.0857 Rf: 0.1883 rmsd(b):  0.3135 restraint_scale:  2.0 min_steps: 35
  Convergence reached at i: 9
mc:   1 Rw: 0.0751 Rf: 0.1792 rmsd(b):  0.0332 restraint_scale:  4.0 min_steps: 6
mc:   2 Rw: 0.0431 Rf: 0.0844 rmsd(b):  0.0273 restraint_scale:  4.0 min_steps: 24
 Convergence at macro_cycle: 2
Best r_work: 0.0431 r_free: 0.0844
see the result structure:  ./results/refine_qm/./1.5/0.pdb
Time: 799.1852
