
============================== Collecting inputs ==============================


                   ----------Processing X-ray data----------                   

F-obs:
  /nfsexp/homes/m_zhen01/QR/1us0_pm7_cleanup/data.mtz:FMODEL
Miller array info: None
Observation type: xray.amplitude
Type of data: double, size=211
Type of sigmas: None
Number of Miller indices: 211
Anomalous flag: False
Unit cell: (16.291, 18.744, 30.715, 90, 90, 90)
Space group: P 1 (No. 1)
Systematic absences: 0
Centric reflections: 0
Resolution range: 5.93968 4
Completeness in resolution range: 1
Completeness with d_max=infinity: 0.69637

Number of F-obs in resolution range:                   211
Number of F-obs<0 (these reflections will be rejected): 0
Number of F-obs=0 (these reflections will be used in refinement): 0
Refinement resolution range: d_max =   5.9397
                             d_min =   4.0000

R-free flags:
  /nfsexp/homes/m_zhen01/QR/1us0_pm7_cleanup/data.mtz:R-free-flags
Miller array info: /nfsexp/homes/m_zhen01/QR/1us0_pm7_cleanup/data.mtz:R-free-flags
Observation type: None
Type of data: int, size=211
Type of sigmas: None
Number of Miller indices: 211
Anomalous flag: False
Unit cell: (16.291, 18.744, 30.715, 90, 90, 90)
Space group: P 1 (No. 1)
Systematic absences: 0
Centric reflections: 0
Resolution range: 5.93968 4
Completeness in resolution range: 1
Completeness with d_max=infinity: 0.69637
Wavelength: 1.0000

Test (R-free flags) flag value: 1

Number of work/free reflections by resolution:
                                  work free  %free
  bin  1: 5.9397 - 5.5475 [24/24]   22    2   8.3%
  bin  2: 5.5475 - 5.2419 [21/21]   19    2   9.5%
  bin  3: 5.2419 - 4.9942 [15/15]   13    2  13.3%
  bin  4: 4.9942 - 4.7875 [28/28]   25    3  10.7%
  bin  5: 4.7875 - 4.6113 [29/29]   26    3  10.3%
  bin  6: 4.6113 - 4.4584 [14/14]   13    1   7.1%
  bin  7: 4.4584 - 4.3240 [19/19]   17    2  10.5%
  bin  8: 4.3240 - 4.2045 [26/26]   23    3  11.5%
  bin  9: 4.2045 - 4.0971 [14/14]   13    1   7.1%
  bin 10: 4.0971 - 4.0000 [21/21]   19    2   9.5%
                          overall  190   21  10.0%

                   ----------Processing PDB file(s)----------                  

  Monomer Library directory:
    "/home/m/m_zhen01/phenix-1.10.1-2155/modules/chem_data/mon_lib"
  Total number of atoms: 94
  Number of models: 1
  Model: ""
    Number of chains: 1
    Chain: "A"
      Number of atoms: 94
      Number of conformers: 1
      Conformer: ""
        Number of residues, atoms: 13, 94
          Classifications: {'peptide': 13}
          Modifications used: {'NH2NOTPRO': 1, 'COOH': 1}
          Link IDs: {'TRANS': 12}
  Time building chain proxies: 0.04, per 1000 atoms: 0.43
  Number of scatterers: 94
  At special positions: 0
  Unit cell: (16.291, 18.744, 30.715, 90, 90, 90)
  Space group: P 1 (No. 1)
  Number of sites at special positions: 0
  Number of scattering types: 4
    Type Number    sf(0)
     O      14      8.00
     N      13      7.00
     C      26      6.00
     H      41      1.00
    sf(0) = scattering factor at diffraction angle 0.

  Number of disulfides: simple=0, symmetry=0

  Automatic linking
    Parameters for automatic linking
      Linking & cutoffs
        Metal                : False - 3.50
        Amimo acid           : False - 1.90
        Carbohydrate         : True  - 1.99
        Ligands              : True  - 1.99
        Amino acid - RNA/DNA : False
      
  Number of custom bonds: simple=0, symmetry=0
  Time building additional restraints: 0.02
  Conformation dependent library (CDL) restraints added in 5.4 milliseconds
  
  Adding C-beta torsion restraints...
  Number of C-beta restraints generated:  0
  Time building geometry restraints manager: 0.02 seconds

  NOTE: a complete listing of the restraints can be obtained by requesting
        output of .geo file.

  Histogram of bond lengths:
        0.96 -     1.08: 20
        1.08 -     1.20: 22
        1.20 -     1.31: 12
        1.31 -     1.43: 13
        1.43 -     1.54: 26
  Bond restraints: 93
  Sorted by residual:
  bond pdb=" N   GLY A  88 "
       pdb=" H   GLY A  88 "
    ideal  model  delta    sigma   weight residual
    0.860  1.061 -0.201 2.00e-02 2.50e+03 1.01e+02
  bond pdb=" N   GLY A  97 "
       pdb=" H   GLY A  97 "
    ideal  model  delta    sigma   weight residual
    0.860  1.060 -0.200 2.00e-02 2.50e+03 9.98e+01
  bond pdb=" N   GLY A  99 "
       pdb=" H   GLY A  99 "
    ideal  model  delta    sigma   weight residual
    0.860  1.042 -0.182 2.00e-02 2.50e+03 8.27e+01
  bond pdb=" N   GLY A  94 "
       pdb=" H   GLY A  94 "
    ideal  model  delta    sigma   weight residual
    0.860  1.036 -0.176 2.00e-02 2.50e+03 7.73e+01
  bond pdb=" N   GLY A  98 "
       pdb=" H   GLY A  98 "
    ideal  model  delta    sigma   weight residual
    0.860  1.030 -0.170 2.00e-02 2.50e+03 7.24e+01
  ... (remaining 88 not shown)

  Histogram of bond angle deviations from ideal:
      102.53 -   107.76: 22
      107.76 -   113.00: 54
      113.00 -   118.23: 30
      118.23 -   123.46: 37
      123.46 -   128.69: 13
  Bond angle restraints: 156
  Sorted by residual:
  angle pdb=" HT1 GLY A  87 "
        pdb=" N   GLY A  87 "
        pdb=" HT2 GLY A  87 "
      ideal   model   delta    sigma   weight residual
     109.47  117.22   -7.75 3.00e+00 1.11e-01 6.67e+00
  angle pdb=" N   GLY A  97 "
        pdb=" CA  GLY A  97 "
        pdb=" HA3 GLY A  97 "
      ideal   model   delta    sigma   weight residual
     110.00  102.53    7.47 3.00e+00 1.11e-01 6.20e+00
  angle pdb=" HA2 GLY A  95 "
        pdb=" CA  GLY A  95 "
        pdb=" HA3 GLY A  95 "
      ideal   model   delta    sigma   weight residual
     109.00  102.58    6.42 3.00e+00 1.11e-01 4.58e+00
  angle pdb=" CA  GLY A  88 "
        pdb=" C   GLY A  88 "
        pdb=" O   GLY A  88 "
      ideal   model   delta    sigma   weight residual
     119.45  121.84   -2.39 1.18e+00 7.18e-01 4.12e+00
  angle pdb=" CA  GLY A  95 "
        pdb=" C   GLY A  95 "
        pdb=" N   GLY A  96 "
      ideal   model   delta    sigma   weight residual
     118.95  116.86    2.09 1.06e+00 8.90e-01 3.89e+00
  ... (remaining 151 not shown)

  Histogram of dihedral angle deviations from ideal:
        0.15 -    35.74: 13
       35.74 -    71.33: 0
       71.33 -   106.92: 0
      106.92 -   142.52: 0
      142.52 -   178.11: 1
  Dihedral angle restraints: 14
    sinusoidal: 1
      harmonic: 13
  Sorted by residual:
  dihedral pdb=" O   GLY A  99 "
           pdb=" C   GLY A  99 "
           pdb=" OXT GLY A  99 "
           pdb=" HXT GLY A  99 "
      ideal   model   delta  harmonic     sigma   weight residual
       0.00 -178.11  178.11     0      3.00e+01 1.11e-03 3.52e+01
  dihedral pdb=" CA  GLY A  87 "
           pdb=" C   GLY A  87 "
           pdb=" N   GLY A  88 "
           pdb=" CA  GLY A  88 "
      ideal   model   delta  harmonic     sigma   weight residual
    -180.00 -172.71   -7.29     0      5.00e+00 4.00e-02 2.13e+00
  dihedral pdb=" CA  GLY A  94 "
           pdb=" C   GLY A  94 "
           pdb=" N   GLY A  95 "
           pdb=" CA  GLY A  95 "
      ideal   model   delta  harmonic     sigma   weight residual
    -180.00 -173.64   -6.36     0      5.00e+00 4.00e-02 1.62e+00
  ... (remaining 11 not shown)

  Chirality restraints: 0

  Planarity restraints: 25
  Sorted by residual:
                                 delta    sigma   weight rms_deltas residual
  plane pdb=" CA  GLY A  96 "    0.011 2.00e-02 2.50e+03   2.14e-02 4.57e+00
        pdb=" C   GLY A  96 "   -0.037 2.00e-02 2.50e+03
        pdb=" O   GLY A  96 "    0.014 2.00e-02 2.50e+03
        pdb=" N   GLY A  97 "    0.013 2.00e-02 2.50e+03
                                 delta    sigma   weight rms_deltas residual
  plane pdb=" CA  GLY A  99 "    0.009 2.00e-02 2.50e+03   1.53e-02 2.93e+00
        pdb=" C   GLY A  99 "   -0.010 2.00e-02 2.50e+03
        pdb=" O   GLY A  99 "   -0.006 2.00e-02 2.50e+03
        pdb=" OXT GLY A  99 "    0.025 2.00e-02 2.50e+03
        pdb=" HXT GLY A  99 "   -0.018 2.00e-02 2.50e+03
                                 delta    sigma   weight rms_deltas residual
  plane pdb=" C   GLY A  89 "    0.009 2.00e-02 2.50e+03   1.56e-02 2.42e+00
        pdb=" N   GLY A  90 "   -0.027 2.00e-02 2.50e+03
        pdb=" CA  GLY A  90 "    0.007 2.00e-02 2.50e+03
        pdb=" H   GLY A  90 "    0.011 2.00e-02 2.50e+03
  ... (remaining 22 not shown)

  Histogram of nonbonded interaction distances:
        1.80 -     2.41: 37
        2.41 -     3.01: 145
        3.01 -     3.62: 184
        3.62 -     4.23: 184
        4.23 -     4.84: 308
  Nonbonded interactions: 858
  Sorted by model distance:
  nonbonded pdb=" H   GLY A  92 "
            pdb=" H   GLY A  93 "
     model   vdw
     1.797 2.100
  nonbonded pdb=" H   GLY A  90 "
            pdb=" H   GLY A  91 "
     model   vdw
     2.122 2.100
  nonbonded pdb=" H   GLY A  93 "
            pdb=" H   GLY A  94 "
     model   vdw
     2.123 2.100
  nonbonded pdb=" H   GLY A  96 "
            pdb=" H   GLY A  97 "
     model   vdw
     2.126 2.100
  nonbonded pdb=" H   GLY A  97 "
            pdb=" H   GLY A  98 "
     model   vdw
     2.159 2.100
  ... (remaining 853 not shown)

  NOTE: a complete listing of the restraints can be obtained by requesting
        output of .geo file.

                   ----------xray_structure summary----------                  

Number of scattering types: 4
  Type Number    sf(0)   Gaussians
   O      14      7.97       1
   N      13      6.97       1
   C      26      5.97       1
   H      41      1.00       1
  sf(0) = scattering factor at diffraction angle 0.
Number of scatterers: 94
At special positions: 0
Unit cell: (16.291, 18.744, 30.715, 90, 90, 90)
Space group: P 1 (No. 1)

End of input processing
   input {
     xray_data {
       file_name = /nfsexp/homes/m_zhen01/QR/1us0_pm7_cleanup/data.mtz
       labels = None
       high_resolution = None
       low_resolution = None
       outliers_rejection = True
       french_wilson_scale = True
       french_wilson {
         max_bins = 60
         min_bin_size = 40
       }
       sigma_fobs_rejection_criterion = None
       sigma_iobs_rejection_criterion = None
       ignore_all_zeros = True
       force_anomalous_flag_to_be_equal_to = None
       convert_to_non_anomalous_if_ratio_pairs_lone_less_than_threshold = 0.5
       r_free_flags {
         file_name = None
         label = None
         test_flag_value = None
         ignore_r_free_flags = False
         disable_suitability_test = False
         ignore_pdb_hexdigest = False
         generate = False
         fraction = 0.1
         max_free = 2000
         lattice_symmetry_max_delta = 5
         use_lattice_symmetry = True
         use_dataman_shells = False
         n_shells = 20
       }
     }
     pdb {
       file_name = /nfsexp/homes/m_zhen01/QR/1us0_pm7_cleanup/perturbed/1.2/1.pdb
     }
     monomers {
       file_name = None
     }
     sequence = None
     scattering_table = wk1995 it1992 *n_gaussian neutron
     wavelength = None
     energy = None
     twin_law = None
   }
   sf_algorithm = *direct fft
   restraints = *cctbx qm
   qm_calculator = mopac *terachem
   mode = opt *refine
   number_of_macro_cycles = 50
   number_of_micro_cycles = 50
   data_weight = None
   output_file_name_prefix = None
   output_folder_name = ./results_cleanup/refine_cctbx/./1.2/
   use_convergence_test = True
   update_all_scales = False
   refinement_target_name = *ml ls_wunit_k1
   max_bond_rmsd = 0.03
   use_r_free = True
   r_tolerance = 0.001
   rmsd_tolerance = 0.01
   refine_sites = True
   refine_adp = False
r_work=0.4270 r_free=0.3082
start:   0 Rw: 0.4270 Rf: 0.3082 rmsd(b):  0.0158 restraints_weight_scale:  1.0
 Convergence at micro_cycle: 5
macro_cycle:   1 Rw: 0.0365 Rf: 0.0814 rmsd(b):  0.0319 restraints_weight_scale:  1.0
 Convergence at micro_cycle: 6
macro_cycle:   2 Rw: 0.0393 Rf: 0.0861 rmsd(b):  0.0235 restraints_weight_scale:  2.0
 Convergence at macro_cycle: 2
Best r_work: 0.0393 r_free: 0.0861
See 1_refined.pdb in ./results_cleanup/refine_cctbx/./1.2/ folder.
Time: 4.3919
