
============================== Collecting inputs ==============================


                   ----------Processing X-ray data----------                   

F-obs:
  /Users/minzheng/QR/helix/data.mtz:F(ake)obs
Miller array info: None
Observation type: xray.amplitude
Type of data: double, size=160
Type of sigmas: None
Number of Miller indices: 160
Anomalous flag: False
Unit cell: (16.291, 18.744, 30.715, 90, 90, 90)
Space group: P 1 (No. 1)
Systematic absences: 0
Centric reflections: 0
Resolution range: 3.97988 3.50665
Completeness in resolution range: 1
Completeness with d_max=infinity: 0.345572

Number of F-obs in resolution range:                   160
Number of F-obs<0 (these reflections will be rejected): 0
Number of F-obs=0 (these reflections will be used in refinement): 0
Refinement resolution range: d_max =   3.9799
                             d_min =   3.5066

R-free flags:
  /Users/minzheng/QR/helix/data.mtz:R-free-flags
Miller array info: /Users/minzheng/QR/helix/data.mtz:R-free-flags
Observation type: None
Type of data: int, size=160
Type of sigmas: None
Number of Miller indices: 160
Anomalous flag: False
Unit cell: (16.291, 18.744, 30.715, 90, 90, 90)
Space group: P 1 (No. 1)
Systematic absences: 0
Centric reflections: 0
Resolution range: 3.97988 3.50665
Completeness in resolution range: 1
Completeness with d_max=infinity: 0.345572
Wavelength: 1.0000

Test (R-free flags) flag value: 1

Number of work/free reflections by resolution:
                                   work free  %free
  bin  1: 3.9799 - 3.9204 [28/28 ]   28    0   0.0%
  bin  2: 3.9204 - 3.8644 [ 4/4  ]    4    0   0.0%
  bin  3: 3.8644 - 3.8114 [19/19 ]   13    6  31.6%
  bin  4: 3.8114 - 3.7612 [16/16 ]   16    0   0.0%
  bin  5: 3.7612 - 3.7135 [15/15 ]   13    2  13.3%
  bin  6: 3.7135 - 3.6682 [ 8/8  ]    8    0   0.0%
  bin  7: 3.6682 - 3.6250 [24/24 ]   24    0   0.0%
  bin  8: 3.6250 - 3.5838 [12/12 ]   10    2  16.7%
  bin  9: 3.5838 - 3.5444 [16/16 ]   16    0   0.0%
  bin 10: 3.5444 - 3.5066 [18/18 ]   14    4  22.2%
                           overall  146   14   8.8%

                   ----------Processing PDB file(s)----------                  

  Monomer Library directory:
    "/Users/Shared/bin/phenix/phenix-1.10.1-2155/modules/chem_data/mon_lib"
  Total number of atoms: 94
  Number of models: 1
  Model: ""
    Number of chains: 1
    Chain: "A"
      Number of atoms: 94
      Number of conformers: 1
      Conformer: ""
        Number of residues, atoms: 13, 94
          Classifications: {'peptide': 13}
          Modifications used: {'NH2NOTPRO': 1, 'COOH': 1}
          Link IDs: {'TRANS': 12}
  Time building chain proxies: 0.04, per 1000 atoms: 0.43
  Number of scatterers: 94
  At special positions: 0
  Unit cell: (16.291, 18.744, 30.715, 90, 90, 90)
  Space group: P 1 (No. 1)
  Number of sites at special positions: 0
  Number of scattering types: 4
    Type Number    sf(0)
     O      14      8.00
     N      13      7.00
     C      26      6.00
     H      41      1.00
    sf(0) = scattering factor at diffraction angle 0.

  Number of disulfides: simple=0, symmetry=0

  Automatic linking
    Parameters for automatic linking
      Linking & cutoffs
        Metal                : False - 3.50
        Amimo acid           : False - 1.90
        Carbohydrate         : True  - 1.99
        Ligands              : True  - 1.99
        Amino acid - RNA/DNA : False
      
  Number of custom bonds: simple=0, symmetry=0
  Time building additional restraints: 0.02
  Conformation dependent library (CDL) restraints added in 4.9 milliseconds
  
  Adding C-beta torsion restraints...
  Number of C-beta restraints generated:  0
  Time building geometry restraints manager: 0.02 seconds

  NOTE: a complete listing of the restraints can be obtained by requesting
        output of .geo file.

  Histogram of bond lengths:
        0.94 -     1.06: 16
        1.06 -     1.18: 25
        1.18 -     1.29: 13
        1.29 -     1.41: 13
        1.41 -     1.53: 26
  Bond restraints: 93
  Sorted by residual:
  bond pdb=" N   GLY A  98 "
       pdb=" H   GLY A  98 "
    ideal  model  delta    sigma   weight residual
    0.860  1.049 -0.189 2.00e-02 2.50e+03 8.93e+01
  bond pdb=" N   GLY A  96 "
       pdb=" H   GLY A  96 "
    ideal  model  delta    sigma   weight residual
    0.860  1.039 -0.179 2.00e-02 2.50e+03 7.98e+01
  bond pdb=" N   GLY A  92 "
       pdb=" H   GLY A  92 "
    ideal  model  delta    sigma   weight residual
    0.860  1.026 -0.166 2.00e-02 2.50e+03 6.92e+01
  bond pdb=" N   GLY A  99 "
       pdb=" H   GLY A  99 "
    ideal  model  delta    sigma   weight residual
    0.860  1.026 -0.166 2.00e-02 2.50e+03 6.88e+01
  bond pdb=" N   GLY A  89 "
       pdb=" H   GLY A  89 "
    ideal  model  delta    sigma   weight residual
    0.860  1.016 -0.156 2.00e-02 2.50e+03 6.08e+01
  ... (remaining 88 not shown)

  Histogram of bond angle deviations from ideal:
      103.14 -   108.63: 35
      108.63 -   114.12: 49
      114.12 -   119.60: 29
      119.60 -   125.09: 37
      125.09 -   130.58: 6
  Bond angle restraints: 156
  Sorted by residual:
  angle pdb=" N   GLY A  96 "
        pdb=" CA  GLY A  96 "
        pdb=" C   GLY A  96 "
      ideal   model   delta    sigma   weight residual
     114.66  110.68    3.98 1.24e+00 6.50e-01 1.03e+01
  angle pdb=" N   GLY A  97 "
        pdb=" CA  GLY A  97 "
        pdb=" C   GLY A  97 "
      ideal   model   delta    sigma   weight residual
     114.16  110.92    3.24 1.21e+00 6.83e-01 7.18e+00
  angle pdb=" N   GLY A  97 "
        pdb=" CA  GLY A  97 "
        pdb=" HA3 GLY A  97 "
      ideal   model   delta    sigma   weight residual
     110.00  103.14    6.86 3.00e+00 1.11e-01 5.23e+00
  angle pdb=" C   GLY A  96 "
        pdb=" N   GLY A  97 "
        pdb=" H   GLY A  97 "
      ideal   model   delta    sigma   weight residual
     124.30  130.58   -6.28 3.00e+00 1.11e-01 4.38e+00
  angle pdb=" CA  GLY A  97 "
        pdb=" N   GLY A  97 "
        pdb=" H   GLY A  97 "
      ideal   model   delta    sigma   weight residual
     114.00  107.94    6.06 3.00e+00 1.11e-01 4.09e+00
  ... (remaining 151 not shown)

  Histogram of dihedral angle deviations from ideal:
        1.02 -    36.17: 13
       36.17 -    71.33: 0
       71.33 -   106.48: 0
      106.48 -   141.64: 0
      141.64 -   176.79: 1
  Dihedral angle restraints: 14
    sinusoidal: 1
      harmonic: 13
  Sorted by residual:
  dihedral pdb=" O   GLY A  99 "
           pdb=" C   GLY A  99 "
           pdb=" OXT GLY A  99 "
           pdb=" HXT GLY A  99 "
      ideal   model   delta  harmonic     sigma   weight residual
       0.00 -176.79  176.79     0      3.00e+01 1.11e-03 3.47e+01
  dihedral pdb=" CA  GLY A  89 "
           pdb=" C   GLY A  89 "
           pdb=" N   GLY A  90 "
           pdb=" CA  GLY A  90 "
      ideal   model   delta  harmonic     sigma   weight residual
     180.00  167.01   12.99     0      5.00e+00 4.00e-02 6.75e+00
  dihedral pdb=" CA  GLY A  97 "
           pdb=" C   GLY A  97 "
           pdb=" N   GLY A  98 "
           pdb=" CA  GLY A  98 "
      ideal   model   delta  harmonic     sigma   weight residual
     180.00  172.02    7.98     0      5.00e+00 4.00e-02 2.55e+00
  ... (remaining 11 not shown)

  Chirality restraints: 0

  Planarity restraints: 25
  Sorted by residual:
                                 delta    sigma   weight rms_deltas residual
  plane pdb=" C   GLY A  94 "   -0.012 2.00e-02 2.50e+03   2.09e-02 4.38e+00
        pdb=" N   GLY A  95 "    0.036 2.00e-02 2.50e+03
        pdb=" CA  GLY A  95 "   -0.010 2.00e-02 2.50e+03
        pdb=" H   GLY A  95 "   -0.015 2.00e-02 2.50e+03
                                 delta    sigma   weight rms_deltas residual
  plane pdb=" CA  GLY A  99 "   -0.009 2.00e-02 2.50e+03   1.84e-02 4.25e+00
        pdb=" C   GLY A  99 "    0.036 2.00e-02 2.50e+03
        pdb=" O   GLY A  99 "   -0.015 2.00e-02 2.50e+03
        pdb=" OXT GLY A  99 "   -0.009 2.00e-02 2.50e+03
        pdb=" HXT GLY A  99 "   -0.003 2.00e-02 2.50e+03
                                 delta    sigma   weight rms_deltas residual
  plane pdb=" CA  GLY A  91 "    0.008 2.00e-02 2.50e+03   1.59e-02 2.53e+00
        pdb=" C   GLY A  91 "   -0.028 2.00e-02 2.50e+03
        pdb=" O   GLY A  91 "    0.010 2.00e-02 2.50e+03
        pdb=" N   GLY A  92 "    0.009 2.00e-02 2.50e+03
  ... (remaining 22 not shown)

  Histogram of nonbonded interaction distances:
        1.89 -     2.48: 43
        2.48 -     3.07: 178
        3.07 -     3.66: 193
        3.66 -     4.25: 216
        4.25 -     4.84: 351
  Nonbonded interactions: 981
  Sorted by model distance:
  nonbonded pdb=" HT1 GLY A  87 "
            pdb=" H   GLY A  88 "
     model   vdw
     1.888 2.100
  nonbonded pdb=" O   GLY A  88 "
            pdb=" H   GLY A  92 "
     model   vdw
     1.928 1.970
  nonbonded pdb=" H   GLY A  97 "
            pdb=" HA3 GLY A  97 "
     model   vdw
     2.010 1.816
  nonbonded pdb=" O   GLY A  95 "
            pdb=" H   GLY A  99 "
     model   vdw
     2.022 1.970
  nonbonded pdb=" O   GLY A  96 "
            pdb=" HXT GLY A  99 "
     model   vdw
     2.088 1.970
  ... (remaining 976 not shown)

  NOTE: a complete listing of the restraints can be obtained by requesting
        output of .geo file.

                   ----------xray_structure summary----------                  

Number of scattering types: 4
  Type Number    sf(0)   Gaussians
   O      14      7.97       1
   N      13      6.97       1
   C      26      5.97       1
   H      41      1.00       1
  sf(0) = scattering factor at diffraction angle 0.
Number of scatterers: 94
At special positions: 0
Unit cell: (16.291, 18.744, 30.715, 90, 90, 90)
Space group: P 1 (No. 1)

End of input processing
r_work=0.4067 r_free=0.5418
params.data_weight: None
params.restraints: qm
rmsd(b), start:  0.0165
Initial weight optimization conter: 1
Initial weight optimization conter: 2
Initial weight optimization conter: 3
Initial weight optimization conter: 4
initial_restraints_weight_scale 8.0
mc:   0 R: 0.2309 rmsd(b):  0.0260 restraint_scale:  8.0 min_steps: 52
mc:   1 R: 0.1587 rmsd(b):  0.0259 restraint_scale:  8.0 min_steps: 38
mc:   2 R: 0.1251 rmsd(b):  0.0286 restraint_scale:  8.0 min_steps: 54
mc:   3 R: 0.1250 rmsd(b):  0.0289 restraint_scale:  8.0 min_steps: 8
Convergence reached, stop now.
best mc:    4
 r_factor (best): 0.12501
see the result structure:  ./results_b_rmsd_0.03_pm7/refine_qm/./0.6/5.pdb
Time: 195.6571
