
============================== Collecting inputs ==============================


                   ----------Processing X-ray data----------                   

F-obs:
  /nfsexp/homes/m_zhen01/QR/1us0/data.mtz:FMODEL
Miller array info: None
Observation type: xray.amplitude
Type of data: double, size=211
Type of sigmas: None
Number of Miller indices: 211
Anomalous flag: False
Unit cell: (16.291, 18.744, 30.715, 90, 90, 90)
Space group: P 1 (No. 1)
Systematic absences: 0
Centric reflections: 0
Resolution range: 5.93968 4
Completeness in resolution range: 1
Completeness with d_max=infinity: 0.69637

Number of F-obs in resolution range:                   211
Number of F-obs<0 (these reflections will be rejected): 0
Number of F-obs=0 (these reflections will be used in refinement): 0
Refinement resolution range: d_max =   5.9397
                             d_min =   4.0000

R-free flags:
  /nfsexp/homes/m_zhen01/QR/1us0/data.mtz:R-free-flags
Miller array info: /nfsexp/homes/m_zhen01/QR/1us0/data.mtz:R-free-flags
Observation type: None
Type of data: int, size=211
Type of sigmas: None
Number of Miller indices: 211
Anomalous flag: False
Unit cell: (16.291, 18.744, 30.715, 90, 90, 90)
Space group: P 1 (No. 1)
Systematic absences: 0
Centric reflections: 0
Resolution range: 5.93968 4
Completeness in resolution range: 1
Completeness with d_max=infinity: 0.69637
Wavelength: 1.0000

Test (R-free flags) flag value: 1

Number of work/free reflections by resolution:
                                  work free  %free
  bin  1: 5.9397 - 5.5475 [24/24]   22    2   8.3%
  bin  2: 5.5475 - 5.2419 [21/21]   19    2   9.5%
  bin  3: 5.2419 - 4.9942 [15/15]   13    2  13.3%
  bin  4: 4.9942 - 4.7875 [28/28]   25    3  10.7%
  bin  5: 4.7875 - 4.6113 [29/29]   26    3  10.3%
  bin  6: 4.6113 - 4.4584 [14/14]   13    1   7.1%
  bin  7: 4.4584 - 4.3240 [19/19]   17    2  10.5%
  bin  8: 4.3240 - 4.2045 [26/26]   23    3  11.5%
  bin  9: 4.2045 - 4.0971 [14/14]   13    1   7.1%
  bin 10: 4.0971 - 4.0000 [21/21]   19    2   9.5%
                          overall  190   21  10.0%

                   ----------Processing PDB file(s)----------                  

  Monomer Library directory:
    "/home/m/m_zhen01/phenix-1.10.1-2155/modules/chem_data/mon_lib"
  Total number of atoms: 94
  Number of models: 1
  Model: ""
    Number of chains: 1
    Chain: "A"
      Number of atoms: 94
      Number of conformers: 1
      Conformer: ""
        Number of residues, atoms: 13, 94
          Classifications: {'peptide': 13}
          Modifications used: {'NH2NOTPRO': 1, 'COOH': 1}
          Link IDs: {'TRANS': 12}
  Time building chain proxies: 0.04, per 1000 atoms: 0.43
  Number of scatterers: 94
  At special positions: 0
  Unit cell: (16.291, 18.744, 30.715, 90, 90, 90)
  Space group: P 1 (No. 1)
  Number of sites at special positions: 0
  Number of scattering types: 4
    Type Number    sf(0)
     O      14      8.00
     N      13      7.00
     C      26      6.00
     H      41      1.00
    sf(0) = scattering factor at diffraction angle 0.

  Number of disulfides: simple=0, symmetry=0

  Automatic linking
    Parameters for automatic linking
      Linking & cutoffs
        Metal                : False - 3.50
        Amimo acid           : False - 1.90
        Carbohydrate         : True  - 1.99
        Ligands              : True  - 1.99
        Amino acid - RNA/DNA : False
      
  Number of custom bonds: simple=0, symmetry=0
  Time building additional restraints: 0.02
  Conformation dependent library (CDL) restraints added in 5.4 milliseconds
  
  Adding C-beta torsion restraints...
  Number of C-beta restraints generated:  0
  Time building geometry restraints manager: 0.03 seconds

  NOTE: a complete listing of the restraints can be obtained by requesting
        output of .geo file.

  Histogram of bond lengths:
        0.96 -     1.08: 20
        1.08 -     1.19: 22
        1.19 -     1.30: 12
        1.30 -     1.41: 13
        1.41 -     1.53: 26
  Bond restraints: 93
  Sorted by residual:
  bond pdb=" N   GLY A  94 "
       pdb=" H   GLY A  94 "
    ideal  model  delta    sigma   weight residual
    0.860  1.052 -0.192 2.00e-02 2.50e+03 9.19e+01
  bond pdb=" N   GLY A  97 "
       pdb=" H   GLY A  97 "
    ideal  model  delta    sigma   weight residual
    0.860  1.043 -0.183 2.00e-02 2.50e+03 8.39e+01
  bond pdb=" N   GLY A  88 "
       pdb=" H   GLY A  88 "
    ideal  model  delta    sigma   weight residual
    0.860  1.032 -0.172 2.00e-02 2.50e+03 7.44e+01
  bond pdb=" N   GLY A  96 "
       pdb=" H   GLY A  96 "
    ideal  model  delta    sigma   weight residual
    0.860  1.025 -0.165 2.00e-02 2.50e+03 6.85e+01
  bond pdb=" N   GLY A  90 "
       pdb=" H   GLY A  90 "
    ideal  model  delta    sigma   weight residual
    0.860  1.025 -0.165 2.00e-02 2.50e+03 6.78e+01
  ... (remaining 88 not shown)

  Histogram of bond angle deviations from ideal:
      100.66 -   105.89: 12
      105.89 -   111.11: 46
      111.11 -   116.33: 37
      116.33 -   121.55: 33
      121.55 -   126.78: 28
  Bond angle restraints: 156
  Sorted by residual:
  angle pdb=" N   GLY A  96 "
        pdb=" CA  GLY A  96 "
        pdb=" C   GLY A  96 "
      ideal   model   delta    sigma   weight residual
     115.80  109.61    6.19 1.74e+00 3.30e-01 1.27e+01
  angle pdb=" C   GLY A  91 "
        pdb=" CA  GLY A  91 "
        pdb=" HA3 GLY A  91 "
      ideal   model   delta    sigma   weight residual
     109.00  100.66    8.34 3.00e+00 1.11e-01 7.72e+00
  angle pdb=" CA  GLY A  96 "
        pdb=" C   GLY A  96 "
        pdb=" O   GLY A  96 "
      ideal   model   delta    sigma   weight residual
     119.04  121.29   -2.25 9.10e-01 1.21e+00 6.14e+00
  angle pdb=" HT1 GLY A  87 "
        pdb=" N   GLY A  87 "
        pdb=" HT2 GLY A  87 "
      ideal   model   delta    sigma   weight residual
     109.47  102.32    7.15 3.00e+00 1.11e-01 5.68e+00
  angle pdb=" N   GLY A  90 "
        pdb=" CA  GLY A  90 "
        pdb=" C   GLY A  90 "
      ideal   model   delta    sigma   weight residual
     114.66  111.80    2.86 1.24e+00 6.50e-01 5.30e+00
  ... (remaining 151 not shown)

  Histogram of dihedral angle deviations from ideal:
        1.41 -    37.07: 12
       37.07 -    72.74: 0
       72.74 -   108.40: 1
      108.40 -   144.06: 0
      144.06 -   179.73: 1
  Dihedral angle restraints: 14
    sinusoidal: 1
      harmonic: 13
  Sorted by residual:
  dihedral pdb=" O   GLY A  99 "
           pdb=" C   GLY A  99 "
           pdb=" OXT GLY A  99 "
           pdb=" HXT GLY A  99 "
      ideal   model   delta  harmonic     sigma   weight residual
       0.00 -179.73  179.73     0      3.00e+01 1.11e-03 3.59e+01
  dihedral pdb=" N   GLY A  99 "
           pdb=" CA  GLY A  99 "
           pdb=" C   GLY A  99 "
           pdb=" OXT GLY A  99 "
      ideal   model   delta sinusoidal    sigma   weight residual
     -20.00 -100.63   80.63     2      3.00e+01 1.11e-03 5.19e+00
  dihedral pdb=" CA  GLY A  89 "
           pdb=" C   GLY A  89 "
           pdb=" N   GLY A  90 "
           pdb=" CA  GLY A  90 "
      ideal   model   delta  harmonic     sigma   weight residual
     180.00 -172.49   -7.51     0      5.00e+00 4.00e-02 2.26e+00
  ... (remaining 11 not shown)

  Chirality restraints: 0

  Planarity restraints: 25
  Sorted by residual:
                                 delta    sigma   weight rms_deltas residual
  plane pdb=" C   GLY A  96 "    0.012 2.00e-02 2.50e+03   2.12e-02 4.48e+00
        pdb=" N   GLY A  97 "   -0.037 2.00e-02 2.50e+03
        pdb=" CA  GLY A  97 "    0.010 2.00e-02 2.50e+03
        pdb=" H   GLY A  97 "    0.014 2.00e-02 2.50e+03
                                 delta    sigma   weight rms_deltas residual
  plane pdb=" CA  GLY A  91 "   -0.008 2.00e-02 2.50e+03   1.53e-02 2.34e+00
        pdb=" C   GLY A  91 "    0.026 2.00e-02 2.50e+03
        pdb=" O   GLY A  91 "   -0.010 2.00e-02 2.50e+03
        pdb=" N   GLY A  92 "   -0.009 2.00e-02 2.50e+03
                                 delta    sigma   weight rms_deltas residual
  plane pdb=" CA  GLY A  88 "    0.008 2.00e-02 2.50e+03   1.51e-02 2.29e+00
        pdb=" C   GLY A  88 "   -0.026 2.00e-02 2.50e+03
        pdb=" O   GLY A  88 "    0.010 2.00e-02 2.50e+03
        pdb=" N   GLY A  89 "    0.009 2.00e-02 2.50e+03
  ... (remaining 22 not shown)

  Histogram of nonbonded interaction distances:
        1.83 -     2.43: 29
        2.43 -     3.03: 162
        3.03 -     3.63: 161
        3.63 -     4.24: 197
        4.24 -     4.84: 320
  Nonbonded interactions: 869
  Sorted by model distance:
  nonbonded pdb=" H   GLY A  98 "
            pdb=" H   GLY A  99 "
     model   vdw
     1.827 2.100
  nonbonded pdb=" O   GLY A  90 "
            pdb=" H   GLY A  94 "
     model   vdw
     1.902 1.970
  nonbonded pdb=" H   GLY A  93 "
            pdb=" H   GLY A  94 "
     model   vdw
     2.152 2.100
  nonbonded pdb=" HA3 GLY A  99 "
            pdb=" HXT GLY A  99 "
     model   vdw
     2.166 2.270
  nonbonded pdb=" H   GLY A  91 "
            pdb=" HA3 GLY A  91 "
     model   vdw
     2.197 1.816
  ... (remaining 864 not shown)

  NOTE: a complete listing of the restraints can be obtained by requesting
        output of .geo file.

                   ----------xray_structure summary----------                  

Number of scattering types: 4
  Type Number    sf(0)   Gaussians
   O      14      7.97       1
   N      13      6.97       1
   C      26      5.97       1
   H      41      1.00       1
  sf(0) = scattering factor at diffraction angle 0.
Number of scatterers: 94
At special positions: 0
Unit cell: (16.291, 18.744, 30.715, 90, 90, 90)
Space group: P 1 (No. 1)

End of input processing
r_work=0.4202 r_free=0.3777
params.data_weight: None
params.restraints: cctbx
residue charges [0, 0, 0, 0, 0, 0, 0, 0, 0, 0, 0, 0, -1.0]
rmsd(b), start:  0.0138
initial_restraints_weight_scale 1.0
  Convergence reached at i: 9
mc:   0 Rw: 0.0517 Rf: 0.1529 rmsd(b):  0.0481 restraint_scale:  2.0 min_steps: 6
  Convergence reached at i: 10
mc:   1 Rw: 0.0518 Rf: 0.1313 rmsd(b):  0.0328 restraint_scale:  4.0 min_steps: 6
mc:   2 Rw: 0.0483 Rf: 0.0925 rmsd(b):  0.0230 restraint_scale:  4.0 min_steps: 41
 Convergence at macro_cycle: 2
Best r_work: 0.0483 r_free: 0.0925
see the result structure:  ./results/refine_cctbx/./1.2/4.pdb
Time: 8.7797
