
============================== Collecting inputs ==============================


                   ----------Processing X-ray data----------                   

F-obs:
  /nfsexp/homes/m_zhen01/QR/1us0/data.mtz:FMODEL
Miller array info: None
Observation type: xray.amplitude
Type of data: double, size=211
Type of sigmas: None
Number of Miller indices: 211
Anomalous flag: False
Unit cell: (16.291, 18.744, 30.715, 90, 90, 90)
Space group: P 1 (No. 1)
Systematic absences: 0
Centric reflections: 0
Resolution range: 5.93968 4
Completeness in resolution range: 1
Completeness with d_max=infinity: 0.69637

Number of F-obs in resolution range:                   211
Number of F-obs<0 (these reflections will be rejected): 0
Number of F-obs=0 (these reflections will be used in refinement): 0
Refinement resolution range: d_max =   5.9397
                             d_min =   4.0000

R-free flags:
  /nfsexp/homes/m_zhen01/QR/1us0/data.mtz:R-free-flags
Miller array info: /nfsexp/homes/m_zhen01/QR/1us0/data.mtz:R-free-flags
Observation type: None
Type of data: int, size=211
Type of sigmas: None
Number of Miller indices: 211
Anomalous flag: False
Unit cell: (16.291, 18.744, 30.715, 90, 90, 90)
Space group: P 1 (No. 1)
Systematic absences: 0
Centric reflections: 0
Resolution range: 5.93968 4
Completeness in resolution range: 1
Completeness with d_max=infinity: 0.69637
Wavelength: 1.0000

Test (R-free flags) flag value: 1

Number of work/free reflections by resolution:
                                  work free  %free
  bin  1: 5.9397 - 5.5475 [24/24]   22    2   8.3%
  bin  2: 5.5475 - 5.2419 [21/21]   19    2   9.5%
  bin  3: 5.2419 - 4.9942 [15/15]   13    2  13.3%
  bin  4: 4.9942 - 4.7875 [28/28]   25    3  10.7%
  bin  5: 4.7875 - 4.6113 [29/29]   26    3  10.3%
  bin  6: 4.6113 - 4.4584 [14/14]   13    1   7.1%
  bin  7: 4.4584 - 4.3240 [19/19]   17    2  10.5%
  bin  8: 4.3240 - 4.2045 [26/26]   23    3  11.5%
  bin  9: 4.2045 - 4.0971 [14/14]   13    1   7.1%
  bin 10: 4.0971 - 4.0000 [21/21]   19    2   9.5%
                          overall  190   21  10.0%

                   ----------Processing PDB file(s)----------                  

  Monomer Library directory:
    "/home/m/m_zhen01/phenix-1.10.1-2155/modules/chem_data/mon_lib"
  Total number of atoms: 94
  Number of models: 1
  Model: ""
    Number of chains: 1
    Chain: "A"
      Number of atoms: 94
      Number of conformers: 1
      Conformer: ""
        Number of residues, atoms: 13, 94
          Classifications: {'peptide': 13}
          Modifications used: {'NH2NOTPRO': 1, 'COOH': 1}
          Link IDs: {'TRANS': 12}
  Time building chain proxies: 0.03, per 1000 atoms: 0.32
  Number of scatterers: 94
  At special positions: 0
  Unit cell: (16.291, 18.744, 30.715, 90, 90, 90)
  Space group: P 1 (No. 1)
  Number of sites at special positions: 0
  Number of scattering types: 4
    Type Number    sf(0)
     O      14      8.00
     N      13      7.00
     C      26      6.00
     H      41      1.00
    sf(0) = scattering factor at diffraction angle 0.

  Number of disulfides: simple=0, symmetry=0

  Automatic linking
    Parameters for automatic linking
      Linking & cutoffs
        Metal                : False - 3.50
        Amimo acid           : False - 1.90
        Carbohydrate         : True  - 1.99
        Ligands              : True  - 1.99
        Amino acid - RNA/DNA : False
      
  Number of custom bonds: simple=0, symmetry=0
  Time building additional restraints: 0.02
  Conformation dependent library (CDL) restraints added in 4.8 milliseconds
  
  Adding C-beta torsion restraints...
  Number of C-beta restraints generated:  0
  Time building geometry restraints manager: 0.02 seconds

  NOTE: a complete listing of the restraints can be obtained by requesting
        output of .geo file.

  Histogram of bond lengths:
        0.96 -     1.07: 19
        1.07 -     1.19: 23
        1.19 -     1.31: 12
        1.31 -     1.43: 13
        1.43 -     1.54: 26
  Bond restraints: 93
  Sorted by residual:
  bond pdb=" N   GLY A  91 "
       pdb=" H   GLY A  91 "
    ideal  model  delta    sigma   weight residual
    0.860  1.048 -0.188 2.00e-02 2.50e+03 8.83e+01
  bond pdb=" N   GLY A  98 "
       pdb=" H   GLY A  98 "
    ideal  model  delta    sigma   weight residual
    0.860  1.043 -0.183 2.00e-02 2.50e+03 8.33e+01
  bond pdb=" N   GLY A  92 "
       pdb=" H   GLY A  92 "
    ideal  model  delta    sigma   weight residual
    0.860  1.024 -0.164 2.00e-02 2.50e+03 6.73e+01
  bond pdb=" N   GLY A  94 "
       pdb=" H   GLY A  94 "
    ideal  model  delta    sigma   weight residual
    0.860  1.023 -0.163 2.00e-02 2.50e+03 6.66e+01
  bond pdb=" N   GLY A  89 "
       pdb=" H   GLY A  89 "
    ideal  model  delta    sigma   weight residual
    0.860  1.016 -0.156 2.00e-02 2.50e+03 6.10e+01
  ... (remaining 88 not shown)

  Histogram of bond angle deviations from ideal:
      102.23 -   107.30: 19
      107.30 -   112.38: 53
      112.38 -   117.45: 30
      117.45 -   122.52: 35
      122.52 -   127.59: 19
  Bond angle restraints: 156
  Sorted by residual:
  angle pdb=" N   GLY A  91 "
        pdb=" CA  GLY A  91 "
        pdb=" C   GLY A  91 "
      ideal   model   delta    sigma   weight residual
     115.66  111.67    3.99 1.56e+00 4.11e-01 6.54e+00
  angle pdb=" N   GLY A  92 "
        pdb=" CA  GLY A  92 "
        pdb=" C   GLY A  92 "
      ideal   model   delta    sigma   weight residual
     115.32  112.15    3.17 1.31e+00 5.83e-01 5.87e+00
  angle pdb=" N   GLY A  95 "
        pdb=" CA  GLY A  95 "
        pdb=" C   GLY A  95 "
      ideal   model   delta    sigma   weight residual
     114.66  111.74    2.92 1.24e+00 6.50e-01 5.56e+00
  angle pdb=" C   GLY A  99 "
        pdb=" CA  GLY A  99 "
        pdb=" HA2 GLY A  99 "
      ideal   model   delta    sigma   weight residual
     109.00  102.23    6.77 3.00e+00 1.11e-01 5.09e+00
  angle pdb=" HA2 GLY A  90 "
        pdb=" CA  GLY A  90 "
        pdb=" HA3 GLY A  90 "
      ideal   model   delta    sigma   weight residual
     109.00  102.61    6.39 3.00e+00 1.11e-01 4.54e+00
  ... (remaining 151 not shown)

  Histogram of dihedral angle deviations from ideal:
        0.08 -    35.77: 13
       35.77 -    71.45: 0
       71.45 -   107.14: 0
      107.14 -   142.83: 0
      142.83 -   178.52: 1
  Dihedral angle restraints: 14
    sinusoidal: 1
      harmonic: 13
  Sorted by residual:
  dihedral pdb=" O   GLY A  99 "
           pdb=" C   GLY A  99 "
           pdb=" OXT GLY A  99 "
           pdb=" HXT GLY A  99 "
      ideal   model   delta  harmonic     sigma   weight residual
       0.00 -178.52  178.52     0      3.00e+01 1.11e-03 3.54e+01
  dihedral pdb=" CA  GLY A  90 "
           pdb=" C   GLY A  90 "
           pdb=" N   GLY A  91 "
           pdb=" CA  GLY A  91 "
      ideal   model   delta  harmonic     sigma   weight residual
    -180.00 -170.26   -9.74     0      5.00e+00 4.00e-02 3.79e+00
  dihedral pdb=" CA  GLY A  88 "
           pdb=" C   GLY A  88 "
           pdb=" N   GLY A  89 "
           pdb=" CA  GLY A  89 "
      ideal   model   delta  harmonic     sigma   weight residual
    -180.00 -171.94   -8.06     0      5.00e+00 4.00e-02 2.60e+00
  ... (remaining 11 not shown)

  Chirality restraints: 0

  Planarity restraints: 25
  Sorted by residual:
                                 delta    sigma   weight rms_deltas residual
  plane pdb=" CA  GLY A  92 "    0.013 2.00e-02 2.50e+03   2.68e-02 7.19e+00
        pdb=" C   GLY A  92 "   -0.046 2.00e-02 2.50e+03
        pdb=" O   GLY A  92 "    0.018 2.00e-02 2.50e+03
        pdb=" N   GLY A  93 "    0.016 2.00e-02 2.50e+03
                                 delta    sigma   weight rms_deltas residual
  plane pdb=" CA  GLY A  96 "   -0.011 2.00e-02 2.50e+03   2.22e-02 4.94e+00
        pdb=" C   GLY A  96 "    0.038 2.00e-02 2.50e+03
        pdb=" O   GLY A  96 "   -0.014 2.00e-02 2.50e+03
        pdb=" N   GLY A  97 "   -0.013 2.00e-02 2.50e+03
                                 delta    sigma   weight rms_deltas residual
  plane pdb=" CA  GLY A  99 "   -0.010 2.00e-02 2.50e+03   1.60e-02 3.20e+00
        pdb=" C   GLY A  99 "    0.028 2.00e-02 2.50e+03
        pdb=" O   GLY A  99 "   -0.007 2.00e-02 2.50e+03
        pdb=" OXT GLY A  99 "   -0.018 2.00e-02 2.50e+03
        pdb=" HXT GLY A  99 "    0.007 2.00e-02 2.50e+03
  ... (remaining 22 not shown)

  Histogram of nonbonded interaction distances:
        1.90 -     2.48: 44
        2.48 -     3.07: 154
        3.07 -     3.66: 163
        3.66 -     4.25: 178
        4.25 -     4.84: 300
  Nonbonded interactions: 839
  Sorted by model distance:
  nonbonded pdb=" H   GLY A  99 "
            pdb=" HXT GLY A  99 "
     model   vdw
     1.896 2.100
  nonbonded pdb=" HA3 GLY A  87 "
            pdb=" HT2 GLY A  87 "
     model   vdw
     2.115 1.816
  nonbonded pdb=" O   GLY A  96 "
            pdb=" HXT GLY A  99 "
     model   vdw
     2.132 1.970
  nonbonded pdb=" O   GLY A  93 "
            pdb=" H   GLY A  96 "
     model   vdw
     2.134 1.970
  nonbonded pdb=" HA2 GLY A  87 "
            pdb=" HT1 GLY A  87 "
     model   vdw
     2.156 1.816
  ... (remaining 834 not shown)

  NOTE: a complete listing of the restraints can be obtained by requesting
        output of .geo file.

                   ----------xray_structure summary----------                  

Number of scattering types: 4
  Type Number    sf(0)   Gaussians
   O      14      7.97       1
   N      13      6.97       1
   C      26      5.97       1
   H      41      1.00       1
  sf(0) = scattering factor at diffraction angle 0.
Number of scatterers: 94
At special positions: 0
Unit cell: (16.291, 18.744, 30.715, 90, 90, 90)
Space group: P 1 (No. 1)

End of input processing
r_work=0.4476 r_free=0.2809
params.data_weight: None
params.restraints: cctbx
residue charges [0, 0, 0, 0, 0, 0, 0, 0, 0, 0, 0, 0, -1.0]
rmsd(b), start:  0.0172
initial_restraints_weight_scale 1.0
  Convergence reached at i: 10
mc:   0 Rw: 0.0633 Rf: 0.1589 rmsd(b):  0.0444 restraint_scale:  2.0 min_steps: 3
  Convergence reached at i: 6
mc:   1 Rw: 0.0670 Rf: 0.1374 rmsd(b):  0.0328 restraint_scale:  4.0 min_steps: 4
  Convergence reached at i: 8
mc:   2 Rw: 0.0733 Rf: 0.1362 rmsd(b):  0.0172 restraint_scale:  8.0 min_steps: 7
  Convergence reached at i: 13
mc:   3 Rw: 0.0404 Rf: 0.0729 rmsd(b):  0.0098 restraint_scale:  4.0 min_steps: 8
 Convergence at macro_cycle: 3
Best r_work: 0.0404 r_free: 0.0729
see the result structure:  ./results/refine_cctbx/./1.2/8.pdb
Time: 8.3986
