
============================== Collecting inputs ==============================


                   ----------Processing X-ray data----------                   

F-obs:
  /Users/minzheng/QR/helix/data.mtz:F(ake)obs
Miller array info: None
Observation type: xray.amplitude
Type of data: double, size=160
Type of sigmas: None
Number of Miller indices: 160
Anomalous flag: False
Unit cell: (16.291, 18.744, 30.715, 90, 90, 90)
Space group: P 1 (No. 1)
Systematic absences: 0
Centric reflections: 0
Resolution range: 3.97988 3.50665
Completeness in resolution range: 1
Completeness with d_max=infinity: 0.345572

Number of F-obs in resolution range:                   160
Number of F-obs<0 (these reflections will be rejected): 0
Number of F-obs=0 (these reflections will be used in refinement): 0
Refinement resolution range: d_max =   3.9799
                             d_min =   3.5066

R-free flags:
  /Users/minzheng/QR/helix/data.mtz:R-free-flags
Miller array info: /Users/minzheng/QR/helix/data.mtz:R-free-flags
Observation type: None
Type of data: int, size=160
Type of sigmas: None
Number of Miller indices: 160
Anomalous flag: False
Unit cell: (16.291, 18.744, 30.715, 90, 90, 90)
Space group: P 1 (No. 1)
Systematic absences: 0
Centric reflections: 0
Resolution range: 3.97988 3.50665
Completeness in resolution range: 1
Completeness with d_max=infinity: 0.345572
Wavelength: 1.0000

Test (R-free flags) flag value: 1

Number of work/free reflections by resolution:
                                   work free  %free
  bin  1: 3.9799 - 3.9204 [28/28 ]   28    0   0.0%
  bin  2: 3.9204 - 3.8644 [ 4/4  ]    4    0   0.0%
  bin  3: 3.8644 - 3.8114 [19/19 ]   13    6  31.6%
  bin  4: 3.8114 - 3.7612 [16/16 ]   16    0   0.0%
  bin  5: 3.7612 - 3.7135 [15/15 ]   13    2  13.3%
  bin  6: 3.7135 - 3.6682 [ 8/8  ]    8    0   0.0%
  bin  7: 3.6682 - 3.6250 [24/24 ]   24    0   0.0%
  bin  8: 3.6250 - 3.5838 [12/12 ]   10    2  16.7%
  bin  9: 3.5838 - 3.5444 [16/16 ]   16    0   0.0%
  bin 10: 3.5444 - 3.5066 [18/18 ]   14    4  22.2%
                           overall  146   14   8.8%

                   ----------Processing PDB file(s)----------                  

  Monomer Library directory:
    "/Users/Shared/bin/phenix/phenix-1.10.1-2155/modules/chem_data/mon_lib"
  Total number of atoms: 94
  Number of models: 1
  Model: ""
    Number of chains: 1
    Chain: "A"
      Number of atoms: 94
      Number of conformers: 1
      Conformer: ""
        Number of residues, atoms: 13, 94
          Classifications: {'peptide': 13}
          Modifications used: {'NH2NOTPRO': 1, 'COOH': 1}
          Link IDs: {'TRANS': 12}
  Time building chain proxies: 0.03, per 1000 atoms: 0.32
  Number of scatterers: 94
  At special positions: 0
  Unit cell: (16.291, 18.744, 30.715, 90, 90, 90)
  Space group: P 1 (No. 1)
  Number of sites at special positions: 0
  Number of scattering types: 4
    Type Number    sf(0)
     O      14      8.00
     N      13      7.00
     C      26      6.00
     H      41      1.00
    sf(0) = scattering factor at diffraction angle 0.

  Number of disulfides: simple=0, symmetry=0

  Automatic linking
    Parameters for automatic linking
      Linking & cutoffs
        Metal                : False - 3.50
        Amimo acid           : False - 1.90
        Carbohydrate         : True  - 1.99
        Ligands              : True  - 1.99
        Amino acid - RNA/DNA : False
      
  Number of custom bonds: simple=0, symmetry=0
  Time building additional restraints: 0.02
  Conformation dependent library (CDL) restraints added in 4.6 milliseconds
  
  Adding C-beta torsion restraints...
  Number of C-beta restraints generated:  0
  Time building geometry restraints manager: 0.02 seconds

  NOTE: a complete listing of the restraints can be obtained by requesting
        output of .geo file.

  Histogram of bond lengths:
        0.96 -     1.08: 21
        1.08 -     1.20: 20
        1.20 -     1.32: 16
        1.32 -     1.44: 11
        1.44 -     1.56: 25
  Bond restraints: 93
  Sorted by residual:
  bond pdb=" N   GLY A  96 "
       pdb=" H   GLY A  96 "
    ideal  model  delta    sigma   weight residual
    0.860  1.052 -0.192 2.00e-02 2.50e+03 9.24e+01
  bond pdb=" N   GLY A  95 "
       pdb=" H   GLY A  95 "
    ideal  model  delta    sigma   weight residual
    0.860  1.033 -0.173 2.00e-02 2.50e+03 7.50e+01
  bond pdb=" N   GLY A  93 "
       pdb=" H   GLY A  93 "
    ideal  model  delta    sigma   weight residual
    0.860  1.033 -0.173 2.00e-02 2.50e+03 7.47e+01
  bond pdb=" N   GLY A  99 "
       pdb=" H   GLY A  99 "
    ideal  model  delta    sigma   weight residual
    0.860  1.032 -0.172 2.00e-02 2.50e+03 7.44e+01
  bond pdb=" N   GLY A  97 "
       pdb=" H   GLY A  97 "
    ideal  model  delta    sigma   weight residual
    0.860  1.030 -0.170 2.00e-02 2.50e+03 7.23e+01
  ... (remaining 88 not shown)

  Histogram of bond angle deviations from ideal:
      102.74 -   107.43: 15
      107.43 -   112.12: 50
      112.12 -   116.82: 32
      116.82 -   121.51: 35
      121.51 -   126.20: 24
  Bond angle restraints: 156
  Sorted by residual:
  angle pdb=" N   GLY A  94 "
        pdb=" CA  GLY A  94 "
        pdb=" C   GLY A  94 "
      ideal   model   delta    sigma   weight residual
     114.67  111.86    2.81 1.10e+00 8.26e-01 6.53e+00
  angle pdb=" N   GLY A  87 "
        pdb=" CA  GLY A  87 "
        pdb=" HA2 GLY A  87 "
      ideal   model   delta    sigma   weight residual
     110.00  102.74    7.26 3.00e+00 1.11e-01 5.85e+00
  angle pdb=" HT1 GLY A  87 "
        pdb=" N   GLY A  87 "
        pdb=" HT2 GLY A  87 "
      ideal   model   delta    sigma   weight residual
     109.47  116.61   -7.14 3.00e+00 1.11e-01 5.66e+00
  angle pdb=" CA  GLY A  90 "
        pdb=" C   GLY A  90 "
        pdb=" O   GLY A  90 "
      ideal   model   delta    sigma   weight residual
     119.50  122.05   -2.55 1.18e+00 7.18e-01 4.66e+00
  angle pdb=" N   GLY A  96 "
        pdb=" CA  GLY A  96 "
        pdb=" HA3 GLY A  96 "
      ideal   model   delta    sigma   weight residual
     110.00  103.78    6.22 3.00e+00 1.11e-01 4.30e+00
  ... (remaining 151 not shown)

  Histogram of dihedral angle deviations from ideal:
        1.50 -    36.91: 13
       36.91 -    72.33: 0
       72.33 -   107.74: 0
      107.74 -   143.15: 0
      143.15 -   178.57: 1
  Dihedral angle restraints: 14
    sinusoidal: 1
      harmonic: 13
  Sorted by residual:
  dihedral pdb=" O   GLY A  99 "
           pdb=" C   GLY A  99 "
           pdb=" OXT GLY A  99 "
           pdb=" HXT GLY A  99 "
      ideal   model   delta  harmonic     sigma   weight residual
       0.00  178.57 -178.57     0      3.00e+01 1.11e-03 3.54e+01
  dihedral pdb=" CA  GLY A  88 "
           pdb=" C   GLY A  88 "
           pdb=" N   GLY A  89 "
           pdb=" CA  GLY A  89 "
      ideal   model   delta  harmonic     sigma   weight residual
     180.00  161.24   18.76     0      5.00e+00 4.00e-02 1.41e+01
  dihedral pdb=" CA  GLY A  93 "
           pdb=" C   GLY A  93 "
           pdb=" N   GLY A  94 "
           pdb=" CA  GLY A  94 "
      ideal   model   delta  harmonic     sigma   weight residual
     180.00  171.28    8.72     0      5.00e+00 4.00e-02 3.04e+00
  ... (remaining 11 not shown)

  Chirality restraints: 0

  Planarity restraints: 25
  Sorted by residual:
                                 delta    sigma   weight rms_deltas residual
  plane pdb=" C   GLY A  93 "   -0.013 2.00e-02 2.50e+03   2.20e-02 4.86e+00
        pdb=" N   GLY A  94 "    0.038 2.00e-02 2.50e+03
        pdb=" CA  GLY A  94 "   -0.010 2.00e-02 2.50e+03
        pdb=" H   GLY A  94 "   -0.015 2.00e-02 2.50e+03
                                 delta    sigma   weight rms_deltas residual
  plane pdb=" CA  GLY A  89 "    0.009 2.00e-02 2.50e+03   1.87e-02 3.51e+00
        pdb=" C   GLY A  89 "   -0.032 2.00e-02 2.50e+03
        pdb=" O   GLY A  89 "    0.012 2.00e-02 2.50e+03
        pdb=" N   GLY A  90 "    0.011 2.00e-02 2.50e+03
                                 delta    sigma   weight rms_deltas residual
  plane pdb=" C   GLY A  87 "    0.009 2.00e-02 2.50e+03   1.67e-02 2.80e+00
        pdb=" N   GLY A  88 "   -0.029 2.00e-02 2.50e+03
        pdb=" CA  GLY A  88 "    0.008 2.00e-02 2.50e+03
        pdb=" H   GLY A  88 "    0.012 2.00e-02 2.50e+03
  ... (remaining 22 not shown)

  Histogram of nonbonded interaction distances:
        1.47 -     2.14: 7
        2.14 -     2.82: 136
        2.82 -     3.49: 242
        3.49 -     4.17: 233
        4.17 -     4.84: 387
  Nonbonded interactions: 1005
  Sorted by model distance:
  nonbonded pdb=" O   GLY A  87 "
            pdb=" H   GLY A  90 "
     model   vdw
     1.471 1.970
  nonbonded pdb=" O   GLY A  95 "
            pdb=" H   GLY A  99 "
     model   vdw
     1.600 1.970
  nonbonded pdb=" O   GLY A  90 "
            pdb=" H   GLY A  94 "
     model   vdw
     1.618 1.970
  nonbonded pdb=" O   GLY A  96 "
            pdb=" HXT GLY A  99 "
     model   vdw
     1.769 1.970
  nonbonded pdb=" O   GLY A  92 "
            pdb=" H   GLY A  96 "
     model   vdw
     1.789 1.970
  ... (remaining 1000 not shown)

  NOTE: a complete listing of the restraints can be obtained by requesting
        output of .geo file.

                   ----------xray_structure summary----------                  

Number of scattering types: 4
  Type Number    sf(0)   Gaussians
   O      14      7.97       1
   N      13      6.97       1
   C      26      5.97       1
   H      41      1.00       1
  sf(0) = scattering factor at diffraction angle 0.
Number of scatterers: 94
At special positions: 0
Unit cell: (16.291, 18.744, 30.715, 90, 90, 90)
Space group: P 1 (No. 1)

End of input processing
r_work=0.4549 r_free=0.4298
params.data_weight: None
params.restraints: cctbx
rmsd(b), start:  0.0176
Initial weight optimization conter: 1
Initial weight optimization conter: 2
initial_restraints_weight_scale 2.0
mc:   0 R: 0.1611 rmsd(b):  0.0313 restraint_scale:  2.0 min_steps: 51
mc:   1 R: 0.0852 rmsd(b):  0.0599 restraint_scale:  4.0 min_steps: 52
mc:   2 R: 0.0786 rmsd(b):  0.0481 restraint_scale:  8.0 min_steps: 15
mc:   3 R: 0.0814 rmsd(b):  0.0427 restraint_scale: 16.0 min_steps: 4
mc:   4 R: 0.0972 rmsd(b):  0.0352 restraint_scale: 16.0 min_steps: 22
mc:   5 R: 0.0909 rmsd(b):  0.0385 restraint_scale: 16.0 min_steps: 7
mc:   6 R: 0.1057 rmsd(b):  0.0309 restraint_scale: 16.0 min_steps: 24
mc:   7 R: 0.1102 rmsd(b):  0.0192 restraint_scale: 16.0 min_steps: 53
mc:   8 R: 0.1266 rmsd(b):  0.0109 restraint_scale: 16.0 min_steps: 24
mc:   9 R: 0.1206 rmsd(b):  0.0137 restraint_scale: 16.0 min_steps: 18
mc:  10 R: 0.1209 rmsd(b):  0.0129 restraint_scale: 16.0 min_steps: 11
mc:  11 R: 0.1312 rmsd(b):  0.0084 restraint_scale:  8.0 min_steps: 27
mc:  12 R: 0.1106 rmsd(b):  0.0190 restraint_scale:  8.0 min_steps: 17
mc:  13 R: 0.1058 rmsd(b):  0.0220 restraint_scale:  8.0 min_steps: 8
mc:  14 R: 0.1071 rmsd(b):  0.0203 restraint_scale:  8.0 min_steps: 6
mc:  15 R: 0.1113 rmsd(b):  0.0169 restraint_scale:  8.0 min_steps: 10
mc:  16 R: 0.1113 rmsd(b):  0.0169 restraint_scale:  8.0 min_steps: 1
Convergence reached, stop now.
best mc:    6
 r_factor (best): 0.09088
see the result structure:  ./results_b_rmsd_0.04/refine_cctbx/./0.6/8.pdb
Time: 5.4524
