
============================== Collecting inputs ==============================


                   ----------Processing X-ray data----------                   

F-obs:
  /nfsexp/homes/m_zhen01/QR/1us0_pm7/data.mtz:FMODEL
Miller array info: None
Observation type: xray.amplitude
Type of data: double, size=211
Type of sigmas: None
Number of Miller indices: 211
Anomalous flag: False
Unit cell: (16.291, 18.744, 30.715, 90, 90, 90)
Space group: P 1 (No. 1)
Systematic absences: 0
Centric reflections: 0
Resolution range: 5.93968 4
Completeness in resolution range: 1
Completeness with d_max=infinity: 0.69637

Number of F-obs in resolution range:                   211
Number of F-obs<0 (these reflections will be rejected): 0
Number of F-obs=0 (these reflections will be used in refinement): 0
Refinement resolution range: d_max =   5.9397
                             d_min =   4.0000

R-free flags:
  /nfsexp/homes/m_zhen01/QR/1us0_pm7/data.mtz:R-free-flags
Miller array info: /nfsexp/homes/m_zhen01/QR/1us0_pm7/data.mtz:R-free-flags
Observation type: None
Type of data: int, size=211
Type of sigmas: None
Number of Miller indices: 211
Anomalous flag: False
Unit cell: (16.291, 18.744, 30.715, 90, 90, 90)
Space group: P 1 (No. 1)
Systematic absences: 0
Centric reflections: 0
Resolution range: 5.93968 4
Completeness in resolution range: 1
Completeness with d_max=infinity: 0.69637
Wavelength: 1.0000

Test (R-free flags) flag value: 1

Number of work/free reflections by resolution:
                                  work free  %free
  bin  1: 5.9397 - 5.5475 [24/24]   22    2   8.3%
  bin  2: 5.5475 - 5.2419 [21/21]   19    2   9.5%
  bin  3: 5.2419 - 4.9942 [15/15]   13    2  13.3%
  bin  4: 4.9942 - 4.7875 [28/28]   25    3  10.7%
  bin  5: 4.7875 - 4.6113 [29/29]   26    3  10.3%
  bin  6: 4.6113 - 4.4584 [14/14]   13    1   7.1%
  bin  7: 4.4584 - 4.3240 [19/19]   17    2  10.5%
  bin  8: 4.3240 - 4.2045 [26/26]   23    3  11.5%
  bin  9: 4.2045 - 4.0971 [14/14]   13    1   7.1%
  bin 10: 4.0971 - 4.0000 [21/21]   19    2   9.5%
                          overall  190   21  10.0%

                   ----------Processing PDB file(s)----------                  

  Monomer Library directory:
    "/home/m/m_zhen01/phenix-1.10.1-2155/modules/chem_data/mon_lib"
  Total number of atoms: 94
  Number of models: 1
  Model: ""
    Number of chains: 1
    Chain: "A"
      Number of atoms: 94
      Number of conformers: 1
      Conformer: ""
        Number of residues, atoms: 13, 94
          Classifications: {'peptide': 13}
          Modifications used: {'NH2NOTPRO': 1, 'COOH': 1}
          Link IDs: {'TRANS': 12}
  Time building chain proxies: 0.04, per 1000 atoms: 0.43
  Number of scatterers: 94
  At special positions: 0
  Unit cell: (16.291, 18.744, 30.715, 90, 90, 90)
  Space group: P 1 (No. 1)
  Number of sites at special positions: 0
  Number of scattering types: 4
    Type Number    sf(0)
     O      14      8.00
     N      13      7.00
     C      26      6.00
     H      41      1.00
    sf(0) = scattering factor at diffraction angle 0.

  Number of disulfides: simple=0, symmetry=0

  Automatic linking
    Parameters for automatic linking
      Linking & cutoffs
        Metal                : False - 3.50
        Amimo acid           : False - 1.90
        Carbohydrate         : True  - 1.99
        Ligands              : True  - 1.99
        Amino acid - RNA/DNA : False
      
  Number of custom bonds: simple=0, symmetry=0
  Time building additional restraints: 0.02
  Conformation dependent library (CDL) restraints added in 4.8 milliseconds
  
  Adding C-beta torsion restraints...
  Number of C-beta restraints generated:  0
  Time building geometry restraints manager: 0.02 seconds

  NOTE: a complete listing of the restraints can be obtained by requesting
        output of .geo file.

  Histogram of bond lengths:
        0.95 -     1.06: 15
        1.06 -     1.18: 26
        1.18 -     1.30: 13
        1.30 -     1.42: 13
        1.42 -     1.54: 26
  Bond restraints: 93
  Sorted by residual:
  bond pdb=" N   GLY A  95 "
       pdb=" H   GLY A  95 "
    ideal  model  delta    sigma   weight residual
    0.860  1.069 -0.209 2.00e-02 2.50e+03 1.09e+02
  bond pdb=" N   GLY A  92 "
       pdb=" H   GLY A  92 "
    ideal  model  delta    sigma   weight residual
    0.860  1.051 -0.191 2.00e-02 2.50e+03 9.09e+01
  bond pdb=" N   GLY A  97 "
       pdb=" H   GLY A  97 "
    ideal  model  delta    sigma   weight residual
    0.860  1.034 -0.174 2.00e-02 2.50e+03 7.55e+01
  bond pdb=" N   GLY A  94 "
       pdb=" H   GLY A  94 "
    ideal  model  delta    sigma   weight residual
    0.860  1.032 -0.172 2.00e-02 2.50e+03 7.41e+01
  bond pdb=" N   GLY A  89 "
       pdb=" H   GLY A  89 "
    ideal  model  delta    sigma   weight residual
    0.860  1.031 -0.171 2.00e-02 2.50e+03 7.32e+01
  ... (remaining 88 not shown)

  Histogram of bond angle deviations from ideal:
      100.55 -   106.07: 10
      106.07 -   111.58: 50
      111.58 -   117.09: 42
      117.09 -   122.61: 36
      122.61 -   128.12: 18
  Bond angle restraints: 156
  Sorted by residual:
  angle pdb=" N   GLY A  97 "
        pdb=" CA  GLY A  97 "
        pdb=" C   GLY A  97 "
      ideal   model   delta    sigma   weight residual
     115.62  110.62    5.00 1.71e+00 3.42e-01 8.54e+00
  angle pdb=" C   GLY A  99 "
        pdb=" CA  GLY A  99 "
        pdb=" HA3 GLY A  99 "
      ideal   model   delta    sigma   weight residual
     109.00  100.55    8.45 3.00e+00 1.11e-01 7.93e+00
  angle pdb=" N   GLY A  93 "
        pdb=" CA  GLY A  93 "
        pdb=" C   GLY A  93 "
      ideal   model   delta    sigma   weight residual
     115.61  112.44    3.17 1.74e+00 3.30e-01 3.32e+00
  angle pdb=" N   GLY A  90 "
        pdb=" CA  GLY A  90 "
        pdb=" HA2 GLY A  90 "
      ideal   model   delta    sigma   weight residual
     110.00  104.78    5.22 3.00e+00 1.11e-01 3.03e+00
  angle pdb=" C   GLY A  90 "
        pdb=" CA  GLY A  90 "
        pdb=" HA3 GLY A  90 "
      ideal   model   delta    sigma   weight residual
     109.00  113.79   -4.79 3.00e+00 1.11e-01 2.55e+00
  ... (remaining 151 not shown)

  Histogram of dihedral angle deviations from ideal:
        0.16 -    35.92: 12
       35.92 -    71.69: 1
       71.69 -   107.46: 0
      107.46 -   143.22: 0
      143.22 -   178.99: 1
  Dihedral angle restraints: 14
    sinusoidal: 1
      harmonic: 13
  Sorted by residual:
  dihedral pdb=" O   GLY A  99 "
           pdb=" C   GLY A  99 "
           pdb=" OXT GLY A  99 "
           pdb=" HXT GLY A  99 "
      ideal   model   delta  harmonic     sigma   weight residual
       0.00  178.99 -178.99     0      3.00e+01 1.11e-03 3.56e+01
  dihedral pdb=" CA  GLY A  87 "
           pdb=" C   GLY A  87 "
           pdb=" N   GLY A  88 "
           pdb=" CA  GLY A  88 "
      ideal   model   delta  harmonic     sigma   weight residual
    -180.00 -171.40   -8.60     0      5.00e+00 4.00e-02 2.96e+00
  dihedral pdb=" N   GLY A  99 "
           pdb=" CA  GLY A  99 "
           pdb=" C   GLY A  99 "
           pdb=" OXT GLY A  99 "
      ideal   model   delta sinusoidal    sigma   weight residual
     -20.00  -67.16   47.16     2      3.00e+01 1.11e-03 2.87e+00
  ... (remaining 11 not shown)

  Chirality restraints: 0

  Planarity restraints: 25
  Sorted by residual:
                                 delta    sigma   weight rms_deltas residual
  plane pdb=" CA  GLY A  87 "   -0.010 2.00e-02 2.50e+03   2.00e-02 3.99e+00
        pdb=" C   GLY A  87 "    0.035 2.00e-02 2.50e+03
        pdb=" O   GLY A  87 "   -0.013 2.00e-02 2.50e+03
        pdb=" N   GLY A  88 "   -0.012 2.00e-02 2.50e+03
                                 delta    sigma   weight rms_deltas residual
  plane pdb=" C   GLY A  94 "    0.010 2.00e-02 2.50e+03   1.75e-02 3.05e+00
        pdb=" N   GLY A  95 "   -0.030 2.00e-02 2.50e+03
        pdb=" CA  GLY A  95 "    0.008 2.00e-02 2.50e+03
        pdb=" H   GLY A  95 "    0.012 2.00e-02 2.50e+03
                                 delta    sigma   weight rms_deltas residual
  plane pdb=" CA  GLY A  97 "    0.009 2.00e-02 2.50e+03   1.73e-02 3.01e+00
        pdb=" C   GLY A  97 "   -0.030 2.00e-02 2.50e+03
        pdb=" O   GLY A  97 "    0.011 2.00e-02 2.50e+03
        pdb=" N   GLY A  98 "    0.010 2.00e-02 2.50e+03
  ... (remaining 22 not shown)

  Histogram of nonbonded interaction distances:
        1.89 -     2.48: 44
        2.48 -     3.07: 153
        3.07 -     3.66: 167
        3.66 -     4.25: 181
        4.25 -     4.84: 303
  Nonbonded interactions: 848
  Sorted by model distance:
  nonbonded pdb=" H   GLY A  89 "
            pdb=" H   GLY A  90 "
     model   vdw
     1.887 2.100
  nonbonded pdb=" H   GLY A  98 "
            pdb=" H   GLY A  99 "
     model   vdw
     2.035 2.100
  nonbonded pdb=" O   GLY A  89 "
            pdb=" H   GLY A  93 "
     model   vdw
     2.095 1.970
  nonbonded pdb=" HA2 GLY A  87 "
            pdb=" HT1 GLY A  87 "
     model   vdw
     2.096 1.816
  nonbonded pdb=" O   GLY A  88 "
            pdb=" HA2 GLY A  89 "
     model   vdw
     2.149 2.740
  ... (remaining 843 not shown)

  NOTE: a complete listing of the restraints can be obtained by requesting
        output of .geo file.

                   ----------xray_structure summary----------                  

Number of scattering types: 4
  Type Number    sf(0)   Gaussians
   O      14      7.97       1
   N      13      6.97       1
   C      26      5.97       1
   H      41      1.00       1
  sf(0) = scattering factor at diffraction angle 0.
Number of scatterers: 94
At special positions: 0
Unit cell: (16.291, 18.744, 30.715, 90, 90, 90)
Space group: P 1 (No. 1)

End of input processing
r_work=0.4707 r_free=0.3223
params.data_weight: None
params.restraints: cctbx
residue charges [0, 0, 0, 0, 0, 0, 0, 0, 0, 0, 0, 0, -1.0]
rmsd(b), start:  0.0168
initial_restraints_weight_scale 1.0
  Convergence reached at i: 6
mc:   0 Rw: 0.0583 Rf: 0.1401 rmsd(b):  0.0350 restraint_scale:  2.0 min_steps: 9
  Convergence reached at i: 6
mc:   1 Rw: 0.0608 Rf: 0.1439 rmsd(b):  0.0363 restraint_scale:  4.0 min_steps: 5
  Convergence reached at i: 5
mc:   2 Rw: 0.0716 Rf: 0.1629 rmsd(b):  0.0273 restraint_scale:  8.0 min_steps: 3
  Convergence reached at i: 6
mc:   3 Rw: 0.0727 Rf: 0.1350 rmsd(b):  0.0222 restraint_scale: 16.0 min_steps: 9
  Convergence reached at i: 9
mc:   4 Rw: 0.0780 Rf: 0.1101 rmsd(b):  0.0104 restraint_scale: 16.0 min_steps: 7
 Convergence at macro_cycle: 4
Best r_work: 0.0780 r_free: 0.1101
see the result structure:  ./old_cctbx_mic50/refine_cctbx/./1.2/0.pdb
Time: 8.0078
