
============================== Collecting inputs ==============================


                   ----------Processing X-ray data----------                   

F-obs:
  /Users/minzheng/QR/helix/data.mtz:F(ake)obs
Miller array info: None
Observation type: xray.amplitude
Type of data: double, size=160
Type of sigmas: None
Number of Miller indices: 160
Anomalous flag: False
Unit cell: (16.291, 18.744, 30.715, 90, 90, 90)
Space group: P 1 (No. 1)
Systematic absences: 0
Centric reflections: 0
Resolution range: 3.97988 3.50665
Completeness in resolution range: 1
Completeness with d_max=infinity: 0.345572

Number of F-obs in resolution range:                   160
Number of F-obs<0 (these reflections will be rejected): 0
Number of F-obs=0 (these reflections will be used in refinement): 0
Refinement resolution range: d_max =   3.9799
                             d_min =   3.5066

R-free flags:
  /Users/minzheng/QR/helix/data.mtz:R-free-flags
Miller array info: /Users/minzheng/QR/helix/data.mtz:R-free-flags
Observation type: None
Type of data: int, size=160
Type of sigmas: None
Number of Miller indices: 160
Anomalous flag: False
Unit cell: (16.291, 18.744, 30.715, 90, 90, 90)
Space group: P 1 (No. 1)
Systematic absences: 0
Centric reflections: 0
Resolution range: 3.97988 3.50665
Completeness in resolution range: 1
Completeness with d_max=infinity: 0.345572
Wavelength: 1.0000

Test (R-free flags) flag value: 1

Number of work/free reflections by resolution:
                                   work free  %free
  bin  1: 3.9799 - 3.9204 [28/28 ]   28    0   0.0%
  bin  2: 3.9204 - 3.8644 [ 4/4  ]    4    0   0.0%
  bin  3: 3.8644 - 3.8114 [19/19 ]   13    6  31.6%
  bin  4: 3.8114 - 3.7612 [16/16 ]   16    0   0.0%
  bin  5: 3.7612 - 3.7135 [15/15 ]   13    2  13.3%
  bin  6: 3.7135 - 3.6682 [ 8/8  ]    8    0   0.0%
  bin  7: 3.6682 - 3.6250 [24/24 ]   24    0   0.0%
  bin  8: 3.6250 - 3.5838 [12/12 ]   10    2  16.7%
  bin  9: 3.5838 - 3.5444 [16/16 ]   16    0   0.0%
  bin 10: 3.5444 - 3.5066 [18/18 ]   14    4  22.2%
                           overall  146   14   8.8%

                   ----------Processing PDB file(s)----------                  

  Monomer Library directory:
    "/Users/Shared/bin/phenix/phenix-1.10.1-2155/modules/chem_data/mon_lib"
  Total number of atoms: 94
  Number of models: 1
  Model: ""
    Number of chains: 1
    Chain: "A"
      Number of atoms: 94
      Number of conformers: 1
      Conformer: ""
        Number of residues, atoms: 13, 94
          Classifications: {'peptide': 13}
          Modifications used: {'NH2NOTPRO': 1, 'COOH': 1}
          Link IDs: {'TRANS': 12}
  Time building chain proxies: 0.03, per 1000 atoms: 0.32
  Number of scatterers: 94
  At special positions: 0
  Unit cell: (16.291, 18.744, 30.715, 90, 90, 90)
  Space group: P 1 (No. 1)
  Number of sites at special positions: 0
  Number of scattering types: 4
    Type Number    sf(0)
     O      14      8.00
     N      13      7.00
     C      26      6.00
     H      41      1.00
    sf(0) = scattering factor at diffraction angle 0.

  Number of disulfides: simple=0, symmetry=0

  Automatic linking
    Parameters for automatic linking
      Linking & cutoffs
        Metal                : False - 3.50
        Amimo acid           : False - 1.90
        Carbohydrate         : True  - 1.99
        Ligands              : True  - 1.99
        Amino acid - RNA/DNA : False
      
  Number of custom bonds: simple=0, symmetry=0
  Time building additional restraints: 0.02
  Conformation dependent library (CDL) restraints added in 4.6 milliseconds
  
  Adding C-beta torsion restraints...
  Number of C-beta restraints generated:  0
  Time building geometry restraints manager: 0.02 seconds

  NOTE: a complete listing of the restraints can be obtained by requesting
        output of .geo file.

  Histogram of bond lengths:
        0.92 -     1.04: 13
        1.04 -     1.16: 28
        1.16 -     1.28: 13
        1.28 -     1.40: 13
        1.40 -     1.52: 26
  Bond restraints: 93
  Sorted by residual:
  bond pdb=" N   GLY A  93 "
       pdb=" H   GLY A  93 "
    ideal  model  delta    sigma   weight residual
    0.860  1.052 -0.192 2.00e-02 2.50e+03 9.17e+01
  bond pdb=" N   GLY A  90 "
       pdb=" H   GLY A  90 "
    ideal  model  delta    sigma   weight residual
    0.860  1.051 -0.191 2.00e-02 2.50e+03 9.15e+01
  bond pdb=" N   GLY A  88 "
       pdb=" H   GLY A  88 "
    ideal  model  delta    sigma   weight residual
    0.860  1.040 -0.180 2.00e-02 2.50e+03 8.14e+01
  bond pdb=" N   GLY A  91 "
       pdb=" H   GLY A  91 "
    ideal  model  delta    sigma   weight residual
    0.860  1.026 -0.166 2.00e-02 2.50e+03 6.92e+01
  bond pdb=" N   GLY A  94 "
       pdb=" H   GLY A  94 "
    ideal  model  delta    sigma   weight residual
    0.860  1.025 -0.165 2.00e-02 2.50e+03 6.79e+01
  ... (remaining 88 not shown)

  Histogram of bond angle deviations from ideal:
      102.23 -   107.16: 19
      107.16 -   112.09: 44
      112.09 -   117.02: 31
      117.02 -   121.95: 38
      121.95 -   126.88: 24
  Bond angle restraints: 156
  Sorted by residual:
  angle pdb=" N   GLY A  96 "
        pdb=" CA  GLY A  96 "
        pdb=" HA2 GLY A  96 "
      ideal   model   delta    sigma   weight residual
     110.00  102.32    7.68 3.00e+00 1.11e-01 6.56e+00
  angle pdb=" HA2 GLY A  90 "
        pdb=" CA  GLY A  90 "
        pdb=" HA3 GLY A  90 "
      ideal   model   delta    sigma   weight residual
     109.00  102.23    6.77 3.00e+00 1.11e-01 5.09e+00
  angle pdb=" N   GLY A  96 "
        pdb=" CA  GLY A  96 "
        pdb=" C   GLY A  96 "
      ideal   model   delta    sigma   weight residual
     115.31  112.65    2.66 1.24e+00 6.50e-01 4.60e+00
  angle pdb=" C   GLY A  97 "
        pdb=" CA  GLY A  97 "
        pdb=" HA2 GLY A  97 "
      ideal   model   delta    sigma   weight residual
     109.00  102.83    6.17 3.00e+00 1.11e-01 4.24e+00
  angle pdb=" N   GLY A  94 "
        pdb=" CA  GLY A  94 "
        pdb=" HA2 GLY A  94 "
      ideal   model   delta    sigma   weight residual
     110.00  104.28    5.72 3.00e+00 1.11e-01 3.63e+00
  ... (remaining 151 not shown)

  Histogram of dihedral angle deviations from ideal:
        0.22 -    34.77: 13
       34.77 -    69.33: 0
       69.33 -   103.89: 0
      103.89 -   138.45: 0
      138.45 -   173.01: 1
  Dihedral angle restraints: 14
    sinusoidal: 1
      harmonic: 13
  Sorted by residual:
  dihedral pdb=" O   GLY A  99 "
           pdb=" C   GLY A  99 "
           pdb=" OXT GLY A  99 "
           pdb=" HXT GLY A  99 "
      ideal   model   delta  harmonic     sigma   weight residual
       0.00 -173.01  173.01     0      3.00e+01 1.11e-03 3.33e+01
  dihedral pdb=" CA  GLY A  90 "
           pdb=" C   GLY A  90 "
           pdb=" N   GLY A  91 "
           pdb=" CA  GLY A  91 "
      ideal   model   delta  harmonic     sigma   weight residual
     180.00  167.89   12.11     0      5.00e+00 4.00e-02 5.86e+00
  dihedral pdb=" N   GLY A  99 "
           pdb=" CA  GLY A  99 "
           pdb=" C   GLY A  99 "
           pdb=" OXT GLY A  99 "
      ideal   model   delta sinusoidal    sigma   weight residual
     -20.00  -52.26   32.26     2      3.00e+01 1.11e-03 1.52e+00
  ... (remaining 11 not shown)

  Chirality restraints: 0

  Planarity restraints: 25
  Sorted by residual:
                                 delta    sigma   weight rms_deltas residual
  plane pdb=" CA  GLY A  99 "   -0.007 2.00e-02 2.50e+03   2.94e-02 1.08e+01
        pdb=" C   GLY A  99 "    0.049 2.00e-02 2.50e+03
        pdb=" O   GLY A  99 "   -0.031 2.00e-02 2.50e+03
        pdb=" OXT GLY A  99 "    0.015 2.00e-02 2.50e+03
        pdb=" HXT GLY A  99 "   -0.026 2.00e-02 2.50e+03
                                 delta    sigma   weight rms_deltas residual
  plane pdb=" C   GLY A  89 "    0.011 2.00e-02 2.50e+03   1.90e-02 3.62e+00
        pdb=" N   GLY A  90 "   -0.033 2.00e-02 2.50e+03
        pdb=" CA  GLY A  90 "    0.009 2.00e-02 2.50e+03
        pdb=" H   GLY A  90 "    0.013 2.00e-02 2.50e+03
                                 delta    sigma   weight rms_deltas residual
  plane pdb=" C   GLY A  90 "   -0.010 2.00e-02 2.50e+03   1.78e-02 3.16e+00
        pdb=" N   GLY A  91 "    0.031 2.00e-02 2.50e+03
        pdb=" CA  GLY A  91 "   -0.008 2.00e-02 2.50e+03
        pdb=" H   GLY A  91 "   -0.012 2.00e-02 2.50e+03
  ... (remaining 22 not shown)

  Histogram of nonbonded interaction distances:
        1.85 -     2.45: 38
        2.45 -     3.05: 168
        3.05 -     3.65: 182
        3.65 -     4.24: 202
        4.24 -     4.84: 295
  Nonbonded interactions: 885
  Sorted by model distance:
  nonbonded pdb=" O   GLY A  92 "
            pdb=" H   GLY A  96 "
     model   vdw
     1.854 1.970
  nonbonded pdb=" O   GLY A  89 "
            pdb=" H   GLY A  92 "
     model   vdw
     1.937 1.970
  nonbonded pdb=" H   GLY A  98 "
            pdb=" H   GLY A  99 "
     model   vdw
     1.952 2.100
  nonbonded pdb=" H   GLY A  89 "
            pdb=" H   GLY A  90 "
     model   vdw
     2.085 2.100
  nonbonded pdb=" O   GLY A  89 "
            pdb=" H   GLY A  93 "
     model   vdw
     2.112 1.970
  ... (remaining 880 not shown)

  NOTE: a complete listing of the restraints can be obtained by requesting
        output of .geo file.

                   ----------xray_structure summary----------                  

Number of scattering types: 4
  Type Number    sf(0)   Gaussians
   O      14      7.97       1
   N      13      6.97       1
   C      26      5.97       1
   H      41      1.00       1
  sf(0) = scattering factor at diffraction angle 0.
Number of scatterers: 94
At special positions: 0
Unit cell: (16.291, 18.744, 30.715, 90, 90, 90)
Space group: P 1 (No. 1)

End of input processing
r_work=0.6171 r_free=0.6756
params.data_weight: None
params.restraints: cctbx
rmsd(b), start:  0.0160
Initial weight optimization conter: 1
Initial weight optimization conter: 2
Initial weight optimization conter: 3
Initial weight optimization conter: 4
initial_restraints_weight_scale 8.0
mc:   0 R: 0.3786 rmsd(b):  0.0301 restraint_scale:  8.0 min_steps: 52
mc:   1 R: 0.2620 rmsd(b):  0.0322 restraint_scale:  8.0 min_steps: 54
mc:   2 R: 0.2225 rmsd(b):  0.0365 restraint_scale:  8.0 min_steps: 52
mc:   3 R: 0.2205 rmsd(b):  0.0411 restraint_scale: 16.0 min_steps: 31
mc:   4 R: 0.2501 rmsd(b):  0.0237 restraint_scale: 16.0 min_steps: 36
mc:   5 R: 0.2504 rmsd(b):  0.0234 restraint_scale: 16.0 min_steps: 5
Convergence reached, stop now.
best mc:    3
 r_factor (best): 0.22252
see the result structure:  ./results_b_rmsd_0.04/refine_cctbx/./1.5/2.pdb
Time: 4.6346
