
============================== Collecting inputs ==============================


                   ----------Processing X-ray data----------                   

F-obs:
  /Users/minzheng/QR/helix/data.mtz:F(ake)obs
Miller array info: None
Observation type: xray.amplitude
Type of data: double, size=160
Type of sigmas: None
Number of Miller indices: 160
Anomalous flag: False
Unit cell: (16.291, 18.744, 30.715, 90, 90, 90)
Space group: P 1 (No. 1)
Systematic absences: 0
Centric reflections: 0
Resolution range: 3.97988 3.50665
Completeness in resolution range: 1
Completeness with d_max=infinity: 0.345572

Number of F-obs in resolution range:                   160
Number of F-obs<0 (these reflections will be rejected): 0
Number of F-obs=0 (these reflections will be used in refinement): 0
Refinement resolution range: d_max =   3.9799
                             d_min =   3.5066

R-free flags:
  /Users/minzheng/QR/helix/data.mtz:R-free-flags
Miller array info: /Users/minzheng/QR/helix/data.mtz:R-free-flags
Observation type: None
Type of data: int, size=160
Type of sigmas: None
Number of Miller indices: 160
Anomalous flag: False
Unit cell: (16.291, 18.744, 30.715, 90, 90, 90)
Space group: P 1 (No. 1)
Systematic absences: 0
Centric reflections: 0
Resolution range: 3.97988 3.50665
Completeness in resolution range: 1
Completeness with d_max=infinity: 0.345572
Wavelength: 1.0000

Test (R-free flags) flag value: 1

Number of work/free reflections by resolution:
                                   work free  %free
  bin  1: 3.9799 - 3.9204 [28/28 ]   28    0   0.0%
  bin  2: 3.9204 - 3.8644 [ 4/4  ]    4    0   0.0%
  bin  3: 3.8644 - 3.8114 [19/19 ]   13    6  31.6%
  bin  4: 3.8114 - 3.7612 [16/16 ]   16    0   0.0%
  bin  5: 3.7612 - 3.7135 [15/15 ]   13    2  13.3%
  bin  6: 3.7135 - 3.6682 [ 8/8  ]    8    0   0.0%
  bin  7: 3.6682 - 3.6250 [24/24 ]   24    0   0.0%
  bin  8: 3.6250 - 3.5838 [12/12 ]   10    2  16.7%
  bin  9: 3.5838 - 3.5444 [16/16 ]   16    0   0.0%
  bin 10: 3.5444 - 3.5066 [18/18 ]   14    4  22.2%
                           overall  146   14   8.8%

                   ----------Processing PDB file(s)----------                  

  Monomer Library directory:
    "/Users/Shared/bin/phenix/phenix-1.10.1-2155/modules/chem_data/mon_lib"
  Total number of atoms: 94
  Number of models: 1
  Model: ""
    Number of chains: 1
    Chain: "A"
      Number of atoms: 94
      Number of conformers: 1
      Conformer: ""
        Number of residues, atoms: 13, 94
          Classifications: {'peptide': 13}
          Modifications used: {'NH2NOTPRO': 1, 'COOH': 1}
          Link IDs: {'TRANS': 12}
  Time building chain proxies: 0.03, per 1000 atoms: 0.32
  Number of scatterers: 94
  At special positions: 0
  Unit cell: (16.291, 18.744, 30.715, 90, 90, 90)
  Space group: P 1 (No. 1)
  Number of sites at special positions: 0
  Number of scattering types: 4
    Type Number    sf(0)
     O      14      8.00
     N      13      7.00
     C      26      6.00
     H      41      1.00
    sf(0) = scattering factor at diffraction angle 0.

  Number of disulfides: simple=0, symmetry=0

  Automatic linking
    Parameters for automatic linking
      Linking & cutoffs
        Metal                : False - 3.50
        Amimo acid           : False - 1.90
        Carbohydrate         : True  - 1.99
        Ligands              : True  - 1.99
        Amino acid - RNA/DNA : False
      
  Number of custom bonds: simple=0, symmetry=0
  Time building additional restraints: 0.02
  Conformation dependent library (CDL) restraints added in 4.4 milliseconds
  
  Adding C-beta torsion restraints...
  Number of C-beta restraints generated:  0
  Time building geometry restraints manager: 0.01 seconds

  NOTE: a complete listing of the restraints can be obtained by requesting
        output of .geo file.

  Histogram of bond lengths:
        0.95 -     1.06: 17
        1.06 -     1.18: 25
        1.18 -     1.30: 12
        1.30 -     1.42: 13
        1.42 -     1.53: 26
  Bond restraints: 93
  Sorted by residual:
  bond pdb=" N   GLY A  96 "
       pdb=" H   GLY A  96 "
    ideal  model  delta    sigma   weight residual
    0.860  1.045 -0.185 2.00e-02 2.50e+03 8.60e+01
  bond pdb=" N   GLY A  97 "
       pdb=" H   GLY A  97 "
    ideal  model  delta    sigma   weight residual
    0.860  1.036 -0.176 2.00e-02 2.50e+03 7.76e+01
  bond pdb=" N   GLY A  90 "
       pdb=" H   GLY A  90 "
    ideal  model  delta    sigma   weight residual
    0.860  1.035 -0.175 2.00e-02 2.50e+03 7.61e+01
  bond pdb=" N   GLY A  95 "
       pdb=" H   GLY A  95 "
    ideal  model  delta    sigma   weight residual
    0.860  1.031 -0.171 2.00e-02 2.50e+03 7.35e+01
  bond pdb=" N   GLY A  92 "
       pdb=" H   GLY A  92 "
    ideal  model  delta    sigma   weight residual
    0.860  1.029 -0.169 2.00e-02 2.50e+03 7.17e+01
  ... (remaining 88 not shown)

  Histogram of bond angle deviations from ideal:
      101.92 -   107.01: 14
      107.01 -   112.11: 49
      112.11 -   117.20: 35
      117.20 -   122.29: 39
      122.29 -   127.39: 19
  Bond angle restraints: 156
  Sorted by residual:
  angle pdb=" N   GLY A  87 "
        pdb=" CA  GLY A  87 "
        pdb=" HA3 GLY A  87 "
      ideal   model   delta    sigma   weight residual
     110.00  101.92    8.08 3.00e+00 1.11e-01 7.26e+00
  angle pdb=" N   GLY A  93 "
        pdb=" CA  GLY A  93 "
        pdb=" C   GLY A  93 "
      ideal   model   delta    sigma   weight residual
     115.73  112.04    3.69 1.59e+00 3.96e-01 5.38e+00
  angle pdb=" C   GLY A  89 "
        pdb=" CA  GLY A  89 "
        pdb=" HA3 GLY A  89 "
      ideal   model   delta    sigma   weight residual
     109.00  102.91    6.09 3.00e+00 1.11e-01 4.13e+00
  angle pdb=" N   GLY A  88 "
        pdb=" CA  GLY A  88 "
        pdb=" C   GLY A  88 "
      ideal   model   delta    sigma   weight residual
     114.66  112.23    2.43 1.24e+00 6.50e-01 3.83e+00
  angle pdb=" HA2 GLY A  89 "
        pdb=" CA  GLY A  89 "
        pdb=" HA3 GLY A  89 "
      ideal   model   delta    sigma   weight residual
     109.00  114.54   -5.54 3.00e+00 1.11e-01 3.41e+00
  ... (remaining 151 not shown)

  Histogram of dihedral angle deviations from ideal:
        0.19 -    35.68: 13
       35.68 -    71.17: 0
       71.17 -   106.66: 0
      106.66 -   142.16: 0
      142.16 -   177.65: 1
  Dihedral angle restraints: 14
    sinusoidal: 1
      harmonic: 13
  Sorted by residual:
  dihedral pdb=" O   GLY A  99 "
           pdb=" C   GLY A  99 "
           pdb=" OXT GLY A  99 "
           pdb=" HXT GLY A  99 "
      ideal   model   delta  harmonic     sigma   weight residual
       0.00  177.65 -177.65     0      3.00e+01 1.11e-03 3.51e+01
  dihedral pdb=" CA  GLY A  91 "
           pdb=" C   GLY A  91 "
           pdb=" N   GLY A  92 "
           pdb=" CA  GLY A  92 "
      ideal   model   delta  harmonic     sigma   weight residual
    -180.00 -165.41  -14.59     0      5.00e+00 4.00e-02 8.51e+00
  dihedral pdb=" CA  GLY A  95 "
           pdb=" C   GLY A  95 "
           pdb=" N   GLY A  96 "
           pdb=" CA  GLY A  96 "
      ideal   model   delta  harmonic     sigma   weight residual
     180.00  170.26    9.74     0      5.00e+00 4.00e-02 3.79e+00
  ... (remaining 11 not shown)

  Chirality restraints: 0

  Planarity restraints: 25
  Sorted by residual:
                                 delta    sigma   weight rms_deltas residual
  plane pdb=" CA  GLY A  89 "    0.013 2.00e-02 2.50e+03   2.50e-02 6.27e+00
        pdb=" C   GLY A  89 "   -0.043 2.00e-02 2.50e+03
        pdb=" O   GLY A  89 "    0.016 2.00e-02 2.50e+03
        pdb=" N   GLY A  90 "    0.015 2.00e-02 2.50e+03
                                 delta    sigma   weight rms_deltas residual
  plane pdb=" C   GLY A  90 "    0.010 2.00e-02 2.50e+03   1.82e-02 3.33e+00
        pdb=" N   GLY A  91 "   -0.031 2.00e-02 2.50e+03
        pdb=" CA  GLY A  91 "    0.008 2.00e-02 2.50e+03
        pdb=" H   GLY A  91 "    0.013 2.00e-02 2.50e+03
                                 delta    sigma   weight rms_deltas residual
  plane pdb=" CA  GLY A  93 "    0.008 2.00e-02 2.50e+03   1.63e-02 2.67e+00
        pdb=" C   GLY A  93 "   -0.028 2.00e-02 2.50e+03
        pdb=" O   GLY A  93 "    0.011 2.00e-02 2.50e+03
        pdb=" N   GLY A  94 "    0.010 2.00e-02 2.50e+03
  ... (remaining 22 not shown)

  Histogram of nonbonded interaction distances:
        1.73 -     2.35: 19
        2.35 -     2.97: 153
        2.97 -     3.59: 181
        3.59 -     4.22: 176
        4.22 -     4.84: 309
  Nonbonded interactions: 838
  Sorted by model distance:
  nonbonded pdb=" H   GLY A  99 "
            pdb=" HXT GLY A  99 "
     model   vdw
     1.730 2.100
  nonbonded pdb=" H   GLY A  97 "
            pdb=" H   GLY A  98 "
     model   vdw
     1.836 2.100
  nonbonded pdb=" H   GLY A  88 "
            pdb=" HA3 GLY A  88 "
     model   vdw
     2.160 1.816
  nonbonded pdb=" H   GLY A  94 "
            pdb=" HA3 GLY A  94 "
     model   vdw
     2.181 1.816
  nonbonded pdb=" O   GLY A  97 "
            pdb=" HA2 GLY A  98 "
     model   vdw
     2.181 2.740
  ... (remaining 833 not shown)

  NOTE: a complete listing of the restraints can be obtained by requesting
        output of .geo file.

                   ----------xray_structure summary----------                  

Number of scattering types: 4
  Type Number    sf(0)   Gaussians
   O      14      7.97       1
   N      13      6.97       1
   C      26      5.97       1
   H      41      1.00       1
  sf(0) = scattering factor at diffraction angle 0.
Number of scatterers: 94
At special positions: 0
Unit cell: (16.291, 18.744, 30.715, 90, 90, 90)
Space group: P 1 (No. 1)

End of input processing
r_work=0.5756 r_free=0.6787
params.data_weight: None
params.restraints: cctbx
rmsd(b), start:  0.0165
Initial weight optimization conter: 1
Initial weight optimization conter: 2
Initial weight optimization conter: 3
Initial weight optimization conter: 4
initial_restraints_weight_scale 8.0
mc:   0 R: 0.3309 rmsd(b):  0.0265 restraint_scale:  8.0 min_steps: 53
mc:   1 R: 0.2033 rmsd(b):  0.0206 restraint_scale:  8.0 min_steps: 54
mc:   2 R: 0.1345 rmsd(b):  0.0303 restraint_scale:  8.0 min_steps: 52
mc:   3 R: 0.1254 rmsd(b):  0.0295 restraint_scale:  8.0 min_steps: 15
mc:   4 R: 0.1221 rmsd(b):  0.0295 restraint_scale:  8.0 min_steps: 24
mc:   5 R: 0.1233 rmsd(b):  0.0268 restraint_scale:  8.0 min_steps: 8
mc:   6 R: 0.1229 rmsd(b):  0.0272 restraint_scale:  8.0 min_steps: 4
Convergence reached, stop now.
best mc:    5
 r_factor (best): 0.12213
see the result structure:  ./results_b_rmsd_0.04/refine_cctbx/./1.5/5.pdb
Time: 4.6170
