
============================== Collecting inputs ==============================


                   ----------Processing X-ray data----------                   

F-obs:
  /Users/minzheng/QR/helix/data.mtz:F(ake)obs
Miller array info: None
Observation type: xray.amplitude
Type of data: double, size=160
Type of sigmas: None
Number of Miller indices: 160
Anomalous flag: False
Unit cell: (16.291, 18.744, 30.715, 90, 90, 90)
Space group: P 1 (No. 1)
Systematic absences: 0
Centric reflections: 0
Resolution range: 3.97988 3.50665
Completeness in resolution range: 1
Completeness with d_max=infinity: 0.345572

Number of F-obs in resolution range:                   160
Number of F-obs<0 (these reflections will be rejected): 0
Number of F-obs=0 (these reflections will be used in refinement): 0
Refinement resolution range: d_max =   3.9799
                             d_min =   3.5066

R-free flags:
  /Users/minzheng/QR/helix/data.mtz:R-free-flags
Miller array info: /Users/minzheng/QR/helix/data.mtz:R-free-flags
Observation type: None
Type of data: int, size=160
Type of sigmas: None
Number of Miller indices: 160
Anomalous flag: False
Unit cell: (16.291, 18.744, 30.715, 90, 90, 90)
Space group: P 1 (No. 1)
Systematic absences: 0
Centric reflections: 0
Resolution range: 3.97988 3.50665
Completeness in resolution range: 1
Completeness with d_max=infinity: 0.345572
Wavelength: 1.0000

Test (R-free flags) flag value: 1

Number of work/free reflections by resolution:
                                   work free  %free
  bin  1: 3.9799 - 3.9204 [28/28 ]   28    0   0.0%
  bin  2: 3.9204 - 3.8644 [ 4/4  ]    4    0   0.0%
  bin  3: 3.8644 - 3.8114 [19/19 ]   13    6  31.6%
  bin  4: 3.8114 - 3.7612 [16/16 ]   16    0   0.0%
  bin  5: 3.7612 - 3.7135 [15/15 ]   13    2  13.3%
  bin  6: 3.7135 - 3.6682 [ 8/8  ]    8    0   0.0%
  bin  7: 3.6682 - 3.6250 [24/24 ]   24    0   0.0%
  bin  8: 3.6250 - 3.5838 [12/12 ]   10    2  16.7%
  bin  9: 3.5838 - 3.5444 [16/16 ]   16    0   0.0%
  bin 10: 3.5444 - 3.5066 [18/18 ]   14    4  22.2%
                           overall  146   14   8.8%

                   ----------Processing PDB file(s)----------                  

  Monomer Library directory:
    "/Users/Shared/bin/phenix/phenix-1.10.1-2155/modules/chem_data/mon_lib"
  Total number of atoms: 94
  Number of models: 1
  Model: ""
    Number of chains: 1
    Chain: "A"
      Number of atoms: 94
      Number of conformers: 1
      Conformer: ""
        Number of residues, atoms: 13, 94
          Classifications: {'peptide': 13}
          Modifications used: {'NH2NOTPRO': 1, 'COOH': 1}
          Link IDs: {'TRANS': 12}
  Time building chain proxies: 0.03, per 1000 atoms: 0.32
  Number of scatterers: 94
  At special positions: 0
  Unit cell: (16.291, 18.744, 30.715, 90, 90, 90)
  Space group: P 1 (No. 1)
  Number of sites at special positions: 0
  Number of scattering types: 4
    Type Number    sf(0)
     O      14      8.00
     N      13      7.00
     C      26      6.00
     H      41      1.00
    sf(0) = scattering factor at diffraction angle 0.

  Number of disulfides: simple=0, symmetry=0

  Automatic linking
    Parameters for automatic linking
      Linking & cutoffs
        Metal                : False - 3.50
        Amimo acid           : False - 1.90
        Carbohydrate         : True  - 1.99
        Ligands              : True  - 1.99
        Amino acid - RNA/DNA : False
      
  Number of custom bonds: simple=0, symmetry=0
  Time building additional restraints: 0.02
  Conformation dependent library (CDL) restraints added in 4.4 milliseconds
  
  Adding C-beta torsion restraints...
  Number of C-beta restraints generated:  0
  Time building geometry restraints manager: 0.02 seconds

  NOTE: a complete listing of the restraints can be obtained by requesting
        output of .geo file.

  Histogram of bond lengths:
        0.94 -     1.06: 15
        1.06 -     1.18: 26
        1.18 -     1.30: 13
        1.30 -     1.42: 13
        1.42 -     1.54: 26
  Bond restraints: 93
  Sorted by residual:
  bond pdb=" N   GLY A  97 "
       pdb=" H   GLY A  97 "
    ideal  model  delta    sigma   weight residual
    0.860  1.036 -0.176 2.00e-02 2.50e+03 7.75e+01
  bond pdb=" N   GLY A  90 "
       pdb=" H   GLY A  90 "
    ideal  model  delta    sigma   weight residual
    0.860  1.033 -0.173 2.00e-02 2.50e+03 7.52e+01
  bond pdb=" N   GLY A  94 "
       pdb=" H   GLY A  94 "
    ideal  model  delta    sigma   weight residual
    0.860  1.027 -0.167 2.00e-02 2.50e+03 7.01e+01
  bond pdb=" N   GLY A  92 "
       pdb=" H   GLY A  92 "
    ideal  model  delta    sigma   weight residual
    0.860  1.026 -0.166 2.00e-02 2.50e+03 6.88e+01
  bond pdb=" N   GLY A  96 "
       pdb=" H   GLY A  96 "
    ideal  model  delta    sigma   weight residual
    0.860  1.022 -0.162 2.00e-02 2.50e+03 6.52e+01
  ... (remaining 88 not shown)

  Histogram of bond angle deviations from ideal:
      101.99 -   106.97: 16
      106.97 -   111.94: 46
      111.94 -   116.91: 38
      116.91 -   121.89: 33
      121.89 -   126.86: 23
  Bond angle restraints: 156
  Sorted by residual:
  angle pdb=" N   GLY A  89 "
        pdb=" CA  GLY A  89 "
        pdb=" HA3 GLY A  89 "
      ideal   model   delta    sigma   weight residual
     110.00  101.99    8.01 3.00e+00 1.11e-01 7.13e+00
  angle pdb=" N   GLY A  92 "
        pdb=" CA  GLY A  92 "
        pdb=" HA3 GLY A  92 "
      ideal   model   delta    sigma   weight residual
     110.00  102.01    7.99 3.00e+00 1.11e-01 7.09e+00
  angle pdb=" N   GLY A  90 "
        pdb=" CA  GLY A  90 "
        pdb=" C   GLY A  90 "
      ideal   model   delta    sigma   weight residual
     112.50  115.48   -2.98 1.16e+00 7.43e-01 6.61e+00
  angle pdb=" N   GLY A  87 "
        pdb=" CA  GLY A  87 "
        pdb=" HA2 GLY A  87 "
      ideal   model   delta    sigma   weight residual
     110.00  116.33   -6.33 3.00e+00 1.11e-01 4.46e+00
  angle pdb=" C   GLY A  89 "
        pdb=" CA  GLY A  89 "
        pdb=" HA3 GLY A  89 "
      ideal   model   delta    sigma   weight residual
     109.00  115.14   -6.14 3.00e+00 1.11e-01 4.19e+00
  ... (remaining 151 not shown)

  Histogram of dihedral angle deviations from ideal:
        0.15 -    35.81: 13
       35.81 -    71.48: 0
       71.48 -   107.14: 0
      107.14 -   142.80: 0
      142.80 -   178.47: 1
  Dihedral angle restraints: 14
    sinusoidal: 1
      harmonic: 13
  Sorted by residual:
  dihedral pdb=" O   GLY A  99 "
           pdb=" C   GLY A  99 "
           pdb=" OXT GLY A  99 "
           pdb=" HXT GLY A  99 "
      ideal   model   delta  harmonic     sigma   weight residual
       0.00  178.47 -178.47     0      3.00e+01 1.11e-03 3.54e+01
  dihedral pdb=" CA  GLY A  87 "
           pdb=" C   GLY A  87 "
           pdb=" N   GLY A  88 "
           pdb=" CA  GLY A  88 "
      ideal   model   delta  harmonic     sigma   weight residual
     180.00  165.96   14.04     0      5.00e+00 4.00e-02 7.88e+00
  dihedral pdb=" CA  GLY A  92 "
           pdb=" C   GLY A  92 "
           pdb=" N   GLY A  93 "
           pdb=" CA  GLY A  93 "
      ideal   model   delta  harmonic     sigma   weight residual
     180.00  169.60   10.40     0      5.00e+00 4.00e-02 4.33e+00
  ... (remaining 11 not shown)

  Chirality restraints: 0

  Planarity restraints: 25
  Sorted by residual:
                                 delta    sigma   weight rms_deltas residual
  plane pdb=" C   GLY A  89 "   -0.009 2.00e-02 2.50e+03   1.63e-02 2.67e+00
        pdb=" N   GLY A  90 "    0.028 2.00e-02 2.50e+03
        pdb=" CA  GLY A  90 "   -0.008 2.00e-02 2.50e+03
        pdb=" H   GLY A  90 "   -0.011 2.00e-02 2.50e+03
                                 delta    sigma   weight rms_deltas residual
  plane pdb=" C   GLY A  94 "    0.008 2.00e-02 2.50e+03   1.40e-02 1.95e+00
        pdb=" N   GLY A  95 "   -0.024 2.00e-02 2.50e+03
        pdb=" CA  GLY A  95 "    0.007 2.00e-02 2.50e+03
        pdb=" H   GLY A  95 "    0.010 2.00e-02 2.50e+03
                                 delta    sigma   weight rms_deltas residual
  plane pdb=" CA  GLY A  99 "    0.007 2.00e-02 2.50e+03   1.18e-02 1.73e+00
        pdb=" C   GLY A  99 "   -0.023 2.00e-02 2.50e+03
        pdb=" O   GLY A  99 "    0.008 2.00e-02 2.50e+03
        pdb=" OXT GLY A  99 "    0.009 2.00e-02 2.50e+03
        pdb=" HXT GLY A  99 "   -0.001 2.00e-02 2.50e+03
  ... (remaining 22 not shown)

  Histogram of nonbonded interaction distances:
        1.53 -     2.19: 10
        2.19 -     2.85: 144
        2.85 -     3.51: 236
        3.51 -     4.17: 221
        4.17 -     4.84: 394
  Nonbonded interactions: 1005
  Sorted by model distance:
  nonbonded pdb=" O   GLY A  93 "
            pdb=" H   GLY A  97 "
     model   vdw
     1.529 1.970
  nonbonded pdb=" O   GLY A  95 "
            pdb=" H   GLY A  99 "
     model   vdw
     1.552 1.970
  nonbonded pdb=" O   GLY A  94 "
            pdb=" H   GLY A  98 "
     model   vdw
     1.681 1.970
  nonbonded pdb=" O   GLY A  92 "
            pdb=" H   GLY A  96 "
     model   vdw
     1.815 1.970
  nonbonded pdb=" O   GLY A  88 "
            pdb=" H   GLY A  92 "
     model   vdw
     2.056 1.970
  ... (remaining 1000 not shown)

  NOTE: a complete listing of the restraints can be obtained by requesting
        output of .geo file.

                   ----------xray_structure summary----------                  

Number of scattering types: 4
  Type Number    sf(0)   Gaussians
   O      14      7.97       1
   N      13      6.97       1
   C      26      5.97       1
   H      41      1.00       1
  sf(0) = scattering factor at diffraction angle 0.
Number of scatterers: 94
At special positions: 0
Unit cell: (16.291, 18.744, 30.715, 90, 90, 90)
Space group: P 1 (No. 1)

End of input processing
r_work=0.3845 r_free=0.4118
params.data_weight: None
params.restraints: cctbx
rmsd(b), start:  0.0142
Initial weight optimization conter: 1
Initial weight optimization conter: 2
Initial weight optimization conter: 3
Initial weight optimization conter: 4
initial_restraints_weight_scale 8.0
mc:   0 Rw: 0.1874 Rf: 0.2555 rmsd(b):  0.0172 restraint_scale:  8.0 min_steps: 53
mc:   1 Rw: 0.1391 Rf: 0.1769 rmsd(b):  0.0286 restraint_scale:  8.0 min_steps: 24
mc:   2 Rw: 0.1163 Rf: 0.1386 rmsd(b):  0.0349 restraint_scale: 16.0 min_steps: 12
mc:   3 Rw: 0.0975 Rf: 0.1033 rmsd(b):  0.0408 restraint_scale: 32.0 min_steps: 24
mc:   4 Rw: 0.1517 Rf: 0.1707 rmsd(b):  0.0166 restraint_scale: 32.0 min_steps: 37
mc:   5 Rw: 0.1654 Rf: 0.1823 rmsd(b):  0.0119 restraint_scale: 32.0 min_steps: 11
mc:   6 Rw: 0.1628 Rf: 0.1730 rmsd(b):  0.0117 restraint_scale: 32.0 min_steps: 68
mc:   7 Rw: 0.1652 Rf: 0.1744 rmsd(b):  0.0084 restraint_scale: 16.0 min_steps: 11
mc:   8 Rw: 0.1496 Rf: 0.1629 rmsd(b):  0.0118 restraint_scale: 16.0 min_steps: 23
mc:   9 Rw: 0.1301 Rf: 0.1657 rmsd(b):  0.0134 restraint_scale: 16.0 min_steps: 30
mc:  10 Rw: 0.1287 Rf: 0.1903 rmsd(b):  0.0117 restraint_scale: 16.0 min_steps: 22
mc:  11 Rw: 0.1219 Rf: 0.1809 rmsd(b):  0.0149 restraint_scale: 16.0 min_steps: 10
mc:  12 Rw: 0.1206 Rf: 0.1793 rmsd(b):  0.0165 restraint_scale: 16.0 min_steps: 3
mc:  13 Rw: 0.1110 Rf: 0.1883 rmsd(b):  0.0139 restraint_scale: 16.0 min_steps: 31
mc:  14 Rw: 0.1161 Rf: 0.1923 rmsd(b):  0.0119 restraint_scale: 16.0 min_steps: 11
mc:  15 Rw: 0.1146 Rf: 0.1888 rmsd(b):  0.0136 restraint_scale: 16.0 min_steps: 8
mc:  16 Rw: 0.1109 Rf: 0.1841 rmsd(b):  0.0159 restraint_scale: 16.0 min_steps: 12
mc:  17 Rw: 0.1138 Rf: 0.1880 rmsd(b):  0.0140 restraint_scale: 16.0 min_steps: 14
mc:  18 Rw: 0.1152 Rf: 0.1875 rmsd(b):  0.0131 restraint_scale: 16.0 min_steps: 7
mc:  19 Rw: 0.1204 Rf: 0.1910 rmsd(b):  0.0108 restraint_scale: 16.0 min_steps: 8
mc:  20 Rw: 0.1129 Rf: 0.1840 rmsd(b):  0.0153 restraint_scale: 16.0 min_steps: 16
mc:  21 Rw: 0.1183 Rf: 0.1887 rmsd(b):  0.0120 restraint_scale: 16.0 min_steps: 8
mc:  22 Rw: 0.1096 Rf: 0.1799 rmsd(b):  0.0177 restraint_scale: 16.0 min_steps: 10
mc:  23 Rw: 0.1117 Rf: 0.1830 rmsd(b):  0.0156 restraint_scale: 16.0 min_steps: 9
mc:  24 Rw: 0.1162 Rf: 0.1855 rmsd(b):  0.0125 restraint_scale: 16.0 min_steps: 6
mc:  25 Rw: 0.1127 Rf: 0.1844 rmsd(b):  0.0153 restraint_scale: 16.0 min_steps: 5
mc:  26 Rw: 0.1457 Rf: 0.2037 rmsd(b):  0.0059 restraint_scale:  8.0 min_steps: 41
mc:  27 Rw: 0.1052 Rf: 0.1708 rmsd(b):  0.0204 restraint_scale:  8.0 min_steps: 26
mc:  28 Rw: 0.1043 Rf: 0.1795 rmsd(b):  0.0186 restraint_scale:  8.0 min_steps: 18
mc:  29 Rw: 0.0916 Rf: 0.1664 rmsd(b):  0.0285 restraint_scale:  8.0 min_steps: 35
mc:  30 Rw: 0.0986 Rf: 0.1785 rmsd(b):  0.0218 restraint_scale:  8.0 min_steps: 12
mc:  31 Rw: 0.1102 Rf: 0.1908 rmsd(b):  0.0152 restraint_scale:  8.0 min_steps: 19
mc:  32 Rw: 0.1133 Rf: 0.1923 rmsd(b):  0.0133 restraint_scale:  8.0 min_steps: 7
mc:  33 Rw: 0.1021 Rf: 0.1769 rmsd(b):  0.0203 restraint_scale:  8.0 min_steps: 12
mc:  34 Rw: 0.1066 Rf: 0.1844 rmsd(b):  0.0168 restraint_scale:  8.0 min_steps: 10
mc:  35 Rw: 0.1035 Rf: 0.1818 rmsd(b):  0.0194 restraint_scale:  8.0 min_steps: 7
mc:  36 Rw: 0.1056 Rf: 0.1813 rmsd(b):  0.0172 restraint_scale:  8.0 min_steps: 6
mc:  37 Rw: 0.0990 Rf: 0.1737 rmsd(b):  0.0215 restraint_scale:  8.0 min_steps: 9
mc:  38 Rw: 0.0990 Rf: 0.1737 rmsd(b):  0.0215 restraint_scale:  8.0 min_steps: 1
Convergence reached, stop now.
best mc:    26
 r_factor (best): 0.14571
see the result structure:  ./results_b_rmsd_0.03_pm7_selectrmsd_max32_opt/refine_cctbx/./0.3/9.pdb
Time: 9.6808
