
============================== Collecting inputs ==============================


                   ----------Processing X-ray data----------                   

F-obs:
  /Users/minzheng/QR/helix/data.mtz:F(ake)obs
Miller array info: None
Observation type: xray.amplitude
Type of data: double, size=160
Type of sigmas: None
Number of Miller indices: 160
Anomalous flag: False
Unit cell: (16.291, 18.744, 30.715, 90, 90, 90)
Space group: P 1 (No. 1)
Systematic absences: 0
Centric reflections: 0
Resolution range: 3.97988 3.50665
Completeness in resolution range: 1
Completeness with d_max=infinity: 0.345572

Number of F-obs in resolution range:                   160
Number of F-obs<0 (these reflections will be rejected): 0
Number of F-obs=0 (these reflections will be used in refinement): 0
Refinement resolution range: d_max =   3.9799
                             d_min =   3.5066

R-free flags:
  /Users/minzheng/QR/helix/data.mtz:R-free-flags
Miller array info: /Users/minzheng/QR/helix/data.mtz:R-free-flags
Observation type: None
Type of data: int, size=160
Type of sigmas: None
Number of Miller indices: 160
Anomalous flag: False
Unit cell: (16.291, 18.744, 30.715, 90, 90, 90)
Space group: P 1 (No. 1)
Systematic absences: 0
Centric reflections: 0
Resolution range: 3.97988 3.50665
Completeness in resolution range: 1
Completeness with d_max=infinity: 0.345572
Wavelength: 1.0000

Test (R-free flags) flag value: 1

Number of work/free reflections by resolution:
                                   work free  %free
  bin  1: 3.9799 - 3.9204 [28/28 ]   28    0   0.0%
  bin  2: 3.9204 - 3.8644 [ 4/4  ]    4    0   0.0%
  bin  3: 3.8644 - 3.8114 [19/19 ]   13    6  31.6%
  bin  4: 3.8114 - 3.7612 [16/16 ]   16    0   0.0%
  bin  5: 3.7612 - 3.7135 [15/15 ]   13    2  13.3%
  bin  6: 3.7135 - 3.6682 [ 8/8  ]    8    0   0.0%
  bin  7: 3.6682 - 3.6250 [24/24 ]   24    0   0.0%
  bin  8: 3.6250 - 3.5838 [12/12 ]   10    2  16.7%
  bin  9: 3.5838 - 3.5444 [16/16 ]   16    0   0.0%
  bin 10: 3.5444 - 3.5066 [18/18 ]   14    4  22.2%
                           overall  146   14   8.8%

                   ----------Processing PDB file(s)----------                  

  Monomer Library directory:
    "/Users/Shared/bin/phenix/phenix-1.10.1-2155/modules/chem_data/mon_lib"
  Total number of atoms: 94
  Number of models: 1
  Model: ""
    Number of chains: 1
    Chain: "A"
      Number of atoms: 94
      Number of conformers: 1
      Conformer: ""
        Number of residues, atoms: 13, 94
          Classifications: {'peptide': 13}
          Modifications used: {'NH2NOTPRO': 1, 'COOH': 1}
          Link IDs: {'TRANS': 12}
  Time building chain proxies: 0.03, per 1000 atoms: 0.32
  Number of scatterers: 94
  At special positions: 0
  Unit cell: (16.291, 18.744, 30.715, 90, 90, 90)
  Space group: P 1 (No. 1)
  Number of sites at special positions: 0
  Number of scattering types: 4
    Type Number    sf(0)
     O      14      8.00
     N      13      7.00
     C      26      6.00
     H      41      1.00
    sf(0) = scattering factor at diffraction angle 0.

  Number of disulfides: simple=0, symmetry=0

  Automatic linking
    Parameters for automatic linking
      Linking & cutoffs
        Metal                : False - 3.50
        Amimo acid           : False - 1.90
        Carbohydrate         : True  - 1.99
        Ligands              : True  - 1.99
        Amino acid - RNA/DNA : False
      
  Number of custom bonds: simple=0, symmetry=0
  Time building additional restraints: 0.01
  Conformation dependent library (CDL) restraints added in 4.4 milliseconds
  
  Adding C-beta torsion restraints...
  Number of C-beta restraints generated:  0
  Time building geometry restraints manager: 0.01 seconds

  NOTE: a complete listing of the restraints can be obtained by requesting
        output of .geo file.

  Histogram of bond lengths:
        0.95 -     1.06: 16
        1.06 -     1.18: 25
        1.18 -     1.30: 13
        1.30 -     1.42: 13
        1.42 -     1.54: 26
  Bond restraints: 93
  Sorted by residual:
  bond pdb=" N   GLY A  95 "
       pdb=" H   GLY A  95 "
    ideal  model  delta    sigma   weight residual
    0.860  1.053 -0.193 2.00e-02 2.50e+03 9.32e+01
  bond pdb=" N   GLY A  88 "
       pdb=" H   GLY A  88 "
    ideal  model  delta    sigma   weight residual
    0.860  1.043 -0.183 2.00e-02 2.50e+03 8.38e+01
  bond pdb=" N   GLY A  91 "
       pdb=" H   GLY A  91 "
    ideal  model  delta    sigma   weight residual
    0.860  1.038 -0.178 2.00e-02 2.50e+03 7.89e+01
  bond pdb=" N   GLY A  93 "
       pdb=" H   GLY A  93 "
    ideal  model  delta    sigma   weight residual
    0.860  1.035 -0.175 2.00e-02 2.50e+03 7.68e+01
  bond pdb=" N   GLY A  89 "
       pdb=" H   GLY A  89 "
    ideal  model  delta    sigma   weight residual
    0.860  1.029 -0.169 2.00e-02 2.50e+03 7.15e+01
  ... (remaining 88 not shown)

  Histogram of bond angle deviations from ideal:
      102.56 -   107.68: 25
      107.68 -   112.81: 49
      112.81 -   117.93: 29
      117.93 -   123.05: 41
      123.05 -   128.17: 12
  Bond angle restraints: 156
  Sorted by residual:
  angle pdb=" N   GLY A  93 "
        pdb=" CA  GLY A  93 "
        pdb=" C   GLY A  93 "
      ideal   model   delta    sigma   weight residual
     114.67  111.87    2.80 1.10e+00 8.26e-01 6.48e+00
  angle pdb=" N   GLY A  87 "
        pdb=" CA  GLY A  87 "
        pdb=" HA3 GLY A  87 "
      ideal   model   delta    sigma   weight residual
     110.00  102.56    7.44 3.00e+00 1.11e-01 6.15e+00
  angle pdb=" HA2 GLY A  96 "
        pdb=" CA  GLY A  96 "
        pdb=" HA3 GLY A  96 "
      ideal   model   delta    sigma   weight residual
     109.00  102.86    6.14 3.00e+00 1.11e-01 4.19e+00
  angle pdb=" N   GLY A  97 "
        pdb=" CA  GLY A  97 "
        pdb=" HA2 GLY A  97 "
      ideal   model   delta    sigma   weight residual
     110.00  115.77   -5.77 3.00e+00 1.11e-01 3.70e+00
  angle pdb=" C   GLY A  96 "
        pdb=" CA  GLY A  96 "
        pdb=" HA3 GLY A  96 "
      ideal   model   delta    sigma   weight residual
     109.00  114.66   -5.66 3.00e+00 1.11e-01 3.56e+00
  ... (remaining 151 not shown)

  Histogram of dihedral angle deviations from ideal:
        0.31 -    36.24: 13
       36.24 -    72.17: 0
       72.17 -   108.10: 0
      108.10 -   144.03: 0
      144.03 -   179.96: 1
  Dihedral angle restraints: 14
    sinusoidal: 1
      harmonic: 13
  Sorted by residual:
  dihedral pdb=" O   GLY A  99 "
           pdb=" C   GLY A  99 "
           pdb=" OXT GLY A  99 "
           pdb=" HXT GLY A  99 "
      ideal   model   delta  harmonic     sigma   weight residual
       0.00 -179.96  179.96     0      3.00e+01 1.11e-03 3.60e+01
  dihedral pdb=" CA  GLY A  95 "
           pdb=" C   GLY A  95 "
           pdb=" N   GLY A  96 "
           pdb=" CA  GLY A  96 "
      ideal   model   delta  harmonic     sigma   weight residual
     180.00  171.84    8.16     0      5.00e+00 4.00e-02 2.66e+00
  dihedral pdb=" CA  GLY A  90 "
           pdb=" C   GLY A  90 "
           pdb=" N   GLY A  91 "
           pdb=" CA  GLY A  91 "
      ideal   model   delta  harmonic     sigma   weight residual
     180.00  172.93    7.07     0      5.00e+00 4.00e-02 2.00e+00
  ... (remaining 11 not shown)

  Chirality restraints: 0

  Planarity restraints: 25
  Sorted by residual:
                                 delta    sigma   weight rms_deltas residual
  plane pdb=" CA  GLY A  87 "    0.010 2.00e-02 2.50e+03   2.02e-02 4.08e+00
        pdb=" C   GLY A  87 "   -0.035 2.00e-02 2.50e+03
        pdb=" O   GLY A  87 "    0.013 2.00e-02 2.50e+03
        pdb=" N   GLY A  88 "    0.012 2.00e-02 2.50e+03
                                 delta    sigma   weight rms_deltas residual
  plane pdb=" C   GLY A  92 "   -0.011 2.00e-02 2.50e+03   1.95e-02 3.81e+00
        pdb=" N   GLY A  93 "    0.034 2.00e-02 2.50e+03
        pdb=" CA  GLY A  93 "   -0.009 2.00e-02 2.50e+03
        pdb=" H   GLY A  93 "   -0.014 2.00e-02 2.50e+03
                                 delta    sigma   weight rms_deltas residual
  plane pdb=" C   GLY A  96 "   -0.011 2.00e-02 2.50e+03   1.90e-02 3.62e+00
        pdb=" N   GLY A  97 "    0.033 2.00e-02 2.50e+03
        pdb=" CA  GLY A  97 "   -0.009 2.00e-02 2.50e+03
        pdb=" H   GLY A  97 "   -0.013 2.00e-02 2.50e+03
  ... (remaining 22 not shown)

  Histogram of nonbonded interaction distances:
        1.86 -     2.46: 33
        2.46 -     3.05: 161
        3.05 -     3.65: 162
        3.65 -     4.24: 180
        4.24 -     4.84: 313
  Nonbonded interactions: 849
  Sorted by model distance:
  nonbonded pdb=" H   GLY A  99 "
            pdb=" HXT GLY A  99 "
     model   vdw
     1.859 2.100
  nonbonded pdb=" O   GLY A  91 "
            pdb=" H   GLY A  95 "
     model   vdw
     1.867 1.970
  nonbonded pdb=" HA3 GLY A  87 "
            pdb=" HT2 GLY A  87 "
     model   vdw
     2.004 1.816
  nonbonded pdb=" H   GLY A  97 "
            pdb=" HA3 GLY A  97 "
     model   vdw
     2.162 1.816
  nonbonded pdb=" H   GLY A  88 "
            pdb=" HA3 GLY A  88 "
     model   vdw
     2.190 1.816
  ... (remaining 844 not shown)

  NOTE: a complete listing of the restraints can be obtained by requesting
        output of .geo file.

                   ----------xray_structure summary----------                  

Number of scattering types: 4
  Type Number    sf(0)   Gaussians
   O      14      7.97       1
   N      13      6.97       1
   C      26      5.97       1
   H      41      1.00       1
  sf(0) = scattering factor at diffraction angle 0.
Number of scatterers: 94
At special positions: 0
Unit cell: (16.291, 18.744, 30.715, 90, 90, 90)
Space group: P 1 (No. 1)

End of input processing
r_work=0.4868 r_free=0.5833
params.data_weight: None
params.restraints: qm
rmsd(b), start:  0.0168
Initial weight optimization counter: 1
Initial weight optimization counter: 2
Initial weight optimization counter: 3
Initial weight optimization counter: 4
initial_restraints_weight_scale 8.0
mc:   0 R: 0.2623 rmsd(b):  0.0278 restraint_scale:  8.0 min_steps: 52
mc:   1 R: 0.1699 rmsd(b):  0.0297 restraint_scale:  8.0 min_steps: 50
mc:   2 R: 0.1410 rmsd(b):  0.0310 restraint_scale: 16.0 min_steps: 24
mc:   3 R: 0.1397 rmsd(b):  0.0314 restraint_scale: 32.0 min_steps: 25
mc:   4 R: 0.1891 rmsd(b):  0.0304 restraint_scale: 64.0 min_steps: 34
mc:   5 R: 0.2164 rmsd(b):  0.0302 restraint_scale: 128.0 min_steps: 43
mc:   6 R: 0.2572 rmsd(b):  0.0312 restraint_scale: 256.0 min_steps: 38
mc:   7 R: 0.2679 rmsd(b):  0.0313 restraint_scale: 512.0 min_steps: 12
mc:   8 R: 0.3676 rmsd(b):  0.0308 restraint_scale: 1024.0 min_steps: 52
mc:   9 R: 0.3687 rmsd(b):  0.0308 restraint_scale: 2048.0 min_steps: 54
mc:  10 R: 0.3804 rmsd(b):  0.0308 restraint_scale: 4096.0 min_steps: 57
mc:  11 R: 0.3807 rmsd(b):  0.0307 restraint_scale: 8192.0 min_steps: 8
Convergence reached, stop now.
best mc:    1
 r_factor (best): 0.16994
see the result structure:  ./results_new/refine_qm/./1.2/3.pdb
Time: 416.2538
