
============================== Collecting inputs ==============================


                   ----------Processing X-ray data----------                   

F-obs:
  /Users/minzheng/QR/helix/data.mtz:F(ake)obs
Miller array info: None
Observation type: xray.amplitude
Type of data: double, size=160
Type of sigmas: None
Number of Miller indices: 160
Anomalous flag: False
Unit cell: (16.291, 18.744, 30.715, 90, 90, 90)
Space group: P 1 (No. 1)
Systematic absences: 0
Centric reflections: 0
Resolution range: 3.97988 3.50665
Completeness in resolution range: 1
Completeness with d_max=infinity: 0.345572

Number of F-obs in resolution range:                   160
Number of F-obs<0 (these reflections will be rejected): 0
Number of F-obs=0 (these reflections will be used in refinement): 0
Refinement resolution range: d_max =   3.9799
                             d_min =   3.5066

R-free flags:
  /Users/minzheng/QR/helix/data.mtz:R-free-flags
Miller array info: /Users/minzheng/QR/helix/data.mtz:R-free-flags
Observation type: None
Type of data: int, size=160
Type of sigmas: None
Number of Miller indices: 160
Anomalous flag: False
Unit cell: (16.291, 18.744, 30.715, 90, 90, 90)
Space group: P 1 (No. 1)
Systematic absences: 0
Centric reflections: 0
Resolution range: 3.97988 3.50665
Completeness in resolution range: 1
Completeness with d_max=infinity: 0.345572
Wavelength: 1.0000

Test (R-free flags) flag value: 1

Number of work/free reflections by resolution:
                                   work free  %free
  bin  1: 3.9799 - 3.9204 [28/28 ]   28    0   0.0%
  bin  2: 3.9204 - 3.8644 [ 4/4  ]    4    0   0.0%
  bin  3: 3.8644 - 3.8114 [19/19 ]   13    6  31.6%
  bin  4: 3.8114 - 3.7612 [16/16 ]   16    0   0.0%
  bin  5: 3.7612 - 3.7135 [15/15 ]   13    2  13.3%
  bin  6: 3.7135 - 3.6682 [ 8/8  ]    8    0   0.0%
  bin  7: 3.6682 - 3.6250 [24/24 ]   24    0   0.0%
  bin  8: 3.6250 - 3.5838 [12/12 ]   10    2  16.7%
  bin  9: 3.5838 - 3.5444 [16/16 ]   16    0   0.0%
  bin 10: 3.5444 - 3.5066 [18/18 ]   14    4  22.2%
                           overall  146   14   8.8%

                   ----------Processing PDB file(s)----------                  

  Monomer Library directory:
    "/Users/Shared/bin/phenix/phenix-1.10.1-2155/modules/chem_data/mon_lib"
  Total number of atoms: 94
  Number of models: 1
  Model: ""
    Number of chains: 1
    Chain: "A"
      Number of atoms: 94
      Number of conformers: 1
      Conformer: ""
        Number of residues, atoms: 13, 94
          Classifications: {'peptide': 13}
          Modifications used: {'NH2NOTPRO': 1, 'COOH': 1}
          Link IDs: {'TRANS': 12}
  Time building chain proxies: 0.03, per 1000 atoms: 0.32
  Number of scatterers: 94
  At special positions: 0
  Unit cell: (16.291, 18.744, 30.715, 90, 90, 90)
  Space group: P 1 (No. 1)
  Number of sites at special positions: 0
  Number of scattering types: 4
    Type Number    sf(0)
     O      14      8.00
     N      13      7.00
     C      26      6.00
     H      41      1.00
    sf(0) = scattering factor at diffraction angle 0.

  Number of disulfides: simple=0, symmetry=0

  Automatic linking
    Parameters for automatic linking
      Linking & cutoffs
        Metal                : False - 3.50
        Amimo acid           : False - 1.90
        Carbohydrate         : True  - 1.99
        Ligands              : True  - 1.99
        Amino acid - RNA/DNA : False
      
  Number of custom bonds: simple=0, symmetry=0
  Time building additional restraints: 0.02
  Conformation dependent library (CDL) restraints added in 4.7 milliseconds
  
  Adding C-beta torsion restraints...
  Number of C-beta restraints generated:  0
  Time building geometry restraints manager: 0.02 seconds

  NOTE: a complete listing of the restraints can be obtained by requesting
        output of .geo file.

  Histogram of bond lengths:
        0.93 -     1.05: 15
        1.05 -     1.17: 27
        1.17 -     1.29: 13
        1.29 -     1.41: 12
        1.41 -     1.53: 26
  Bond restraints: 93
  Sorted by residual:
  bond pdb=" CA  GLY A  87 "
       pdb=" HA3 GLY A  87 "
    ideal  model  delta    sigma   weight residual
    0.970  1.151 -0.181 2.00e-02 2.50e+03 8.23e+01
  bond pdb=" N   GLY A  99 "
       pdb=" H   GLY A  99 "
    ideal  model  delta    sigma   weight residual
    0.860  1.033 -0.173 2.00e-02 2.50e+03 7.45e+01
  bond pdb=" N   GLY A  92 "
       pdb=" H   GLY A  92 "
    ideal  model  delta    sigma   weight residual
    0.860  1.027 -0.167 2.00e-02 2.50e+03 7.01e+01
  bond pdb=" CA  GLY A  99 "
       pdb=" HA2 GLY A  99 "
    ideal  model  delta    sigma   weight residual
    0.970  1.135 -0.165 2.00e-02 2.50e+03 6.84e+01
  bond pdb=" N   GLY A  96 "
       pdb=" H   GLY A  96 "
    ideal  model  delta    sigma   weight residual
    0.860  1.023 -0.163 2.00e-02 2.50e+03 6.61e+01
  ... (remaining 88 not shown)

  Histogram of bond angle deviations from ideal:
      102.82 -   108.00: 30
      108.00 -   113.17: 43
      113.17 -   118.35: 34
      118.35 -   123.52: 37
      123.52 -   128.69: 12
  Bond angle restraints: 156
  Sorted by residual:
  angle pdb=" CA  GLY A  95 "
        pdb=" C   GLY A  95 "
        pdb=" N   GLY A  96 "
      ideal   model   delta    sigma   weight residual
     117.04  114.54    2.50 9.90e-01 1.02e+00 6.38e+00
  angle pdb=" HT1 GLY A  87 "
        pdb=" N   GLY A  87 "
        pdb=" HT2 GLY A  87 "
      ideal   model   delta    sigma   weight residual
     109.47  116.88   -7.41 3.00e+00 1.11e-01 6.10e+00
  angle pdb=" CA  GLY A  93 "
        pdb=" C   GLY A  93 "
        pdb=" O   GLY A  93 "
      ideal   model   delta    sigma   weight residual
     120.80  118.44    2.36 9.80e-01 1.04e+00 5.81e+00
  angle pdb=" N   GLY A  87 "
        pdb=" CA  GLY A  87 "
        pdb=" HA2 GLY A  87 "
      ideal   model   delta    sigma   weight residual
     110.00  102.82    7.18 3.00e+00 1.11e-01 5.72e+00
  angle pdb=" O   GLY A  99 "
        pdb=" C   GLY A  99 "
        pdb=" OXT GLY A  99 "
      ideal   model   delta    sigma   weight residual
     122.80  128.69   -5.89 3.00e+00 1.11e-01 3.86e+00
  ... (remaining 151 not shown)

  Histogram of dihedral angle deviations from ideal:
        0.07 -    35.19: 12
       35.19 -    70.31: 1
       70.31 -   105.43: 0
      105.43 -   140.56: 0
      140.56 -   175.68: 1
  Dihedral angle restraints: 14
    sinusoidal: 1
      harmonic: 13
  Sorted by residual:
  dihedral pdb=" O   GLY A  99 "
           pdb=" C   GLY A  99 "
           pdb=" OXT GLY A  99 "
           pdb=" HXT GLY A  99 "
      ideal   model   delta  harmonic     sigma   weight residual
       0.00 -175.68  175.68     0      3.00e+01 1.11e-03 3.43e+01
  dihedral pdb=" CA  GLY A  92 "
           pdb=" C   GLY A  92 "
           pdb=" N   GLY A  93 "
           pdb=" CA  GLY A  93 "
      ideal   model   delta  harmonic     sigma   weight residual
     180.00  168.75   11.25     0      5.00e+00 4.00e-02 5.06e+00
  dihedral pdb=" CA  GLY A  95 "
           pdb=" C   GLY A  95 "
           pdb=" N   GLY A  96 "
           pdb=" CA  GLY A  96 "
      ideal   model   delta  harmonic     sigma   weight residual
     180.00  170.67    9.33     0      5.00e+00 4.00e-02 3.48e+00
  ... (remaining 11 not shown)

  Chirality restraints: 0

  Planarity restraints: 25
  Sorted by residual:
                                 delta    sigma   weight rms_deltas residual
  plane pdb=" CA  GLY A  95 "   -0.011 2.00e-02 2.50e+03   2.16e-02 4.69e+00
        pdb=" C   GLY A  95 "    0.037 2.00e-02 2.50e+03
        pdb=" O   GLY A  95 "   -0.015 2.00e-02 2.50e+03
        pdb=" N   GLY A  96 "   -0.012 2.00e-02 2.50e+03
                                 delta    sigma   weight rms_deltas residual
  plane pdb=" CA  GLY A  92 "    0.010 2.00e-02 2.50e+03   2.07e-02 4.30e+00
        pdb=" C   GLY A  92 "   -0.036 2.00e-02 2.50e+03
        pdb=" O   GLY A  92 "    0.013 2.00e-02 2.50e+03
        pdb=" N   GLY A  93 "    0.012 2.00e-02 2.50e+03
                                 delta    sigma   weight rms_deltas residual
  plane pdb=" C   GLY A  94 "   -0.011 2.00e-02 2.50e+03   1.98e-02 3.92e+00
        pdb=" N   GLY A  95 "    0.034 2.00e-02 2.50e+03
        pdb=" CA  GLY A  95 "   -0.009 2.00e-02 2.50e+03
        pdb=" H   GLY A  95 "   -0.014 2.00e-02 2.50e+03
  ... (remaining 22 not shown)

  Histogram of nonbonded interaction distances:
        1.66 -     2.29: 19
        2.29 -     2.93: 166
        2.93 -     3.57: 234
        3.57 -     4.20: 206
        4.20 -     4.84: 380
  Nonbonded interactions: 1005
  Sorted by model distance:
  nonbonded pdb=" O   GLY A  89 "
            pdb=" H   GLY A  93 "
     model   vdw
     1.656 1.970
  nonbonded pdb=" O   GLY A  93 "
            pdb=" H   GLY A  97 "
     model   vdw
     1.699 1.970
  nonbonded pdb=" O   GLY A  94 "
            pdb=" H   GLY A  98 "
     model   vdw
     1.746 1.970
  nonbonded pdb=" O   GLY A  95 "
            pdb=" H   GLY A  99 "
     model   vdw
     1.763 1.970
  nonbonded pdb=" O   GLY A  90 "
            pdb=" H   GLY A  94 "
     model   vdw
     1.824 1.970
  ... (remaining 1000 not shown)

  NOTE: a complete listing of the restraints can be obtained by requesting
        output of .geo file.

                   ----------xray_structure summary----------                  

Number of scattering types: 4
  Type Number    sf(0)   Gaussians
   O      14      7.97       1
   N      13      6.97       1
   C      26      5.97       1
   H      41      1.00       1
  sf(0) = scattering factor at diffraction angle 0.
Number of scatterers: 94
At special positions: 0
Unit cell: (16.291, 18.744, 30.715, 90, 90, 90)
Space group: P 1 (No. 1)

End of input processing
r_work=0.4371 r_free=0.3972
params.data_weight: None
params.restraints: qm
rmsd(b), start:  0.0209
Initial weight optimization conter: 1
initial_restraints_weight_scale 1
mc:   0 R: 0.1507 rmsd(b):  0.0397 restraint_scale:  1.0 min_steps: 51
mc:   1 R: 0.0925 rmsd(b):  0.0639 restraint_scale:  2.0 min_steps: 39
mc:   2 R: 0.0835 rmsd(b):  0.0561 restraint_scale:  4.0 min_steps: 19
mc:   3 R: 0.1057 rmsd(b):  0.0354 restraint_scale:  4.0 min_steps: 30
mc:   4 R: 0.1157 rmsd(b):  0.0332 restraint_scale:  4.0 min_steps: 9
mc:   5 R: 0.1213 rmsd(b):  0.0294 restraint_scale:  4.0 min_steps: 33
mc:   6 R: 0.1143 rmsd(b):  0.0313 restraint_scale:  4.0 min_steps: 17
mc:   7 R: 0.1187 rmsd(b):  0.0312 restraint_scale:  4.0 min_steps: 10
mc:   8 R: 0.1133 rmsd(b):  0.0320 restraint_scale:  4.0 min_steps: 7
mc:   9 R: 0.1103 rmsd(b):  0.0319 restraint_scale:  4.0 min_steps: 10
mc:  10 R: 0.1057 rmsd(b):  0.0361 restraint_scale:  4.0 min_steps: 6
mc:  11 R: 0.0963 rmsd(b):  0.0367 restraint_scale:  4.0 min_steps: 19
mc:  12 R: 0.1025 rmsd(b):  0.0335 restraint_scale:  4.0 min_steps: 13
mc:  13 R: 0.1170 rmsd(b):  0.0321 restraint_scale:  4.0 min_steps: 14
mc:  14 R: 0.1032 rmsd(b):  0.0355 restraint_scale:  4.0 min_steps: 12
mc:  15 R: 0.0885 rmsd(b):  0.0444 restraint_scale:  8.0 min_steps: 28
mc:  16 R: 0.1424 rmsd(b):  0.0306 restraint_scale:  8.0 min_steps: 37
mc:  17 R: 0.1263 rmsd(b):  0.0320 restraint_scale:  8.0 min_steps: 21
mc:  18 R: 0.1377 rmsd(b):  0.0313 restraint_scale:  8.0 min_steps: 14
mc:  19 R: 0.1339 rmsd(b):  0.0305 restraint_scale:  8.0 min_steps: 8
mc:  20 R: 0.1336 rmsd(b):  0.0312 restraint_scale:  8.0 min_steps: 5
Convergence reached, stop now.
best mc:    12
 r_factor (best): 0.09631
see the result structure:  ./results_b_rmsd_0.04/refine_qm/./0.3/3.pdb
Time: 376.2276
