
============================== Collecting inputs ==============================


                   ----------Processing X-ray data----------                   

F-obs:
  /Users/minzheng/rerun/helix/data.mtz:F(ake)obs
Miller array info: None
Observation type: xray.amplitude
Type of data: double, size=160
Type of sigmas: None
Number of Miller indices: 160
Anomalous flag: False
Unit cell: (16.291, 18.744, 30.715, 90, 90, 90)
Space group: P 1 (No. 1)
Systematic absences: 0
Centric reflections: 0
Resolution range: 3.97988 3.50665
Completeness in resolution range: 1
Completeness with d_max=infinity: 0.345572

Number of F-obs in resolution range:                   160
Number of F-obs<0 (these reflections will be rejected): 0
Number of F-obs=0 (these reflections will be used in refinement): 0
Refinement resolution range: d_max =   3.9799
                             d_min =   3.5066

R-free flags:
  /Users/minzheng/rerun/helix/data.mtz:R-free-flags
Miller array info: /Users/minzheng/rerun/helix/data.mtz:R-free-flags
Observation type: None
Type of data: int, size=160
Type of sigmas: None
Number of Miller indices: 160
Anomalous flag: False
Unit cell: (16.291, 18.744, 30.715, 90, 90, 90)
Space group: P 1 (No. 1)
Systematic absences: 0
Centric reflections: 0
Resolution range: 3.97988 3.50665
Completeness in resolution range: 1
Completeness with d_max=infinity: 0.345572
Wavelength: 1.0000

Test (R-free flags) flag value: 1

Number of work/free reflections by resolution:
                                   work free  %free
  bin  1: 3.9799 - 3.9204 [28/28 ]   28    0   0.0%
  bin  2: 3.9204 - 3.8644 [ 4/4  ]    4    0   0.0%
  bin  3: 3.8644 - 3.8114 [19/19 ]   13    6  31.6%
  bin  4: 3.8114 - 3.7612 [16/16 ]   16    0   0.0%
  bin  5: 3.7612 - 3.7135 [15/15 ]   13    2  13.3%
  bin  6: 3.7135 - 3.6682 [ 8/8  ]    8    0   0.0%
  bin  7: 3.6682 - 3.6250 [24/24 ]   24    0   0.0%
  bin  8: 3.6250 - 3.5838 [12/12 ]   10    2  16.7%
  bin  9: 3.5838 - 3.5444 [16/16 ]   16    0   0.0%
  bin 10: 3.5444 - 3.5066 [18/18 ]   14    4  22.2%
                           overall  146   14   8.8%

                   ----------Processing PDB file(s)----------                  

  Monomer Library directory:
    "/Users/Shared/bin/phenix/phenix-1.10.1-2155/modules/chem_data/mon_lib"
  Total number of atoms: 94
  Number of models: 1
  Model: ""
    Number of chains: 1
    Chain: "A"
      Number of atoms: 94
      Number of conformers: 1
      Conformer: ""
        Number of residues, atoms: 13, 94
          Classifications: {'peptide': 13}
          Modifications used: {'NH2NOTPRO': 1, 'COOH': 1}
          Link IDs: {'TRANS': 12}
  Time building chain proxies: 0.03, per 1000 atoms: 0.32
  Number of scatterers: 94
  At special positions: 0
  Unit cell: (16.291, 18.744, 30.715, 90, 90, 90)
  Space group: P 1 (No. 1)
  Number of sites at special positions: 0
  Number of scattering types: 4
    Type Number    sf(0)
     O      14      8.00
     N      13      7.00
     C      26      6.00
     H      41      1.00
    sf(0) = scattering factor at diffraction angle 0.

  Number of disulfides: simple=0, symmetry=0

  Automatic linking
    Parameters for automatic linking
      Linking & cutoffs
        Metal                : False - 3.50
        Amimo acid           : False - 1.90
        Carbohydrate         : True  - 1.99
        Ligands              : True  - 1.99
        Amino acid - RNA/DNA : False
      
  Number of custom bonds: simple=0, symmetry=0
  Time building additional restraints: 0.02
  Conformation dependent library (CDL) restraints added in 4.8 milliseconds
  
  Adding C-beta torsion restraints...
  Number of C-beta restraints generated:  0
  Time building geometry restraints manager: 0.02 seconds

  NOTE: a complete listing of the restraints can be obtained by requesting
        output of .geo file.

  Histogram of bond lengths:
        0.97 -     1.08: 24
        1.08 -     1.20: 18
        1.20 -     1.31: 12
        1.31 -     1.42: 13
        1.42 -     1.54: 26
  Bond restraints: 93
  Sorted by residual:
  bond pdb=" N   GLY A  98 "
       pdb=" H   GLY A  98 "
    ideal  model  delta    sigma   weight residual
    0.860  1.061 -0.201 2.00e-02 2.50e+03 1.01e+02
  bond pdb=" N   GLY A  90 "
       pdb=" H   GLY A  90 "
    ideal  model  delta    sigma   weight residual
    0.860  1.053 -0.193 2.00e-02 2.50e+03 9.32e+01
  bond pdb=" N   GLY A  88 "
       pdb=" H   GLY A  88 "
    ideal  model  delta    sigma   weight residual
    0.860  1.045 -0.185 2.00e-02 2.50e+03 8.54e+01
  bond pdb=" N   GLY A  97 "
       pdb=" H   GLY A  97 "
    ideal  model  delta    sigma   weight residual
    0.860  1.042 -0.182 2.00e-02 2.50e+03 8.26e+01
  bond pdb=" N   GLY A  96 "
       pdb=" H   GLY A  96 "
    ideal  model  delta    sigma   weight residual
    0.860  1.041 -0.181 2.00e-02 2.50e+03 8.19e+01
  ... (remaining 88 not shown)

  Histogram of bond angle deviations from ideal:
      100.95 -   106.70: 17
      106.70 -   112.45: 54
      112.45 -   118.20: 33
      118.20 -   123.95: 43
      123.95 -   129.70: 9
  Bond angle restraints: 156
  Sorted by residual:
  angle pdb=" N   GLY A  93 "
        pdb=" CA  GLY A  93 "
        pdb=" C   GLY A  93 "
      ideal   model   delta    sigma   weight residual
     115.61  110.85    4.76 1.74e+00 3.30e-01 7.47e+00
  angle pdb=" C   GLY A  98 "
        pdb=" CA  GLY A  98 "
        pdb=" HA3 GLY A  98 "
      ideal   model   delta    sigma   weight residual
     109.00  100.95    8.05 3.00e+00 1.11e-01 7.20e+00
  angle pdb=" C   GLY A  87 "
        pdb=" CA  GLY A  87 "
        pdb=" HA3 GLY A  87 "
      ideal   model   delta    sigma   weight residual
     109.00  101.68    7.32 3.00e+00 1.11e-01 5.95e+00
  angle pdb=" C   GLY A  98 "
        pdb=" CA  GLY A  98 "
        pdb=" HA2 GLY A  98 "
      ideal   model   delta    sigma   weight residual
     109.00  115.58   -6.58 3.00e+00 1.11e-01 4.82e+00
  angle pdb=" N   GLY A  95 "
        pdb=" CA  GLY A  95 "
        pdb=" HA2 GLY A  95 "
      ideal   model   delta    sigma   weight residual
     110.00  104.11    5.89 3.00e+00 1.11e-01 3.86e+00
  ... (remaining 151 not shown)

  Histogram of dihedral angle deviations from ideal:
        0.10 -    35.97: 13
       35.97 -    71.83: 0
       71.83 -   107.70: 0
      107.70 -   143.57: 0
      143.57 -   179.44: 1
  Dihedral angle restraints: 14
    sinusoidal: 1
      harmonic: 13
  Sorted by residual:
  dihedral pdb=" O   GLY A  99 "
           pdb=" C   GLY A  99 "
           pdb=" OXT GLY A  99 "
           pdb=" HXT GLY A  99 "
      ideal   model   delta  harmonic     sigma   weight residual
       0.00  179.44 -179.44     0      3.00e+01 1.11e-03 3.58e+01
  dihedral pdb=" CA  GLY A  93 "
           pdb=" C   GLY A  93 "
           pdb=" N   GLY A  94 "
           pdb=" CA  GLY A  94 "
      ideal   model   delta  harmonic     sigma   weight residual
     180.00  169.37   10.63     0      5.00e+00 4.00e-02 4.52e+00
  dihedral pdb=" CA  GLY A  98 "
           pdb=" C   GLY A  98 "
           pdb=" N   GLY A  99 "
           pdb=" CA  GLY A  99 "
      ideal   model   delta  harmonic     sigma   weight residual
     180.00  173.01    6.99     0      5.00e+00 4.00e-02 1.96e+00
  ... (remaining 11 not shown)

  Chirality restraints: 0

  Planarity restraints: 25
  Sorted by residual:
                                 delta    sigma   weight rms_deltas residual
  plane pdb=" C   GLY A  90 "   -0.014 2.00e-02 2.50e+03   2.50e-02 6.25e+00
        pdb=" N   GLY A  91 "    0.043 2.00e-02 2.50e+03
        pdb=" CA  GLY A  91 "   -0.011 2.00e-02 2.50e+03
        pdb=" H   GLY A  91 "   -0.018 2.00e-02 2.50e+03
                                 delta    sigma   weight rms_deltas residual
  plane pdb=" C   GLY A  89 "    0.010 2.00e-02 2.50e+03   1.77e-02 3.12e+00
        pdb=" N   GLY A  90 "   -0.031 2.00e-02 2.50e+03
        pdb=" CA  GLY A  90 "    0.008 2.00e-02 2.50e+03
        pdb=" H   GLY A  90 "    0.012 2.00e-02 2.50e+03
                                 delta    sigma   weight rms_deltas residual
  plane pdb=" C   GLY A  91 "    0.009 2.00e-02 2.50e+03   1.50e-02 2.26e+00
        pdb=" N   GLY A  92 "   -0.026 2.00e-02 2.50e+03
        pdb=" CA  GLY A  92 "    0.007 2.00e-02 2.50e+03
        pdb=" H   GLY A  92 "    0.010 2.00e-02 2.50e+03
  ... (remaining 22 not shown)

  Histogram of nonbonded interaction distances:
        1.72 -     2.35: 18
        2.35 -     2.97: 152
        2.97 -     3.59: 171
        3.59 -     4.22: 179
        4.22 -     4.84: 306
  Nonbonded interactions: 826
  Sorted by model distance:
  nonbonded pdb=" H   GLY A  98 "
            pdb=" H   GLY A  99 "
     model   vdw
     1.723 2.100
  nonbonded pdb=" H   GLY A  92 "
            pdb=" H   GLY A  93 "
     model   vdw
     1.755 2.100
  nonbonded pdb=" H   GLY A  99 "
            pdb=" HXT GLY A  99 "
     model   vdw
     1.815 2.100
  nonbonded pdb=" HA3 GLY A  87 "
            pdb=" H   GLY A  88 "
     model   vdw
     1.988 2.270
  nonbonded pdb=" H   GLY A  96 "
            pdb=" HA3 GLY A  96 "
     model   vdw
     2.148 1.816
  ... (remaining 821 not shown)

  NOTE: a complete listing of the restraints can be obtained by requesting
        output of .geo file.

                   ----------xray_structure summary----------                  

Number of scattering types: 4
  Type Number    sf(0)   Gaussians
   O      14      7.97       1
   N      13      6.97       1
   C      26      5.97       1
   H      41      1.00       1
  sf(0) = scattering factor at diffraction angle 0.
Number of scatterers: 94
At special positions: 0
Unit cell: (16.291, 18.744, 30.715, 90, 90, 90)
Space group: P 1 (No. 1)

End of input processing
r_work=0.5911 r_free=0.6441
params.data_weight: 0.0
params.restraints: qm
rmsd(b), start:  0.0177
mc:   0 R: 0.6186 rmsd(b):  0.0330 restraint_scale:  1.0 min_steps: 52
mc:   1 R: 0.6366 rmsd(b):  0.0322 restraint_scale:  1.0 min_steps: 52
mc:   2 R: 0.6313 rmsd(b):  0.0323 restraint_scale:  1.0 min_steps: 52
mc:   3 R: 0.6305 rmsd(b):  0.0318 restraint_scale:  1.0 min_steps: 52
mc:   4 R: 0.6261 rmsd(b):  0.0318 restraint_scale:  1.0 min_steps: 46
mc:   5 R: 0.6261 rmsd(b):  0.0318 restraint_scale:  1.0 min_steps: 4
Convergence reached, stop now.
see the result structure:  ./results/opt_qm/./1.5/3.pdb
Time: 173.0998
