
============================== Collecting inputs ==============================


                   ----------Processing X-ray data----------                   

F-obs:
  /Users/minzheng/QR/helix/data.mtz:F(ake)obs
Miller array info: None
Observation type: xray.amplitude
Type of data: double, size=160
Type of sigmas: None
Number of Miller indices: 160
Anomalous flag: False
Unit cell: (16.291, 18.744, 30.715, 90, 90, 90)
Space group: P 1 (No. 1)
Systematic absences: 0
Centric reflections: 0
Resolution range: 3.97988 3.50665
Completeness in resolution range: 1
Completeness with d_max=infinity: 0.345572

Number of F-obs in resolution range:                   160
Number of F-obs<0 (these reflections will be rejected): 0
Number of F-obs=0 (these reflections will be used in refinement): 0
Refinement resolution range: d_max =   3.9799
                             d_min =   3.5066

R-free flags:
  /Users/minzheng/QR/helix/data.mtz:R-free-flags
Miller array info: /Users/minzheng/QR/helix/data.mtz:R-free-flags
Observation type: None
Type of data: int, size=160
Type of sigmas: None
Number of Miller indices: 160
Anomalous flag: False
Unit cell: (16.291, 18.744, 30.715, 90, 90, 90)
Space group: P 1 (No. 1)
Systematic absences: 0
Centric reflections: 0
Resolution range: 3.97988 3.50665
Completeness in resolution range: 1
Completeness with d_max=infinity: 0.345572
Wavelength: 1.0000

Test (R-free flags) flag value: 1

Number of work/free reflections by resolution:
                                   work free  %free
  bin  1: 3.9799 - 3.9204 [28/28 ]   28    0   0.0%
  bin  2: 3.9204 - 3.8644 [ 4/4  ]    4    0   0.0%
  bin  3: 3.8644 - 3.8114 [19/19 ]   13    6  31.6%
  bin  4: 3.8114 - 3.7612 [16/16 ]   16    0   0.0%
  bin  5: 3.7612 - 3.7135 [15/15 ]   13    2  13.3%
  bin  6: 3.7135 - 3.6682 [ 8/8  ]    8    0   0.0%
  bin  7: 3.6682 - 3.6250 [24/24 ]   24    0   0.0%
  bin  8: 3.6250 - 3.5838 [12/12 ]   10    2  16.7%
  bin  9: 3.5838 - 3.5444 [16/16 ]   16    0   0.0%
  bin 10: 3.5444 - 3.5066 [18/18 ]   14    4  22.2%
                           overall  146   14   8.8%

                   ----------Processing PDB file(s)----------                  

  Monomer Library directory:
    "/Users/Shared/bin/phenix/phenix-1.10.1-2155/modules/chem_data/mon_lib"
  Total number of atoms: 94
  Number of models: 1
  Model: ""
    Number of chains: 1
    Chain: "A"
      Number of atoms: 94
      Number of conformers: 1
      Conformer: ""
        Number of residues, atoms: 13, 94
          Classifications: {'peptide': 13}
          Modifications used: {'NH2NOTPRO': 1, 'COOH': 1}
          Link IDs: {'TRANS': 12}
  Time building chain proxies: 0.03, per 1000 atoms: 0.32
  Number of scatterers: 94
  At special positions: 0
  Unit cell: (16.291, 18.744, 30.715, 90, 90, 90)
  Space group: P 1 (No. 1)
  Number of sites at special positions: 0
  Number of scattering types: 4
    Type Number    sf(0)
     O      14      8.00
     N      13      7.00
     C      26      6.00
     H      41      1.00
    sf(0) = scattering factor at diffraction angle 0.

  Number of disulfides: simple=0, symmetry=0

  Automatic linking
    Parameters for automatic linking
      Linking & cutoffs
        Metal                : False - 3.50
        Amimo acid           : False - 1.90
        Carbohydrate         : True  - 1.99
        Ligands              : True  - 1.99
        Amino acid - RNA/DNA : False
      
  Number of custom bonds: simple=0, symmetry=0
  Time building additional restraints: 0.02
  Conformation dependent library (CDL) restraints added in 4.4 milliseconds
  
  Adding C-beta torsion restraints...
  Number of C-beta restraints generated:  0
  Time building geometry restraints manager: 0.02 seconds

  NOTE: a complete listing of the restraints can be obtained by requesting
        output of .geo file.

  Histogram of bond lengths:
        0.92 -     1.04: 14
        1.04 -     1.17: 27
        1.17 -     1.29: 13
        1.29 -     1.41: 13
        1.41 -     1.54: 26
  Bond restraints: 93
  Sorted by residual:
  bond pdb=" N   GLY A  91 "
       pdb=" H   GLY A  91 "
    ideal  model  delta    sigma   weight residual
    0.860  1.038 -0.178 2.00e-02 2.50e+03 7.88e+01
  bond pdb=" N   GLY A  97 "
       pdb=" H   GLY A  97 "
    ideal  model  delta    sigma   weight residual
    0.860  1.037 -0.177 2.00e-02 2.50e+03 7.80e+01
  bond pdb=" N   GLY A  99 "
       pdb=" H   GLY A  99 "
    ideal  model  delta    sigma   weight residual
    0.860  1.036 -0.176 2.00e-02 2.50e+03 7.75e+01
  bond pdb=" N   GLY A  94 "
       pdb=" H   GLY A  94 "
    ideal  model  delta    sigma   weight residual
    0.860  1.028 -0.168 2.00e-02 2.50e+03 7.07e+01
  bond pdb=" N   GLY A  88 "
       pdb=" H   GLY A  88 "
    ideal  model  delta    sigma   weight residual
    0.860  1.027 -0.167 2.00e-02 2.50e+03 7.00e+01
  ... (remaining 88 not shown)

  Histogram of bond angle deviations from ideal:
      103.14 -   108.25: 25
      108.25 -   113.37: 56
      113.37 -   118.48: 28
      118.48 -   123.60: 33
      123.60 -   128.71: 14
  Bond angle restraints: 156
  Sorted by residual:
  angle pdb=" N   GLY A  97 "
        pdb=" CA  GLY A  97 "
        pdb=" C   GLY A  97 "
      ideal   model   delta    sigma   weight residual
     114.67  110.87    3.80 1.10e+00 8.26e-01 1.19e+01
  angle pdb=" N   GLY A  92 "
        pdb=" CA  GLY A  92 "
        pdb=" C   GLY A  92 "
      ideal   model   delta    sigma   weight residual
     113.37  110.40    2.97 1.34e+00 5.57e-01 4.92e+00
  angle pdb=" N   GLY A  89 "
        pdb=" CA  GLY A  89 "
        pdb=" HA2 GLY A  89 "
      ideal   model   delta    sigma   weight residual
     110.00  116.57   -6.57 3.00e+00 1.11e-01 4.79e+00
  angle pdb=" N   GLY A  88 "
        pdb=" CA  GLY A  88 "
        pdb=" HA3 GLY A  88 "
      ideal   model   delta    sigma   weight residual
     110.00  103.94    6.06 3.00e+00 1.11e-01 4.08e+00
  angle pdb=" C   GLY A  89 "
        pdb=" CA  GLY A  89 "
        pdb=" HA3 GLY A  89 "
      ideal   model   delta    sigma   weight residual
     109.00  103.14    5.86 3.00e+00 1.11e-01 3.82e+00
  ... (remaining 151 not shown)

  Histogram of dihedral angle deviations from ideal:
        0.09 -    35.54: 12
       35.54 -    71.00: 1
       71.00 -   106.45: 0
      106.45 -   141.91: 0
      141.91 -   177.36: 1
  Dihedral angle restraints: 14
    sinusoidal: 1
      harmonic: 13
  Sorted by residual:
  dihedral pdb=" O   GLY A  99 "
           pdb=" C   GLY A  99 "
           pdb=" OXT GLY A  99 "
           pdb=" HXT GLY A  99 "
      ideal   model   delta  harmonic     sigma   weight residual
       0.00  177.36 -177.36     0      3.00e+01 1.11e-03 3.50e+01
  dihedral pdb=" CA  GLY A  89 "
           pdb=" C   GLY A  89 "
           pdb=" N   GLY A  90 "
           pdb=" CA  GLY A  90 "
      ideal   model   delta  harmonic     sigma   weight residual
     180.00  171.21    8.79     0      5.00e+00 4.00e-02 3.09e+00
  dihedral pdb=" N   GLY A  99 "
           pdb=" CA  GLY A  99 "
           pdb=" C   GLY A  99 "
           pdb=" OXT GLY A  99 "
      ideal   model   delta sinusoidal    sigma   weight residual
     -20.00  -68.63   48.63     2      3.00e+01 1.11e-03 3.00e+00
  ... (remaining 11 not shown)

  Chirality restraints: 0

  Planarity restraints: 25
  Sorted by residual:
                                 delta    sigma   weight rms_deltas residual
  plane pdb=" C   GLY A  98 "    0.011 2.00e-02 2.50e+03   1.97e-02 3.90e+00
        pdb=" N   GLY A  99 "   -0.034 2.00e-02 2.50e+03
        pdb=" CA  GLY A  99 "    0.010 2.00e-02 2.50e+03
        pdb=" H   GLY A  99 "    0.013 2.00e-02 2.50e+03
                                 delta    sigma   weight rms_deltas residual
  plane pdb=" CA  GLY A  95 "    0.008 2.00e-02 2.50e+03   1.53e-02 2.35e+00
        pdb=" C   GLY A  95 "   -0.026 2.00e-02 2.50e+03
        pdb=" O   GLY A  95 "    0.010 2.00e-02 2.50e+03
        pdb=" N   GLY A  96 "    0.009 2.00e-02 2.50e+03
                                 delta    sigma   weight rms_deltas residual
  plane pdb=" CA  GLY A  93 "   -0.007 2.00e-02 2.50e+03   1.47e-02 2.15e+00
        pdb=" C   GLY A  93 "    0.025 2.00e-02 2.50e+03
        pdb=" O   GLY A  93 "   -0.010 2.00e-02 2.50e+03
        pdb=" N   GLY A  94 "   -0.008 2.00e-02 2.50e+03
  ... (remaining 22 not shown)

  Histogram of nonbonded interaction distances:
        1.83 -     2.43: 26
        2.43 -     3.03: 170
        3.03 -     3.63: 198
        3.63 -     4.24: 215
        4.24 -     4.84: 338
  Nonbonded interactions: 947
  Sorted by model distance:
  nonbonded pdb=" H   GLY A  95 "
            pdb=" H   GLY A  96 "
     model   vdw
     1.830 2.100
  nonbonded pdb=" O   GLY A  91 "
            pdb=" H   GLY A  94 "
     model   vdw
     2.016 1.970
  nonbonded pdb=" H   GLY A  93 "
            pdb=" HA3 GLY A  93 "
     model   vdw
     2.115 1.816
  nonbonded pdb=" HA3 GLY A  87 "
            pdb=" HT2 GLY A  87 "
     model   vdw
     2.139 1.816
  nonbonded pdb=" H   GLY A  88 "
            pdb=" HA3 GLY A  88 "
     model   vdw
     2.145 1.816
  ... (remaining 942 not shown)

  NOTE: a complete listing of the restraints can be obtained by requesting
        output of .geo file.

                   ----------xray_structure summary----------                  

Number of scattering types: 4
  Type Number    sf(0)   Gaussians
   O      14      7.97       1
   N      13      6.97       1
   C      26      5.97       1
   H      41      1.00       1
  sf(0) = scattering factor at diffraction angle 0.
Number of scatterers: 94
At special positions: 0
Unit cell: (16.291, 18.744, 30.715, 90, 90, 90)
Space group: P 1 (No. 1)

End of input processing
r_work=0.4810 r_free=0.4549
params.data_weight: None
params.restraints: qm
rmsd(b), start:  0.0152
Initial weight optimization conter: 1
initial_restraints_weight_scale 32
mc:   0 Rw: 0.2725 Rf: 0.3651 rmsd(b):  0.0257 restraint_scale: 32.0 min_steps: 52
mc:   1 Rw: 0.2016 Rf: 0.3054 rmsd(b):  0.0250 restraint_scale: 32.0 min_steps: 45
mc:   2 Rw: 0.1952 Rf: 0.2756 rmsd(b):  0.0249 restraint_scale: 32.0 min_steps: 15
mc:   3 Rw: 0.2073 Rf: 0.2874 rmsd(b):  0.0256 restraint_scale: 32.0 min_steps: 13
mc:   4 Rw: 0.2069 Rf: 0.2869 rmsd(b):  0.0258 restraint_scale: 32.0 min_steps: 4
Convergence reached, stop now.
best mc:    2
 r_factor (best): 0.19515
see the result structure:  ./results_b_rmsd_0.03_pm7_selectrmsd_32/refine_qm/./0.9/1.pdb
Time: 117.7284
