
============================== Collecting inputs ==============================


                   ----------Processing X-ray data----------                   

F-obs:
  /Users/minzheng/QR/helix/data.mtz:F(ake)obs
Miller array info: None
Observation type: xray.amplitude
Type of data: double, size=160
Type of sigmas: None
Number of Miller indices: 160
Anomalous flag: False
Unit cell: (16.291, 18.744, 30.715, 90, 90, 90)
Space group: P 1 (No. 1)
Systematic absences: 0
Centric reflections: 0
Resolution range: 3.97988 3.50665
Completeness in resolution range: 1
Completeness with d_max=infinity: 0.345572

Number of F-obs in resolution range:                   160
Number of F-obs<0 (these reflections will be rejected): 0
Number of F-obs=0 (these reflections will be used in refinement): 0
Refinement resolution range: d_max =   3.9799
                             d_min =   3.5066

R-free flags:
  /Users/minzheng/QR/helix/data.mtz:R-free-flags
Miller array info: /Users/minzheng/QR/helix/data.mtz:R-free-flags
Observation type: None
Type of data: int, size=160
Type of sigmas: None
Number of Miller indices: 160
Anomalous flag: False
Unit cell: (16.291, 18.744, 30.715, 90, 90, 90)
Space group: P 1 (No. 1)
Systematic absences: 0
Centric reflections: 0
Resolution range: 3.97988 3.50665
Completeness in resolution range: 1
Completeness with d_max=infinity: 0.345572
Wavelength: 1.0000

Test (R-free flags) flag value: 1

Number of work/free reflections by resolution:
                                   work free  %free
  bin  1: 3.9799 - 3.9204 [28/28 ]   28    0   0.0%
  bin  2: 3.9204 - 3.8644 [ 4/4  ]    4    0   0.0%
  bin  3: 3.8644 - 3.8114 [19/19 ]   13    6  31.6%
  bin  4: 3.8114 - 3.7612 [16/16 ]   16    0   0.0%
  bin  5: 3.7612 - 3.7135 [15/15 ]   13    2  13.3%
  bin  6: 3.7135 - 3.6682 [ 8/8  ]    8    0   0.0%
  bin  7: 3.6682 - 3.6250 [24/24 ]   24    0   0.0%
  bin  8: 3.6250 - 3.5838 [12/12 ]   10    2  16.7%
  bin  9: 3.5838 - 3.5444 [16/16 ]   16    0   0.0%
  bin 10: 3.5444 - 3.5066 [18/18 ]   14    4  22.2%
                           overall  146   14   8.8%

                   ----------Processing PDB file(s)----------                  

  Monomer Library directory:
    "/Users/Shared/bin/phenix/phenix-1.10.1-2155/modules/chem_data/mon_lib"
  Total number of atoms: 94
  Number of models: 1
  Model: ""
    Number of chains: 1
    Chain: "A"
      Number of atoms: 94
      Number of conformers: 1
      Conformer: ""
        Number of residues, atoms: 13, 94
          Classifications: {'peptide': 13}
          Modifications used: {'NH2NOTPRO': 1, 'COOH': 1}
          Link IDs: {'TRANS': 12}
  Time building chain proxies: 0.03, per 1000 atoms: 0.32
  Number of scatterers: 94
  At special positions: 0
  Unit cell: (16.291, 18.744, 30.715, 90, 90, 90)
  Space group: P 1 (No. 1)
  Number of sites at special positions: 0
  Number of scattering types: 4
    Type Number    sf(0)
     O      14      8.00
     N      13      7.00
     C      26      6.00
     H      41      1.00
    sf(0) = scattering factor at diffraction angle 0.

  Number of disulfides: simple=0, symmetry=0

  Automatic linking
    Parameters for automatic linking
      Linking & cutoffs
        Metal                : False - 3.50
        Amimo acid           : False - 1.90
        Carbohydrate         : True  - 1.99
        Ligands              : True  - 1.99
        Amino acid - RNA/DNA : False
      
  Number of custom bonds: simple=0, symmetry=0
  Time building additional restraints: 0.01
  Conformation dependent library (CDL) restraints added in 4.5 milliseconds
  
  Adding C-beta torsion restraints...
  Number of C-beta restraints generated:  0
  Time building geometry restraints manager: 0.02 seconds

  NOTE: a complete listing of the restraints can be obtained by requesting
        output of .geo file.

  Histogram of bond lengths:
        0.93 -     1.05: 15
        1.05 -     1.17: 26
        1.17 -     1.29: 13
        1.29 -     1.41: 13
        1.41 -     1.53: 26
  Bond restraints: 93
  Sorted by residual:
  bond pdb=" N   GLY A  98 "
       pdb=" H   GLY A  98 "
    ideal  model  delta    sigma   weight residual
    0.860  1.041 -0.181 2.00e-02 2.50e+03 8.16e+01
  bond pdb=" N   GLY A  93 "
       pdb=" H   GLY A  93 "
    ideal  model  delta    sigma   weight residual
    0.860  1.040 -0.180 2.00e-02 2.50e+03 8.14e+01
  bond pdb=" N   GLY A  92 "
       pdb=" H   GLY A  92 "
    ideal  model  delta    sigma   weight residual
    0.860  1.034 -0.174 2.00e-02 2.50e+03 7.59e+01
  bond pdb=" N   GLY A  90 "
       pdb=" H   GLY A  90 "
    ideal  model  delta    sigma   weight residual
    0.860  1.033 -0.173 2.00e-02 2.50e+03 7.45e+01
  bond pdb=" N   GLY A  91 "
       pdb=" H   GLY A  91 "
    ideal  model  delta    sigma   weight residual
    0.860  1.026 -0.166 2.00e-02 2.50e+03 6.88e+01
  ... (remaining 88 not shown)

  Histogram of bond angle deviations from ideal:
      103.66 -   108.97: 40
      108.97 -   114.28: 44
      114.28 -   119.59: 29
      119.59 -   124.89: 35
      124.89 -   130.20: 8
  Bond angle restraints: 156
  Sorted by residual:
  angle pdb=" N   GLY A  91 "
        pdb=" CA  GLY A  91 "
        pdb=" C   GLY A  91 "
      ideal   model   delta    sigma   weight residual
     115.62  111.36    4.26 1.71e+00 3.42e-01 6.20e+00
  angle pdb=" CA  GLY A  87 "
        pdb=" N   GLY A  87 "
        pdb=" HT1 GLY A  87 "
      ideal   model   delta    sigma   weight residual
     109.47  116.51   -7.04 3.00e+00 1.11e-01 5.51e+00
  angle pdb=" N   GLY A  94 "
        pdb=" CA  GLY A  94 "
        pdb=" C   GLY A  94 "
      ideal   model   delta    sigma   weight residual
     114.40  111.80    2.60 1.11e+00 8.12e-01 5.47e+00
  angle pdb=" N   GLY A  88 "
        pdb=" CA  GLY A  88 "
        pdb=" C   GLY A  88 "
      ideal   model   delta    sigma   weight residual
     115.46  111.85    3.61 1.63e+00 3.76e-01 4.90e+00
  angle pdb=" O   GLY A  87 "
        pdb=" C   GLY A  87 "
        pdb=" N   GLY A  88 "
      ideal   model   delta    sigma   weight residual
     123.00  126.43   -3.43 1.60e+00 3.91e-01 4.60e+00
  ... (remaining 151 not shown)

  Histogram of dihedral angle deviations from ideal:
        0.52 -    35.75: 12
       35.75 -    70.97: 1
       70.97 -   106.20: 0
      106.20 -   141.42: 0
      141.42 -   176.65: 1
  Dihedral angle restraints: 14
    sinusoidal: 1
      harmonic: 13
  Sorted by residual:
  dihedral pdb=" O   GLY A  99 "
           pdb=" C   GLY A  99 "
           pdb=" OXT GLY A  99 "
           pdb=" HXT GLY A  99 "
      ideal   model   delta  harmonic     sigma   weight residual
       0.00  176.65 -176.65     0      3.00e+01 1.11e-03 3.47e+01
  dihedral pdb=" CA  GLY A  94 "
           pdb=" C   GLY A  94 "
           pdb=" N   GLY A  95 "
           pdb=" CA  GLY A  95 "
      ideal   model   delta  harmonic     sigma   weight residual
    -180.00 -167.53  -12.47     0      5.00e+00 4.00e-02 6.22e+00
  dihedral pdb=" N   GLY A  99 "
           pdb=" CA  GLY A  99 "
           pdb=" C   GLY A  99 "
           pdb=" OXT GLY A  99 "
      ideal   model   delta sinusoidal    sigma   weight residual
     160.00   97.32   62.68     2      3.00e+01 1.11e-03 4.21e+00
  ... (remaining 11 not shown)

  Chirality restraints: 0

  Planarity restraints: 25
  Sorted by residual:
                                 delta    sigma   weight rms_deltas residual
  plane pdb=" C   GLY A  95 "    0.013 2.00e-02 2.50e+03   2.24e-02 5.02e+00
        pdb=" N   GLY A  96 "   -0.039 2.00e-02 2.50e+03
        pdb=" CA  GLY A  96 "    0.010 2.00e-02 2.50e+03
        pdb=" H   GLY A  96 "    0.016 2.00e-02 2.50e+03
                                 delta    sigma   weight rms_deltas residual
  plane pdb=" CA  GLY A  99 "   -0.007 2.00e-02 2.50e+03   1.62e-02 3.27e+00
        pdb=" C   GLY A  99 "    0.032 2.00e-02 2.50e+03
        pdb=" O   GLY A  99 "   -0.015 2.00e-02 2.50e+03
        pdb=" OXT GLY A  99 "   -0.005 2.00e-02 2.50e+03
        pdb=" HXT GLY A  99 "   -0.005 2.00e-02 2.50e+03
                                 delta    sigma   weight rms_deltas residual
  plane pdb=" CA  GLY A  91 "   -0.009 2.00e-02 2.50e+03   1.73e-02 3.00e+00
        pdb=" C   GLY A  91 "    0.030 2.00e-02 2.50e+03
        pdb=" O   GLY A  91 "   -0.011 2.00e-02 2.50e+03
        pdb=" N   GLY A  92 "   -0.010 2.00e-02 2.50e+03
  ... (remaining 22 not shown)

  Histogram of nonbonded interaction distances:
        1.89 -     2.48: 39
        2.48 -     3.07: 153
        3.07 -     3.66: 152
        3.66 -     4.25: 161
        4.25 -     4.84: 268
  Nonbonded interactions: 773
  Sorted by model distance:
  nonbonded pdb=" HA2 GLY A  99 "
            pdb=" HXT GLY A  99 "
     model   vdw
     1.894 2.270
  nonbonded pdb=" H   GLY A  89 "
            pdb=" HA3 GLY A  89 "
     model   vdw
     2.171 1.816
  nonbonded pdb=" H   GLY A  97 "
            pdb=" H   GLY A  98 "
     model   vdw
     2.187 2.100
  nonbonded pdb=" H   GLY A  92 "
            pdb=" HA3 GLY A  92 "
     model   vdw
     2.192 1.816
  nonbonded pdb=" H   GLY A  90 "
            pdb=" HA3 GLY A  90 "
     model   vdw
     2.244 1.816
  ... (remaining 768 not shown)

  NOTE: a complete listing of the restraints can be obtained by requesting
        output of .geo file.

                   ----------xray_structure summary----------                  

Number of scattering types: 4
  Type Number    sf(0)   Gaussians
   O      14      7.97       1
   N      13      6.97       1
   C      26      5.97       1
   H      41      1.00       1
  sf(0) = scattering factor at diffraction angle 0.
Number of scatterers: 94
At special positions: 0
Unit cell: (16.291, 18.744, 30.715, 90, 90, 90)
Space group: P 1 (No. 1)

End of input processing
r_work=0.5606 r_free=0.6239
params.data_weight: None
params.restraints: qm
rmsd(b), start:  0.0157
Initial weight optimization conter: 1
Initial weight optimization conter: 2
Initial weight optimization conter: 3
Initial weight optimization conter: 4
initial_restraints_weight_scale 8.0
mc:   0 R: 0.3386 rmsd(b):  0.0315 restraint_scale:  8.0 min_steps: 52
mc:   1 R: 0.1878 rmsd(b):  0.0338 restraint_scale:  8.0 min_steps: 52
mc:   2 R: 0.1752 rmsd(b):  0.0342 restraint_scale:  8.0 min_steps: 18
mc:   3 R: 0.1680 rmsd(b):  0.0350 restraint_scale:  8.0 min_steps: 10
mc:   4 R: 0.1711 rmsd(b):  0.0345 restraint_scale:  8.0 min_steps: 10
mc:   5 R: 0.1829 rmsd(b):  0.0335 restraint_scale:  8.0 min_steps: 12
mc:   6 R: 0.1725 rmsd(b):  0.0344 restraint_scale:  8.0 min_steps: 15
mc:   7 R: 0.1725 rmsd(b):  0.0344 restraint_scale:  8.0 min_steps: 1
Convergence reached, stop now.
best mc:    4
 r_factor (best): 0.16800
see the result structure:  ./results_b_rmsd_0.04/refine_qm/./1.5/4.pdb
Time: 922.6400
