
============================== Collecting inputs ==============================


                   ----------Processing X-ray data----------                   

F-obs:
  /Users/minzheng/QR/helix/data.mtz:F(ake)obs
Miller array info: None
Observation type: xray.amplitude
Type of data: double, size=160
Type of sigmas: None
Number of Miller indices: 160
Anomalous flag: False
Unit cell: (16.291, 18.744, 30.715, 90, 90, 90)
Space group: P 1 (No. 1)
Systematic absences: 0
Centric reflections: 0
Resolution range: 3.97988 3.50665
Completeness in resolution range: 1
Completeness with d_max=infinity: 0.345572

Number of F-obs in resolution range:                   160
Number of F-obs<0 (these reflections will be rejected): 0
Number of F-obs=0 (these reflections will be used in refinement): 0
Refinement resolution range: d_max =   3.9799
                             d_min =   3.5066

R-free flags:
  /Users/minzheng/QR/helix/data.mtz:R-free-flags
Miller array info: /Users/minzheng/QR/helix/data.mtz:R-free-flags
Observation type: None
Type of data: int, size=160
Type of sigmas: None
Number of Miller indices: 160
Anomalous flag: False
Unit cell: (16.291, 18.744, 30.715, 90, 90, 90)
Space group: P 1 (No. 1)
Systematic absences: 0
Centric reflections: 0
Resolution range: 3.97988 3.50665
Completeness in resolution range: 1
Completeness with d_max=infinity: 0.345572
Wavelength: 1.0000

Test (R-free flags) flag value: 1

Number of work/free reflections by resolution:
                                   work free  %free
  bin  1: 3.9799 - 3.9204 [28/28 ]   28    0   0.0%
  bin  2: 3.9204 - 3.8644 [ 4/4  ]    4    0   0.0%
  bin  3: 3.8644 - 3.8114 [19/19 ]   13    6  31.6%
  bin  4: 3.8114 - 3.7612 [16/16 ]   16    0   0.0%
  bin  5: 3.7612 - 3.7135 [15/15 ]   13    2  13.3%
  bin  6: 3.7135 - 3.6682 [ 8/8  ]    8    0   0.0%
  bin  7: 3.6682 - 3.6250 [24/24 ]   24    0   0.0%
  bin  8: 3.6250 - 3.5838 [12/12 ]   10    2  16.7%
  bin  9: 3.5838 - 3.5444 [16/16 ]   16    0   0.0%
  bin 10: 3.5444 - 3.5066 [18/18 ]   14    4  22.2%
                           overall  146   14   8.8%

                   ----------Processing PDB file(s)----------                  

  Monomer Library directory:
    "/Users/Shared/bin/phenix/phenix-1.10.1-2155/modules/chem_data/mon_lib"
  Total number of atoms: 94
  Number of models: 1
  Model: ""
    Number of chains: 1
    Chain: "A"
      Number of atoms: 94
      Number of conformers: 1
      Conformer: ""
        Number of residues, atoms: 13, 94
          Classifications: {'peptide': 13}
          Modifications used: {'NH2NOTPRO': 1, 'COOH': 1}
          Link IDs: {'TRANS': 12}
  Time building chain proxies: 0.03, per 1000 atoms: 0.32
  Number of scatterers: 94
  At special positions: 0
  Unit cell: (16.291, 18.744, 30.715, 90, 90, 90)
  Space group: P 1 (No. 1)
  Number of sites at special positions: 0
  Number of scattering types: 4
    Type Number    sf(0)
     O      14      8.00
     N      13      7.00
     C      26      6.00
     H      41      1.00
    sf(0) = scattering factor at diffraction angle 0.

  Number of disulfides: simple=0, symmetry=0

  Automatic linking
    Parameters for automatic linking
      Linking & cutoffs
        Metal                : False - 3.50
        Amimo acid           : False - 1.90
        Carbohydrate         : True  - 1.99
        Ligands              : True  - 1.99
        Amino acid - RNA/DNA : False
      
  Number of custom bonds: simple=0, symmetry=0
  Time building additional restraints: 0.02
  Conformation dependent library (CDL) restraints added in 5.7 milliseconds
  
  Adding C-beta torsion restraints...
  Number of C-beta restraints generated:  0
  Time building geometry restraints manager: 0.02 seconds

  NOTE: a complete listing of the restraints can be obtained by requesting
        output of .geo file.

  Histogram of bond lengths:
        0.94 -     1.06: 17
        1.06 -     1.18: 25
        1.18 -     1.30: 12
        1.30 -     1.42: 13
        1.42 -     1.54: 26
  Bond restraints: 93
  Sorted by residual:
  bond pdb=" N   GLY A  88 "
       pdb=" H   GLY A  88 "
    ideal  model  delta    sigma   weight residual
    0.860  1.050 -0.190 2.00e-02 2.50e+03 9.03e+01
  bond pdb=" N   GLY A  91 "
       pdb=" H   GLY A  91 "
    ideal  model  delta    sigma   weight residual
    0.860  1.048 -0.188 2.00e-02 2.50e+03 8.80e+01
  bond pdb=" N   GLY A  95 "
       pdb=" H   GLY A  95 "
    ideal  model  delta    sigma   weight residual
    0.860  1.046 -0.186 2.00e-02 2.50e+03 8.67e+01
  bond pdb=" N   GLY A  94 "
       pdb=" H   GLY A  94 "
    ideal  model  delta    sigma   weight residual
    0.860  1.030 -0.170 2.00e-02 2.50e+03 7.20e+01
  bond pdb=" N   GLY A  98 "
       pdb=" H   GLY A  98 "
    ideal  model  delta    sigma   weight residual
    0.860  1.029 -0.169 2.00e-02 2.50e+03 7.16e+01
  ... (remaining 88 not shown)

  Histogram of bond angle deviations from ideal:
      101.78 -   107.31: 19
      107.31 -   112.84: 55
      112.84 -   118.37: 31
      118.37 -   123.90: 42
      123.90 -   129.43: 9
  Bond angle restraints: 156
  Sorted by residual:
  angle pdb=" N   GLY A  87 "
        pdb=" CA  GLY A  87 "
        pdb=" HA3 GLY A  87 "
      ideal   model   delta    sigma   weight residual
     110.00  101.78    8.22 3.00e+00 1.11e-01 7.51e+00
  angle pdb=" N   GLY A  95 "
        pdb=" CA  GLY A  95 "
        pdb=" C   GLY A  95 "
      ideal   model   delta    sigma   weight residual
     115.66  111.87    3.79 1.56e+00 4.11e-01 5.90e+00
  angle pdb=" N   GLY A  90 "
        pdb=" CA  GLY A  90 "
        pdb=" C   GLY A  90 "
      ideal   model   delta    sigma   weight residual
     114.16  111.54    2.62 1.21e+00 6.83e-01 4.69e+00
  angle pdb=" C   GLY A  91 "
        pdb=" CA  GLY A  91 "
        pdb=" HA3 GLY A  91 "
      ideal   model   delta    sigma   weight residual
     109.00  102.51    6.49 3.00e+00 1.11e-01 4.68e+00
  angle pdb=" HA2 GLY A  87 "
        pdb=" CA  GLY A  87 "
        pdb=" HA3 GLY A  87 "
      ideal   model   delta    sigma   weight residual
     109.00  103.11    5.89 3.00e+00 1.11e-01 3.85e+00
  ... (remaining 151 not shown)

  Histogram of dihedral angle deviations from ideal:
        2.18 -    37.29: 13
       37.29 -    72.40: 0
       72.40 -   107.52: 0
      107.52 -   142.63: 0
      142.63 -   177.75: 1
  Dihedral angle restraints: 14
    sinusoidal: 1
      harmonic: 13
  Sorted by residual:
  dihedral pdb=" O   GLY A  99 "
           pdb=" C   GLY A  99 "
           pdb=" OXT GLY A  99 "
           pdb=" HXT GLY A  99 "
      ideal   model   delta  harmonic     sigma   weight residual
       0.00 -177.75  177.75     0      3.00e+01 1.11e-03 3.51e+01
  dihedral pdb=" CA  GLY A  88 "
           pdb=" C   GLY A  88 "
           pdb=" N   GLY A  89 "
           pdb=" CA  GLY A  89 "
      ideal   model   delta  harmonic     sigma   weight residual
     180.00  163.02   16.98     0      5.00e+00 4.00e-02 1.15e+01
  dihedral pdb=" CA  GLY A  89 "
           pdb=" C   GLY A  89 "
           pdb=" N   GLY A  90 "
           pdb=" CA  GLY A  90 "
      ideal   model   delta  harmonic     sigma   weight residual
    -180.00 -168.60  -11.40     0      5.00e+00 4.00e-02 5.20e+00
  ... (remaining 11 not shown)

  Chirality restraints: 0

  Planarity restraints: 25
  Sorted by residual:
                                 delta    sigma   weight rms_deltas residual
  plane pdb=" C   GLY A  94 "    0.018 2.00e-02 2.50e+03   3.08e-02 9.50e+00
        pdb=" N   GLY A  95 "   -0.053 2.00e-02 2.50e+03
        pdb=" CA  GLY A  95 "    0.014 2.00e-02 2.50e+03
        pdb=" H   GLY A  95 "    0.021 2.00e-02 2.50e+03
                                 delta    sigma   weight rms_deltas residual
  plane pdb=" CA  GLY A  89 "   -0.015 2.00e-02 2.50e+03   2.90e-02 8.41e+00
        pdb=" C   GLY A  89 "    0.050 2.00e-02 2.50e+03
        pdb=" O   GLY A  89 "   -0.019 2.00e-02 2.50e+03
        pdb=" N   GLY A  90 "   -0.017 2.00e-02 2.50e+03
                                 delta    sigma   weight rms_deltas residual
  plane pdb=" CA  GLY A  91 "   -0.009 2.00e-02 2.50e+03   1.84e-02 3.38e+00
        pdb=" C   GLY A  91 "    0.032 2.00e-02 2.50e+03
        pdb=" O   GLY A  91 "   -0.012 2.00e-02 2.50e+03
        pdb=" N   GLY A  92 "   -0.010 2.00e-02 2.50e+03
  ... (remaining 22 not shown)

  Histogram of nonbonded interaction distances:
        1.65 -     2.28: 17
        2.28 -     2.92: 156
        2.92 -     3.56: 199
        3.56 -     4.20: 214
        4.20 -     4.84: 339
  Nonbonded interactions: 925
  Sorted by model distance:
  nonbonded pdb=" O   GLY A  93 "
            pdb=" H   GLY A  97 "
     model   vdw
     1.645 1.970
  nonbonded pdb=" O   GLY A  90 "
            pdb=" H   GLY A  94 "
     model   vdw
     2.021 1.970
  nonbonded pdb=" HA3 GLY A  87 "
            pdb=" HT2 GLY A  87 "
     model   vdw
     2.070 1.816
  nonbonded pdb=" H   GLY A  99 "
            pdb=" HXT GLY A  99 "
     model   vdw
     2.135 2.100
  nonbonded pdb=" O   GLY A  92 "
            pdb=" H   GLY A  96 "
     model   vdw
     2.152 1.970
  ... (remaining 920 not shown)

  NOTE: a complete listing of the restraints can be obtained by requesting
        output of .geo file.

                   ----------xray_structure summary----------                  

Number of scattering types: 4
  Type Number    sf(0)   Gaussians
   O      14      7.97       1
   N      13      6.97       1
   C      26      5.97       1
   H      41      1.00       1
  sf(0) = scattering factor at diffraction angle 0.
Number of scatterers: 94
At special positions: 0
Unit cell: (16.291, 18.744, 30.715, 90, 90, 90)
Space group: P 1 (No. 1)

End of input processing
r_work=0.4965 r_free=0.4211
params.data_weight: None
params.restraints: qm
rmsd(b), start:  0.0161
initial_restraints_weight_scale 8.0
mc:   0 R: 0.2362 rmsd(b):  0.0292 restraint_scale:  8.0 min_steps: 52
mc:   1 R: 0.1499 rmsd(b):  0.0308 restraint_scale: 16.0 min_steps: 52
mc:   2 R: 0.1521 rmsd(b):  0.0319 restraint_scale: 32.0 min_steps: 19
mc:   3 R: 0.1598 rmsd(b):  0.0310 restraint_scale: 64.0 min_steps: 55
mc:   4 R: 0.2142 rmsd(b):  0.0312 restraint_scale: 128.0 min_steps: 45
mc:   5 R: 0.2760 rmsd(b):  0.0310 restraint_scale: 256.0 min_steps: 52
mc:   6 R: 0.2870 rmsd(b):  0.0303 restraint_scale: 512.0 min_steps: 52
mc:   7 R: 0.3160 rmsd(b):  0.0304 restraint_scale: 1024.0 min_steps: 52
mc:   8 R: 0.3275 rmsd(b):  0.0302 restraint_scale: 2048.0 min_steps: 52
mc:   9 R: 0.3406 rmsd(b):  0.0301 restraint_scale: 4096.0 min_steps: 53
mc:  10 R: 0.3562 rmsd(b):  0.0301 restraint_scale: 8192.0 min_steps: 53
mc:  11 R: 0.3599 rmsd(b):  0.0300 restraint_scale: 16384.0 min_steps: 31
mc:  12 R: 0.3606 rmsd(b):  0.0300 restraint_scale: 16384.0 min_steps: 39
Convergence reached, stop now.
best mc:    0
 r_factor (best): 0.23623
see the result structure:  ./results_new/refine_qm/./0.9/8.pdb
Time: 802.2851
