
============================== Collecting inputs ==============================


                   ----------Processing X-ray data----------                   

F-obs:
  /Users/minzheng/rerun/helix/data.mtz:F(ake)obs
Miller array info: None
Observation type: xray.amplitude
Type of data: double, size=160
Type of sigmas: None
Number of Miller indices: 160
Anomalous flag: False
Unit cell: (16.291, 18.744, 30.715, 90, 90, 90)
Space group: P 1 (No. 1)
Systematic absences: 0
Centric reflections: 0
Resolution range: 3.97988 3.50665
Completeness in resolution range: 1
Completeness with d_max=infinity: 0.345572

Number of F-obs in resolution range:                   160
Number of F-obs<0 (these reflections will be rejected): 0
Number of F-obs=0 (these reflections will be used in refinement): 0
Refinement resolution range: d_max =   3.9799
                             d_min =   3.5066

R-free flags:
  /Users/minzheng/rerun/helix/data.mtz:R-free-flags
Miller array info: /Users/minzheng/rerun/helix/data.mtz:R-free-flags
Observation type: None
Type of data: int, size=160
Type of sigmas: None
Number of Miller indices: 160
Anomalous flag: False
Unit cell: (16.291, 18.744, 30.715, 90, 90, 90)
Space group: P 1 (No. 1)
Systematic absences: 0
Centric reflections: 0
Resolution range: 3.97988 3.50665
Completeness in resolution range: 1
Completeness with d_max=infinity: 0.345572
Wavelength: 1.0000

Test (R-free flags) flag value: 1

Number of work/free reflections by resolution:
                                   work free  %free
  bin  1: 3.9799 - 3.9204 [28/28 ]   28    0   0.0%
  bin  2: 3.9204 - 3.8644 [ 4/4  ]    4    0   0.0%
  bin  3: 3.8644 - 3.8114 [19/19 ]   13    6  31.6%
  bin  4: 3.8114 - 3.7612 [16/16 ]   16    0   0.0%
  bin  5: 3.7612 - 3.7135 [15/15 ]   13    2  13.3%
  bin  6: 3.7135 - 3.6682 [ 8/8  ]    8    0   0.0%
  bin  7: 3.6682 - 3.6250 [24/24 ]   24    0   0.0%
  bin  8: 3.6250 - 3.5838 [12/12 ]   10    2  16.7%
  bin  9: 3.5838 - 3.5444 [16/16 ]   16    0   0.0%
  bin 10: 3.5444 - 3.5066 [18/18 ]   14    4  22.2%
                           overall  146   14   8.8%

                   ----------Processing PDB file(s)----------                  

  Monomer Library directory:
    "/Users/Shared/bin/phenix/phenix-1.10.1-2155/modules/chem_data/mon_lib"
  Total number of atoms: 94
  Number of models: 1
  Model: ""
    Number of chains: 1
    Chain: "A"
      Number of atoms: 94
      Number of conformers: 1
      Conformer: ""
        Number of residues, atoms: 13, 94
          Classifications: {'peptide': 13}
          Modifications used: {'NH2NOTPRO': 1, 'COOH': 1}
          Link IDs: {'TRANS': 12}
  Time building chain proxies: 0.03, per 1000 atoms: 0.32
  Number of scatterers: 94
  At special positions: 0
  Unit cell: (16.291, 18.744, 30.715, 90, 90, 90)
  Space group: P 1 (No. 1)
  Number of sites at special positions: 0
  Number of scattering types: 4
    Type Number    sf(0)
     O      14      8.00
     N      13      7.00
     C      26      6.00
     H      41      1.00
    sf(0) = scattering factor at diffraction angle 0.

  Number of disulfides: simple=0, symmetry=0

  Automatic linking
    Parameters for automatic linking
      Linking & cutoffs
        Metal                : False - 3.50
        Amimo acid           : False - 1.90
        Carbohydrate         : True  - 1.99
        Ligands              : True  - 1.99
        Amino acid - RNA/DNA : False
      
  Number of custom bonds: simple=0, symmetry=0
  Time building additional restraints: 0.03
  Conformation dependent library (CDL) restraints added in 6.4 milliseconds
  
  Adding C-beta torsion restraints...
  Number of C-beta restraints generated:  0
  Time building geometry restraints manager: 0.03 seconds

  NOTE: a complete listing of the restraints can be obtained by requesting
        output of .geo file.

  Histogram of bond lengths:
        0.96 -     1.07: 19
        1.07 -     1.19: 22
        1.19 -     1.30: 13
        1.30 -     1.42: 13
        1.42 -     1.54: 26
  Bond restraints: 93
  Sorted by residual:
  bond pdb=" N   GLY A  99 "
       pdb=" H   GLY A  99 "
    ideal  model  delta    sigma   weight residual
    0.860  1.047 -0.187 2.00e-02 2.50e+03 8.75e+01
  bond pdb=" N   GLY A  89 "
       pdb=" H   GLY A  89 "
    ideal  model  delta    sigma   weight residual
    0.860  1.036 -0.176 2.00e-02 2.50e+03 7.76e+01
  bond pdb=" N   GLY A  95 "
       pdb=" H   GLY A  95 "
    ideal  model  delta    sigma   weight residual
    0.860  1.030 -0.170 2.00e-02 2.50e+03 7.25e+01
  bond pdb=" N   GLY A  91 "
       pdb=" H   GLY A  91 "
    ideal  model  delta    sigma   weight residual
    0.860  1.030 -0.170 2.00e-02 2.50e+03 7.22e+01
  bond pdb=" N   GLY A  94 "
       pdb=" H   GLY A  94 "
    ideal  model  delta    sigma   weight residual
    0.860  1.029 -0.169 2.00e-02 2.50e+03 7.10e+01
  ... (remaining 88 not shown)

  Histogram of bond angle deviations from ideal:
      102.98 -   107.58: 23
      107.58 -   112.19: 42
      112.19 -   116.79: 35
      116.79 -   121.39: 27
      121.39 -   125.99: 29
  Bond angle restraints: 156
  Sorted by residual:
  angle pdb=" N   GLY A  95 "
        pdb=" CA  GLY A  95 "
        pdb=" C   GLY A  95 "
      ideal   model   delta    sigma   weight residual
     114.16  110.57    3.59 1.21e+00 6.83e-01 8.80e+00
  angle pdb=" N   GLY A  87 "
        pdb=" CA  GLY A  87 "
        pdb=" HA2 GLY A  87 "
      ideal   model   delta    sigma   weight residual
     110.00  102.98    7.02 3.00e+00 1.11e-01 5.47e+00
  angle pdb=" CA  GLY A  88 "
        pdb=" C   GLY A  88 "
        pdb=" N   GLY A  89 "
      ideal   model   delta    sigma   weight residual
     118.24  115.15    3.09 1.65e+00 3.67e-01 3.50e+00
  angle pdb=" N   GLY A  89 "
        pdb=" CA  GLY A  89 "
        pdb=" C   GLY A  89 "
      ideal   model   delta    sigma   weight residual
     115.66  112.82    2.84 1.56e+00 4.11e-01 3.31e+00
  angle pdb=" N   GLY A  97 "
        pdb=" CA  GLY A  97 "
        pdb=" C   GLY A  97 "
      ideal   model   delta    sigma   weight residual
     115.34  112.35    2.99 1.67e+00 3.59e-01 3.20e+00
  ... (remaining 151 not shown)

  Histogram of dihedral angle deviations from ideal:
        0.81 -    35.84: 12
       35.84 -    70.88: 1
       70.88 -   105.91: 0
      105.91 -   140.94: 0
      140.94 -   175.97: 1
  Dihedral angle restraints: 14
    sinusoidal: 1
      harmonic: 13
  Sorted by residual:
  dihedral pdb=" O   GLY A  99 "
           pdb=" C   GLY A  99 "
           pdb=" OXT GLY A  99 "
           pdb=" HXT GLY A  99 "
      ideal   model   delta  harmonic     sigma   weight residual
       0.00  175.97 -175.97     0      3.00e+01 1.11e-03 3.44e+01
  dihedral pdb=" CA  GLY A  92 "
           pdb=" C   GLY A  92 "
           pdb=" N   GLY A  93 "
           pdb=" CA  GLY A  93 "
      ideal   model   delta  harmonic     sigma   weight residual
     180.00  166.71   13.29     0      5.00e+00 4.00e-02 7.06e+00
  dihedral pdb=" N   GLY A  99 "
           pdb=" CA  GLY A  99 "
           pdb=" C   GLY A  99 "
           pdb=" OXT GLY A  99 "
      ideal   model   delta sinusoidal    sigma   weight residual
     -20.00   46.90  -66.90     2      3.00e+01 1.11e-03 4.51e+00
  ... (remaining 11 not shown)

  Chirality restraints: 0

  Planarity restraints: 25
  Sorted by residual:
                                 delta    sigma   weight rms_deltas residual
  plane pdb=" CA  GLY A  99 "    0.011 2.00e-02 2.50e+03   2.21e-02 6.10e+00
        pdb=" C   GLY A  99 "   -0.002 2.00e-02 2.50e+03
        pdb=" O   GLY A  99 "   -0.014 2.00e-02 2.50e+03
        pdb=" OXT GLY A  99 "    0.035 2.00e-02 2.50e+03
        pdb=" HXT GLY A  99 "   -0.030 2.00e-02 2.50e+03
                                 delta    sigma   weight rms_deltas residual
  plane pdb=" CA  GLY A  97 "   -0.008 2.00e-02 2.50e+03   1.68e-02 2.81e+00
        pdb=" C   GLY A  97 "    0.029 2.00e-02 2.50e+03
        pdb=" O   GLY A  97 "   -0.011 2.00e-02 2.50e+03
        pdb=" N   GLY A  98 "   -0.010 2.00e-02 2.50e+03
                                 delta    sigma   weight rms_deltas residual
  plane pdb=" C   GLY A  94 "    0.009 2.00e-02 2.50e+03   1.59e-02 2.53e+00
        pdb=" N   GLY A  95 "   -0.027 2.00e-02 2.50e+03
        pdb=" CA  GLY A  95 "    0.008 2.00e-02 2.50e+03
        pdb=" H   GLY A  95 "    0.011 2.00e-02 2.50e+03
  ... (remaining 22 not shown)

  Histogram of nonbonded interaction distances:
        1.89 -     2.48: 41
        2.48 -     3.07: 177
        3.07 -     3.66: 197
        3.66 -     4.25: 197
        4.25 -     4.84: 338
  Nonbonded interactions: 950
  Sorted by model distance:
  nonbonded pdb=" O   GLY A  91 "
            pdb=" H   GLY A  95 "
     model   vdw
     1.892 1.970
  nonbonded pdb=" O   GLY A  93 "
            pdb=" H   GLY A  97 "
     model   vdw
     1.941 1.970
  nonbonded pdb=" O   GLY A  93 "
            pdb=" H   GLY A  96 "
     model   vdw
     1.977 1.970
  nonbonded pdb=" HA2 GLY A  87 "
            pdb=" HT2 GLY A  87 "
     model   vdw
     2.094 1.816
  nonbonded pdb=" O   GLY A  90 "
            pdb=" H   GLY A  94 "
     model   vdw
     2.136 1.970
  ... (remaining 945 not shown)

  NOTE: a complete listing of the restraints can be obtained by requesting
        output of .geo file.

                   ----------xray_structure summary----------                  

Number of scattering types: 4
  Type Number    sf(0)   Gaussians
   O      14      7.97       1
   N      13      6.97       1
   C      26      5.97       1
   H      41      1.00       1
  sf(0) = scattering factor at diffraction angle 0.
Number of scatterers: 94
At special positions: 0
Unit cell: (16.291, 18.744, 30.715, 90, 90, 90)
Space group: P 1 (No. 1)

End of input processing
r_work=0.4924 r_free=0.4680
params.data_weight: None
params.restraints: qm
rmsd(b), start:  0.0145
mc:   0 R: 0.2255 rmsd(b):  0.2068 restraint_scale:  2.0 min_steps: 51
mc:   1 R: 0.0822 rmsd(b):  0.1580 restraint_scale:  4.0 min_steps: 44
mc:   2 R: 0.1027 rmsd(b):  0.1158 restraint_scale:  8.0 min_steps: 47
mc:   3 R: 0.1219 rmsd(b):  0.1093 restraint_scale: 16.0 min_steps: 20
mc:   4 R: 0.1613 rmsd(b):  0.0989 restraint_scale: 32.0 min_steps: 52
mc:   5 R: 0.1623 rmsd(b):  0.1008 restraint_scale: 64.0 min_steps: 33
mc:   6 R: 0.2227 rmsd(b):  0.1044 restraint_scale: 128.0 min_steps: 52
mc:   7 R: 0.2343 rmsd(b):  0.1048 restraint_scale: 256.0 min_steps: 38
mc:   8 R: 0.2794 rmsd(b):  0.1048 restraint_scale: 512.0 min_steps: 52
mc:   9 R: 0.3111 rmsd(b):  0.1042 restraint_scale: 1024.0 min_steps: 52
mc:  10 R: 0.3236 rmsd(b):  0.1040 restraint_scale: 2048.0 min_steps: 53
mc:  11 R: 0.3236 rmsd(b):  0.1040 restraint_scale: 4096.0 min_steps: 1
Convergence reached, stop now.
see the result structure:  ./results/refine_qm/./0.9/0.pdb
Time: 359.7967
